<?xml version="1.0" encoding="UTF-8"?>
<testsuite name="ru.stqa.pft.CheckList.Client9667U" tests="1" skipped="0" failures="0" errors="0" timestamp="2020-06-21T03:57:28" hostname="QA1" time="143.084">
  <properties/>
  <testcase name="testCheckList" classname="ru.stqa.pft.CheckList.Client9667U" time="143.084"/>
  <system-out><![CDATA[]]></system-out>
  <system-err><![CDATA[Starting ChromeDriver 76.0.3809.68 (420c9498db8ce8fcd190a954d51297672c1515d5-refs/branch-heads/3809@{#864}) on port 48148
Only local connections are allowed.
Please protect ports used by ChromeDriver and related test frameworks to prevent access by malicious code.
[1592711846.627][WARNING]: Timed out connecting to Chrome, retrying...
Jun 21, 2020 6:57:28 AM org.openqa.selenium.remote.ProtocolHandshake createSession
INFO: Detected dialect: W3C
[1592711854.033][WARNING]: Timed out connecting to Chrome, retrying...
]]></system-err>
</testsuite>
