<?xml version="1.0" encoding="UTF-8"?>
<testsuite name="ru.stqa.pft.CheckList.Client11713U" tests="1" skipped="0" failures="0" errors="0" timestamp="2020-09-15T20:45:34" hostname="QA1" time="224.51">
  <properties/>
  <testcase name="testCheckList" classname="ru.stqa.pft.CheckList.Client11713U" time="224.51"/>
  <system-out><![CDATA[]]></system-out>
  <system-err><![CDATA[Starting ChromeDriver 76.0.3809.68 (420c9498db8ce8fcd190a954d51297672c1515d5-refs/branch-heads/3809@{#864}) on port 3981
Only local connections are allowed.
Please protect ports used by ChromeDriver and related test frameworks to prevent access by malicious code.
[1600202731.974][WARNING]: Timed out connecting to Chrome, retrying...
Sep 15, 2020 11:45:34 PM org.openqa.selenium.remote.ProtocolHandshake createSession
INFO: Detected dialect: W3C
[1600202737.211][WARNING]: Timed out connecting to Chrome, retrying...
]]></system-err>
</testsuite>
