<?xml version="1.0" encoding="UTF-8"?>
<testsuite name="ru.stqa.pft.CheckList.Client11713U" tests="1" skipped="0" failures="0" errors="0" timestamp="2020-06-21T13:48:55" hostname="QA1" time="121.423">
  <properties/>
  <testcase name="testCheckList" classname="ru.stqa.pft.CheckList.Client11713U" time="121.423"/>
  <system-out><![CDATA[]]></system-out>
  <system-err><![CDATA[Starting ChromeDriver 76.0.3809.68 (420c9498db8ce8fcd190a954d51297672c1515d5-refs/branch-heads/3809@{#864}) on port 30070
Only local connections are allowed.
Please protect ports used by ChromeDriver and related test frameworks to prevent access by malicious code.
[1592747333.622][WARNING]: Timed out connecting to Chrome, retrying...
Jun 21, 2020 4:48:55 PM org.openqa.selenium.remote.ProtocolHandshake createSession
INFO: Detected dialect: W3C
[1592747340.931][WARNING]: Timed out connecting to Chrome, retrying...
]]></system-err>
</testsuite>
