<?xml version="1.0" encoding="UTF-8"?>
<testsuite name="ru.stqa.pft.CheckList.Client7899U" tests="1" skipped="0" failures="0" errors="0" timestamp="2020-06-30T21:40:50" hostname="QA1" time="140.625">
  <properties/>
  <testcase name="testCheckList" classname="ru.stqa.pft.CheckList.Client7899U" time="140.625"/>
  <system-out><![CDATA[]]></system-out>
  <system-err><![CDATA[Starting ChromeDriver 76.0.3809.68 (420c9498db8ce8fcd190a954d51297672c1515d5-refs/branch-heads/3809@{#864}) on port 31656
Only local connections are allowed.
Please protect ports used by ChromeDriver and related test frameworks to prevent access by malicious code.
[1593553248.517][WARNING]: Timed out connecting to Chrome, retrying...
Jul 01, 2020 12:40:50 AM org.openqa.selenium.remote.ProtocolHandshake createSession
INFO: Detected dialect: W3C
[1593553254.404][WARNING]: Timed out connecting to Chrome, retrying...
]]></system-err>
</testsuite>
