<?xml version="1.0" encoding="UTF-8"?>
<testsuite name="ru.stqa.pft.CheckList.Client11713U" tests="1" skipped="0" failures="0" errors="0" timestamp="2020-07-19T03:04:44" hostname="QA1" time="53.082">
  <properties/>
  <testcase name="testCheckList" classname="ru.stqa.pft.CheckList.Client11713U" time="53.082"/>
  <system-out><![CDATA[]]></system-out>
  <system-err><![CDATA[Starting ChromeDriver 76.0.3809.68 (420c9498db8ce8fcd190a954d51297672c1515d5-refs/branch-heads/3809@{#864}) on port 12392
Only local connections are allowed.
Please protect ports used by ChromeDriver and related test frameworks to prevent access by malicious code.
[1595127882.870][WARNING]: Timed out connecting to Chrome, retrying...
Jul 19, 2020 6:04:44 AM org.openqa.selenium.remote.ProtocolHandshake createSession
INFO: Detected dialect: W3C
[1595127888.564][WARNING]: Timed out connecting to Chrome, retrying...
]]></system-err>
</testsuite>
