<?xml version="1.0" encoding="UTF-8"?>
<con:soapui-project id="105df6e3-1dd9-41c5-b06c-02143a9af768" activeEnvironment="Default" name="Test env" soapui-version="5.5.0" abortOnError="false" runType="SEQUENTIAL" xmlns:con="http://eviware.com/soapui/config"><con:settings/><con:interface xsi:type="con:WsdlInterface" id="db3b50ba-c7b5-4bf8-9630-ee7f9e5923e7" wsaVersion="NONE" name="ServiceSoap" type="wsdl" bindingName="{http://tempuri.org/}ServiceSoap" soapVersion="1_1" anonymous="optional" definition="https://ectest.e-c.co.il/Service/Service.asmx?WSDL" xmlns:xsi="http://www.w3.org/2001/XMLSchema-instance"><con:settings/><con:definitionCache/><con:endpoints><con:endpoint>https://ectest.e-c.co.il/Service/Service.asmx</con:endpoint></con:endpoints><con:operation id="177e23bf-d716-4e26-b4e6-b3eb0fe8b485" isOneWay="false" action="http://tempuri.org/ChangePassword" name="ChangePassword" bindingOperationName="ChangePassword" type="Request-Response" inputName="" receivesAttachments="false" sendsAttachments="false" anonymous="optional"><con:settings/><con:call id="c57e99bd-9e25-47fc-bb07-d520d66a09e6" name="Request 1"><con:settings/><con:encoding>UTF-8</con:encoding><con:endpoint>https://ectest.e-c.co.il/Service/Service.asmx</con:endpoint><con:request><![CDATA[<soapenv:Envelope xmlns:soapenv="http://schemas.xmlsoap.org/soap/envelope/" xmlns:tem="http://tempuri.org/">\r
   <soapenv:Header/>\r
   <soapenv:Body>\r
      <tem:ChangePassword>\r
         <!--Optional:-->\r
         <tem:ClientID>?</tem:ClientID>\r
         <!--Optional:-->\r
         <tem:OldPassword>?</tem:OldPassword>\r
         <!--Optional:-->\r
         <tem:NewPassword>?</tem:NewPassword>\r
      </tem:ChangePassword>\r
   </soapenv:Body>\r
</soapenv:Envelope>]]></con:request><con:wsaConfig mustUnderstand="NONE" version="200508" action="http://tempuri.org/ChangePassword"/></con:call></con:operation><con:operation id="82ce944f-f604-4551-bf8e-ea653d0a80c8" isOneWay="false" action="http://tempuri.org/ChangePassword_StringResult" name="ChangePassword_StringResult" bindingOperationName="ChangePassword_StringResult" type="Request-Response" inputName="" receivesAttachments="false" sendsAttachments="false" anonymous="optional"><con:settings/><con:call id="86056653-e89b-4b67-a2eb-8a855031831e" name="Request 1"><con:settings/><con:encoding>UTF-8</con:encoding><con:endpoint>https://ectest.e-c.co.il/Service/Service.asmx</con:endpoint><con:request><![CDATA[<soapenv:Envelope xmlns:soapenv="http://schemas.xmlsoap.org/soap/envelope/" xmlns:tem="http://tempuri.org/">\r
   <soapenv:Header/>\r
   <soapenv:Body>\r
      <tem:ChangePassword_StringResult>\r
         <!--Optional:-->\r
         <tem:ClientID>?</tem:ClientID>\r
         <!--Optional:-->\r
         <tem:OldPassword>?</tem:OldPassword>\r
         <!--Optional:-->\r
         <tem:NewPassword>?</tem:NewPassword>\r
      </tem:ChangePassword_StringResult>\r
   </soapenv:Body>\r
</soapenv:Envelope>]]></con:request><con:wsaConfig mustUnderstand="NONE" version="200508" action="http://tempuri.org/ChangePassword_StringResult"/></con:call></con:operation><con:operation id="e1aa4d2d-d6ab-4e41-a5a3-8457a8c0d68e" isOneWay="false" action="http://tempuri.org/CheckCard" name="CheckCard" bindingOperationName="CheckCard" type="Request-Response" inputName="" receivesAttachments="false" sendsAttachments="false" anonymous="optional"><con:settings/><con:call id="fab7031b-e067-49d8-947c-fbb6f6cc7485" name="Request 1"><con:settings/><con:encoding>UTF-8</con:encoding><con:endpoint>https://ectest.e-c.co.il/Service/Service.asmx</con:endpoint><con:request><![CDATA[<soapenv:Envelope xmlns:soapenv="http://schemas.xmlsoap.org/soap/envelope/" xmlns:tem="http://tempuri.org/">\r
   <soapenv:Header/>\r
   <soapenv:Body>\r
      <tem:CheckCard>\r
         <!--Optional:-->\r
         <tem:ClientID>?</tem:ClientID>\r
         <!--Optional:-->\r
         <tem:Password>?</tem:Password>\r
         <!--Optional:-->\r
         <tem:CardNumber>?</tem:CardNumber>\r
         <tem:Month>?</tem:Month>\r
         <tem:Year>?</tem:Year>\r
         <!--Optional:-->\r
         <tem:TZ>?</tem:TZ>\r
         <!--Optional:-->\r
         <tem:CVV>?</tem:CVV>\r
         <!--Optional:-->\r
         <tem:CellPhone>?</tem:CellPhone>\r
         <!--Optional:-->\r
         <tem:OwnerName>?</tem:OwnerName>\r
      </tem:CheckCard>\r
   </soapenv:Body>\r
</soapenv:Envelope>]]></con:request><con:wsaConfig mustUnderstand="NONE" version="200508" action="http://tempuri.org/CheckCard"/></con:call></con:operation><con:operation id="268c47e8-f924-4cc5-a9d7-2c88ed20ea34" isOneWay="false" action="http://tempuri.org/CheckCard_StringResult" name="CheckCard_StringResult" bindingOperationName="CheckCard_StringResult" type="Request-Response" inputName="" receivesAttachments="false" sendsAttachments="false" anonymous="optional"><con:settings/><con:call id="1bc9c18a-9b3a-497a-b6a3-46270ce28a21" name="Request 1"><con:settings/><con:encoding>UTF-8</con:encoding><con:endpoint>https://ectest.e-c.co.il/Service/Service.asmx</con:endpoint><con:request><![CDATA[<soapenv:Envelope xmlns:soapenv="http://schemas.xmlsoap.org/soap/envelope/" xmlns:tem="http://tempuri.org/">\r
   <soapenv:Header/>\r
   <soapenv:Body>\r
      <tem:CheckCard_StringResult>\r
         <!--Optional:-->\r
         <tem:ClientID>?</tem:ClientID>\r
         <!--Optional:-->\r
         <tem:Password>?</tem:Password>\r
         <!--Optional:-->\r
         <tem:CardNumber>?</tem:CardNumber>\r
         <tem:Month>?</tem:Month>\r
         <tem:Year>?</tem:Year>\r
         <!--Optional:-->\r
         <tem:TZ>?</tem:TZ>\r
         <!--Optional:-->\r
         <tem:CVV>?</tem:CVV>\r
      </tem:CheckCard_StringResult>\r
   </soapenv:Body>\r
</soapenv:Envelope>]]></con:request><con:wsaConfig mustUnderstand="NONE" version="200508" action="http://tempuri.org/CheckCard_StringResult"/></con:call></con:operation><con:operation id="f77b8d75-f635-4f13-98e9-7c24df816884" isOneWay="false" action="http://tempuri.org/CreateForm" name="CreateForm" bindingOperationName="CreateForm" type="Request-Response" inputName="" receivesAttachments="false" sendsAttachments="false" anonymous="optional"><con:settings/><con:call id="08379775-6ee2-4b0f-8596-984a5fe4cd3d" name="Request 1"><con:settings/><con:encoding>UTF-8</con:encoding><con:endpoint>https://ectest.e-c.co.il/Service/Service.asmx</con:endpoint><con:request><![CDATA[<soapenv:Envelope xmlns:soapenv="http://schemas.xmlsoap.org/soap/envelope/" xmlns:tem="http://tempuri.org/">\r
   <soapenv:Header/>\r
   <soapenv:Body>\r
      <tem:CreateForm>\r
         <!--Optional:-->\r
         <tem:ClientID>?</tem:ClientID>\r
         <!--Optional:-->\r
         <tem:Password>?</tem:Password>\r
         <!--Optional:-->\r
         <tem:Sum>?</tem:Sum>\r
         <!--Optional:-->\r
         <tem:MType>?</tem:MType>\r
         <!--Optional:-->\r
         <tem:StateData>?</tem:StateData>\r
         <!--Optional:-->\r
         <tem:MinPayments>?</tem:MinPayments>\r
         <!--Optional:-->\r
         <tem:MaxPayments>?</tem:MaxPayments>\r
         <!--Optional:-->\r
         <tem:noCredit>?</tem:noCredit>\r
         <!--Optional:-->\r
         <tem:minCreditPayments>?</tem:minCreditPayments>\r
         <!--Optional:-->\r
         <tem:maxCreditPayments>?</tem:maxCreditPayments>\r
         <!--Optional:-->\r
         <tem:note>?</tem:note>\r
         <!--Optional:-->\r
         <tem:externalID>?</tem:externalID>\r
         <!--Optional:-->\r
         <tem:products>?</tem:products>\r
         <!--Optional:-->\r
         <tem:returnURL>?</tem:returnURL>\r
         <!--Optional:-->\r
         <tem:createToken>?</tem:createToken>\r
         <!--Optional:-->\r
         <tem:token>?</tem:token>\r
         <!--Optional:-->\r
         <tem:hideEmail>?</tem:hideEmail>\r
         <!--Optional:-->\r
         <tem:mandMail>?</tem:mandMail>\r
         <!--Optional:-->\r
         <tem:mandName>?</tem:mandName>\r
         <!--Optional:-->\r
         <tem:mandCell>?</tem:mandCell>\r
         <!--Optional:-->\r
         <tem:returnURLFalse>?</tem:returnURLFalse>\r
         <!--Optional:-->\r
         <tem:dealType>?</tem:dealType>\r
         <!--Optional:-->\r
         <tem:ownerName>?</tem:ownerName>\r
         <!--Optional:-->\r
         <tem:ownerCell>?</tem:ownerCell>\r
         <!--Optional:-->\r
         <tem:ownerMail>?</tem:ownerMail>\r
         <!--Optional:-->\r
         <tem:MinPaymentsWithCommission>?</tem:MinPaymentsWithCommission>\r
         <!--Optional:-->\r
         <tem:MaxPaymentsWithCommission>?</tem:MaxPaymentsWithCommission>\r
         <!--Optional:-->\r
         <tem:ReturnIndexTrue>?</tem:ReturnIndexTrue>\r
      </tem:CreateForm>\r
   </soapenv:Body>\r
</soapenv:Envelope>]]></con:request><con:wsaConfig mustUnderstand="NONE" version="200508" action="http://tempuri.org/CreateForm"/></con:call></con:operation><con:operation id="4b3c05f4-7a1e-4785-ab27-afe15fd3e227" isOneWay="false" action="http://tempuri.org/CreateForm_PCI" name="CreateForm_PCI" bindingOperationName="CreateForm_PCI" type="Request-Response" inputName="" receivesAttachments="false" sendsAttachments="false" anonymous="optional"><con:settings/><con:call id="2d89f727-8253-4120-bfd2-ff5c2d6baeca" name="Request 1"><con:settings/><con:encoding>UTF-8</con:encoding><con:endpoint>https://ectest.e-c.co.il/Service/Service.asmx</con:endpoint><con:request><![CDATA[<soapenv:Envelope xmlns:soapenv="http://schemas.xmlsoap.org/soap/envelope/" xmlns:tem="http://tempuri.org/">\r
   <soapenv:Header/>\r
   <soapenv:Body>\r
      <tem:CreateForm_PCI>\r
         <!--Optional:-->\r
         <tem:RedirectToken>?</tem:RedirectToken>\r
         <!--Optional:-->\r
         <tem:Sum>?</tem:Sum>\r
         <!--Optional:-->\r
         <tem:MType>?</tem:MType>\r
         <!--Optional:-->\r
         <tem:StateData>?</tem:StateData>\r
         <!--Optional:-->\r
         <tem:MinPayments>?</tem:MinPayments>\r
         <!--Optional:-->\r
         <tem:MaxPayments>?</tem:MaxPayments>\r
         <!--Optional:-->\r
         <tem:noCredit>?</tem:noCredit>\r
         <!--Optional:-->\r
         <tem:minCreditPayments>?</tem:minCreditPayments>\r
         <!--Optional:-->\r
         <tem:maxCreditPayments>?</tem:maxCreditPayments>\r
         <!--Optional:-->\r
         <tem:note>?</tem:note>\r
         <!--Optional:-->\r
         <tem:externalID>?</tem:externalID>\r
         <!--Optional:-->\r
         <tem:products>?</tem:products>\r
         <!--Optional:-->\r
         <tem:returnURL>?</tem:returnURL>\r
         <!--Optional:-->\r
         <tem:createToken>?</tem:createToken>\r
         <!--Optional:-->\r
         <tem:token>?</tem:token>\r
         <!--Optional:-->\r
         <tem:hideEmail>?</tem:hideEmail>\r
         <!--Optional:-->\r
         <tem:mandMail>?</tem:mandMail>\r
         <!--Optional:-->\r
         <tem:mandName>?</tem:mandName>\r
         <!--Optional:-->\r
         <tem:mandCell>?</tem:mandCell>\r
         <!--Optional:-->\r
         <tem:returnURLFalse>?</tem:returnURLFalse>\r
         <!--Optional:-->\r
         <tem:dealType>?</tem:dealType>\r
         <!--Optional:-->\r
         <tem:ownerName>?</tem:ownerName>\r
         <!--Optional:-->\r
         <tem:ownerCell>?</tem:ownerCell>\r
         <!--Optional:-->\r
         <tem:ownerMail>?</tem:ownerMail>\r
         <!--Optional:-->\r
         <tem:MinPaymentsWithCommission>?</tem:MinPaymentsWithCommission>\r
         <!--Optional:-->\r
         <tem:MaxPaymentsWithCommission>?</tem:MaxPaymentsWithCommission>\r
         <!--Optional:-->\r
         <tem:ReturnIndexTrue>?</tem:ReturnIndexTrue>\r
      </tem:CreateForm_PCI>\r
   </soapenv:Body>\r
</soapenv:Envelope>]]></con:request><con:wsaConfig mustUnderstand="NONE" version="200508" action="http://tempuri.org/CreateForm_PCI"/></con:call></con:operation><con:operation id="1e856d5c-b5d4-4ef6-9252-056111bf6bfd" isOneWay="false" action="http://tempuri.org/CreateForm_PCI_Advance" name="CreateForm_PCI_Advance" bindingOperationName="CreateForm_PCI_Advance" type="Request-Response" inputName="" receivesAttachments="false" sendsAttachments="false" anonymous="optional"><con:settings/><con:call id="dbdbec55-199c-456e-9547-a7d74392f069" name="Request 1"><con:settings/><con:encoding>UTF-8</con:encoding><con:endpoint>https://ectest.e-c.co.il/Service/Service.asmx</con:endpoint><con:request><![CDATA[<soapenv:Envelope xmlns:soapenv="http://schemas.xmlsoap.org/soap/envelope/" xmlns:tem="http://tempuri.org/">\r
   <soapenv:Header/>\r
   <soapenv:Body>\r
      <tem:CreateForm_PCI_Advance>\r
         <!--Optional:-->\r
         <tem:RedirectToken>?</tem:RedirectToken>\r
         <!--Optional:-->\r
         <tem:Sum>?</tem:Sum>\r
         <!--Optional:-->\r
         <tem:MType>?</tem:MType>\r
         <!--Optional:-->\r
         <tem:StateData>?</tem:StateData>\r
         <!--Optional:-->\r
         <tem:MinPayments>?</tem:MinPayments>\r
         <!--Optional:-->\r
         <tem:MaxPayments>?</tem:MaxPayments>\r
         <!--Optional:-->\r
         <tem:noCredit>?</tem:noCredit>\r
         <!--Optional:-->\r
         <tem:minCreditPayments>?</tem:minCreditPayments>\r
         <!--Optional:-->\r
         <tem:maxCreditPayments>?</tem:maxCreditPayments>\r
         <!--Optional:-->\r
         <tem:note>?</tem:note>\r
         <!--Optional:-->\r
         <tem:externalID>?</tem:externalID>\r
         <!--Optional:-->\r
         <tem:products>?</tem:products>\r
         <!--Optional:-->\r
         <tem:returnURL>?</tem:returnURL>\r
         <!--Optional:-->\r
         <tem:createToken>?</tem:createToken>\r
         <!--Optional:-->\r
         <tem:token>?</tem:token>\r
         <!--Optional:-->\r
         <tem:hideEmail>?</tem:hideEmail>\r
         <!--Optional:-->\r
         <tem:mandMail>?</tem:mandMail>\r
         <!--Optional:-->\r
         <tem:mandName>?</tem:mandName>\r
         <!--Optional:-->\r
         <tem:mandCell>?</tem:mandCell>\r
         <!--Optional:-->\r
         <tem:returnURLFalse>?</tem:returnURLFalse>\r
         <!--Optional:-->\r
         <tem:dealType>?</tem:dealType>\r
         <!--Optional:-->\r
         <tem:ownerName>?</tem:ownerName>\r
         <!--Optional:-->\r
         <tem:ownerCell>?</tem:ownerCell>\r
         <!--Optional:-->\r
         <tem:ownerMail>?</tem:ownerMail>\r
         <!--Optional:-->\r
         <tem:MinPaymentsWithCommission>?</tem:MinPaymentsWithCommission>\r
         <!--Optional:-->\r
         <tem:MaxPaymentsWithCommission>?</tem:MaxPaymentsWithCommission>\r
         <!--Optional:-->\r
         <tem:ReturnIndexTrue>?</tem:ReturnIndexTrue>\r
         <!--Optional:-->\r
         <tem:DoDeal>?</tem:DoDeal>\r
      </tem:CreateForm_PCI_Advance>\r
   </soapenv:Body>\r
</soapenv:Envelope>]]></con:request><con:wsaConfig mustUnderstand="NONE" version="200508" action="http://tempuri.org/CreateForm_PCI_Advance"/></con:call></con:operation><con:operation id="b69f1d49-f32f-43ca-94ee-ac5857ef876f" isOneWay="false" action="http://tempuri.org/DealInvoiced" name="DealInvoiced" bindingOperationName="DealInvoiced" type="Request-Response" inputName="" receivesAttachments="false" sendsAttachments="false" anonymous="optional"><con:settings/><con:call id="15b5fada-18e1-410c-bd5a-428c2c043997" name="Request 1"><con:settings/><con:encoding>UTF-8</con:encoding><con:endpoint>https://ectest.e-c.co.il/Service/Service.asmx</con:endpoint><con:request><![CDATA[<soapenv:Envelope xmlns:soapenv="http://schemas.xmlsoap.org/soap/envelope/" xmlns:tem="http://tempuri.org/">\r
   <soapenv:Header/>\r
   <soapenv:Body>\r
      <tem:DealInvoiced>\r
         <!--Optional:-->\r
         <tem:DealID>?</tem:DealID>\r
         <tem:Invoiced>?</tem:Invoiced>\r
         <!--Optional:-->\r
         <tem:ClientID>?</tem:ClientID>\r
         <!--Optional:-->\r
         <tem:Password>?</tem:Password>\r
      </tem:DealInvoiced>\r
   </soapenv:Body>\r
</soapenv:Envelope>]]></con:request><con:wsaConfig mustUnderstand="NONE" version="200508" action="http://tempuri.org/DealInvoiced"/></con:call></con:operation><con:operation id="e0d27281-9723-4970-88dd-12e3ffcd6aca" isOneWay="false" action="http://tempuri.org/DeleteToken" name="DeleteToken" bindingOperationName="DeleteToken" type="Request-Response" inputName="" receivesAttachments="false" sendsAttachments="false" anonymous="optional"><con:settings/><con:call id="fe5b03c2-8933-4647-8d1d-0e0f3e5dfd01" name="Request 1"><con:settings/><con:encoding>UTF-8</con:encoding><con:endpoint>https://ectest.e-c.co.il/Service/Service.asmx</con:endpoint><con:request><![CDATA[<soapenv:Envelope xmlns:soapenv="http://schemas.xmlsoap.org/soap/envelope/" xmlns:tem="http://tempuri.org/">\r
   <soapenv:Header/>\r
   <soapenv:Body>\r
      <tem:DeleteToken>\r
         <!--Optional:-->\r
         <tem:ClientID>?</tem:ClientID>\r
         <!--Optional:-->\r
         <tem:Password>?</tem:Password>\r
         <!--Optional:-->\r
         <tem:EcPwd>?</tem:EcPwd>\r
         <!--Optional:-->\r
         <tem:Token>?</tem:Token>\r
      </tem:DeleteToken>\r
   </soapenv:Body>\r
</soapenv:Envelope>]]></con:request><con:wsaConfig mustUnderstand="NONE" version="200508" action="http://tempuri.org/DeleteToken"/></con:call></con:operation><con:operation id="62341cb8-3265-45ff-8781-c033b284d040" isOneWay="false" action="http://tempuri.org/DoDeal" name="DoDeal" bindingOperationName="DoDeal" type="Request-Response" inputName="" receivesAttachments="false" sendsAttachments="false" anonymous="optional"><con:settings/><con:call id="71a2cf71-faba-489b-b69f-14ec6eb2bebc" name="Request 1"><con:settings/><con:encoding>UTF-8</con:encoding><con:endpoint>https://ectest.e-c.co.il/Service/Service.asmx</con:endpoint><con:request><![CDATA[<soapenv:Envelope xmlns:soapenv="http://schemas.xmlsoap.org/soap/envelope/" xmlns:tem="http://tempuri.org/">\r
   <soapenv:Header/>\r
   <soapenv:Body>\r
      <tem:DoDeal>\r
         <!--Optional:-->\r
         <tem:ClientID>?</tem:ClientID>\r
         <!--Optional:-->\r
         <tem:Password>?</tem:Password>\r
         <!--Optional:-->\r
         <tem:ActionMethod>?</tem:ActionMethod>\r
         <!--Optional:-->\r
         <tem:CardNumber>?</tem:CardNumber>\r
         <!--Optional:-->\r
         <tem:ValMonth>?</tem:ValMonth>\r
         <!--Optional:-->\r
         <tem:ValYear>?</tem:ValYear>\r
         <!--Optional:-->\r
         <tem:TotalSum>?</tem:TotalSum>\r
         <!--Optional:-->\r
         <tem:PayNumber>?</tem:PayNumber>\r
         <!--Optional:-->\r
         <tem:FirstPay>?</tem:FirstPay>\r
         <!--Optional:-->\r
         <tem:AddPay>?</tem:AddPay>\r
         <!--Optional:-->\r
         <tem:TZ>?</tem:TZ>\r
         <!--Optional:-->\r
         <tem:CVV2>?</tem:CVV2>\r
         <!--Optional:-->\r
         <tem:DealType>?</tem:DealType>\r
         <!--Optional:-->\r
         <tem:MType>?</tem:MType>\r
         <!--Optional:-->\r
         <tem:Opt>?</tem:Opt>\r
         <!--Optional:-->\r
         <tem:Note>?</tem:Note>\r
         <!--Optional:-->\r
         <tem:OwnerName>?</tem:OwnerName>\r
         <!--Optional:-->\r
         <tem:Email>?</tem:Email>\r
         <!--Optional:-->\r
         <tem:CellPhone>?</tem:CellPhone>\r
      </tem:DoDeal>\r
   </soapenv:Body>\r
</soapenv:Envelope>]]></con:request><con:wsaConfig mustUnderstand="NONE" version="200508" action="http://tempuri.org/DoDeal"/></con:call></con:operation><con:operation id="a3fba71d-cb93-436b-9c18-633aace67b89" isOneWay="false" action="http://tempuri.org/DoDealExt" name="DoDealExt" bindingOperationName="DoDealExt" type="Request-Response" inputName="" receivesAttachments="false" sendsAttachments="false" anonymous="optional"><con:settings/><con:call id="6ca4ea00-7343-440d-9bf6-2e5bae49ce2b" name="Request 1"><con:settings/><con:encoding>UTF-8</con:encoding><con:endpoint>https://ectest.e-c.co.il/Service/Service.asmx</con:endpoint><con:request><![CDATA[<soapenv:Envelope xmlns:soapenv="http://schemas.xmlsoap.org/soap/envelope/" xmlns:tem="http://tempuri.org/">\r
   <soapenv:Header/>\r
   <soapenv:Body>\r
      <tem:DoDealExt>\r
         <!--Optional:-->\r
         <tem:ClientID>?</tem:ClientID>\r
         <!--Optional:-->\r
         <tem:Password>?</tem:Password>\r
         <!--Optional:-->\r
         <tem:Code>?</tem:Code>\r
         <!--Optional:-->\r
         <tem:CardNumber>?</tem:CardNumber>\r
         <!--Optional:-->\r
         <tem:ValMonth>?</tem:ValMonth>\r
         <!--Optional:-->\r
         <tem:ValYear>?</tem:ValYear>\r
         <!--Optional:-->\r
         <tem:TotalSum>?</tem:TotalSum>\r
         <!--Optional:-->\r
         <tem:PayNumber>?</tem:PayNumber>\r
         <!--Optional:-->\r
         <tem:FirstPay>?</tem:FirstPay>\r
         <!--Optional:-->\r
         <tem:AddPay>?</tem:AddPay>\r
         <!--Optional:-->\r
         <tem:TZ>?</tem:TZ>\r
         <!--Optional:-->\r
         <tem:CVV2>?</tem:CVV2>\r
         <!--Optional:-->\r
         <tem:DealType>?</tem:DealType>\r
         <!--Optional:-->\r
         <tem:MType>?</tem:MType>\r
         <!--Optional:-->\r
         <tem:Opt>?</tem:Opt>\r
         <!--Optional:-->\r
         <tem:Note>?</tem:Note>\r
         <!--Optional:-->\r
         <tem:AuthNum>?</tem:AuthNum>\r
         <!--Optional:-->\r
         <tem:OwnerName>?</tem:OwnerName>\r
         <!--Optional:-->\r
         <tem:Cell>?</tem:Cell>\r
         <!--Optional:-->\r
         <tem:Email>?</tem:Email>\r
      </tem:DoDealExt>\r
   </soapenv:Body>\r
</soapenv:Envelope>]]></con:request><con:wsaConfig mustUnderstand="NONE" version="200508" action="http://tempuri.org/DoDealExt"/></con:call></con:operation><con:operation id="c8e6466d-ac14-416b-8eaa-a4fded8e2bd9" isOneWay="false" action="http://tempuri.org/DoDealJ5WithToken" name="DoDealJ5WithToken" bindingOperationName="DoDealJ5WithToken" type="Request-Response" inputName="" receivesAttachments="false" sendsAttachments="false" anonymous="optional"><con:settings/><con:call id="00a8d163-4d0d-44a4-87ef-f8e1feadfdb3" name="Request 1"><con:settings/><con:encoding>UTF-8</con:encoding><con:endpoint>https://ectest.e-c.co.il/Service/Service.asmx</con:endpoint><con:request><![CDATA[<soapenv:Envelope xmlns:soapenv="http://schemas.xmlsoap.org/soap/envelope/" xmlns:tem="http://tempuri.org/">\r
   <soapenv:Header/>\r
   <soapenv:Body>\r
      <tem:DoDealJ5WithToken>\r
         <!--Optional:-->\r
         <tem:ClientID>?</tem:ClientID>\r
         <!--Optional:-->\r
         <tem:Password>?</tem:Password>\r
         <!--Optional:-->\r
         <tem:EcPwd>?</tem:EcPwd>\r
         <!--Optional:-->\r
         <tem:ActionMethod>?</tem:ActionMethod>\r
         <!--Optional:-->\r
         <tem:TotalSum>?</tem:TotalSum>\r
         <!--Optional:-->\r
         <tem:PayNumber>?</tem:PayNumber>\r
         <!--Optional:-->\r
         <tem:FirstPay>?</tem:FirstPay>\r
         <!--Optional:-->\r
         <tem:AddPay>?</tem:AddPay>\r
         <!--Optional:-->\r
         <tem:MType>?</tem:MType>\r
         <!--Optional:-->\r
         <tem:Opt>?</tem:Opt>\r
         <!--Optional:-->\r
         <tem:Note>?</tem:Note>\r
         <!--Optional:-->\r
         <tem:ExternalID>?</tem:ExternalID>\r
         <!--Optional:-->\r
         <tem:Token>?</tem:Token>\r
         <!--Optional:-->\r
         <tem:OwnerName>?</tem:OwnerName>\r
         <!--Optional:-->\r
         <tem:CellPhone>?</tem:CellPhone>\r
         <!--Optional:-->\r
         <tem:Email>?</tem:Email>\r
      </tem:DoDealJ5WithToken>\r
   </soapenv:Body>\r
</soapenv:Envelope>]]></con:request><con:wsaConfig mustUnderstand="NONE" version="200508" action="http://tempuri.org/DoDealJ5WithToken"/></con:call></con:operation><con:operation id="ae43dcec-84de-4f1a-a578-6f2ddc217828" isOneWay="false" action="http://tempuri.org/DoDealOldExt" name="DoDealOldExt" bindingOperationName="DoDealOldExt" type="Request-Response" inputName="" receivesAttachments="false" sendsAttachments="false" anonymous="optional"><con:settings/><con:call id="ce6d73e5-1345-4fa4-86c0-60272f775888" name="Request 1"><con:settings/><con:encoding>UTF-8</con:encoding><con:endpoint>https://ectest.e-c.co.il/Service/Service.asmx</con:endpoint><con:request><![CDATA[<soapenv:Envelope xmlns:soapenv="http://schemas.xmlsoap.org/soap/envelope/" xmlns:tem="http://tempuri.org/">\r
   <soapenv:Header/>\r
   <soapenv:Body>\r
      <tem:DoDealOldExt>\r
         <!--Optional:-->\r
         <tem:ClientID>?</tem:ClientID>\r
         <!--Optional:-->\r
         <tem:Password>?</tem:Password>\r
         <!--Optional:-->\r
         <tem:Code>?</tem:Code>\r
         <!--Optional:-->\r
         <tem:CardNumber>?</tem:CardNumber>\r
         <!--Optional:-->\r
         <tem:ValMonth>?</tem:ValMonth>\r
         <!--Optional:-->\r
         <tem:ValYear>?</tem:ValYear>\r
         <!--Optional:-->\r
         <tem:TotalSum>?</tem:TotalSum>\r
         <!--Optional:-->\r
         <tem:PayNumber>?</tem:PayNumber>\r
         <!--Optional:-->\r
         <tem:FirstPay>?</tem:FirstPay>\r
         <!--Optional:-->\r
         <tem:AddPay>?</tem:AddPay>\r
         <!--Optional:-->\r
         <tem:TZ>?</tem:TZ>\r
         <!--Optional:-->\r
         <tem:CVV2>?</tem:CVV2>\r
         <!--Optional:-->\r
         <tem:DealType>?</tem:DealType>\r
         <!--Optional:-->\r
         <tem:MType>?</tem:MType>\r
         <!--Optional:-->\r
         <tem:Opt>?</tem:Opt>\r
         <!--Optional:-->\r
         <tem:Note>?</tem:Note>\r
         <!--Optional:-->\r
         <tem:AuthNum>?</tem:AuthNum>\r
         <!--Optional:-->\r
         <tem:OwnerName>?</tem:OwnerName>\r
         <!--Optional:-->\r
         <tem:Email>?</tem:Email>\r
         <!--Optional:-->\r
         <tem:CellPhone>?</tem:CellPhone>\r
      </tem:DoDealOldExt>\r
   </soapenv:Body>\r
</soapenv:Envelope>]]></con:request><con:wsaConfig mustUnderstand="NONE" version="200508" action="http://tempuri.org/DoDealOldExt"/></con:call></con:operation><con:operation id="ebb0e354-a8ea-4be1-9d6c-1efc490862d8" isOneWay="false" action="http://tempuri.org/DoDealPinPad" name="DoDealPinPad" bindingOperationName="DoDealPinPad" type="Request-Response" inputName="" receivesAttachments="false" sendsAttachments="false" anonymous="optional"><con:settings/><con:call id="52879475-e182-47b3-a854-6ede518a4a29" name="Request 1"><con:settings/><con:encoding>UTF-8</con:encoding><con:endpoint>https://ectest.e-c.co.il/Service/Service.asmx</con:endpoint><con:request><![CDATA[<soapenv:Envelope xmlns:soapenv="http://schemas.xmlsoap.org/soap/envelope/" xmlns:tem="http://tempuri.org/">\r
   <soapenv:Header/>\r
   <soapenv:Body>\r
      <tem:DoDealPinPad>\r
         <!--Optional:-->\r
         <tem:ClientID>?</tem:ClientID>\r
         <!--Optional:-->\r
         <tem:Password>?</tem:Password>\r
         <!--Optional:-->\r
         <tem:ActionMethod>?</tem:ActionMethod>\r
         <!--Optional:-->\r
         <tem:TotalSum>?</tem:TotalSum>\r
         <!--Optional:-->\r
         <tem:PayNumber>?</tem:PayNumber>\r
         <!--Optional:-->\r
         <tem:FirstPay>?</tem:FirstPay>\r
         <!--Optional:-->\r
         <tem:AddPay>?</tem:AddPay>\r
         <!--Optional:-->\r
         <tem:TZ>?</tem:TZ>\r
         <!--Optional:-->\r
         <tem:DealType>?</tem:DealType>\r
         <!--Optional:-->\r
         <tem:MType>?</tem:MType>\r
         <!--Optional:-->\r
         <tem:Opt>?</tem:Opt>\r
         <!--Optional:-->\r
         <tem:Note>?</tem:Note>\r
         <!--Optional:-->\r
         <tem:OwnerName>?</tem:OwnerName>\r
         <!--Optional:-->\r
         <tem:ExternalID>?</tem:ExternalID>\r
         <!--Optional:-->\r
         <tem:Email>?</tem:Email>\r
         <!--Optional:-->\r
         <tem:CellPhone>?</tem:CellPhone>\r
      </tem:DoDealPinPad>\r
   </soapenv:Body>\r
</soapenv:Envelope>]]></con:request><con:wsaConfig mustUnderstand="NONE" version="200508" action="http://tempuri.org/DoDealPinPad"/></con:call></con:operation><con:operation id="1fc1c944-e2b5-4869-9b54-b0965af11f9b" isOneWay="false" action="http://tempuri.org/DoDealUserCodeWithTokenExt" name="DoDealUserCodeWithTokenExt" bindingOperationName="DoDealUserCodeWithTokenExt" type="Request-Response" inputName="" receivesAttachments="false" sendsAttachments="false" anonymous="optional"><con:settings/><con:call id="ad7208fe-d275-4735-85b0-3f2ab522e58e" name="Request 1"><con:settings/><con:encoding>UTF-8</con:encoding><con:endpoint>https://ectest.e-c.co.il/Service/Service.asmx</con:endpoint><con:request><![CDATA[<soapenv:Envelope xmlns:soapenv="http://schemas.xmlsoap.org/soap/envelope/" xmlns:tem="http://tempuri.org/">\r
   <soapenv:Header/>\r
   <soapenv:Body>\r
      <tem:DoDealUserCodeWithTokenExt>\r
         <!--Optional:-->\r
         <tem:ClientID>?</tem:ClientID>\r
         <!--Optional:-->\r
         <tem:Password>?</tem:Password>\r
         <!--Optional:-->\r
         <tem:Code>?</tem:Code>\r
         <!--Optional:-->\r
         <tem:CardNumber>?</tem:CardNumber>\r
         <!--Optional:-->\r
         <tem:ValMonth>?</tem:ValMonth>\r
         <!--Optional:-->\r
         <tem:ValYear>?</tem:ValYear>\r
         <!--Optional:-->\r
         <tem:TotalSum>?</tem:TotalSum>\r
         <!--Optional:-->\r
         <tem:PayNumber>?</tem:PayNumber>\r
         <!--Optional:-->\r
         <tem:FirstPay>?</tem:FirstPay>\r
         <!--Optional:-->\r
         <tem:AddPay>?</tem:AddPay>\r
         <!--Optional:-->\r
         <tem:TZ>?</tem:TZ>\r
         <!--Optional:-->\r
         <tem:CVV2>?</tem:CVV2>\r
         <!--Optional:-->\r
         <tem:DealType>?</tem:DealType>\r
         <!--Optional:-->\r
         <tem:MType>?</tem:MType>\r
         <!--Optional:-->\r
         <tem:Opt>?</tem:Opt>\r
         <!--Optional:-->\r
         <tem:Note>?</tem:Note>\r
         <!--Optional:-->\r
         <tem:AuthNum>?</tem:AuthNum>\r
         <!--Optional:-->\r
         <tem:OwnerName>?</tem:OwnerName>\r
         <!--Optional:-->\r
         <tem:Cell>?</tem:Cell>\r
         <!--Optional:-->\r
         <tem:UserCode>?</tem:UserCode>\r
         <!--Optional:-->\r
         <tem:CreateToken>?</tem:CreateToken>\r
         <!--Optional:-->\r
         <tem:Token>?</tem:Token>\r
         <!--Optional:-->\r
         <tem:ExternalID>?</tem:ExternalID>\r
         <!--Optional:-->\r
         <tem:Email>?</tem:Email>\r
      </tem:DoDealUserCodeWithTokenExt>\r
   </soapenv:Body>\r
</soapenv:Envelope>]]></con:request><con:wsaConfig mustUnderstand="NONE" version="200508" action="http://tempuri.org/DoDealUserCodeWithTokenExt"/></con:call></con:operation><con:operation id="967da414-9e29-4014-96fd-9128ae6b977e" isOneWay="false" action="http://tempuri.org/DoDealWithExternalID" name="DoDealWithExternalID" bindingOperationName="DoDealWithExternalID" type="Request-Response" inputName="" receivesAttachments="false" sendsAttachments="false" anonymous="optional"><con:settings/><con:call id="6f9a469e-297a-4943-bf23-44bfc6063f8a" name="Request 1"><con:settings/><con:encoding>UTF-8</con:encoding><con:endpoint>https://ectest.e-c.co.il/Service/Service.asmx</con:endpoint><con:request><![CDATA[<soapenv:Envelope xmlns:soapenv="http://schemas.xmlsoap.org/soap/envelope/" xmlns:tem="http://tempuri.org/">\r
   <soapenv:Header/>\r
   <soapenv:Body>\r
      <tem:DoDealWithExternalID>\r
         <!--Optional:-->\r
         <tem:ClientID>?</tem:ClientID>\r
         <!--Optional:-->\r
         <tem:Password>?</tem:Password>\r
         <!--Optional:-->\r
         <tem:ActionMethod>?</tem:ActionMethod>\r
         <!--Optional:-->\r
         <tem:CardNumber>?</tem:CardNumber>\r
         <!--Optional:-->\r
         <tem:ValMonth>?</tem:ValMonth>\r
         <!--Optional:-->\r
         <tem:ValYear>?</tem:ValYear>\r
         <!--Optional:-->\r
         <tem:TotalSum>?</tem:TotalSum>\r
         <!--Optional:-->\r
         <tem:PayNumber>?</tem:PayNumber>\r
         <!--Optional:-->\r
         <tem:FirstPay>?</tem:FirstPay>\r
         <!--Optional:-->\r
         <tem:AddPay>?</tem:AddPay>\r
         <!--Optional:-->\r
         <tem:TZ>?</tem:TZ>\r
         <!--Optional:-->\r
         <tem:CVV2>?</tem:CVV2>\r
         <!--Optional:-->\r
         <tem:DealType>?</tem:DealType>\r
         <!--Optional:-->\r
         <tem:MType>?</tem:MType>\r
         <!--Optional:-->\r
         <tem:Opt>?</tem:Opt>\r
         <!--Optional:-->\r
         <tem:Note>?</tem:Note>\r
         <!--Optional:-->\r
         <tem:ExternalID>?</tem:ExternalID>\r
         <!--Optional:-->\r
         <tem:OwnerName>?</tem:OwnerName>\r
         <!--Optional:-->\r
         <tem:Email>?</tem:Email>\r
      </tem:DoDealWithExternalID>\r
   </soapenv:Body>\r
</soapenv:Envelope>]]></con:request><con:wsaConfig mustUnderstand="NONE" version="200508" action="http://tempuri.org/DoDealWithExternalID"/></con:call></con:operation><con:operation id="5f3c2bf2-717b-425a-98e1-34c22333426d" isOneWay="false" action="http://tempuri.org/DoDealWithProducts" name="DoDealWithProducts" bindingOperationName="DoDealWithProducts" type="Request-Response" inputName="" receivesAttachments="false" sendsAttachments="false" anonymous="optional"><con:settings/><con:call id="3ee81b94-0223-45a6-a088-5fdc64e45687" name="Request 1"><con:settings/><con:encoding>UTF-8</con:encoding><con:endpoint>https://ectest.e-c.co.il/Service/Service.asmx</con:endpoint><con:request><![CDATA[<soapenv:Envelope xmlns:soapenv="http://schemas.xmlsoap.org/soap/envelope/" xmlns:tem="http://tempuri.org/">\r
   <soapenv:Header/>\r
   <soapenv:Body>\r
      <tem:DoDealWithProducts>\r
         <!--Optional:-->\r
         <tem:ClientID>?</tem:ClientID>\r
         <!--Optional:-->\r
         <tem:Password>?</tem:Password>\r
         <!--Optional:-->\r
         <tem:ActionMethod>?</tem:ActionMethod>\r
         <!--Optional:-->\r
         <tem:TotalSum>?</tem:TotalSum>\r
         <!--Optional:-->\r
         <tem:PayNumber>?</tem:PayNumber>\r
         <!--Optional:-->\r
         <tem:FirstPay>?</tem:FirstPay>\r
         <!--Optional:-->\r
         <tem:AddPay>?</tem:AddPay>\r
         <!--Optional:-->\r
         <tem:DealType>?</tem:DealType>\r
         <!--Optional:-->\r
         <tem:MType>?</tem:MType>\r
         <!--Optional:-->\r
         <tem:Opt>?</tem:Opt>\r
         <!--Optional:-->\r
         <tem:Note>?</tem:Note>\r
         <!--Optional:-->\r
         <tem:ExternalID>?</tem:ExternalID>\r
         <!--Optional:-->\r
         <tem:Token>?</tem:Token>\r
         <!--Optional:-->\r
         <tem:CardNumber>?</tem:CardNumber>\r
         <!--Optional:-->\r
         <tem:ValMonth>?</tem:ValMonth>\r
         <!--Optional:-->\r
         <tem:ValYear>?</tem:ValYear>\r
         <!--Optional:-->\r
         <tem:OwnerName>?</tem:OwnerName>\r
         <!--Optional:-->\r
         <tem:TZ>?</tem:TZ>\r
         <!--Optional:-->\r
         <tem:CVV2>?</tem:CVV2>\r
         <!--Optional:-->\r
         <tem:JsonProductsList>?</tem:JsonProductsList>\r
         <!--Optional:-->\r
         <tem:CostumerAddress>?</tem:CostumerAddress>\r
         <!--Optional:-->\r
         <tem:CostumerPostalCode>?</tem:CostumerPostalCode>\r
         <!--Optional:-->\r
         <tem:CostumerEmail>?</tem:CostumerEmail>\r
         <!--Optional:-->\r
         <tem:CostumerPhomeNumber>?</tem:CostumerPhomeNumber>\r
      </tem:DoDealWithProducts>\r
   </soapenv:Body>\r
</soapenv:Envelope>]]></con:request><con:wsaConfig mustUnderstand="NONE" version="200508" action="http://tempuri.org/DoDealWithProducts"/></con:call></con:operation><con:operation id="f71c02fb-cbf9-4c6d-9ea1-800ceee8bea0" isOneWay="false" action="http://tempuri.org/DoDealWithToken" name="DoDealWithToken" bindingOperationName="DoDealWithToken" type="Request-Response" inputName="" receivesAttachments="false" sendsAttachments="false" anonymous="optional"><con:settings/><con:call id="85fb134c-9ed5-4c9d-93f0-28ea87125f38" name="Request 1"><con:settings/><con:encoding>UTF-8</con:encoding><con:endpoint>https://ectest.e-c.co.il/Service/Service.asmx</con:endpoint><con:request><![CDATA[<soapenv:Envelope xmlns:soapenv="http://schemas.xmlsoap.org/soap/envelope/" xmlns:tem="http://tempuri.org/">\r
   <soapenv:Header/>\r
   <soapenv:Body>\r
      <tem:DoDealWithToken>\r
         <!--Optional:-->\r
         <tem:ClientID>?</tem:ClientID>\r
         <!--Optional:-->\r
         <tem:Password>?</tem:Password>\r
         <!--Optional:-->\r
         <tem:EcPwd>?</tem:EcPwd>\r
         <!--Optional:-->\r
         <tem:ActionMethod>?</tem:ActionMethod>\r
         <!--Optional:-->\r
         <tem:TotalSum>?</tem:TotalSum>\r
         <!--Optional:-->\r
         <tem:PayNumber>?</tem:PayNumber>\r
         <!--Optional:-->\r
         <tem:FirstPay>?</tem:FirstPay>\r
         <!--Optional:-->\r
         <tem:AddPay>?</tem:AddPay>\r
         <!--Optional:-->\r
         <tem:DealType>?</tem:DealType>\r
         <!--Optional:-->\r
         <tem:MType>?</tem:MType>\r
         <!--Optional:-->\r
         <tem:Opt>?</tem:Opt>\r
         <!--Optional:-->\r
         <tem:Note>?</tem:Note>\r
         <!--Optional:-->\r
         <tem:ExternalID>?</tem:ExternalID>\r
         <!--Optional:-->\r
         <tem:Token>?</tem:Token>\r
         <!--Optional:-->\r
         <tem:OwnerName>?</tem:OwnerName>\r
      </tem:DoDealWithToken>\r
   </soapenv:Body>\r
</soapenv:Envelope>]]></con:request><con:wsaConfig mustUnderstand="NONE" version="200508" action="http://tempuri.org/DoDealWithToken"/></con:call></con:operation><con:operation id="23ae3a60-c173-4c54-8b05-eb9ff3f4b34c" isOneWay="false" action="http://tempuri.org/DoDealWithTokenExt" name="DoDealWithTokenExt" bindingOperationName="DoDealWithTokenExt" type="Request-Response" inputName="" receivesAttachments="false" sendsAttachments="false" anonymous="optional"><con:settings/><con:call id="2f77f905-0bf8-491c-a6e6-c0ec013616b9" name="Request 1"><con:settings/><con:encoding>UTF-8</con:encoding><con:endpoint>https://ectest.e-c.co.il/Service/Service.asmx</con:endpoint><con:request><![CDATA[<soapenv:Envelope xmlns:soapenv="http://schemas.xmlsoap.org/soap/envelope/" xmlns:tem="http://tempuri.org/">\r
   <soapenv:Header/>\r
   <soapenv:Body>\r
      <tem:DoDealWithTokenExt>\r
         <!--Optional:-->\r
         <tem:ClientID>?</tem:ClientID>\r
         <!--Optional:-->\r
         <tem:Password>?</tem:Password>\r
         <!--Optional:-->\r
         <tem:EcPwd>?</tem:EcPwd>\r
         <!--Optional:-->\r
         <tem:ActionMethod>?</tem:ActionMethod>\r
         <!--Optional:-->\r
         <tem:TotalSum>?</tem:TotalSum>\r
         <!--Optional:-->\r
         <tem:PayNumber>?</tem:PayNumber>\r
         <!--Optional:-->\r
         <tem:FirstPay>?</tem:FirstPay>\r
         <!--Optional:-->\r
         <tem:AddPay>?</tem:AddPay>\r
         <!--Optional:-->\r
         <tem:DealType>?</tem:DealType>\r
         <!--Optional:-->\r
         <tem:MType>?</tem:MType>\r
         <!--Optional:-->\r
         <tem:Opt>?</tem:Opt>\r
         <!--Optional:-->\r
         <tem:Note>?</tem:Note>\r
         <!--Optional:-->\r
         <tem:AuthNum>?</tem:AuthNum>\r
         <!--Optional:-->\r
         <tem:ExternalID>?</tem:ExternalID>\r
         <!--Optional:-->\r
         <tem:Token>?</tem:Token>\r
         <!--Optional:-->\r
         <tem:OwnerName>?</tem:OwnerName>\r
      </tem:DoDealWithTokenExt>\r
   </soapenv:Body>\r
</soapenv:Envelope>]]></con:request><con:wsaConfig mustUnderstand="NONE" version="200508" action="http://tempuri.org/DoDealWithTokenExt"/></con:call></con:operation><con:operation id="a66b1ea3-e5c4-429d-84bf-1450224d252e" isOneWay="false" action="http://tempuri.org/GetDealByExternalID" name="GetDealByExternalID" bindingOperationName="GetDealByExternalID" type="Request-Response" inputName="" receivesAttachments="false" sendsAttachments="false" anonymous="optional"><con:settings/><con:call id="37e87b1a-4264-45a5-b55d-f25423b20fd6" name="Request 1"><con:settings/><con:encoding>UTF-8</con:encoding><con:endpoint>https://ectest.e-c.co.il/Service/Service.asmx</con:endpoint><con:request><![CDATA[<soapenv:Envelope xmlns:soapenv="http://schemas.xmlsoap.org/soap/envelope/" xmlns:tem="http://tempuri.org/">\r
   <soapenv:Header/>\r
   <soapenv:Body>\r
      <tem:GetDealByExternalID>\r
         <!--Optional:-->\r
         <tem:ClientID>?</tem:ClientID>\r
         <!--Optional:-->\r
         <tem:Password>?</tem:Password>\r
         <!--Optional:-->\r
         <tem:ExternalID>?</tem:ExternalID>\r
      </tem:GetDealByExternalID>\r
   </soapenv:Body>\r
</soapenv:Envelope>]]></con:request><con:wsaConfig mustUnderstand="NONE" version="200508" action="http://tempuri.org/GetDealByExternalID"/></con:call></con:operation><con:operation id="987fdd88-5ece-4a8d-9ee8-cf611dc6913b" isOneWay="false" action="http://tempuri.org/GetDealByExternalID_StringResult" name="GetDealByExternalID_StringResult" bindingOperationName="GetDealByExternalID_StringResult" type="Request-Response" inputName="" receivesAttachments="false" sendsAttachments="false" anonymous="optional"><con:settings/><con:call id="a6f30c85-d436-4b26-b535-f82a0a770275" name="Request 1"><con:settings/><con:encoding>UTF-8</con:encoding><con:endpoint>https://ectest.e-c.co.il/Service/Service.asmx</con:endpoint><con:request><![CDATA[<soapenv:Envelope xmlns:soapenv="http://schemas.xmlsoap.org/soap/envelope/" xmlns:tem="http://tempuri.org/">\r
   <soapenv:Header/>\r
   <soapenv:Body>\r
      <tem:GetDealByExternalID_StringResult>\r
         <!--Optional:-->\r
         <tem:ClientID>?</tem:ClientID>\r
         <!--Optional:-->\r
         <tem:Password>?</tem:Password>\r
         <!--Optional:-->\r
         <tem:ExternalID>?</tem:ExternalID>\r
      </tem:GetDealByExternalID_StringResult>\r
   </soapenv:Body>\r
</soapenv:Envelope>]]></con:request><con:wsaConfig mustUnderstand="NONE" version="200508" action="http://tempuri.org/GetDealByExternalID_StringResult"/></con:call></con:operation><con:operation id="87cb4aa4-ac71-49ae-be72-c19894618921" isOneWay="false" action="http://tempuri.org/GetDealHistory" name="GetDealHistory" bindingOperationName="GetDealHistory" type="Request-Response" inputName="" receivesAttachments="false" sendsAttachments="false" anonymous="optional"><con:settings/><con:call id="36f45400-4e35-4c91-8c05-75462dae133a" name="Request 1"><con:settings/><con:encoding>UTF-8</con:encoding><con:endpoint>https://ectest.e-c.co.il/Service/Service.asmx</con:endpoint><con:request><![CDATA[<soapenv:Envelope xmlns:soapenv="http://schemas.xmlsoap.org/soap/envelope/" xmlns:tem="http://tempuri.org/">\r
   <soapenv:Header/>\r
   <soapenv:Body>\r
      <tem:GetDealHistory>\r
         <!--Optional:-->\r
         <tem:ClientID>?</tem:ClientID>\r
         <!--Optional:-->\r
         <tem:Password>?</tem:Password>\r
      </tem:GetDealHistory>\r
   </soapenv:Body>\r
</soapenv:Envelope>]]></con:request><con:wsaConfig mustUnderstand="NONE" version="200508" action="http://tempuri.org/GetDealHistory"/></con:call></con:operation><con:operation id="4cc15f81-cd35-4067-bec0-09ebb086aca5" isOneWay="false" action="http://tempuri.org/GetDealHistory_StringResult" name="GetDealHistory_StringResult" bindingOperationName="GetDealHistory_StringResult" type="Request-Response" inputName="" receivesAttachments="false" sendsAttachments="false" anonymous="optional"><con:settings/><con:call id="7e14953e-9ef7-45b9-b0ba-1b01fc90bd61" name="Request 1"><con:settings/><con:encoding>UTF-8</con:encoding><con:endpoint>https://ectest.e-c.co.il/Service/Service.asmx</con:endpoint><con:request><![CDATA[<soapenv:Envelope xmlns:soapenv="http://schemas.xmlsoap.org/soap/envelope/" xmlns:tem="http://tempuri.org/">\r
   <soapenv:Header/>\r
   <soapenv:Body>\r
      <tem:GetDealHistory_StringResult>\r
         <!--Optional:-->\r
         <tem:ClientID>?</tem:ClientID>\r
         <!--Optional:-->\r
         <tem:Password>?</tem:Password>\r
      </tem:GetDealHistory_StringResult>\r
   </soapenv:Body>\r
</soapenv:Envelope>]]></con:request><con:wsaConfig mustUnderstand="NONE" version="200508" action="http://tempuri.org/GetDealHistory_StringResult"/></con:call></con:operation><con:operation id="5d4edd75-51c2-4a43-978b-6ef5f6f9efc6" isOneWay="false" action="http://tempuri.org/GetDealHistoryAuthToken" name="GetDealHistoryAuthToken" bindingOperationName="GetDealHistoryAuthToken" type="Request-Response" inputName="" receivesAttachments="false" sendsAttachments="false" anonymous="optional"><con:settings/><con:call id="f93ba123-1072-45ba-9f7e-93a6c4c83aa7" name="Request 1"><con:settings/><con:encoding>UTF-8</con:encoding><con:endpoint>https://ectest.e-c.co.il/Service/Service.asmx</con:endpoint><con:request><![CDATA[<soapenv:Envelope xmlns:soapenv="http://schemas.xmlsoap.org/soap/envelope/" xmlns:tem="http://tempuri.org/">\r
   <soapenv:Header/>\r
   <soapenv:Body>\r
      <tem:GetDealHistoryAuthToken>\r
         <!--Optional:-->\r
         <tem:Token>?</tem:Token>\r
      </tem:GetDealHistoryAuthToken>\r
   </soapenv:Body>\r
</soapenv:Envelope>]]></con:request><con:wsaConfig mustUnderstand="NONE" version="200508" action="http://tempuri.org/GetDealHistoryAuthToken"/></con:call></con:operation><con:operation id="13f2a81e-8f31-490b-8187-fb43f4683b43" isOneWay="false" action="http://tempuri.org/GetDealHistoryAuthToken_StringResult" name="GetDealHistoryAuthToken_StringResult" bindingOperationName="GetDealHistoryAuthToken_StringResult" type="Request-Response" inputName="" receivesAttachments="false" sendsAttachments="false" anonymous="optional"><con:settings/><con:call id="963cc4cc-ba32-4483-b61e-796b77701c68" name="Request 1"><con:settings/><con:encoding>UTF-8</con:encoding><con:endpoint>https://ectest.e-c.co.il/Service/Service.asmx</con:endpoint><con:request><![CDATA[<soapenv:Envelope xmlns:soapenv="http://schemas.xmlsoap.org/soap/envelope/" xmlns:tem="http://tempuri.org/">\r
   <soapenv:Header/>\r
   <soapenv:Body>\r
      <tem:GetDealHistoryAuthToken_StringResult>\r
         <!--Optional:-->\r
         <tem:Token>?</tem:Token>\r
      </tem:GetDealHistoryAuthToken_StringResult>\r
   </soapenv:Body>\r
</soapenv:Envelope>]]></con:request><con:wsaConfig mustUnderstand="NONE" version="200508" action="http://tempuri.org/GetDealHistoryAuthToken_StringResult"/></con:call></con:operation><con:operation id="ebd75183-cf75-4776-9e29-06beb629f492" isOneWay="false" action="http://tempuri.org/GetDealHistoryInRange" name="GetDealHistoryInRange" bindingOperationName="GetDealHistoryInRange" type="Request-Response" inputName="" receivesAttachments="false" sendsAttachments="false" anonymous="optional"><con:settings/><con:call id="6223878b-f749-4091-9fad-628b2fb84daa" name="Request 1"><con:settings/><con:encoding>UTF-8</con:encoding><con:endpoint>https://ectest.e-c.co.il/Service/Service.asmx</con:endpoint><con:request><![CDATA[<soapenv:Envelope xmlns:soapenv="http://schemas.xmlsoap.org/soap/envelope/" xmlns:tem="http://tempuri.org/">\r
   <soapenv:Header/>\r
   <soapenv:Body>\r
      <tem:GetDealHistoryInRange>\r
         <!--Optional:-->\r
         <tem:ClientID>?</tem:ClientID>\r
         <!--Optional:-->\r
         <tem:Password>?</tem:Password>\r
         <tem:StartDate>?</tem:StartDate>\r
         <tem:EndDate>?</tem:EndDate>\r
         <tem:Results>?</tem:Results>\r
      </tem:GetDealHistoryInRange>\r
   </soapenv:Body>\r
</soapenv:Envelope>]]></con:request><con:wsaConfig mustUnderstand="NONE" version="200508" action="http://tempuri.org/GetDealHistoryInRange"/></con:call></con:operation><con:operation id="bebc4e5e-778e-4ec3-bc79-e75c9cd76aec" isOneWay="false" action="http://tempuri.org/GetDealHistoryInRange_StringResult" name="GetDealHistoryInRange_StringResult" bindingOperationName="GetDealHistoryInRange_StringResult" type="Request-Response" inputName="" receivesAttachments="false" sendsAttachments="false" anonymous="optional"><con:settings/><con:call id="fb55cc9b-5e29-4090-afcf-3f5dbd63655f" name="Request 1"><con:settings/><con:encoding>UTF-8</con:encoding><con:endpoint>https://ectest.e-c.co.il/Service/Service.asmx</con:endpoint><con:request><![CDATA[<soapenv:Envelope xmlns:soapenv="http://schemas.xmlsoap.org/soap/envelope/" xmlns:tem="http://tempuri.org/">\r
   <soapenv:Header/>\r
   <soapenv:Body>\r
      <tem:GetDealHistoryInRange_StringResult>\r
         <!--Optional:-->\r
         <tem:ClientID>?</tem:ClientID>\r
         <!--Optional:-->\r
         <tem:Password>?</tem:Password>\r
         <tem:StartDate>?</tem:StartDate>\r
         <tem:EndDate>?</tem:EndDate>\r
         <tem:Results>?</tem:Results>\r
      </tem:GetDealHistoryInRange_StringResult>\r
   </soapenv:Body>\r
</soapenv:Envelope>]]></con:request><con:wsaConfig mustUnderstand="NONE" version="200508" action="http://tempuri.org/GetDealHistoryInRange_StringResult"/></con:call></con:operation><con:operation id="fffb8c84-7a0c-4232-932e-7ae434b1722a" isOneWay="false" action="http://tempuri.org/GetDealHistoryInRangeAuthToken" name="GetDealHistoryInRangeAuthToken" bindingOperationName="GetDealHistoryInRangeAuthToken" type="Request-Response" inputName="" receivesAttachments="false" sendsAttachments="false" anonymous="optional"><con:settings/><con:call id="125a0657-9e53-4323-aac3-236c4a272415" name="Request 1"><con:settings/><con:encoding>UTF-8</con:encoding><con:endpoint>https://ectest.e-c.co.il/Service/Service.asmx</con:endpoint><con:request><![CDATA[<soapenv:Envelope xmlns:soapenv="http://schemas.xmlsoap.org/soap/envelope/" xmlns:tem="http://tempuri.org/">\r
   <soapenv:Header/>\r
   <soapenv:Body>\r
      <tem:GetDealHistoryInRangeAuthToken>\r
         <!--Optional:-->\r
         <tem:Token>?</tem:Token>\r
         <tem:StartDate>?</tem:StartDate>\r
         <tem:EndDate>?</tem:EndDate>\r
         <tem:Results>?</tem:Results>\r
      </tem:GetDealHistoryInRangeAuthToken>\r
   </soapenv:Body>\r
</soapenv:Envelope>]]></con:request><con:wsaConfig mustUnderstand="NONE" version="200508" action="http://tempuri.org/GetDealHistoryInRangeAuthToken"/></con:call></con:operation><con:operation id="6f25c139-d991-47d0-b21d-420efc6eaa36" isOneWay="false" action="http://tempuri.org/GetDealHistoryInRangeAuthToken_StringResult" name="GetDealHistoryInRangeAuthToken_StringResult" bindingOperationName="GetDealHistoryInRangeAuthToken_StringResult" type="Request-Response" inputName="" receivesAttachments="false" sendsAttachments="false" anonymous="optional"><con:settings/><con:call id="a348a4ad-e574-4f82-bfb3-115a55a6e151" name="Request 1"><con:settings/><con:encoding>UTF-8</con:encoding><con:endpoint>https://ectest.e-c.co.il/Service/Service.asmx</con:endpoint><con:request><![CDATA[<soapenv:Envelope xmlns:soapenv="http://schemas.xmlsoap.org/soap/envelope/" xmlns:tem="http://tempuri.org/">\r
   <soapenv:Header/>\r
   <soapenv:Body>\r
      <tem:GetDealHistoryInRangeAuthToken_StringResult>\r
         <!--Optional:-->\r
         <tem:Token>?</tem:Token>\r
         <tem:StartDate>?</tem:StartDate>\r
         <tem:EndDate>?</tem:EndDate>\r
         <tem:Results>?</tem:Results>\r
      </tem:GetDealHistoryInRangeAuthToken_StringResult>\r
   </soapenv:Body>\r
</soapenv:Envelope>]]></con:request><con:wsaConfig mustUnderstand="NONE" version="200508" action="http://tempuri.org/GetDealHistoryInRangeAuthToken_StringResult"/></con:call></con:operation><con:operation id="dea082af-96a1-40aa-9e81-1264fde7ce10" isOneWay="false" action="http://tempuri.org/GetDealInfo" name="GetDealInfo" bindingOperationName="GetDealInfo" type="Request-Response" inputName="" receivesAttachments="false" sendsAttachments="false" anonymous="optional"><con:settings/><con:call id="e9e8e970-e781-4449-be08-b246f02ed71b" name="Request 1"><con:settings/><con:encoding>UTF-8</con:encoding><con:endpoint>https://ectest.e-c.co.il/Service/Service.asmx</con:endpoint><con:request><![CDATA[<soapenv:Envelope xmlns:soapenv="http://schemas.xmlsoap.org/soap/envelope/" xmlns:tem="http://tempuri.org/">\r
   <soapenv:Header/>\r
   <soapenv:Body>\r
      <tem:GetDealInfo>\r
         <!--Optional:-->\r
         <tem:ClientID>?</tem:ClientID>\r
         <!--Optional:-->\r
         <tem:Password>?</tem:Password>\r
         <!--Optional:-->\r
         <tem:CardNumber>?</tem:CardNumber>\r
         <!--Optional:-->\r
         <tem:DealNumber>?</tem:DealNumber>\r
      </tem:GetDealInfo>\r
   </soapenv:Body>\r
</soapenv:Envelope>]]></con:request><con:wsaConfig mustUnderstand="NONE" version="200508" action="http://tempuri.org/GetDealInfo"/></con:call></con:operation><con:operation id="2db53596-c643-4d30-a1a7-fe3da9c2c530" isOneWay="false" action="http://tempuri.org/GetDealInfo_StringResult" name="GetDealInfo_StringResult" bindingOperationName="GetDealInfo_StringResult" type="Request-Response" inputName="" receivesAttachments="false" sendsAttachments="false" anonymous="optional"><con:settings/><con:call id="0a11a467-a92b-437d-a654-80370bd3d64f" name="Request 1"><con:settings/><con:encoding>UTF-8</con:encoding><con:endpoint>https://ectest.e-c.co.il/Service/Service.asmx</con:endpoint><con:request><![CDATA[<soapenv:Envelope xmlns:soapenv="http://schemas.xmlsoap.org/soap/envelope/" xmlns:tem="http://tempuri.org/">\r
   <soapenv:Header/>\r
   <soapenv:Body>\r
      <tem:GetDealInfo_StringResult>\r
         <!--Optional:-->\r
         <tem:ClientID>?</tem:ClientID>\r
         <!--Optional:-->\r
         <tem:Password>?</tem:Password>\r
         <!--Optional:-->\r
         <tem:CardNumber>?</tem:CardNumber>\r
         <!--Optional:-->\r
         <tem:DealNumber>?</tem:DealNumber>\r
      </tem:GetDealInfo_StringResult>\r
   </soapenv:Body>\r
</soapenv:Envelope>]]></con:request><con:wsaConfig mustUnderstand="NONE" version="200508" action="http://tempuri.org/GetDealInfo_StringResult"/></con:call></con:operation><con:operation id="cac9e33f-cb1d-4770-9a05-cb6205266a56" isOneWay="false" action="http://tempuri.org/GetDealInfoAuthToken" name="GetDealInfoAuthToken" bindingOperationName="GetDealInfoAuthToken" type="Request-Response" inputName="" receivesAttachments="false" sendsAttachments="false" anonymous="optional"><con:settings/><con:call id="817995a3-003e-417a-a200-7831ac9cff55" name="Request 1"><con:settings/><con:encoding>UTF-8</con:encoding><con:endpoint>https://ectest.e-c.co.il/Service/Service.asmx</con:endpoint><con:request><![CDATA[<soapenv:Envelope xmlns:soapenv="http://schemas.xmlsoap.org/soap/envelope/" xmlns:tem="http://tempuri.org/">\r
   <soapenv:Header/>\r
   <soapenv:Body>\r
      <tem:GetDealInfoAuthToken>\r
         <!--Optional:-->\r
         <tem:Token>?</tem:Token>\r
         <!--Optional:-->\r
         <tem:CardNumber>?</tem:CardNumber>\r
         <!--Optional:-->\r
         <tem:DealNumber>?</tem:DealNumber>\r
      </tem:GetDealInfoAuthToken>\r
   </soapenv:Body>\r
</soapenv:Envelope>]]></con:request><con:wsaConfig mustUnderstand="NONE" version="200508" action="http://tempuri.org/GetDealInfoAuthToken"/></con:call></con:operation><con:operation id="2ae4824f-da71-49c2-9ca2-b9eb8ca2ec95" isOneWay="false" action="http://tempuri.org/GetDealInfoAuthToken_StringResult" name="GetDealInfoAuthToken_StringResult" bindingOperationName="GetDealInfoAuthToken_StringResult" type="Request-Response" inputName="" receivesAttachments="false" sendsAttachments="false" anonymous="optional"><con:settings/><con:call id="db8d10b6-de57-4422-b28b-2a4cf0b386a9" name="Request 1"><con:settings/><con:encoding>UTF-8</con:encoding><con:endpoint>https://ectest.e-c.co.il/Service/Service.asmx</con:endpoint><con:request><![CDATA[<soapenv:Envelope xmlns:soapenv="http://schemas.xmlsoap.org/soap/envelope/" xmlns:tem="http://tempuri.org/">\r
   <soapenv:Header/>\r
   <soapenv:Body>\r
      <tem:GetDealInfoAuthToken_StringResult>\r
         <!--Optional:-->\r
         <tem:Token>?</tem:Token>\r
         <!--Optional:-->\r
         <tem:CardNumber>?</tem:CardNumber>\r
         <!--Optional:-->\r
         <tem:DealNumber>?</tem:DealNumber>\r
      </tem:GetDealInfoAuthToken_StringResult>\r
   </soapenv:Body>\r
</soapenv:Envelope>]]></con:request><con:wsaConfig mustUnderstand="NONE" version="200508" action="http://tempuri.org/GetDealInfoAuthToken_StringResult"/></con:call></con:operation><con:operation id="fa4ae330-bf5a-4544-90a4-4241755ebc6f" isOneWay="false" action="http://tempuri.org/GetDealInvoiced" name="GetDealInvoiced" bindingOperationName="GetDealInvoiced" type="Request-Response" inputName="" receivesAttachments="false" sendsAttachments="false" anonymous="optional"><con:settings/><con:call id="b1da8e95-968d-4245-954d-a546910e18c1" name="Request 1"><con:settings/><con:encoding>UTF-8</con:encoding><con:endpoint>https://ectest.e-c.co.il/Service/Service.asmx</con:endpoint><con:request><![CDATA[<soapenv:Envelope xmlns:soapenv="http://schemas.xmlsoap.org/soap/envelope/" xmlns:tem="http://tempuri.org/">\r
   <soapenv:Header/>\r
   <soapenv:Body>\r
      <tem:GetDealInvoiced>\r
         <!--Optional:-->\r
         <tem:DealID>?</tem:DealID>\r
         <!--Optional:-->\r
         <tem:ClientID>?</tem:ClientID>\r
         <!--Optional:-->\r
         <tem:Password>?</tem:Password>\r
      </tem:GetDealInvoiced>\r
   </soapenv:Body>\r
</soapenv:Envelope>]]></con:request><con:wsaConfig mustUnderstand="NONE" version="200508" action="http://tempuri.org/GetDealInvoiced"/></con:call></con:operation><con:operation id="07004609-b9cc-438e-878d-d4e2174c6ea3" isOneWay="false" action="http://tempuri.org/GetErrorMessageByErrorID" name="GetErrorMessageByErrorID" bindingOperationName="GetErrorMessageByErrorID" type="Request-Response" inputName="" receivesAttachments="false" sendsAttachments="false" anonymous="optional"><con:settings/><con:call id="59eb6c18-7127-4754-9e37-5daeec6c7364" name="Request 1"><con:settings/><con:encoding>UTF-8</con:encoding><con:endpoint>https://ectest.e-c.co.il/Service/Service.asmx</con:endpoint><con:request><![CDATA[<soapenv:Envelope xmlns:soapenv="http://schemas.xmlsoap.org/soap/envelope/" xmlns:tem="http://tempuri.org/">\r
   <soapenv:Header/>\r
   <soapenv:Body>\r
      <tem:GetErrorMessageByErrorID>\r
         <tem:ErrorID>?</tem:ErrorID>\r
      </tem:GetErrorMessageByErrorID>\r
   </soapenv:Body>\r
</soapenv:Envelope>]]></con:request><con:wsaConfig mustUnderstand="NONE" version="200508" action="http://tempuri.org/GetErrorMessageByErrorID"/></con:call></con:operation><con:operation id="54f1fa70-168f-4502-8bdf-6ff8282ee378" isOneWay="false" action="http://tempuri.org/GetInvoices" name="GetInvoices" bindingOperationName="GetInvoices" type="Request-Response" inputName="" receivesAttachments="false" sendsAttachments="false" anonymous="optional"><con:settings/><con:call id="baf71cd4-5d71-4b43-b66a-9ee0e269cca3" name="Request 1"><con:settings/><con:encoding>UTF-8</con:encoding><con:endpoint>https://ectest.e-c.co.il/Service/Service.asmx</con:endpoint><con:request><![CDATA[<soapenv:Envelope xmlns:soapenv="http://schemas.xmlsoap.org/soap/envelope/" xmlns:tem="http://tempuri.org/">\r
   <soapenv:Header/>\r
   <soapenv:Body>\r
      <tem:GetInvoices>\r
         <!--Optional:-->\r
         <tem:Token>?</tem:Token>\r
         <!--Optional:-->\r
         <tem:ClientID>?</tem:ClientID>\r
         <!--Optional:-->\r
         <tem:Password>?</tem:Password>\r
         <!--Optional:-->\r
         <tem:BillingDealID>?</tem:BillingDealID>\r
         <!--Optional:-->\r
         <tem:BillingCustomerID>?</tem:BillingCustomerID>\r
         <!--Optional:-->\r
         <tem:InvoiceType>?</tem:InvoiceType>\r
      </tem:GetInvoices>\r
   </soapenv:Body>\r
</soapenv:Envelope>]]></con:request><con:wsaConfig mustUnderstand="NONE" version="200508" action="http://tempuri.org/GetInvoices"/></con:call></con:operation><con:operation id="305fd686-3326-4948-8c69-8a9a009dd021" isOneWay="false" action="http://tempuri.org/GetInvoices_StringResult" name="GetInvoices_StringResult" bindingOperationName="GetInvoices_StringResult" type="Request-Response" inputName="" receivesAttachments="false" sendsAttachments="false" anonymous="optional"><con:settings/><con:call id="81dbdaf8-e835-438c-9864-0de6f77cce71" name="Request 1"><con:settings/><con:encoding>UTF-8</con:encoding><con:endpoint>https://ectest.e-c.co.il/Service/Service.asmx</con:endpoint><con:request><![CDATA[<soapenv:Envelope xmlns:soapenv="http://schemas.xmlsoap.org/soap/envelope/" xmlns:tem="http://tempuri.org/">\r
   <soapenv:Header/>\r
   <soapenv:Body>\r
      <tem:GetInvoices_StringResult>\r
         <!--Optional:-->\r
         <tem:Token>?</tem:Token>\r
         <!--Optional:-->\r
         <tem:ClientID>?</tem:ClientID>\r
         <!--Optional:-->\r
         <tem:Password>?</tem:Password>\r
         <!--Optional:-->\r
         <tem:BillingDealID>?</tem:BillingDealID>\r
         <!--Optional:-->\r
         <tem:BillingCustomerID>?</tem:BillingCustomerID>\r
         <!--Optional:-->\r
         <tem:InvoiceType>?</tem:InvoiceType>\r
      </tem:GetInvoices_StringResult>\r
   </soapenv:Body>\r
</soapenv:Envelope>]]></con:request><con:wsaConfig mustUnderstand="NONE" version="200508" action="http://tempuri.org/GetInvoices_StringResult"/></con:call></con:operation><con:operation id="0abca388-88cd-4f0a-bf4f-af847a83996c" isOneWay="false" action="http://tempuri.org/GetInvoicesInRange" name="GetInvoicesInRange" bindingOperationName="GetInvoicesInRange" type="Request-Response" inputName="" receivesAttachments="false" sendsAttachments="false" anonymous="optional"><con:settings/><con:call id="185f2a7a-6e0b-4d12-9407-80bd70b63eff" name="Request 1"><con:settings/><con:encoding>UTF-8</con:encoding><con:endpoint>https://ectest.e-c.co.il/Service/Service.asmx</con:endpoint><con:request><![CDATA[<soapenv:Envelope xmlns:soapenv="http://schemas.xmlsoap.org/soap/envelope/" xmlns:tem="http://tempuri.org/">\r
   <soapenv:Header/>\r
   <soapenv:Body>\r
      <tem:GetInvoicesInRange>\r
         <!--Optional:-->\r
         <tem:Token>?</tem:Token>\r
         <!--Optional:-->\r
         <tem:ClientID>?</tem:ClientID>\r
         <!--Optional:-->\r
         <tem:Password>?</tem:Password>\r
         <!--Optional:-->\r
         <tem:BillingDealID>?</tem:BillingDealID>\r
         <!--Optional:-->\r
         <tem:BillingCustomerID>?</tem:BillingCustomerID>\r
         <!--Optional:-->\r
         <tem:InvoiceType>?</tem:InvoiceType>\r
         <tem:StartDate>?</tem:StartDate>\r
         <tem:EndDate>?</tem:EndDate>\r
      </tem:GetInvoicesInRange>\r
   </soapenv:Body>\r
</soapenv:Envelope>]]></con:request><con:wsaConfig mustUnderstand="NONE" version="200508" action="http://tempuri.org/GetInvoicesInRange"/></con:call></con:operation><con:operation id="69f0c832-be3c-4756-811b-66d74d981847" isOneWay="false" action="http://tempuri.org/GetInvoicesInRange_StringResult" name="GetInvoicesInRange_StringResult" bindingOperationName="GetInvoicesInRange_StringResult" type="Request-Response" inputName="" receivesAttachments="false" sendsAttachments="false" anonymous="optional"><con:settings/><con:call id="13397c90-3133-4fe0-8b2f-f7765453ea94" name="Request 1"><con:settings/><con:encoding>UTF-8</con:encoding><con:endpoint>https://ectest.e-c.co.il/Service/Service.asmx</con:endpoint><con:request><![CDATA[<soapenv:Envelope xmlns:soapenv="http://schemas.xmlsoap.org/soap/envelope/" xmlns:tem="http://tempuri.org/">\r
   <soapenv:Header/>\r
   <soapenv:Body>\r
      <tem:GetInvoicesInRange_StringResult>\r
         <!--Optional:-->\r
         <tem:Token>?</tem:Token>\r
         <!--Optional:-->\r
         <tem:ClientID>?</tem:ClientID>\r
         <!--Optional:-->\r
         <tem:Password>?</tem:Password>\r
         <tem:StartDate>?</tem:StartDate>\r
         <tem:EndDate>?</tem:EndDate>\r
         <!--Optional:-->\r
         <tem:BillingDealID>?</tem:BillingDealID>\r
         <!--Optional:-->\r
         <tem:BillingCustomerID>?</tem:BillingCustomerID>\r
         <!--Optional:-->\r
         <tem:InvoiceType>?</tem:InvoiceType>\r
      </tem:GetInvoicesInRange_StringResult>\r
   </soapenv:Body>\r
</soapenv:Envelope>]]></con:request><con:wsaConfig mustUnderstand="NONE" version="200508" action="http://tempuri.org/GetInvoicesInRange_StringResult"/></con:call></con:operation><con:operation id="22a164fe-76fa-4170-a1de-ad9f7bb18b42" isOneWay="false" action="http://tempuri.org/GetMagStripInfo" name="GetMagStripInfo" bindingOperationName="GetMagStripInfo" type="Request-Response" inputName="" receivesAttachments="false" sendsAttachments="false" anonymous="optional"><con:settings/><con:call id="b1ee123f-bab4-4f6a-9d6c-7dcb17a7bb2f" name="Request 1"><con:settings/><con:encoding>UTF-8</con:encoding><con:endpoint>https://ectest.e-c.co.il/Service/Service.asmx</con:endpoint><con:request><![CDATA[<soapenv:Envelope xmlns:soapenv="http://schemas.xmlsoap.org/soap/envelope/" xmlns:tem="http://tempuri.org/">\r
   <soapenv:Header/>\r
   <soapenv:Body>\r
      <tem:GetMagStripInfo>\r
         <!--Optional:-->\r
         <tem:ClientID>?</tem:ClientID>\r
         <!--Optional:-->\r
         <tem:Password>?</tem:Password>\r
         <!--Optional:-->\r
         <tem:MagStrip>?</tem:MagStrip>\r
      </tem:GetMagStripInfo>\r
   </soapenv:Body>\r
</soapenv:Envelope>]]></con:request><con:wsaConfig mustUnderstand="NONE" version="200508" action="http://tempuri.org/GetMagStripInfo"/></con:call></con:operation><con:operation id="3e833f0a-e600-4f10-9a83-5689b383c123" isOneWay="false" action="http://tempuri.org/GetNewToken" name="GetNewToken" bindingOperationName="GetNewToken" type="Request-Response" inputName="" receivesAttachments="false" sendsAttachments="false" anonymous="optional"><con:settings/><con:call id="4fe9f7ba-7cd2-4aa0-8856-35b98368ac2f" name="Request 1"><con:settings/><con:encoding>UTF-8</con:encoding><con:endpoint>https://ectest.e-c.co.il/Service/Service.asmx</con:endpoint><con:request><![CDATA[<soapenv:Envelope xmlns:soapenv="http://schemas.xmlsoap.org/soap/envelope/" xmlns:tem="http://tempuri.org/">\r
   <soapenv:Header/>\r
   <soapenv:Body>\r
      <tem:GetNewToken>\r
         <!--Optional:-->\r
         <tem:ClientID>?</tem:ClientID>\r
         <!--Optional:-->\r
         <tem:Password>?</tem:Password>\r
         <!--Optional:-->\r
         <tem:EcPwd>?</tem:EcPwd>\r
         <!--Optional:-->\r
         <tem:CardNumber>?</tem:CardNumber>\r
         <!--Optional:-->\r
         <tem:ValMonth>?</tem:ValMonth>\r
         <!--Optional:-->\r
         <tem:ValYear>?</tem:ValYear>\r
         <!--Optional:-->\r
         <tem:TZ>?</tem:TZ>\r
         <!--Optional:-->\r
         <tem:CVV2>?</tem:CVV2>\r
         <!--Optional:-->\r
         <tem:OwnerName>?</tem:OwnerName>\r
         <!--Optional:-->\r
         <tem:Note>?</tem:Note>\r
      </tem:GetNewToken>\r
   </soapenv:Body>\r
</soapenv:Envelope>]]></con:request><con:wsaConfig mustUnderstand="NONE" version="200508" action="http://tempuri.org/GetNewToken"/></con:call></con:operation><con:operation id="92ca49cf-c996-4a9d-8325-0abe6f9bc791" isOneWay="false" action="http://tempuri.org/GetNewTokenWithMagneticStrip" name="GetNewTokenWithMagneticStrip" bindingOperationName="GetNewTokenWithMagneticStrip" type="Request-Response" inputName="" receivesAttachments="false" sendsAttachments="false" anonymous="optional"><con:settings/><con:call id="b7ab03d3-a509-4286-9638-a2d65d8845c6" name="Request 1"><con:settings/><con:encoding>UTF-8</con:encoding><con:endpoint>https://ectest.e-c.co.il/Service/Service.asmx</con:endpoint><con:request><![CDATA[<soapenv:Envelope xmlns:soapenv="http://schemas.xmlsoap.org/soap/envelope/" xmlns:tem="http://tempuri.org/">\r
   <soapenv:Header/>\r
   <soapenv:Body>\r
      <tem:GetNewTokenWithMagneticStrip>\r
         <!--Optional:-->\r
         <tem:ClientID>?</tem:ClientID>\r
         <!--Optional:-->\r
         <tem:Password>?</tem:Password>\r
         <!--Optional:-->\r
         <tem:EcPwd>?</tem:EcPwd>\r
         <!--Optional:-->\r
         <tem:MagneticStrip>?</tem:MagneticStrip>\r
         <!--Optional:-->\r
         <tem:TZ>?</tem:TZ>\r
         <!--Optional:-->\r
         <tem:CVV2>?</tem:CVV2>\r
         <!--Optional:-->\r
         <tem:OwnerName>?</tem:OwnerName>\r
         <!--Optional:-->\r
         <tem:Note>?</tem:Note>\r
      </tem:GetNewTokenWithMagneticStrip>\r
   </soapenv:Body>\r
</soapenv:Envelope>]]></con:request><con:wsaConfig mustUnderstand="NONE" version="200508" action="http://tempuri.org/GetNewTokenWithMagneticStrip"/></con:call></con:operation><con:operation id="3fd44b65-9cf1-4321-80b6-7b778eece891" isOneWay="false" action="http://tempuri.org/GetTerminalType" name="GetTerminalType" bindingOperationName="GetTerminalType" type="Request-Response" inputName="" receivesAttachments="false" sendsAttachments="false" anonymous="optional"><con:settings/><con:call id="e5499feb-a3af-4d85-9173-b80b67473f4a" name="Request 1"><con:settings/><con:encoding>UTF-8</con:encoding><con:endpoint>https://ectest.e-c.co.il/Service/Service.asmx</con:endpoint><con:request><![CDATA[<soapenv:Envelope xmlns:soapenv="http://schemas.xmlsoap.org/soap/envelope/" xmlns:tem="http://tempuri.org/">\r
   <soapenv:Header/>\r
   <soapenv:Body>\r
      <tem:GetTerminalType>\r
         <!--Optional:-->\r
         <tem:clientID>?</tem:clientID>\r
         <!--Optional:-->\r
         <tem:pass>?</tem:pass>\r
      </tem:GetTerminalType>\r
   </soapenv:Body>\r
</soapenv:Envelope>]]></con:request><con:wsaConfig mustUnderstand="NONE" version="200508" action="http://tempuri.org/GetTerminalType"/></con:call></con:operation><con:operation id="f7dfd8d6-edf9-469f-8ce4-67ba6b9c68a4" isOneWay="false" action="http://tempuri.org/GetTokenByExternalID_StringResult" name="GetTokenByExternalID_StringResult" bindingOperationName="GetTokenByExternalID_StringResult" type="Request-Response" inputName="" receivesAttachments="false" sendsAttachments="false" anonymous="optional"><con:settings/><con:call id="9dd190eb-cd9b-4353-8fd9-6703fd8ee2e5" name="Request 1"><con:settings/><con:encoding>UTF-8</con:encoding><con:endpoint>https://ectest.e-c.co.il/Service/Service.asmx</con:endpoint><con:request><![CDATA[<soapenv:Envelope xmlns:soapenv="http://schemas.xmlsoap.org/soap/envelope/" xmlns:tem="http://tempuri.org/">\r
   <soapenv:Header/>\r
   <soapenv:Body>\r
      <tem:GetTokenByExternalID_StringResult>\r
         <!--Optional:-->\r
         <tem:ClientID>?</tem:ClientID>\r
         <!--Optional:-->\r
         <tem:Password>?</tem:Password>\r
         <!--Optional:-->\r
         <tem:ExternalID>?</tem:ExternalID>\r
      </tem:GetTokenByExternalID_StringResult>\r
   </soapenv:Body>\r
</soapenv:Envelope>]]></con:request><con:credentials><con:authType>No Authorization</con:authType></con:credentials><con:jmsConfig JMSDeliveryMode="PERSISTENT"/><con:jmsPropertyConfig/><con:wsaConfig mustUnderstand="NONE" version="200508" action="http://tempuri.org/GetTokenByExternalID_StringResult"/><con:wsrmConfig version="1.2"/></con:call></con:operation><con:operation id="81fee2c3-7a13-4c1c-a622-9fbe5b497da2" isOneWay="false" action="http://tempuri.org/GetTokenFullData" name="GetTokenFullData" bindingOperationName="GetTokenFullData" type="Request-Response" inputName="" receivesAttachments="false" sendsAttachments="false" anonymous="optional"><con:settings/><con:call id="b6b4d02a-03f2-4d5f-8c22-e8fb0161865d" name="Request 1"><con:settings/><con:encoding>UTF-8</con:encoding><con:endpoint>https://ectest.e-c.co.il/Service/Service.asmx</con:endpoint><con:request><![CDATA[<soapenv:Envelope xmlns:soapenv="http://schemas.xmlsoap.org/soap/envelope/" xmlns:tem="http://tempuri.org/">\r
   <soapenv:Header/>\r
   <soapenv:Body>\r
      <tem:GetTokenFullData>\r
         <!--Optional:-->\r
         <tem:ClientID>?</tem:ClientID>\r
         <!--Optional:-->\r
         <tem:Password>?</tem:Password>\r
         <!--Optional:-->\r
         <tem:EcPwd>?</tem:EcPwd>\r
         <!--Optional:-->\r
         <tem:Token>?</tem:Token>\r
      </tem:GetTokenFullData>\r
   </soapenv:Body>\r
</soapenv:Envelope>]]></con:request><con:wsaConfig mustUnderstand="NONE" version="200508" action="http://tempuri.org/GetTokenFullData"/></con:call></con:operation><con:operation id="00069bb4-88b9-42da-8994-981a7f5ce525" isOneWay="false" action="http://tempuri.org/GetTokenFullData_StringResult" name="GetTokenFullData_StringResult" bindingOperationName="GetTokenFullData_StringResult" type="Request-Response" inputName="" receivesAttachments="false" sendsAttachments="false" anonymous="optional"><con:settings/><con:call id="a9ee1658-cbcd-4c51-9edf-9695b117e300" name="Request 1"><con:settings/><con:encoding>UTF-8</con:encoding><con:endpoint>https://ectest.e-c.co.il/Service/Service.asmx</con:endpoint><con:request><![CDATA[<soapenv:Envelope xmlns:soapenv="http://schemas.xmlsoap.org/soap/envelope/" xmlns:tem="http://tempuri.org/">\r
   <soapenv:Header/>\r
   <soapenv:Body>\r
      <tem:GetTokenFullData_StringResult>\r
         <!--Optional:-->\r
         <tem:ClientID>?</tem:ClientID>\r
         <!--Optional:-->\r
         <tem:Password>?</tem:Password>\r
         <!--Optional:-->\r
         <tem:EcPwd>?</tem:EcPwd>\r
         <!--Optional:-->\r
         <tem:Token>?</tem:Token>\r
      </tem:GetTokenFullData_StringResult>\r
   </soapenv:Body>\r
</soapenv:Envelope>]]></con:request><con:wsaConfig mustUnderstand="NONE" version="200508" action="http://tempuri.org/GetTokenFullData_StringResult"/></con:call></con:operation><con:operation id="6d858202-ebf5-414b-83fc-6c54caae5e75" isOneWay="false" action="http://tempuri.org/GetTokenInfo" name="GetTokenInfo" bindingOperationName="GetTokenInfo" type="Request-Response" inputName="" receivesAttachments="false" sendsAttachments="false" anonymous="optional"><con:settings/><con:call id="d9be474a-b7c1-43d9-bf96-50b6d085e7f8" name="Request 1"><con:settings/><con:encoding>UTF-8</con:encoding><con:endpoint>https://ectest.e-c.co.il/Service/Service.asmx</con:endpoint><con:request><![CDATA[<soapenv:Envelope xmlns:soapenv="http://schemas.xmlsoap.org/soap/envelope/" xmlns:tem="http://tempuri.org/">\r
   <soapenv:Header/>\r
   <soapenv:Body>\r
      <tem:GetTokenInfo>\r
         <!--Optional:-->\r
         <tem:ClientID>?</tem:ClientID>\r
         <!--Optional:-->\r
         <tem:Password>?</tem:Password>\r
         <!--Optional:-->\r
         <tem:EcPwd>?</tem:EcPwd>\r
         <!--Optional:-->\r
         <tem:Token>?</tem:Token>\r
      </tem:GetTokenInfo>\r
   </soapenv:Body>\r
</soapenv:Envelope>]]></con:request><con:wsaConfig mustUnderstand="NONE" version="200508" action="http://tempuri.org/GetTokenInfo"/></con:call></con:operation><con:operation id="c36df71a-6a9a-4550-89ee-f1705615db76" isOneWay="false" action="http://tempuri.org/GetTokenInfo_StringResult" name="GetTokenInfo_StringResult" bindingOperationName="GetTokenInfo_StringResult" type="Request-Response" inputName="" receivesAttachments="false" sendsAttachments="false" anonymous="optional"><con:settings/><con:call id="59faa935-78c8-4fc7-8298-24ccf5465666" name="Request 1"><con:settings/><con:encoding>UTF-8</con:encoding><con:endpoint>https://ectest.e-c.co.il/Service/Service.asmx</con:endpoint><con:request><![CDATA[<soapenv:Envelope xmlns:soapenv="http://schemas.xmlsoap.org/soap/envelope/" xmlns:tem="http://tempuri.org/">\r
   <soapenv:Header/>\r
   <soapenv:Body>\r
      <tem:GetTokenInfo_StringResult>\r
         <!--Optional:-->\r
         <tem:ClientID>?</tem:ClientID>\r
         <!--Optional:-->\r
         <tem:Password>?</tem:Password>\r
         <!--Optional:-->\r
         <tem:EcPwd>?</tem:EcPwd>\r
         <!--Optional:-->\r
         <tem:Token>?</tem:Token>\r
      </tem:GetTokenInfo_StringResult>\r
   </soapenv:Body>\r
</soapenv:Envelope>]]></con:request><con:wsaConfig mustUnderstand="NONE" version="200508" action="http://tempuri.org/GetTokenInfo_StringResult"/></con:call></con:operation><con:operation id="04e012be-78c7-4c16-8aa8-91b5eccb25d6" isOneWay="false" action="http://tempuri.org/GetTransNumber" name="GetTransNumber" bindingOperationName="GetTransNumber" type="Request-Response" inputName="" receivesAttachments="false" sendsAttachments="false" anonymous="optional"><con:settings/><con:call id="6903a15a-f461-4176-8f98-18df7feeb0c6" name="Request 1"><con:settings/><con:encoding>UTF-8</con:encoding><con:endpoint>https://ectest.e-c.co.il/Service/Service.asmx</con:endpoint><con:request><![CDATA[<soapenv:Envelope xmlns:soapenv="http://schemas.xmlsoap.org/soap/envelope/" xmlns:tem="http://tempuri.org/">\r
   <soapenv:Header/>\r
   <soapenv:Body>\r
      <tem:GetTransNumber>\r
         <!--Optional:-->\r
         <tem:ClientID>?</tem:ClientID>\r
         <!--Optional:-->\r
         <tem:Password>?</tem:Password>\r
         <!--Optional:-->\r
         <tem:CardNumber>?</tem:CardNumber>\r
         <!--Optional:-->\r
         <tem:DealNumber>?</tem:DealNumber>\r
      </tem:GetTransNumber>\r
   </soapenv:Body>\r
</soapenv:Envelope>]]></con:request><con:wsaConfig mustUnderstand="NONE" version="200508" action="http://tempuri.org/GetTransNumber"/></con:call></con:operation><con:operation id="d5c385a6-cca6-4ac1-9b44-127fa8ea5421" isOneWay="false" action="http://tempuri.org/IsECInvoiceClient" name="IsECInvoiceClient" bindingOperationName="IsECInvoiceClient" type="Request-Response" inputName="" receivesAttachments="false" sendsAttachments="false" anonymous="optional"><con:settings/><con:call id="585bacbf-5229-41f9-8324-defca9e321ed" name="Request 1"><con:settings/><con:encoding>UTF-8</con:encoding><con:endpoint>https://ectest.e-c.co.il/Service/Service.asmx</con:endpoint><con:request><![CDATA[<soapenv:Envelope xmlns:soapenv="http://schemas.xmlsoap.org/soap/envelope/" xmlns:tem="http://tempuri.org/">\r
   <soapenv:Header/>\r
   <soapenv:Body>\r
      <tem:IsECInvoiceClient>\r
         <!--Optional:-->\r
         <tem:clientID>?</tem:clientID>\r
         <!--Optional:-->\r
         <tem:pass>?</tem:pass>\r
      </tem:IsECInvoiceClient>\r
   </soapenv:Body>\r
</soapenv:Envelope>]]></con:request><con:wsaConfig mustUnderstand="NONE" version="200508" action="http://tempuri.org/IsECInvoiceClient"/></con:call></con:operation><con:operation id="ee5766ff-8b8f-41f5-a33d-246fabc9ec49" isOneWay="false" action="http://tempuri.org/IsValidToken" name="IsValidToken" bindingOperationName="IsValidToken" type="Request-Response" inputName="" receivesAttachments="false" sendsAttachments="false" anonymous="optional"><con:settings/><con:call id="31ca627c-d632-43c3-bf0c-69e9c7f396ec" name="Request 1"><con:settings/><con:encoding>UTF-8</con:encoding><con:endpoint>https://ectest.e-c.co.il/Service/Service.asmx</con:endpoint><con:request><![CDATA[<soapenv:Envelope xmlns:soapenv="http://schemas.xmlsoap.org/soap/envelope/" xmlns:tem="http://tempuri.org/">\r
   <soapenv:Header/>\r
   <soapenv:Body>\r
      <tem:IsValidToken>\r
         <!--Optional:-->\r
         <tem:ClientID>?</tem:ClientID>\r
         <!--Optional:-->\r
         <tem:Password>?</tem:Password>\r
         <!--Optional:-->\r
         <tem:EcPwd>?</tem:EcPwd>\r
         <!--Optional:-->\r
         <tem:Token>?</tem:Token>\r
      </tem:IsValidToken>\r
   </soapenv:Body>\r
</soapenv:Envelope>]]></con:request><con:wsaConfig mustUnderstand="NONE" version="200508" action="http://tempuri.org/IsValidToken"/></con:call></con:operation><con:operation id="f804eb3c-0ff4-442f-9480-a40dc6442887" isOneWay="false" action="http://tempuri.org/Login" name="Login" bindingOperationName="Login" type="Request-Response" inputName="" receivesAttachments="false" sendsAttachments="false" anonymous="optional"><con:settings/><con:call id="9829d066-7bd1-4058-8acb-a89d76977345" name="Request 1"><con:settings/><con:encoding>UTF-8</con:encoding><con:endpoint>https://ectest.e-c.co.il/Service/Service.asmx</con:endpoint><con:request><![CDATA[<soapenv:Envelope xmlns:soapenv="http://schemas.xmlsoap.org/soap/envelope/" xmlns:tem="http://tempuri.org/">\r
   <soapenv:Header/>\r
   <soapenv:Body>\r
      <tem:Login>\r
         <!--Optional:-->\r
         <tem:ClientID>?</tem:ClientID>\r
         <!--Optional:-->\r
         <tem:Password>?</tem:Password>\r
      </tem:Login>\r
   </soapenv:Body>\r
</soapenv:Envelope>]]></con:request><con:wsaConfig mustUnderstand="NONE" version="200508" action="http://tempuri.org/Login"/></con:call></con:operation><con:operation id="ea6dfe31-a8e4-4840-9ec4-3b9d47a2b10d" isOneWay="false" action="http://tempuri.org/LoginExtended" name="LoginExtended" bindingOperationName="LoginExtended" type="Request-Response" inputName="" receivesAttachments="false" sendsAttachments="false" anonymous="optional"><con:settings/><con:call id="f7c7d7d8-b3a0-48e9-a089-f2b2ff86ddaf" name="Request 1"><con:settings/><con:encoding>UTF-8</con:encoding><con:endpoint>https://ectest.e-c.co.il/Service/Service.asmx</con:endpoint><con:request><![CDATA[<soapenv:Envelope xmlns:soapenv="http://schemas.xmlsoap.org/soap/envelope/" xmlns:tem="http://tempuri.org/">\r
   <soapenv:Header/>\r
   <soapenv:Body>\r
      <tem:LoginExtended>\r
         <!--Optional:-->\r
         <tem:ClientID>?</tem:ClientID>\r
         <!--Optional:-->\r
         <tem:Password>?</tem:Password>\r
         <tem:SourceID>?</tem:SourceID>\r
      </tem:LoginExtended>\r
   </soapenv:Body>\r
</soapenv:Envelope>]]></con:request><con:wsaConfig mustUnderstand="NONE" version="200508" action="http://tempuri.org/LoginExtended"/></con:call></con:operation><con:operation id="23b94bb4-9c13-4c92-a9f7-1e798d5ffdfc" isOneWay="false" action="http://tempuri.org/LoginExtended_StringResult" name="LoginExtended_StringResult" bindingOperationName="LoginExtended_StringResult" type="Request-Response" inputName="" receivesAttachments="false" sendsAttachments="false" anonymous="optional"><con:settings/><con:call id="1c44a412-5926-437c-8ebb-342bb6a090d2" name="Request 1"><con:settings/><con:encoding>UTF-8</con:encoding><con:endpoint>https://ectest.e-c.co.il/Service/Service.asmx</con:endpoint><con:request><![CDATA[<soapenv:Envelope xmlns:soapenv="http://schemas.xmlsoap.org/soap/envelope/" xmlns:tem="http://tempuri.org/">\r
   <soapenv:Header/>\r
   <soapenv:Body>\r
      <tem:LoginExtended_StringResult>\r
         <!--Optional:-->\r
         <tem:ClientID>?</tem:ClientID>\r
         <!--Optional:-->\r
         <tem:Password>?</tem:Password>\r
         <tem:SourceID>?</tem:SourceID>\r
      </tem:LoginExtended_StringResult>\r
   </soapenv:Body>\r
</soapenv:Envelope>]]></con:request><con:wsaConfig mustUnderstand="NONE" version="200508" action="http://tempuri.org/LoginExtended_StringResult"/></con:call></con:operation><con:operation id="5b51cee4-6b15-44c5-af90-84e1e0e15033" isOneWay="false" action="http://tempuri.org/LoginMobile" name="LoginMobile" bindingOperationName="LoginMobile" type="Request-Response" inputName="" receivesAttachments="false" sendsAttachments="false" anonymous="optional"><con:settings/><con:call id="b1fc955a-6986-45a5-8aee-b7cf6f24fe72" name="Request 1"><con:settings/><con:encoding>UTF-8</con:encoding><con:endpoint>https://ectest.e-c.co.il/Service/Service.asmx</con:endpoint><con:request><![CDATA[<soapenv:Envelope xmlns:soapenv="http://schemas.xmlsoap.org/soap/envelope/" xmlns:tem="http://tempuri.org/">\r
   <soapenv:Header/>\r
   <soapenv:Body>\r
      <tem:LoginMobile>\r
         <!--Optional:-->\r
         <tem:ClientID>?</tem:ClientID>\r
         <!--Optional:-->\r
         <tem:Password>?</tem:Password>\r
         <!--Optional:-->\r
         <tem:DeviceCode>?</tem:DeviceCode>\r
      </tem:LoginMobile>\r
   </soapenv:Body>\r
</soapenv:Envelope>]]></con:request><con:wsaConfig mustUnderstand="NONE" version="200508" action="http://tempuri.org/LoginMobile"/></con:call></con:operation><con:operation id="24e42998-f960-4c31-a294-c8dc1980fcf0" isOneWay="false" action="http://tempuri.org/ProduceECInvoiceDocument" name="ProduceECInvoiceDocument" bindingOperationName="ProduceECInvoiceDocument" type="Request-Response" inputName="" receivesAttachments="false" sendsAttachments="false" anonymous="optional"><con:settings/><con:call id="0bb8905b-4032-46b9-9959-97ac6a9f67b8" name="Request 1"><con:settings/><con:encoding>UTF-8</con:encoding><con:endpoint>https://ectest.e-c.co.il/Service/Service.asmx</con:endpoint><con:request><![CDATA[<soapenv:Envelope xmlns:soapenv="http://schemas.xmlsoap.org/soap/envelope/" xmlns:tem="http://tempuri.org/">\r
   <soapenv:Header/>\r
   <soapenv:Body>\r
      <tem:ProduceECInvoiceDocument>\r
         <!--Optional:-->\r
         <tem:ClientID>?</tem:ClientID>\r
         <!--Optional:-->\r
         <tem:Password>?</tem:Password>\r
         <!--Optional:-->\r
         <tem:DocType>?</tem:DocType>\r
         <!--Optional:-->\r
         <tem:Name>?</tem:Name>\r
         <!--Optional:-->\r
         <tem:Address>?</tem:Address>\r
         <!--Optional:-->\r
         <tem:Phone>?</tem:Phone>\r
         <!--Optional:-->\r
         <tem:Identity>?</tem:Identity>\r
         <!--Optional:-->\r
         <tem:EMail>?</tem:EMail>\r
         <!--Optional:-->\r
         <tem:TotalSum>?</tem:TotalSum>\r
         <!--Optional:-->\r
         <tem:Payment_Method>?</tem:Payment_Method>\r
         <!--Optional:-->\r
         <tem:Payment_CreditCardType>?</tem:Payment_CreditCardType>\r
         <!--Optional:-->\r
         <tem:Payment_Last4Digits>?</tem:Payment_Last4Digits>\r
         <!--Optional:-->\r
         <tem:Payment_NumOfPayments>?</tem:Payment_NumOfPayments>\r
         <!--Optional:-->\r
         <tem:Payment_FirstPayment>?</tem:Payment_FirstPayment>\r
         <!--Optional:-->\r
         <tem:Payment_AddPayments>?</tem:Payment_AddPayments>\r
         <!--Optional:-->\r
         <tem:Payment_ChequeBank>?</tem:Payment_ChequeBank>\r
         <!--Optional:-->\r
         <tem:Payment_ChequeBranch>?</tem:Payment_ChequeBranch>\r
         <!--Optional:-->\r
         <tem:Payment_ChequeAccount>?</tem:Payment_ChequeAccount>\r
         <!--Optional:-->\r
         <tem:ProductsJson>?</tem:ProductsJson>\r
         <!--Optional:-->\r
         <tem:MType>?</tem:MType>\r
      </tem:ProduceECInvoiceDocument>\r
   </soapenv:Body>\r
</soapenv:Envelope>]]></con:request><con:wsaConfig mustUnderstand="NONE" version="200508" action="http://tempuri.org/ProduceECInvoiceDocument"/></con:call></con:operation><con:operation id="7de1f4a4-366c-4d41-833b-685cd3913eae" isOneWay="false" action="http://tempuri.org/ProduceECInvoiceDocumentPerDeal" name="ProduceECInvoiceDocumentPerDeal" bindingOperationName="ProduceECInvoiceDocumentPerDeal" type="Request-Response" inputName="" receivesAttachments="false" sendsAttachments="false" anonymous="optional"><con:settings/><con:call id="91c3b23e-6ee9-4ecc-a9cc-2f42fe50c86c" name="Request 1"><con:settings/><con:encoding>UTF-8</con:encoding><con:endpoint>https://ectest.e-c.co.il/Service/Service.asmx</con:endpoint><con:request><![CDATA[<soapenv:Envelope xmlns:soapenv="http://schemas.xmlsoap.org/soap/envelope/" xmlns:tem="http://tempuri.org/">\r
   <soapenv:Header/>\r
   <soapenv:Body>\r
      <tem:ProduceECInvoiceDocumentPerDeal>\r
         <!--Optional:-->\r
         <tem:ClientID>?</tem:ClientID>\r
         <!--Optional:-->\r
         <tem:Password>?</tem:Password>\r
         <!--Optional:-->\r
         <tem:DocType>?</tem:DocType>\r
         <!--Optional:-->\r
         <tem:Name>?</tem:Name>\r
         <!--Optional:-->\r
         <tem:Address>?</tem:Address>\r
         <!--Optional:-->\r
         <tem:Phone>?</tem:Phone>\r
         <!--Optional:-->\r
         <tem:Identity>?</tem:Identity>\r
         <!--Optional:-->\r
         <tem:EMail>?</tem:EMail>\r
         <!--Optional:-->\r
         <tem:TotalSum>?</tem:TotalSum>\r
         <!--Optional:-->\r
         <tem:Payment_Method>?</tem:Payment_Method>\r
         <!--Optional:-->\r
         <tem:Payment_CreditCardType>?</tem:Payment_CreditCardType>\r
         <!--Optional:-->\r
         <tem:Payment_Last4Digits>?</tem:Payment_Last4Digits>\r
         <!--Optional:-->\r
         <tem:Payment_NumOfPayments>?</tem:Payment_NumOfPayments>\r
         <!--Optional:-->\r
         <tem:Payment_FirstPayment>?</tem:Payment_FirstPayment>\r
         <!--Optional:-->\r
         <tem:Payment_AddPayments>?</tem:Payment_AddPayments>\r
         <!--Optional:-->\r
         <tem:Payment_ChequeBank>?</tem:Payment_ChequeBank>\r
         <!--Optional:-->\r
         <tem:Payment_ChequeBranch>?</tem:Payment_ChequeBranch>\r
         <!--Optional:-->\r
         <tem:Payment_ChequeAccount>?</tem:Payment_ChequeAccount>\r
         <!--Optional:-->\r
         <tem:ProductsJson>?</tem:ProductsJson>\r
         <!--Optional:-->\r
         <tem:MType>?</tem:MType>\r
         <!--Optional:-->\r
         <tem:DealID>?</tem:DealID>\r
      </tem:ProduceECInvoiceDocumentPerDeal>\r
   </soapenv:Body>\r
</soapenv:Envelope>]]></con:request><con:wsaConfig mustUnderstand="NONE" version="200508" action="http://tempuri.org/ProduceECInvoiceDocumentPerDeal"/></con:call></con:operation><con:operation id="456c5c4b-6671-4418-9f0b-e820ff4b644c" isOneWay="false" action="http://tempuri.org/RunAddRecordsToSuccessDeals" name="RunAddRecordsToSuccessDeals" bindingOperationName="RunAddRecordsToSuccessDeals" type="Request-Response" inputName="" receivesAttachments="false" sendsAttachments="false" anonymous="optional"><con:settings/><con:call id="bf443ebc-5677-44aa-9c84-09e5d1d13b4d" name="Request 1"><con:settings/><con:encoding>UTF-8</con:encoding><con:endpoint>https://ectest.e-c.co.il/Service/Service.asmx</con:endpoint><con:request><![CDATA[<soapenv:Envelope xmlns:soapenv="http://schemas.xmlsoap.org/soap/envelope/" xmlns:tem="http://tempuri.org/">\r
   <soapenv:Header/>\r
   <soapenv:Body>\r
      <tem:RunAddRecordsToSuccessDeals>\r
         <!--Optional:-->\r
         <tem:username>?</tem:username>\r
         <!--Optional:-->\r
         <tem:Password>?</tem:Password>\r
         <!--Optional:-->\r
         <tem:clientid>?</tem:clientid>\r
      </tem:RunAddRecordsToSuccessDeals>\r
   </soapenv:Body>\r
</soapenv:Envelope>]]></con:request><con:wsaConfig mustUnderstand="NONE" version="200508" action="http://tempuri.org/RunAddRecordsToSuccessDeals"/></con:call></con:operation><con:operation id="5c2a71f2-b9b1-4d3b-93c1-a98dbbafa45d" isOneWay="false" action="http://tempuri.org/TransmitDeals" name="TransmitDeals" bindingOperationName="TransmitDeals" type="Request-Response" inputName="" receivesAttachments="false" sendsAttachments="false" anonymous="optional"><con:settings/><con:call id="c7581c6e-a08d-4dff-86c5-c46386b6250d" name="Request 1"><con:settings/><con:encoding>UTF-8</con:encoding><con:endpoint>https://ectest.e-c.co.il/Service/Service.asmx</con:endpoint><con:request><![CDATA[<soapenv:Envelope xmlns:soapenv="http://schemas.xmlsoap.org/soap/envelope/" xmlns:tem="http://tempuri.org/">\r
   <soapenv:Header/>\r
   <soapenv:Body>\r
      <tem:TransmitDeals>\r
         <!--Optional:-->\r
         <tem:ClientID>?</tem:ClientID>\r
         <!--Optional:-->\r
         <tem:Password>?</tem:Password>\r
      </tem:TransmitDeals>\r
   </soapenv:Body>\r
</soapenv:Envelope>]]></con:request><con:wsaConfig mustUnderstand="NONE" version="200508" action="http://tempuri.org/TransmitDeals"/></con:call></con:operation><con:operation id="2bdf5c11-d9c3-4594-adab-3c2ad6c4f730" isOneWay="false" action="http://tempuri.org/UpdateToken" name="UpdateToken" bindingOperationName="UpdateToken" type="Request-Response" inputName="" receivesAttachments="false" sendsAttachments="false" anonymous="optional"><con:settings/><con:call id="83cdefec-9f64-4f2a-a817-e4393480287d" name="Request 1"><con:settings/><con:encoding>UTF-8</con:encoding><con:endpoint>https://ectest.e-c.co.il/Service/Service.asmx</con:endpoint><con:request><![CDATA[<soapenv:Envelope xmlns:soapenv="http://schemas.xmlsoap.org/soap/envelope/" xmlns:tem="http://tempuri.org/">\r
   <soapenv:Header/>\r
   <soapenv:Body>\r
      <tem:UpdateToken>\r
         <!--Optional:-->\r
         <tem:ClientID>?</tem:ClientID>\r
         <!--Optional:-->\r
         <tem:Password>?</tem:Password>\r
         <!--Optional:-->\r
         <tem:EcPwd>?</tem:EcPwd>\r
         <!--Optional:-->\r
         <tem:CardNumber>?</tem:CardNumber>\r
         <!--Optional:-->\r
         <tem:ValMonth>?</tem:ValMonth>\r
         <!--Optional:-->\r
         <tem:ValYear>?</tem:ValYear>\r
         <!--Optional:-->\r
         <tem:TZ>?</tem:TZ>\r
         <!--Optional:-->\r
         <tem:CVV2>?</tem:CVV2>\r
         <!--Optional:-->\r
         <tem:OwnerName>?</tem:OwnerName>\r
         <!--Optional:-->\r
         <tem:Note>?</tem:Note>\r
         <!--Optional:-->\r
         <tem:Token>?</tem:Token>\r
      </tem:UpdateToken>\r
   </soapenv:Body>\r
</soapenv:Envelope>]]></con:request><con:wsaConfig mustUnderstand="NONE" version="200508" action="http://tempuri.org/UpdateToken"/></con:call></con:operation><con:operation id="b94ba707-340c-4902-9a27-53164222887d" isOneWay="false" action="http://tempuri.org/ValidateDeal" name="ValidateDeal" bindingOperationName="ValidateDeal" type="Request-Response" inputName="" receivesAttachments="false" sendsAttachments="false" anonymous="optional"><con:settings/><con:call id="c1cb0c7b-f1db-481c-8f75-ab7624303371" name="Request 1"><con:settings/><con:encoding>UTF-8</con:encoding><con:endpoint>https://ectest.e-c.co.il/Service/Service.asmx</con:endpoint><con:request><![CDATA[<soapenv:Envelope xmlns:soapenv="http://schemas.xmlsoap.org/soap/envelope/" xmlns:tem="http://tempuri.org/">\r
   <soapenv:Header/>\r
   <soapenv:Body>\r
      <tem:ValidateDeal>\r
         <!--Optional:-->\r
         <tem:cashierID>?</tem:cashierID>\r
         <!--Optional:-->\r
         <tem:token>?</tem:token>\r
      </tem:ValidateDeal>\r
   </soapenv:Body>\r
</soapenv:Envelope>]]></con:request><con:wsaConfig mustUnderstand="NONE" version="200508" action="http://tempuri.org/ValidateDeal"/></con:call></con:operation><con:operation id="1a2bd115-505f-42c4-97a9-3ce626717e8f" isOneWay="false" action="http://tempuri.org/ValidateDealWithID" name="ValidateDealWithID" bindingOperationName="ValidateDealWithID" type="Request-Response" inputName="" receivesAttachments="false" sendsAttachments="false" anonymous="optional"><con:settings/><con:call id="d6af0794-11a6-4214-a632-878c65578953" name="Request 1"><con:settings/><con:encoding>UTF-8</con:encoding><con:endpoint>https://ectest.e-c.co.il/Service/Service.asmx</con:endpoint><con:request><![CDATA[<soapenv:Envelope xmlns:soapenv="http://schemas.xmlsoap.org/soap/envelope/" xmlns:tem="http://tempuri.org/">\r
   <soapenv:Header/>\r
   <soapenv:Body>\r
      <tem:ValidateDealWithID>\r
         <!--Optional:-->\r
         <tem:cashierID>?</tem:cashierID>\r
         <!--Optional:-->\r
         <tem:token>?</tem:token>\r
         <!--Optional:-->\r
         <tem:ClientID>?</tem:ClientID>\r
      </tem:ValidateDealWithID>\r
   </soapenv:Body>\r
</soapenv:Envelope>]]></con:request><con:wsaConfig mustUnderstand="NONE" version="200508" action="http://tempuri.org/ValidateDealWithID"/></con:call></con:operation></con:interface><con:testSuite id="5833a8b7-7771-4766-85c6-712f988bf2e5" name="Copy of GetTokenByExternalID_StringResult"><con:settings/><con:runType>SEQUENTIAL</con:runType><con:testCase id="8c87d226-d0a9-4afb-aaf7-a779d30cd571" failOnError="true" failTestCaseOnErrors="true" keepSession="false" maxResults="0" name="22707" searchProperties="true"><con:settings/><con:testStep type="request" id="ac3891f7-a2a3-468d-b529-b705485fdc9b" name="GetTokenByExternalID_StringResult - Request 1"><con:settings/><con:config xsi:type="con:RequestStep" xmlns:xsi="http://www.w3.org/2001/XMLSchema-instance"><con:interface>ServiceSoap</con:interface><con:operation>GetTokenByExternalID_StringResult</con:operation><con:request name="GetTokenByExternalID_StringResult - Request 1" outgoingWss="" incomingWss="" timeout="" sslKeystore="" useWsAddressing="false" useWsReliableMessaging="false" wssPasswordType="" id="99487f63-a563-4a9f-a735-6a8e42f95950"><con:settings><con:setting id="com.eviware.soapui.impl.wsdl.WsdlRequest@request-headers">&lt;xml-fragment/></con:setting></con:settings><con:encoding>UTF-8</con:encoding><con:endpoint>https://ectest.e-c.co.il/Service/Service.asmx</con:endpoint><con:request><![CDATA[<soapenv:Envelope xmlns:soapenv="http://schemas.xmlsoap.org/soap/envelope/" xmlns:tem="http://tempuri.org/">\r
   <soapenv:Header/>\r
   <soapenv:Body>\r
      <tem:GetTokenByExternalID_StringResult>\r
         <!--Optional:-->\r
         <tem:ClientID>22707</tem:ClientID>\r
         <!--Optional:-->\r
         <tem:Password>test1234</tem:Password>\r
         <!--Optional:-->\r
         <tem:ExternalID>1234567890ABCDEFGHIJKLMNOP</tem:ExternalID>\r
      </tem:GetTokenByExternalID_StringResult>\r
   </soapenv:Body>\r
</soapenv:Envelope>
]]></con:request><con:assertion type="SOAP Response" id="8d33dd7f-16ef-420d-8b27-be9d54c3f85a" name="SOAP Response"/><con:assertion type="Simple Contains" id="2bf4bd8b-5caf-4e1d-ba8d-38ea19fbe121" name="Contains"><con:configuration><token>08dc75e4c3f3402eae163eacd25f8c8a</token><ignoreCase>false</ignoreCase><useRegEx>false</useRegEx></con:configuration></con:assertion><con:credentials><con:authType>No Authorization</con:authType></con:credentials><con:jmsConfig JMSDeliveryMode="PERSISTENT"/><con:jmsPropertyConfig/><con:wsaConfig mustUnderstand="NONE" version="200508" action="http://tempuri.org/GetTokenByExternalID_StringResult"/><con:wsrmConfig version="1.2"/></con:request></con:config></con:testStep><con:properties/></con:testCase><con:properties/></con:testSuite><con:testSuite id="8d199df1-0be2-4d4a-a802-b0d6bec17b89" name="Copy of GetTokenByExternalID_StringResult"><con:settings/><con:runType>SEQUENTIAL</con:runType><con:testCase id="1f5c44dd-3152-40d7-a1e1-d04480762dc3" failOnError="true" failTestCaseOnErrors="true" keepSession="false" maxResults="0" name="22707" searchProperties="true"><con:settings/><con:testStep type="request" id="15291f94-664e-491f-870e-17a5f6e67a5c" name="GetTokenByExternalID_StringResult - Request 1"><con:settings/><con:config xsi:type="con:RequestStep" xmlns:xsi="http://www.w3.org/2001/XMLSchema-instance"><con:interface>ServiceSoap</con:interface><con:operation>GetTokenByExternalID_StringResult</con:operation><con:request name="GetTokenByExternalID_StringResult - Request 1" outgoingWss="" incomingWss="" timeout="" sslKeystore="" useWsAddressing="false" useWsReliableMessaging="false" wssPasswordType="" id="99487f63-a563-4a9f-a735-6a8e42f95950"><con:settings><con:setting id="com.eviware.soapui.impl.wsdl.WsdlRequest@request-headers">&lt;xml-fragment/></con:setting></con:settings><con:encoding>UTF-8</con:encoding><con:endpoint>https://ectest.e-c.co.il/Service/Service.asmx</con:endpoint><con:request><![CDATA[<soapenv:Envelope xmlns:soapenv="http://schemas.xmlsoap.org/soap/envelope/" xmlns:tem="http://tempuri.org/">\r
   <soapenv:Header/>\r
   <soapenv:Body>\r
      <tem:GetTokenByExternalID_StringResult>\r
         <!--Optional:-->\r
         <tem:ClientID>22707</tem:ClientID>\r
         <!--Optional:-->\r
         <tem:Password>test1234</tem:Password>\r
         <!--Optional:-->\r
         <tem:ExternalID>1234567890ABCDEFGHIJKLMNOP</tem:ExternalID>\r
      </tem:GetTokenByExternalID_StringResult>\r
   </soapenv:Body>\r
</soapenv:Envelope>
]]></con:request><con:assertion type="SOAP Response" id="8d33dd7f-16ef-420d-8b27-be9d54c3f85a" name="SOAP Response"/><con:assertion type="Simple Contains" id="2bf4bd8b-5caf-4e1d-ba8d-38ea19fbe121" name="Contains"><con:configuration><token>08dc75e4c3f3402eae163eacd25f8c8a</token><ignoreCase>false</ignoreCase><useRegEx>false</useRegEx></con:configuration></con:assertion><con:credentials><con:authType>No Authorization</con:authType></con:credentials><con:jmsConfig JMSDeliveryMode="PERSISTENT"/><con:jmsPropertyConfig/><con:wsaConfig mustUnderstand="NONE" version="200508" action="http://tempuri.org/GetTokenByExternalID_StringResult"/><con:wsrmConfig version="1.2"/></con:request></con:config></con:testStep><con:properties/></con:testCase><con:properties/></con:testSuite><con:properties/><con:wssContainer/><con:oAuth2ProfileContainer/><con:oAuth1ProfileContainer/></con:soapui-project>