<?xml version="1.0" encoding="UTF-8"?>
<con:soapui-project id="7298c91b-cd55-44a9-a4e1-ac22ef53461f" activeEnvironment="Default" name="Test env" soapui-version="5.5.0" abortOnError="false" runType="SEQUENTIAL" resourceRoot="" xmlns:con="http://eviware.com/soapui/config"><con:settings/><con:interface xsi:type="con:WsdlInterface" id="56f9250e-222a-4f11-ab96-5f87e6662050" wsaVersion="NONE" name="ServiceSoap" type="wsdl" bindingName="{http://tempuri.org/}ServiceSoap" soapVersion="1_1" anonymous="optional" definition="https://ectest.e-c.co.il/Service/Service.asmx?WSDL" xmlns:xsi="http://www.w3.org/2001/XMLSchema-instance"><con:settings/><con:definitionCache type="TEXT" rootPart="https://ectest.e-c.co.il/Service/Service.asmx?WSDL"><con:part><con:url>https://ectest.e-c.co.il/Service/Service.asmx?WSDL</con:url><con:content><![CDATA[<wsdl:definitions targetNamespace="http://tempuri.org/" xmlns:s="http://www.w3.org/2001/XMLSchema" xmlns:soap12="http://schemas.xmlsoap.org/wsdl/soap12/" xmlns:http="http://schemas.xmlsoap.org/wsdl/http/" xmlns:mime="http://schemas.xmlsoap.org/wsdl/mime/" xmlns:tns="http://tempuri.org/" xmlns:soap="http://schemas.xmlsoap.org/wsdl/soap/" xmlns:tm="http://microsoft.com/wsdl/mime/textMatching/" xmlns:soapenc="http://schemas.xmlsoap.org/soap/encoding/" xmlns:wsdl="http://schemas.xmlsoap.org/wsdl/">
  <wsdl:types>
    <s:schema elementFormDefault="qualified" targetNamespace="http://tempuri.org/">
      <s:element name="Login">
        <s:complexType>
          <s:sequence>
            <s:element minOccurs="0" maxOccurs="1" name="ClientID" type="s:string"/>
            <s:element minOccurs="0" maxOccurs="1" name="Password" type="s:string"/>
          </s:sequence>
        </s:complexType>
      </s:element>
      <s:element name="LoginResponse">
        <s:complexType>
          <s:sequence>
            <s:element minOccurs="1" maxOccurs="1" name="LoginResult" type="s:boolean"/>
          </s:sequence>
        </s:complexType>
      </s:element>
      <s:element name="RunAddRecordsToSuccessDeals">
        <s:complexType>
          <s:sequence>
            <s:element minOccurs="0" maxOccurs="1" name="username" type="s:string"/>
            <s:element minOccurs="0" maxOccurs="1" name="Password" type="s:string"/>
            <s:element minOccurs="0" maxOccurs="1" name="clientid" type="s:string"/>
          </s:sequence>
        </s:complexType>
      </s:element>
      <s:element name="RunAddRecordsToSuccessDealsResponse">
        <s:complexType>
          <s:sequence>
            <s:element minOccurs="1" maxOccurs="1" name="RunAddRecordsToSuccessDealsResult" type="s:int"/>
          </s:sequence>
        </s:complexType>
      </s:element>
      <s:element name="LoginExtended_StringResult">
        <s:complexType>
          <s:sequence>
            <s:element minOccurs="0" maxOccurs="1" name="ClientID" type="s:string"/>
            <s:element minOccurs="0" maxOccurs="1" name="Password" type="s:string"/>
            <s:element minOccurs="1" maxOccurs="1" name="SourceID" type="s:int"/>
          </s:sequence>
        </s:complexType>
      </s:element>
      <s:element name="LoginExtended_StringResultResponse">
        <s:complexType>
          <s:sequence>
            <s:element minOccurs="0" maxOccurs="1" name="LoginExtended_StringResultResult" type="s:string"/>
          </s:sequence>
        </s:complexType>
      </s:element>
      <s:element name="LoginExtended">
        <s:complexType>
          <s:sequence>
            <s:element minOccurs="0" maxOccurs="1" name="ClientID" type="s:string"/>
            <s:element minOccurs="0" maxOccurs="1" name="Password" type="s:string"/>
            <s:element minOccurs="1" maxOccurs="1" name="SourceID" type="s:int"/>
          </s:sequence>
        </s:complexType>
      </s:element>
      <s:element name="LoginExtendedResponse">
        <s:complexType>
          <s:sequence>
            <s:element minOccurs="0" maxOccurs="1" name="LoginExtendedResult" type="tns:InvokeResult"/>
          </s:sequence>
        </s:complexType>
      </s:element>
      <s:complexType name="InvokeResult">
        <s:sequence>
          <s:element minOccurs="1" maxOccurs="1" name="StatusCode" type="s:int"/>
          <s:element minOccurs="0" maxOccurs="1" name="StatusTextEN" type="s:string"/>
          <s:element minOccurs="0" maxOccurs="1" name="StatusTextHE" type="s:string"/>
          <s:element minOccurs="0" maxOccurs="1" name="ConfirmationID" type="s:string"/>
        </s:sequence>
      </s:complexType>
      <s:element name="LoginMobile">
        <s:complexType>
          <s:sequence>
            <s:element minOccurs="0" maxOccurs="1" name="ClientID" type="s:string"/>
            <s:element minOccurs="0" maxOccurs="1" name="Password" type="s:string"/>
            <s:element minOccurs="0" maxOccurs="1" name="DeviceCode" type="s:string"/>
          </s:sequence>
        </s:complexType>
      </s:element>
      <s:element name="LoginMobileResponse">
        <s:complexType>
          <s:sequence>
            <s:element minOccurs="1" maxOccurs="1" name="LoginMobileResult" type="s:int"/>
          </s:sequence>
        </s:complexType>
      </s:element>
      <s:element name="DoDealWithExternalID">
        <s:complexType>
          <s:sequence>
            <s:element minOccurs="0" maxOccurs="1" name="ClientID" type="s:string"/>
            <s:element minOccurs="0" maxOccurs="1" name="Password" type="s:string"/>
            <s:element minOccurs="0" maxOccurs="1" name="ActionMethod" type="s:string"/>
            <s:element minOccurs="0" maxOccurs="1" name="CardNumber" type="s:string"/>
            <s:element minOccurs="0" maxOccurs="1" name="ValMonth" type="s:string"/>
            <s:element minOccurs="0" maxOccurs="1" name="ValYear" type="s:string"/>
            <s:element minOccurs="0" maxOccurs="1" name="TotalSum" type="s:string"/>
            <s:element minOccurs="0" maxOccurs="1" name="PayNumber" type="s:string"/>
            <s:element minOccurs="0" maxOccurs="1" name="FirstPay" type="s:string"/>
            <s:element minOccurs="0" maxOccurs="1" name="AddPay" type="s:string"/>
            <s:element minOccurs="0" maxOccurs="1" name="TZ" type="s:string"/>
            <s:element minOccurs="0" maxOccurs="1" name="CVV2" type="s:string"/>
            <s:element minOccurs="0" maxOccurs="1" name="DealType" type="s:string"/>
            <s:element minOccurs="0" maxOccurs="1" name="MType" type="s:string"/>
            <s:element minOccurs="0" maxOccurs="1" name="Opt" type="s:string"/>
            <s:element minOccurs="0" maxOccurs="1" name="Note" type="s:string"/>
            <s:element minOccurs="0" maxOccurs="1" name="ExternalID" type="s:string"/>
            <s:element minOccurs="0" maxOccurs="1" name="OwnerName" type="s:string"/>
            <s:element minOccurs="0" maxOccurs="1" name="Email" type="s:string"/>
          </s:sequence>
        </s:complexType>
      </s:element>
      <s:element name="DoDealWithExternalIDResponse">
        <s:complexType>
          <s:sequence>
            <s:element minOccurs="0" maxOccurs="1" name="DoDealWithExternalIDResult" type="s:string"/>
          </s:sequence>
        </s:complexType>
      </s:element>
      <s:element name="DoDeal">
        <s:complexType>
          <s:sequence>
            <s:element minOccurs="0" maxOccurs="1" name="ClientID" type="s:string"/>
            <s:element minOccurs="0" maxOccurs="1" name="Password" type="s:string"/>
            <s:element minOccurs="0" maxOccurs="1" name="ActionMethod" type="s:string"/>
            <s:element minOccurs="0" maxOccurs="1" name="CardNumber" type="s:string"/>
            <s:element minOccurs="0" maxOccurs="1" name="ValMonth" type="s:string"/>
            <s:element minOccurs="0" maxOccurs="1" name="ValYear" type="s:string"/>
            <s:element minOccurs="0" maxOccurs="1" name="TotalSum" type="s:string"/>
            <s:element minOccurs="0" maxOccurs="1" name="PayNumber" type="s:string"/>
            <s:element minOccurs="0" maxOccurs="1" name="FirstPay" type="s:string"/>
            <s:element minOccurs="0" maxOccurs="1" name="AddPay" type="s:string"/>
            <s:element minOccurs="0" maxOccurs="1" name="TZ" type="s:string"/>
            <s:element minOccurs="0" maxOccurs="1" name="CVV2" type="s:string"/>
            <s:element minOccurs="0" maxOccurs="1" name="DealType" type="s:string"/>
            <s:element minOccurs="0" maxOccurs="1" name="MType" type="s:string"/>
            <s:element minOccurs="0" maxOccurs="1" name="Opt" type="s:string"/>
            <s:element minOccurs="0" maxOccurs="1" name="Note" type="s:string"/>
            <s:element minOccurs="0" maxOccurs="1" name="OwnerName" type="s:string"/>
            <s:element minOccurs="0" maxOccurs="1" name="Email" type="s:string"/>
            <s:element minOccurs="0" maxOccurs="1" name="CellPhone" type="s:string"/>
          </s:sequence>
        </s:complexType>
      </s:element>
      <s:element name="DoDealResponse">
        <s:complexType>
          <s:sequence>
            <s:element minOccurs="0" maxOccurs="1" name="DoDealResult" type="s:string"/>
          </s:sequence>
        </s:complexType>
      </s:element>
      <s:element name="DoDealPinPad">
        <s:complexType>
          <s:sequence>
            <s:element minOccurs="0" maxOccurs="1" name="ClientID" type="s:string"/>
            <s:element minOccurs="0" maxOccurs="1" name="Password" type="s:string"/>
            <s:element minOccurs="0" maxOccurs="1" name="ActionMethod" type="s:string"/>
            <s:element minOccurs="0" maxOccurs="1" name="TotalSum" type="s:string"/>
            <s:element minOccurs="0" maxOccurs="1" name="PayNumber" type="s:string"/>
            <s:element minOccurs="0" maxOccurs="1" name="FirstPay" type="s:string"/>
            <s:element minOccurs="0" maxOccurs="1" name="AddPay" type="s:string"/>
            <s:element minOccurs="0" maxOccurs="1" name="TZ" type="s:string"/>
            <s:element minOccurs="0" maxOccurs="1" name="DealType" type="s:string"/>
            <s:element minOccurs="0" maxOccurs="1" name="MType" type="s:string"/>
            <s:element minOccurs="0" maxOccurs="1" name="Opt" type="s:string"/>
            <s:element minOccurs="0" maxOccurs="1" name="Note" type="s:string"/>
            <s:element minOccurs="0" maxOccurs="1" name="OwnerName" type="s:string"/>
            <s:element minOccurs="0" maxOccurs="1" name="ExternalID" type="s:string"/>
            <s:element minOccurs="0" maxOccurs="1" name="Email" type="s:string"/>
            <s:element minOccurs="0" maxOccurs="1" name="CellPhone" type="s:string"/>
          </s:sequence>
        </s:complexType>
      </s:element>
      <s:element name="DoDealPinPadResponse">
        <s:complexType>
          <s:sequence>
            <s:element minOccurs="0" maxOccurs="1" name="DoDealPinPadResult" type="s:string"/>
          </s:sequence>
        </s:complexType>
      </s:element>
      <s:element name="DoDealOldExt">
        <s:complexType>
          <s:sequence>
            <s:element minOccurs="0" maxOccurs="1" name="ClientID" type="s:string"/>
            <s:element minOccurs="0" maxOccurs="1" name="Password" type="s:string"/>
            <s:element minOccurs="0" maxOccurs="1" name="Code" type="s:string"/>
            <s:element minOccurs="0" maxOccurs="1" name="CardNumber" type="s:string"/>
            <s:element minOccurs="0" maxOccurs="1" name="ValMonth" type="s:string"/>
            <s:element minOccurs="0" maxOccurs="1" name="ValYear" type="s:string"/>
            <s:element minOccurs="0" maxOccurs="1" name="TotalSum" type="s:string"/>
            <s:element minOccurs="0" maxOccurs="1" name="PayNumber" type="s:string"/>
            <s:element minOccurs="0" maxOccurs="1" name="FirstPay" type="s:string"/>
            <s:element minOccurs="0" maxOccurs="1" name="AddPay" type="s:string"/>
            <s:element minOccurs="0" maxOccurs="1" name="TZ" type="s:string"/>
            <s:element minOccurs="0" maxOccurs="1" name="CVV2" type="s:string"/>
            <s:element minOccurs="0" maxOccurs="1" name="DealType" type="s:string"/>
            <s:element minOccurs="0" maxOccurs="1" name="MType" type="s:string"/>
            <s:element minOccurs="0" maxOccurs="1" name="Opt" type="s:string"/>
            <s:element minOccurs="0" maxOccurs="1" name="Note" type="s:string"/>
            <s:element minOccurs="0" maxOccurs="1" name="AuthNum" type="s:string"/>
            <s:element minOccurs="0" maxOccurs="1" name="OwnerName" type="s:string"/>
            <s:element minOccurs="0" maxOccurs="1" name="Email" type="s:string"/>
            <s:element minOccurs="0" maxOccurs="1" name="CellPhone" type="s:string"/>
          </s:sequence>
        </s:complexType>
      </s:element>
      <s:element name="DoDealOldExtResponse">
        <s:complexType>
          <s:sequence>
            <s:element minOccurs="0" maxOccurs="1" name="DoDealOldExtResult" type="s:string"/>
          </s:sequence>
        </s:complexType>
      </s:element>
      <s:element name="DoDealExt">
        <s:complexType>
          <s:sequence>
            <s:element minOccurs="0" maxOccurs="1" name="ClientID" type="s:string"/>
            <s:element minOccurs="0" maxOccurs="1" name="Password" type="s:string"/>
            <s:element minOccurs="0" maxOccurs="1" name="Code" type="s:string"/>
            <s:element minOccurs="0" maxOccurs="1" name="CardNumber" type="s:string"/>
            <s:element minOccurs="0" maxOccurs="1" name="ValMonth" type="s:string"/>
            <s:element minOccurs="0" maxOccurs="1" name="ValYear" type="s:string"/>
            <s:element minOccurs="0" maxOccurs="1" name="TotalSum" type="s:string"/>
            <s:element minOccurs="0" maxOccurs="1" name="PayNumber" type="s:string"/>
            <s:element minOccurs="0" maxOccurs="1" name="FirstPay" type="s:string"/>
            <s:element minOccurs="0" maxOccurs="1" name="AddPay" type="s:string"/>
            <s:element minOccurs="0" maxOccurs="1" name="TZ" type="s:string"/>
            <s:element minOccurs="0" maxOccurs="1" name="CVV2" type="s:string"/>
            <s:element minOccurs="0" maxOccurs="1" name="DealType" type="s:string"/>
            <s:element minOccurs="0" maxOccurs="1" name="MType" type="s:string"/>
            <s:element minOccurs="0" maxOccurs="1" name="Opt" type="s:string"/>
            <s:element minOccurs="0" maxOccurs="1" name="Note" type="s:string"/>
            <s:element minOccurs="0" maxOccurs="1" name="AuthNum" type="s:string"/>
            <s:element minOccurs="0" maxOccurs="1" name="OwnerName" type="s:string"/>
            <s:element minOccurs="0" maxOccurs="1" name="Cell" type="s:string"/>
            <s:element minOccurs="0" maxOccurs="1" name="Email" type="s:string"/>
          </s:sequence>
        </s:complexType>
      </s:element>
      <s:element name="DoDealExtResponse">
        <s:complexType>
          <s:sequence>
            <s:element minOccurs="0" maxOccurs="1" name="DoDealExtResult" type="s:string"/>
          </s:sequence>
        </s:complexType>
      </s:element>
      <s:element name="DoDealUserCodeWithTokenExt">
        <s:complexType>
          <s:sequence>
            <s:element minOccurs="0" maxOccurs="1" name="ClientID" type="s:string"/>
            <s:element minOccurs="0" maxOccurs="1" name="Password" type="s:string"/>
            <s:element minOccurs="0" maxOccurs="1" name="Code" type="s:string"/>
            <s:element minOccurs="0" maxOccurs="1" name="CardNumber" type="s:string"/>
            <s:element minOccurs="0" maxOccurs="1" name="ValMonth" type="s:string"/>
            <s:element minOccurs="0" maxOccurs="1" name="ValYear" type="s:string"/>
            <s:element minOccurs="0" maxOccurs="1" name="TotalSum" type="s:string"/>
            <s:element minOccurs="0" maxOccurs="1" name="PayNumber" type="s:string"/>
            <s:element minOccurs="0" maxOccurs="1" name="FirstPay" type="s:string"/>
            <s:element minOccurs="0" maxOccurs="1" name="AddPay" type="s:string"/>
            <s:element minOccurs="0" maxOccurs="1" name="TZ" type="s:string"/>
            <s:element minOccurs="0" maxOccurs="1" name="CVV2" type="s:string"/>
            <s:element minOccurs="0" maxOccurs="1" name="DealType" type="s:string"/>
            <s:element minOccurs="0" maxOccurs="1" name="MType" type="s:string"/>
            <s:element minOccurs="0" maxOccurs="1" name="Opt" type="s:string"/>
            <s:element minOccurs="0" maxOccurs="1" name="Note" type="s:string"/>
            <s:element minOccurs="0" maxOccurs="1" name="AuthNum" type="s:string"/>
            <s:element minOccurs="0" maxOccurs="1" name="OwnerName" type="s:string"/>
            <s:element minOccurs="0" maxOccurs="1" name="Cell" type="s:string"/>
            <s:element minOccurs="0" maxOccurs="1" name="UserCode" type="s:string"/>
            <s:element minOccurs="0" maxOccurs="1" name="CreateToken" type="s:string"/>
            <s:element minOccurs="0" maxOccurs="1" name="Token" type="s:string"/>
            <s:element minOccurs="0" maxOccurs="1" name="ExternalID" type="s:string"/>
            <s:element minOccurs="0" maxOccurs="1" name="Email" type="s:string"/>
          </s:sequence>
        </s:complexType>
      </s:element>
      <s:element name="DoDealUserCodeWithTokenExtResponse">
        <s:complexType>
          <s:sequence>
            <s:element minOccurs="0" maxOccurs="1" name="DoDealUserCodeWithTokenExtResult" type="s:string"/>
          </s:sequence>
        </s:complexType>
      </s:element>
      <s:element name="DoDealWithTokenExt">
        <s:complexType>
          <s:sequence>
            <s:element minOccurs="0" maxOccurs="1" name="ClientID" type="s:string"/>
            <s:element minOccurs="0" maxOccurs="1" name="Password" type="s:string"/>
            <s:element minOccurs="0" maxOccurs="1" name="EcPwd" type="s:string"/>
            <s:element minOccurs="0" maxOccurs="1" name="ActionMethod" type="s:string"/>
            <s:element minOccurs="0" maxOccurs="1" name="TotalSum" type="s:string"/>
            <s:element minOccurs="0" maxOccurs="1" name="PayNumber" type="s:string"/>
            <s:element minOccurs="0" maxOccurs="1" name="FirstPay" type="s:string"/>
            <s:element minOccurs="0" maxOccurs="1" name="AddPay" type="s:string"/>
            <s:element minOccurs="0" maxOccurs="1" name="DealType" type="s:string"/>
            <s:element minOccurs="0" maxOccurs="1" name="MType" type="s:string"/>
            <s:element minOccurs="0" maxOccurs="1" name="Opt" type="s:string"/>
            <s:element minOccurs="0" maxOccurs="1" name="Note" type="s:string"/>
            <s:element minOccurs="0" maxOccurs="1" name="AuthNum" type="s:string"/>
            <s:element minOccurs="0" maxOccurs="1" name="ExternalID" type="s:string"/>
            <s:element minOccurs="0" maxOccurs="1" name="Token" type="s:string"/>
            <s:element minOccurs="0" maxOccurs="1" name="OwnerName" type="s:string"/>
          </s:sequence>
        </s:complexType>
      </s:element>
      <s:element name="DoDealWithTokenExtResponse">
        <s:complexType>
          <s:sequence>
            <s:element minOccurs="0" maxOccurs="1" name="DoDealWithTokenExtResult" type="s:string"/>
          </s:sequence>
        </s:complexType>
      </s:element>
      <s:element name="GetDealHistoryAuthToken_StringResult">
        <s:complexType>
          <s:sequence>
            <s:element minOccurs="0" maxOccurs="1" name="Token" type="s:string"/>
          </s:sequence>
        </s:complexType>
      </s:element>
      <s:element name="GetDealHistoryAuthToken_StringResultResponse">
        <s:complexType>
          <s:sequence>
            <s:element minOccurs="0" maxOccurs="1" name="GetDealHistoryAuthToken_StringResultResult" type="s:string"/>
          </s:sequence>
        </s:complexType>
      </s:element>
      <s:element name="GetDealHistoryAuthToken">
        <s:complexType>
          <s:sequence>
            <s:element minOccurs="0" maxOccurs="1" name="Token" type="s:string"/>
          </s:sequence>
        </s:complexType>
      </s:element>
      <s:element name="GetDealHistoryAuthTokenResponse">
        <s:complexType>
          <s:sequence>
            <s:element minOccurs="0" maxOccurs="1" name="GetDealHistoryAuthTokenResult">
              <s:complexType>
                <s:sequence>
                  <s:any/>
                </s:sequence>
              </s:complexType>
            </s:element>
          </s:sequence>
        </s:complexType>
      </s:element>
      <s:element name="GetDealHistory_StringResult">
        <s:complexType>
          <s:sequence>
            <s:element minOccurs="0" maxOccurs="1" name="ClientID" type="s:string"/>
            <s:element minOccurs="0" maxOccurs="1" name="Password" type="s:string"/>
          </s:sequence>
        </s:complexType>
      </s:element>
      <s:element name="GetDealHistory_StringResultResponse">
        <s:complexType>
          <s:sequence>
            <s:element minOccurs="0" maxOccurs="1" name="GetDealHistory_StringResultResult" type="s:string"/>
          </s:sequence>
        </s:complexType>
      </s:element>
      <s:element name="GetDealHistory">
        <s:complexType>
          <s:sequence>
            <s:element minOccurs="0" maxOccurs="1" name="ClientID" type="s:string"/>
            <s:element minOccurs="0" maxOccurs="1" name="Password" type="s:string"/>
          </s:sequence>
        </s:complexType>
      </s:element>
      <s:element name="GetDealHistoryResponse">
        <s:complexType>
          <s:sequence>
            <s:element minOccurs="0" maxOccurs="1" name="GetDealHistoryResult">
              <s:complexType>
                <s:sequence>
                  <s:any/>
                </s:sequence>
              </s:complexType>
            </s:element>
          </s:sequence>
        </s:complexType>
      </s:element>
      <s:element name="GetTransNumber">
        <s:complexType>
          <s:sequence>
            <s:element minOccurs="0" maxOccurs="1" name="ClientID" type="s:string"/>
            <s:element minOccurs="0" maxOccurs="1" name="Password" type="s:string"/>
            <s:element minOccurs="0" maxOccurs="1" name="CardNumber" type="s:string"/>
            <s:element minOccurs="0" maxOccurs="1" name="DealNumber" type="s:string"/>
          </s:sequence>
        </s:complexType>
      </s:element>
      <s:element name="GetTransNumberResponse">
        <s:complexType>
          <s:sequence>
            <s:element minOccurs="0" maxOccurs="1" name="GetTransNumberResult" type="s:string"/>
          </s:sequence>
        </s:complexType>
      </s:element>
      <s:element name="GetDealByExternalID_StringResult">
        <s:complexType>
          <s:sequence>
            <s:element minOccurs="0" maxOccurs="1" name="ClientID" type="s:string"/>
            <s:element minOccurs="0" maxOccurs="1" name="Password" type="s:string"/>
            <s:element minOccurs="0" maxOccurs="1" name="ExternalID" type="s:string"/>
          </s:sequence>
        </s:complexType>
      </s:element>
      <s:element name="GetDealByExternalID_StringResultResponse">
        <s:complexType>
          <s:sequence>
            <s:element minOccurs="0" maxOccurs="1" name="GetDealByExternalID_StringResultResult" type="s:string"/>
          </s:sequence>
        </s:complexType>
      </s:element>
      <s:element name="GetDealByExternalID">
        <s:complexType>
          <s:sequence>
            <s:element minOccurs="0" maxOccurs="1" name="ClientID" type="s:string"/>
            <s:element minOccurs="0" maxOccurs="1" name="Password" type="s:string"/>
            <s:element minOccurs="0" maxOccurs="1" name="ExternalID" type="s:string"/>
          </s:sequence>
        </s:complexType>
      </s:element>
      <s:element name="GetDealByExternalIDResponse">
        <s:complexType>
          <s:sequence>
            <s:element minOccurs="0" maxOccurs="1" name="GetDealByExternalIDResult">
              <s:complexType>
                <s:sequence>
                  <s:any/>
                </s:sequence>
              </s:complexType>
            </s:element>
          </s:sequence>
        </s:complexType>
      </s:element>
      <s:element name="GetDealInfoAuthToken_StringResult">
        <s:complexType>
          <s:sequence>
            <s:element minOccurs="0" maxOccurs="1" name="Token" type="s:string"/>
            <s:element minOccurs="0" maxOccurs="1" name="CardNumber" type="s:string"/>
            <s:element minOccurs="0" maxOccurs="1" name="DealNumber" type="s:string"/>
          </s:sequence>
        </s:complexType>
      </s:element>
      <s:element name="GetDealInfoAuthToken_StringResultResponse">
        <s:complexType>
          <s:sequence>
            <s:element minOccurs="0" maxOccurs="1" name="GetDealInfoAuthToken_StringResultResult" type="s:string"/>
          </s:sequence>
        </s:complexType>
      </s:element>
      <s:element name="GetDealInfoAuthToken">
        <s:complexType>
          <s:sequence>
            <s:element minOccurs="0" maxOccurs="1" name="Token" type="s:string"/>
            <s:element minOccurs="0" maxOccurs="1" name="CardNumber" type="s:string"/>
            <s:element minOccurs="0" maxOccurs="1" name="DealNumber" type="s:string"/>
          </s:sequence>
        </s:complexType>
      </s:element>
      <s:element name="GetDealInfoAuthTokenResponse">
        <s:complexType>
          <s:sequence>
            <s:element minOccurs="0" maxOccurs="1" name="GetDealInfoAuthTokenResult" type="tns:DealInfo"/>
          </s:sequence>
        </s:complexType>
      </s:element>
      <s:complexType name="DealInfo">
        <s:sequence>
          <s:element minOccurs="1" maxOccurs="1" name="TransNumberInt" nillable="true" type="s:int"/>
          <s:element minOccurs="0" maxOccurs="1" name="TransNumber" type="s:string"/>
          <s:element minOccurs="0" maxOccurs="1" name="CardMutag" type="s:string"/>
          <s:element minOccurs="0" maxOccurs="1" name="CardManpik" type="s:string"/>
          <s:element minOccurs="0" maxOccurs="1" name="MasofID" type="s:string"/>
          <s:element minOccurs="0" maxOccurs="1" name="Status" type="s:string"/>
          <s:element minOccurs="0" maxOccurs="1" name="OwnerName" type="s:string"/>
          <s:element minOccurs="1" maxOccurs="1" name="TotalSum" type="s:double"/>
          <s:element minOccurs="0" maxOccurs="1" name="InvoiceUrl" type="s:string"/>
        </s:sequence>
      </s:complexType>
      <s:element name="GetDealInfo_StringResult">
        <s:complexType>
          <s:sequence>
            <s:element minOccurs="0" maxOccurs="1" name="ClientID" type="s:string"/>
            <s:element minOccurs="0" maxOccurs="1" name="Password" type="s:string"/>
            <s:element minOccurs="0" maxOccurs="1" name="CardNumber" type="s:string"/>
            <s:element minOccurs="0" maxOccurs="1" name="DealNumber" type="s:string"/>
          </s:sequence>
        </s:complexType>
      </s:element>
      <s:element name="GetDealInfo_StringResultResponse">
        <s:complexType>
          <s:sequence>
            <s:element minOccurs="0" maxOccurs="1" name="GetDealInfo_StringResultResult" type="s:string"/>
          </s:sequence>
        </s:complexType>
      </s:element>
      <s:element name="GetDealInfo">
        <s:complexType>
          <s:sequence>
            <s:element minOccurs="0" maxOccurs="1" name="ClientID" type="s:string"/>
            <s:element minOccurs="0" maxOccurs="1" name="Password" type="s:string"/>
            <s:element minOccurs="0" maxOccurs="1" name="CardNumber" type="s:string"/>
            <s:element minOccurs="0" maxOccurs="1" name="DealNumber" type="s:string"/>
          </s:sequence>
        </s:complexType>
      </s:element>
      <s:element name="GetDealInfoResponse">
        <s:complexType>
          <s:sequence>
            <s:element minOccurs="0" maxOccurs="1" name="GetDealInfoResult" type="tns:DealInfo"/>
          </s:sequence>
        </s:complexType>
      </s:element>
      <s:element name="GetInvoicesInRange_StringResult">
        <s:complexType>
          <s:sequence>
            <s:element minOccurs="0" maxOccurs="1" name="Token" type="s:string"/>
            <s:element minOccurs="0" maxOccurs="1" name="ClientID" type="s:string"/>
            <s:element minOccurs="0" maxOccurs="1" name="Password" type="s:string"/>
            <s:element minOccurs="1" maxOccurs="1" name="StartDate" type="s:dateTime"/>
            <s:element minOccurs="1" maxOccurs="1" name="EndDate" type="s:dateTime"/>
            <s:element minOccurs="0" maxOccurs="1" name="BillingDealID" type="s:string"/>
            <s:element minOccurs="0" maxOccurs="1" name="BillingCustomerID" type="s:string"/>
            <s:element minOccurs="0" maxOccurs="1" name="InvoiceType" type="s:string"/>
          </s:sequence>
        </s:complexType>
      </s:element>
      <s:element name="GetInvoicesInRange_StringResultResponse">
        <s:complexType>
          <s:sequence>
            <s:element minOccurs="0" maxOccurs="1" name="GetInvoicesInRange_StringResultResult" type="s:string"/>
          </s:sequence>
        </s:complexType>
      </s:element>
      <s:element name="GetInvoices_StringResult">
        <s:complexType>
          <s:sequence>
            <s:element minOccurs="0" maxOccurs="1" name="Token" type="s:string"/>
            <s:element minOccurs="0" maxOccurs="1" name="ClientID" type="s:string"/>
            <s:element minOccurs="0" maxOccurs="1" name="Password" type="s:string"/>
            <s:element minOccurs="0" maxOccurs="1" name="BillingDealID" type="s:string"/>
            <s:element minOccurs="0" maxOccurs="1" name="BillingCustomerID" type="s:string"/>
            <s:element minOccurs="0" maxOccurs="1" name="InvoiceType" type="s:string"/>
          </s:sequence>
        </s:complexType>
      </s:element>
      <s:element name="GetInvoices_StringResultResponse">
        <s:complexType>
          <s:sequence>
            <s:element minOccurs="0" maxOccurs="1" name="GetInvoices_StringResultResult" type="s:string"/>
          </s:sequence>
        </s:complexType>
      </s:element>
      <s:element name="GetInvoicesInRange">
        <s:complexType>
          <s:sequence>
            <s:element minOccurs="0" maxOccurs="1" name="Token" type="s:string"/>
            <s:element minOccurs="0" maxOccurs="1" name="ClientID" type="s:string"/>
            <s:element minOccurs="0" maxOccurs="1" name="Password" type="s:string"/>
            <s:element minOccurs="0" maxOccurs="1" name="BillingDealID" type="s:string"/>
            <s:element minOccurs="0" maxOccurs="1" name="BillingCustomerID" type="s:string"/>
            <s:element minOccurs="0" maxOccurs="1" name="InvoiceType" type="s:string"/>
            <s:element minOccurs="1" maxOccurs="1" name="StartDate" type="s:dateTime"/>
            <s:element minOccurs="1" maxOccurs="1" name="EndDate" type="s:dateTime"/>
          </s:sequence>
        </s:complexType>
      </s:element>
      <s:element name="GetInvoicesInRangeResponse">
        <s:complexType>
          <s:sequence>
            <s:element minOccurs="0" maxOccurs="1" name="GetInvoicesInRangeResult">
              <s:complexType mixed="true">
                <s:sequence>
                  <s:any/>
                </s:sequence>
              </s:complexType>
            </s:element>
          </s:sequence>
        </s:complexType>
      </s:element>
      <s:element name="GetInvoices">
        <s:complexType>
          <s:sequence>
            <s:element minOccurs="0" maxOccurs="1" name="Token" type="s:string"/>
            <s:element minOccurs="0" maxOccurs="1" name="ClientID" type="s:string"/>
            <s:element minOccurs="0" maxOccurs="1" name="Password" type="s:string"/>
            <s:element minOccurs="0" maxOccurs="1" name="BillingDealID" type="s:string"/>
            <s:element minOccurs="0" maxOccurs="1" name="BillingCustomerID" type="s:string"/>
            <s:element minOccurs="0" maxOccurs="1" name="InvoiceType" type="s:string"/>
          </s:sequence>
        </s:complexType>
      </s:element>
      <s:element name="GetInvoicesResponse">
        <s:complexType>
          <s:sequence>
            <s:element minOccurs="0" maxOccurs="1" name="GetInvoicesResult">
              <s:complexType mixed="true">
                <s:sequence>
                  <s:any/>
                </s:sequence>
              </s:complexType>
            </s:element>
          </s:sequence>
        </s:complexType>
      </s:element>
      <s:element name="GetDealHistoryInRange_StringResult">
        <s:complexType>
          <s:sequence>
            <s:element minOccurs="0" maxOccurs="1" name="ClientID" type="s:string"/>
            <s:element minOccurs="0" maxOccurs="1" name="Password" type="s:string"/>
            <s:element minOccurs="1" maxOccurs="1" name="StartDate" type="s:dateTime"/>
            <s:element minOccurs="1" maxOccurs="1" name="EndDate" type="s:dateTime"/>
            <s:element minOccurs="1" maxOccurs="1" name="Results" type="s:int"/>
          </s:sequence>
        </s:complexType>
      </s:element>
      <s:element name="GetDealHistoryInRange_StringResultResponse">
        <s:complexType>
          <s:sequence>
            <s:element minOccurs="0" maxOccurs="1" name="GetDealHistoryInRange_StringResultResult" type="s:string"/>
          </s:sequence>
        </s:complexType>
      </s:element>
      <s:element name="GetDealHistoryInRangeAuthToken_StringResult">
        <s:complexType>
          <s:sequence>
            <s:element minOccurs="0" maxOccurs="1" name="Token" type="s:string"/>
            <s:element minOccurs="1" maxOccurs="1" name="StartDate" type="s:dateTime"/>
            <s:element minOccurs="1" maxOccurs="1" name="EndDate" type="s:dateTime"/>
            <s:element minOccurs="1" maxOccurs="1" name="Results" type="s:int"/>
          </s:sequence>
        </s:complexType>
      </s:element>
      <s:element name="GetDealHistoryInRangeAuthToken_StringResultResponse">
        <s:complexType>
          <s:sequence>
            <s:element minOccurs="0" maxOccurs="1" name="GetDealHistoryInRangeAuthToken_StringResultResult" type="s:string"/>
          </s:sequence>
        </s:complexType>
      </s:element>
      <s:element name="GetDealHistoryInRange">
        <s:complexType>
          <s:sequence>
            <s:element minOccurs="0" maxOccurs="1" name="ClientID" type="s:string"/>
            <s:element minOccurs="0" maxOccurs="1" name="Password" type="s:string"/>
            <s:element minOccurs="1" maxOccurs="1" name="StartDate" type="s:dateTime"/>
            <s:element minOccurs="1" maxOccurs="1" name="EndDate" type="s:dateTime"/>
            <s:element minOccurs="1" maxOccurs="1" name="Results" type="s:int"/>
          </s:sequence>
        </s:complexType>
      </s:element>
      <s:element name="GetDealHistoryInRangeResponse">
        <s:complexType>
          <s:sequence>
            <s:element minOccurs="0" maxOccurs="1" name="GetDealHistoryInRangeResult">
              <s:complexType mixed="true">
                <s:sequence>
                  <s:any/>
                </s:sequence>
              </s:complexType>
            </s:element>
          </s:sequence>
        </s:complexType>
      </s:element>
      <s:element name="GetDealHistoryInRangeAuthToken">
        <s:complexType>
          <s:sequence>
            <s:element minOccurs="0" maxOccurs="1" name="Token" type="s:string"/>
            <s:element minOccurs="1" maxOccurs="1" name="StartDate" type="s:dateTime"/>
            <s:element minOccurs="1" maxOccurs="1" name="EndDate" type="s:dateTime"/>
            <s:element minOccurs="1" maxOccurs="1" name="Results" type="s:int"/>
          </s:sequence>
        </s:complexType>
      </s:element>
      <s:element name="GetDealHistoryInRangeAuthTokenResponse">
        <s:complexType>
          <s:sequence>
            <s:element minOccurs="0" maxOccurs="1" name="GetDealHistoryInRangeAuthTokenResult">
              <s:complexType mixed="true">
                <s:sequence>
                  <s:any/>
                </s:sequence>
              </s:complexType>
            </s:element>
          </s:sequence>
        </s:complexType>
      </s:element>
      <s:element name="GetDealInvoiced">
        <s:complexType>
          <s:sequence>
            <s:element minOccurs="0" maxOccurs="1" name="DealID" type="s:string"/>
            <s:element minOccurs="0" maxOccurs="1" name="ClientID" type="s:string"/>
            <s:element minOccurs="0" maxOccurs="1" name="Password" type="s:string"/>
          </s:sequence>
        </s:complexType>
      </s:element>
      <s:element name="GetDealInvoicedResponse">
        <s:complexType>
          <s:sequence>
            <s:element minOccurs="0" maxOccurs="1" name="GetDealInvoicedResult" type="tns:InvoicedDeal"/>
          </s:sequence>
        </s:complexType>
      </s:element>
      <s:complexType name="InvoicedDeal">
        <s:sequence>
          <s:element minOccurs="1" maxOccurs="1" name="DealID" type="s:int"/>
          <s:element minOccurs="0" maxOccurs="1" name="DealNumber" type="s:string"/>
          <s:element minOccurs="1" maxOccurs="1" name="IsInvocied" type="s:boolean"/>
          <s:element minOccurs="0" maxOccurs="1" name="Message" type="s:string"/>
          <s:element minOccurs="0" maxOccurs="1" name="InvoicePath" type="s:string"/>
        </s:sequence>
      </s:complexType>
      <s:element name="DealInvoiced">
        <s:complexType>
          <s:sequence>
            <s:element minOccurs="0" maxOccurs="1" name="DealID" type="s:string"/>
            <s:element minOccurs="1" maxOccurs="1" name="Invoiced" type="s:boolean"/>
            <s:element minOccurs="0" maxOccurs="1" name="ClientID" type="s:string"/>
            <s:element minOccurs="0" maxOccurs="1" name="Password" type="s:string"/>
          </s:sequence>
        </s:complexType>
      </s:element>
      <s:element name="DealInvoicedResponse">
        <s:complexType>
          <s:sequence>
            <s:element minOccurs="0" maxOccurs="1" name="DealInvoicedResult" type="tns:InvoicedDeal"/>
          </s:sequence>
        </s:complexType>
      </s:element>
      <s:element name="GetErrorMessageByErrorID">
        <s:complexType>
          <s:sequence>
            <s:element minOccurs="1" maxOccurs="1" name="ErrorID" type="s:int"/>
          </s:sequence>
        </s:complexType>
      </s:element>
      <s:element name="GetErrorMessageByErrorIDResponse">
        <s:complexType>
          <s:sequence>
            <s:element minOccurs="0" maxOccurs="1" name="GetErrorMessageByErrorIDResult" type="s:string"/>
          </s:sequence>
        </s:complexType>
      </s:element>
      <s:element name="CheckCard_StringResult">
        <s:complexType>
          <s:sequence>
            <s:element minOccurs="0" maxOccurs="1" name="ClientID" type="s:string"/>
            <s:element minOccurs="0" maxOccurs="1" name="Password" type="s:string"/>
            <s:element minOccurs="0" maxOccurs="1" name="CardNumber" type="s:string"/>
            <s:element minOccurs="1" maxOccurs="1" name="Month" type="s:int"/>
            <s:element minOccurs="1" maxOccurs="1" name="Year" type="s:int"/>
            <s:element minOccurs="0" maxOccurs="1" name="TZ" type="s:string"/>
            <s:element minOccurs="0" maxOccurs="1" name="CVV" type="s:string"/>
          </s:sequence>
        </s:complexType>
      </s:element>
      <s:element name="CheckCard_StringResultResponse">
        <s:complexType>
          <s:sequence>
            <s:element minOccurs="0" maxOccurs="1" name="CheckCard_StringResultResult" type="s:string"/>
          </s:sequence>
        </s:complexType>
      </s:element>
      <s:element name="CheckCard">
        <s:complexType>
          <s:sequence>
            <s:element minOccurs="0" maxOccurs="1" name="ClientID" type="s:string"/>
            <s:element minOccurs="0" maxOccurs="1" name="Password" type="s:string"/>
            <s:element minOccurs="0" maxOccurs="1" name="CardNumber" type="s:string"/>
            <s:element minOccurs="1" maxOccurs="1" name="Month" type="s:int"/>
            <s:element minOccurs="1" maxOccurs="1" name="Year" type="s:int"/>
            <s:element minOccurs="0" maxOccurs="1" name="TZ" type="s:string"/>
            <s:element minOccurs="0" maxOccurs="1" name="CVV" type="s:string"/>
            <s:element minOccurs="0" maxOccurs="1" name="CellPhone" type="s:string"/>
            <s:element minOccurs="0" maxOccurs="1" name="OwnerName" type="s:string"/>
          </s:sequence>
        </s:complexType>
      </s:element>
      <s:element name="CheckCardResponse">
        <s:complexType>
          <s:sequence>
            <s:element minOccurs="0" maxOccurs="1" name="CheckCardResult" type="tns:CheckCardResult"/>
          </s:sequence>
        </s:complexType>
      </s:element>
      <s:complexType name="CheckCardResult">
        <s:sequence>
          <s:element minOccurs="1" maxOccurs="1" name="IsCardOK" type="s:boolean"/>
          <s:element minOccurs="0" maxOccurs="1" name="ErrorMessage" type="s:string"/>
          <s:element minOccurs="0" maxOccurs="1" name="CardName" type="s:string"/>
        </s:sequence>
      </s:complexType>
      <s:element name="ChangePassword_StringResult">
        <s:complexType>
          <s:sequence>
            <s:element minOccurs="0" maxOccurs="1" name="ClientID" type="s:string"/>
            <s:element minOccurs="0" maxOccurs="1" name="OldPassword" type="s:string"/>
            <s:element minOccurs="0" maxOccurs="1" name="NewPassword" type="s:string"/>
          </s:sequence>
        </s:complexType>
      </s:element>
      <s:element name="ChangePassword_StringResultResponse">
        <s:complexType>
          <s:sequence>
            <s:element minOccurs="0" maxOccurs="1" name="ChangePassword_StringResultResult" type="s:string"/>
          </s:sequence>
        </s:complexType>
      </s:element>
      <s:element name="ChangePassword">
        <s:complexType>
          <s:sequence>
            <s:element minOccurs="0" maxOccurs="1" name="ClientID" type="s:string"/>
            <s:element minOccurs="0" maxOccurs="1" name="OldPassword" type="s:string"/>
            <s:element minOccurs="0" maxOccurs="1" name="NewPassword" type="s:string"/>
          </s:sequence>
        </s:complexType>
      </s:element>
      <s:element name="ChangePasswordResponse">
        <s:complexType>
          <s:sequence>
            <s:element minOccurs="0" maxOccurs="1" name="ChangePasswordResult" type="tns:InvokeResult"/>
          </s:sequence>
        </s:complexType>
      </s:element>
      <s:element name="TransmitDeals">
        <s:complexType>
          <s:sequence>
            <s:element minOccurs="0" maxOccurs="1" name="ClientID" type="s:string"/>
            <s:element minOccurs="0" maxOccurs="1" name="Password" type="s:string"/>
          </s:sequence>
        </s:complexType>
      </s:element>
      <s:element name="TransmitDealsResponse">
        <s:complexType>
          <s:sequence>
            <s:element minOccurs="0" maxOccurs="1" name="TransmitDealsResult" type="s:string"/>
          </s:sequence>
        </s:complexType>
      </s:element>
      <s:element name="CreateForm_PCI">
        <s:complexType>
          <s:sequence>
            <s:element minOccurs="0" maxOccurs="1" name="RedirectToken" type="s:string"/>
            <s:element minOccurs="0" maxOccurs="1" name="Sum" type="s:string"/>
            <s:element minOccurs="0" maxOccurs="1" name="MType" type="s:string"/>
            <s:element minOccurs="0" maxOccurs="1" name="StateData" type="s:string"/>
            <s:element minOccurs="0" maxOccurs="1" name="MinPayments" type="s:string"/>
            <s:element minOccurs="0" maxOccurs="1" name="MaxPayments" type="s:string"/>
            <s:element minOccurs="0" maxOccurs="1" name="noCredit" type="s:string"/>
            <s:element minOccurs="0" maxOccurs="1" name="minCreditPayments" type="s:string"/>
            <s:element minOccurs="0" maxOccurs="1" name="maxCreditPayments" type="s:string"/>
            <s:element minOccurs="0" maxOccurs="1" name="note" type="s:string"/>
            <s:element minOccurs="0" maxOccurs="1" name="externalID" type="s:string"/>
            <s:element minOccurs="0" maxOccurs="1" name="products" type="s:string"/>
            <s:element minOccurs="0" maxOccurs="1" name="returnURL" type="s:string"/>
            <s:element minOccurs="0" maxOccurs="1" name="createToken" type="s:string"/>
            <s:element minOccurs="0" maxOccurs="1" name="token" type="s:string"/>
            <s:element minOccurs="0" maxOccurs="1" name="hideEmail" type="s:string"/>
            <s:element minOccurs="0" maxOccurs="1" name="mandMail" type="s:string"/>
            <s:element minOccurs="0" maxOccurs="1" name="mandName" type="s:string"/>
            <s:element minOccurs="0" maxOccurs="1" name="mandCell" type="s:string"/>
            <s:element minOccurs="0" maxOccurs="1" name="returnURLFalse" type="s:string"/>
            <s:element minOccurs="0" maxOccurs="1" name="dealType" type="s:string"/>
            <s:element minOccurs="0" maxOccurs="1" name="ownerName" type="s:string"/>
            <s:element minOccurs="0" maxOccurs="1" name="ownerCell" type="s:string"/>
            <s:element minOccurs="0" maxOccurs="1" name="ownerMail" type="s:string"/>
            <s:element minOccurs="0" maxOccurs="1" name="MinPaymentsWithCommission" type="s:string"/>
            <s:element minOccurs="0" maxOccurs="1" name="MaxPaymentsWithCommission" type="s:string"/>
            <s:element minOccurs="0" maxOccurs="1" name="ReturnIndexTrue" type="s:string"/>
          </s:sequence>
        </s:complexType>
      </s:element>
      <s:element name="CreateForm_PCIResponse">
        <s:complexType>
          <s:sequence>
            <s:element minOccurs="0" maxOccurs="1" name="CreateForm_PCIResult" type="s:string"/>
          </s:sequence>
        </s:complexType>
      </s:element>
      <s:element name="CreateForm_PCI_Advance">
        <s:complexType>
          <s:sequence>
            <s:element minOccurs="0" maxOccurs="1" name="RedirectToken" type="s:string"/>
            <s:element minOccurs="0" maxOccurs="1" name="Sum" type="s:string"/>
            <s:element minOccurs="0" maxOccurs="1" name="MType" type="s:string"/>
            <s:element minOccurs="0" maxOccurs="1" name="StateData" type="s:string"/>
            <s:element minOccurs="0" maxOccurs="1" name="MinPayments" type="s:string"/>
            <s:element minOccurs="0" maxOccurs="1" name="MaxPayments" type="s:string"/>
            <s:element minOccurs="0" maxOccurs="1" name="noCredit" type="s:string"/>
            <s:element minOccurs="0" maxOccurs="1" name="minCreditPayments" type="s:string"/>
            <s:element minOccurs="0" maxOccurs="1" name="maxCreditPayments" type="s:string"/>
            <s:element minOccurs="0" maxOccurs="1" name="note" type="s:string"/>
            <s:element minOccurs="0" maxOccurs="1" name="externalID" type="s:string"/>
            <s:element minOccurs="0" maxOccurs="1" name="products" type="s:string"/>
            <s:element minOccurs="0" maxOccurs="1" name="returnURL" type="s:string"/>
            <s:element minOccurs="0" maxOccurs="1" name="createToken" type="s:string"/>
            <s:element minOccurs="0" maxOccurs="1" name="token" type="s:string"/>
            <s:element minOccurs="0" maxOccurs="1" name="hideEmail" type="s:string"/>
            <s:element minOccurs="0" maxOccurs="1" name="mandMail" type="s:string"/>
            <s:element minOccurs="0" maxOccurs="1" name="mandName" type="s:string"/>
            <s:element minOccurs="0" maxOccurs="1" name="mandCell" type="s:string"/>
            <s:element minOccurs="0" maxOccurs="1" name="returnURLFalse" type="s:string"/>
            <s:element minOccurs="0" maxOccurs="1" name="dealType" type="s:string"/>
            <s:element minOccurs="0" maxOccurs="1" name="ownerName" type="s:string"/>
            <s:element minOccurs="0" maxOccurs="1" name="ownerCell" type="s:string"/>
            <s:element minOccurs="0" maxOccurs="1" name="ownerMail" type="s:string"/>
            <s:element minOccurs="0" maxOccurs="1" name="MinPaymentsWithCommission" type="s:string"/>
            <s:element minOccurs="0" maxOccurs="1" name="MaxPaymentsWithCommission" type="s:string"/>
            <s:element minOccurs="0" maxOccurs="1" name="ReturnIndexTrue" type="s:string"/>
            <s:element minOccurs="0" maxOccurs="1" name="DoDeal" type="s:string"/>
          </s:sequence>
        </s:complexType>
      </s:element>
      <s:element name="CreateForm_PCI_AdvanceResponse">
        <s:complexType>
          <s:sequence>
            <s:element minOccurs="0" maxOccurs="1" name="CreateForm_PCI_AdvanceResult" type="s:string"/>
          </s:sequence>
        </s:complexType>
      </s:element>
      <s:element name="CreateForm">
        <s:complexType>
          <s:sequence>
            <s:element minOccurs="0" maxOccurs="1" name="ClientID" type="s:string"/>
            <s:element minOccurs="0" maxOccurs="1" name="Password" type="s:string"/>
            <s:element minOccurs="0" maxOccurs="1" name="Sum" type="s:string"/>
            <s:element minOccurs="0" maxOccurs="1" name="MType" type="s:string"/>
            <s:element minOccurs="0" maxOccurs="1" name="StateData" type="s:string"/>
            <s:element minOccurs="0" maxOccurs="1" name="MinPayments" type="s:string"/>
            <s:element minOccurs="0" maxOccurs="1" name="MaxPayments" type="s:string"/>
            <s:element minOccurs="0" maxOccurs="1" name="noCredit" type="s:string"/>
            <s:element minOccurs="0" maxOccurs="1" name="minCreditPayments" type="s:string"/>
            <s:element minOccurs="0" maxOccurs="1" name="maxCreditPayments" type="s:string"/>
            <s:element minOccurs="0" maxOccurs="1" name="note" type="s:string"/>
            <s:element minOccurs="0" maxOccurs="1" name="externalID" type="s:string"/>
            <s:element minOccurs="0" maxOccurs="1" name="products" type="s:string"/>
            <s:element minOccurs="0" maxOccurs="1" name="returnURL" type="s:string"/>
            <s:element minOccurs="0" maxOccurs="1" name="createToken" type="s:string"/>
            <s:element minOccurs="0" maxOccurs="1" name="token" type="s:string"/>
            <s:element minOccurs="0" maxOccurs="1" name="hideEmail" type="s:string"/>
            <s:element minOccurs="0" maxOccurs="1" name="mandMail" type="s:string"/>
            <s:element minOccurs="0" maxOccurs="1" name="mandName" type="s:string"/>
            <s:element minOccurs="0" maxOccurs="1" name="mandCell" type="s:string"/>
            <s:element minOccurs="0" maxOccurs="1" name="returnURLFalse" type="s:string"/>
            <s:element minOccurs="0" maxOccurs="1" name="dealType" type="s:string"/>
            <s:element minOccurs="0" maxOccurs="1" name="ownerName" type="s:string"/>
            <s:element minOccurs="0" maxOccurs="1" name="ownerCell" type="s:string"/>
            <s:element minOccurs="0" maxOccurs="1" name="ownerMail" type="s:string"/>
            <s:element minOccurs="0" maxOccurs="1" name="MinPaymentsWithCommission" type="s:string"/>
            <s:element minOccurs="0" maxOccurs="1" name="MaxPaymentsWithCommission" type="s:string"/>
            <s:element minOccurs="0" maxOccurs="1" name="ReturnIndexTrue" type="s:string"/>
          </s:sequence>
        </s:complexType>
      </s:element>
      <s:element name="CreateFormResponse">
        <s:complexType>
          <s:sequence>
            <s:element minOccurs="0" maxOccurs="1" name="CreateFormResult" type="s:string"/>
          </s:sequence>
        </s:complexType>
      </s:element>
      <s:element name="ValidateDealWithID">
        <s:complexType>
          <s:sequence>
            <s:element minOccurs="0" maxOccurs="1" name="cashierID" type="s:string"/>
            <s:element minOccurs="0" maxOccurs="1" name="token" type="s:string"/>
            <s:element minOccurs="0" maxOccurs="1" name="ClientID" type="s:string"/>
          </s:sequence>
        </s:complexType>
      </s:element>
      <s:element name="ValidateDealWithIDResponse">
        <s:complexType>
          <s:sequence>
            <s:element minOccurs="0" maxOccurs="1" name="ValidateDealWithIDResult" type="s:string"/>
          </s:sequence>
        </s:complexType>
      </s:element>
      <s:element name="ValidateDeal">
        <s:complexType>
          <s:sequence>
            <s:element minOccurs="0" maxOccurs="1" name="cashierID" type="s:string"/>
            <s:element minOccurs="0" maxOccurs="1" name="token" type="s:string"/>
          </s:sequence>
        </s:complexType>
      </s:element>
      <s:element name="ValidateDealResponse">
        <s:complexType>
          <s:sequence>
            <s:element minOccurs="0" maxOccurs="1" name="ValidateDealResult" type="s:string"/>
          </s:sequence>
        </s:complexType>
      </s:element>
      <s:element name="GetNewToken">
        <s:complexType>
          <s:sequence>
            <s:element minOccurs="0" maxOccurs="1" name="ClientID" type="s:string"/>
            <s:element minOccurs="0" maxOccurs="1" name="Password" type="s:string"/>
            <s:element minOccurs="0" maxOccurs="1" name="EcPwd" type="s:string"/>
            <s:element minOccurs="0" maxOccurs="1" name="CardNumber" type="s:string"/>
            <s:element minOccurs="0" maxOccurs="1" name="ValMonth" type="s:string"/>
            <s:element minOccurs="0" maxOccurs="1" name="ValYear" type="s:string"/>
            <s:element minOccurs="0" maxOccurs="1" name="TZ" type="s:string"/>
            <s:element minOccurs="0" maxOccurs="1" name="CVV2" type="s:string"/>
            <s:element minOccurs="0" maxOccurs="1" name="OwnerName" type="s:string"/>
            <s:element minOccurs="0" maxOccurs="1" name="Note" type="s:string"/>
          </s:sequence>
        </s:complexType>
      </s:element>
      <s:element name="GetNewTokenResponse">
        <s:complexType>
          <s:sequence>
            <s:element minOccurs="0" maxOccurs="1" name="GetNewTokenResult" type="s:string"/>
          </s:sequence>
        </s:complexType>
      </s:element>
      <s:element name="GetNewTokenWithMagneticStrip">
        <s:complexType>
          <s:sequence>
            <s:element minOccurs="0" maxOccurs="1" name="ClientID" type="s:string"/>
            <s:element minOccurs="0" maxOccurs="1" name="Password" type="s:string"/>
            <s:element minOccurs="0" maxOccurs="1" name="EcPwd" type="s:string"/>
            <s:element minOccurs="0" maxOccurs="1" name="MagneticStrip" type="s:string"/>
            <s:element minOccurs="0" maxOccurs="1" name="TZ" type="s:string"/>
            <s:element minOccurs="0" maxOccurs="1" name="CVV2" type="s:string"/>
            <s:element minOccurs="0" maxOccurs="1" name="OwnerName" type="s:string"/>
            <s:element minOccurs="0" maxOccurs="1" name="Note" type="s:string"/>
          </s:sequence>
        </s:complexType>
      </s:element>
      <s:element name="GetNewTokenWithMagneticStripResponse">
        <s:complexType>
          <s:sequence>
            <s:element minOccurs="0" maxOccurs="1" name="GetNewTokenWithMagneticStripResult" type="s:string"/>
          </s:sequence>
        </s:complexType>
      </s:element>
      <s:element name="UpdateToken">
        <s:complexType>
          <s:sequence>
            <s:element minOccurs="0" maxOccurs="1" name="ClientID" type="s:string"/>
            <s:element minOccurs="0" maxOccurs="1" name="Password" type="s:string"/>
            <s:element minOccurs="0" maxOccurs="1" name="EcPwd" type="s:string"/>
            <s:element minOccurs="0" maxOccurs="1" name="CardNumber" type="s:string"/>
            <s:element minOccurs="0" maxOccurs="1" name="ValMonth" type="s:string"/>
            <s:element minOccurs="0" maxOccurs="1" name="ValYear" type="s:string"/>
            <s:element minOccurs="0" maxOccurs="1" name="TZ" type="s:string"/>
            <s:element minOccurs="0" maxOccurs="1" name="CVV2" type="s:string"/>
            <s:element minOccurs="0" maxOccurs="1" name="OwnerName" type="s:string"/>
            <s:element minOccurs="0" maxOccurs="1" name="Note" type="s:string"/>
            <s:element minOccurs="0" maxOccurs="1" name="Token" type="s:string"/>
          </s:sequence>
        </s:complexType>
      </s:element>
      <s:element name="UpdateTokenResponse">
        <s:complexType>
          <s:sequence>
            <s:element minOccurs="0" maxOccurs="1" name="UpdateTokenResult" type="s:string"/>
          </s:sequence>
        </s:complexType>
      </s:element>
      <s:element name="DoDealJ5WithToken">
        <s:complexType>
          <s:sequence>
            <s:element minOccurs="0" maxOccurs="1" name="ClientID" type="s:string"/>
            <s:element minOccurs="0" maxOccurs="1" name="Password" type="s:string"/>
            <s:element minOccurs="0" maxOccurs="1" name="EcPwd" type="s:string"/>
            <s:element minOccurs="0" maxOccurs="1" name="ActionMethod" type="s:string"/>
            <s:element minOccurs="0" maxOccurs="1" name="TotalSum" type="s:string"/>
            <s:element minOccurs="0" maxOccurs="1" name="PayNumber" type="s:string"/>
            <s:element minOccurs="0" maxOccurs="1" name="FirstPay" type="s:string"/>
            <s:element minOccurs="0" maxOccurs="1" name="AddPay" type="s:string"/>
            <s:element minOccurs="0" maxOccurs="1" name="MType" type="s:string"/>
            <s:element minOccurs="0" maxOccurs="1" name="Opt" type="s:string"/>
            <s:element minOccurs="0" maxOccurs="1" name="Note" type="s:string"/>
            <s:element minOccurs="0" maxOccurs="1" name="ExternalID" type="s:string"/>
            <s:element minOccurs="0" maxOccurs="1" name="Token" type="s:string"/>
            <s:element minOccurs="0" maxOccurs="1" name="OwnerName" type="s:string"/>
            <s:element minOccurs="0" maxOccurs="1" name="CellPhone" type="s:string"/>
            <s:element minOccurs="0" maxOccurs="1" name="Email" type="s:string"/>
          </s:sequence>
        </s:complexType>
      </s:element>
      <s:element name="DoDealJ5WithTokenResponse">
        <s:complexType>
          <s:sequence>
            <s:element minOccurs="0" maxOccurs="1" name="DoDealJ5WithTokenResult" type="s:string"/>
          </s:sequence>
        </s:complexType>
      </s:element>
      <s:element name="DoDealWithToken">
        <s:complexType>
          <s:sequence>
            <s:element minOccurs="0" maxOccurs="1" name="ClientID" type="s:string"/>
            <s:element minOccurs="0" maxOccurs="1" name="Password" type="s:string"/>
            <s:element minOccurs="0" maxOccurs="1" name="EcPwd" type="s:string"/>
            <s:element minOccurs="0" maxOccurs="1" name="ActionMethod" type="s:string"/>
            <s:element minOccurs="0" maxOccurs="1" name="TotalSum" type="s:string"/>
            <s:element minOccurs="0" maxOccurs="1" name="PayNumber" type="s:string"/>
            <s:element minOccurs="0" maxOccurs="1" name="FirstPay" type="s:string"/>
            <s:element minOccurs="0" maxOccurs="1" name="AddPay" type="s:string"/>
            <s:element minOccurs="0" maxOccurs="1" name="DealType" type="s:string"/>
            <s:element minOccurs="0" maxOccurs="1" name="MType" type="s:string"/>
            <s:element minOccurs="0" maxOccurs="1" name="Opt" type="s:string"/>
            <s:element minOccurs="0" maxOccurs="1" name="Note" type="s:string"/>
            <s:element minOccurs="0" maxOccurs="1" name="ExternalID" type="s:string"/>
            <s:element minOccurs="0" maxOccurs="1" name="Token" type="s:string"/>
            <s:element minOccurs="0" maxOccurs="1" name="OwnerName" type="s:string"/>
          </s:sequence>
        </s:complexType>
      </s:element>
      <s:element name="DoDealWithTokenResponse">
        <s:complexType>
          <s:sequence>
            <s:element minOccurs="0" maxOccurs="1" name="DoDealWithTokenResult" type="s:string"/>
          </s:sequence>
        </s:complexType>
      </s:element>
      <s:element name="DoDealWithProducts">
        <s:complexType>
          <s:sequence>
            <s:element minOccurs="0" maxOccurs="1" name="ClientID" type="s:string"/>
            <s:element minOccurs="0" maxOccurs="1" name="Password" type="s:string"/>
            <s:element minOccurs="0" maxOccurs="1" name="ActionMethod" type="s:string"/>
            <s:element minOccurs="0" maxOccurs="1" name="TotalSum" type="s:string"/>
            <s:element minOccurs="0" maxOccurs="1" name="PayNumber" type="s:string"/>
            <s:element minOccurs="0" maxOccurs="1" name="FirstPay" type="s:string"/>
            <s:element minOccurs="0" maxOccurs="1" name="AddPay" type="s:string"/>
            <s:element minOccurs="0" maxOccurs="1" name="DealType" type="s:string"/>
            <s:element minOccurs="0" maxOccurs="1" name="MType" type="s:string"/>
            <s:element minOccurs="0" maxOccurs="1" name="Opt" type="s:string"/>
            <s:element minOccurs="0" maxOccurs="1" name="Note" type="s:string"/>
            <s:element minOccurs="0" maxOccurs="1" name="ExternalID" type="s:string"/>
            <s:element minOccurs="0" maxOccurs="1" name="Token" type="s:string"/>
            <s:element minOccurs="0" maxOccurs="1" name="CardNumber" type="s:string"/>
            <s:element minOccurs="0" maxOccurs="1" name="ValMonth" type="s:string"/>
            <s:element minOccurs="0" maxOccurs="1" name="ValYear" type="s:string"/>
            <s:element minOccurs="0" maxOccurs="1" name="OwnerName" type="s:string"/>
            <s:element minOccurs="0" maxOccurs="1" name="TZ" type="s:string"/>
            <s:element minOccurs="0" maxOccurs="1" name="CVV2" type="s:string"/>
            <s:element minOccurs="0" maxOccurs="1" name="JsonProductsList" type="s:string"/>
            <s:element minOccurs="0" maxOccurs="1" name="CostumerAddress" type="s:string"/>
            <s:element minOccurs="0" maxOccurs="1" name="CostumerPostalCode" type="s:string"/>
            <s:element minOccurs="0" maxOccurs="1" name="CostumerEmail" type="s:string"/>
            <s:element minOccurs="0" maxOccurs="1" name="CostumerPhomeNumber" type="s:string"/>
          </s:sequence>
        </s:complexType>
      </s:element>
      <s:element name="DoDealWithProductsResponse">
        <s:complexType>
          <s:sequence>
            <s:element minOccurs="0" maxOccurs="1" name="DoDealWithProductsResult" type="s:string"/>
          </s:sequence>
        </s:complexType>
      </s:element>
      <s:element name="GetMagStripInfo">
        <s:complexType>
          <s:sequence>
            <s:element minOccurs="0" maxOccurs="1" name="ClientID" type="s:string"/>
            <s:element minOccurs="0" maxOccurs="1" name="Password" type="s:string"/>
            <s:element minOccurs="0" maxOccurs="1" name="MagStrip" type="s:string"/>
          </s:sequence>
        </s:complexType>
      </s:element>
      <s:element name="GetMagStripInfoResponse">
        <s:complexType>
          <s:sequence>
            <s:element minOccurs="0" maxOccurs="1" name="GetMagStripInfoResult" type="s:string"/>
          </s:sequence>
        </s:complexType>
      </s:element>
      <s:element name="GetTokenFullData_StringResult">
        <s:complexType>
          <s:sequence>
            <s:element minOccurs="0" maxOccurs="1" name="ClientID" type="s:string"/>
            <s:element minOccurs="0" maxOccurs="1" name="Password" type="s:string"/>
            <s:element minOccurs="0" maxOccurs="1" name="EcPwd" type="s:string"/>
            <s:element minOccurs="0" maxOccurs="1" name="Token" type="s:string"/>
          </s:sequence>
        </s:complexType>
      </s:element>
      <s:element name="GetTokenFullData_StringResultResponse">
        <s:complexType>
          <s:sequence>
            <s:element minOccurs="0" maxOccurs="1" name="GetTokenFullData_StringResultResult" type="s:string"/>
          </s:sequence>
        </s:complexType>
      </s:element>
      <s:element name="GetTokenFullData">
        <s:complexType>
          <s:sequence>
            <s:element minOccurs="0" maxOccurs="1" name="ClientID" type="s:string"/>
            <s:element minOccurs="0" maxOccurs="1" name="Password" type="s:string"/>
            <s:element minOccurs="0" maxOccurs="1" name="EcPwd" type="s:string"/>
            <s:element minOccurs="0" maxOccurs="1" name="Token" type="s:string"/>
          </s:sequence>
        </s:complexType>
      </s:element>
      <s:element name="GetTokenFullDataResponse">
        <s:complexType>
          <s:sequence>
            <s:element minOccurs="0" maxOccurs="1" name="GetTokenFullDataResult">
              <s:complexType>
                <s:sequence>
                  <s:any/>
                </s:sequence>
              </s:complexType>
            </s:element>
          </s:sequence>
        </s:complexType>
      </s:element>
      <s:element name="GetTokenInfo_StringResult">
        <s:complexType>
          <s:sequence>
            <s:element minOccurs="0" maxOccurs="1" name="ClientID" type="s:string"/>
            <s:element minOccurs="0" maxOccurs="1" name="Password" type="s:string"/>
            <s:element minOccurs="0" maxOccurs="1" name="EcPwd" type="s:string"/>
            <s:element minOccurs="0" maxOccurs="1" name="Token" type="s:string"/>
          </s:sequence>
        </s:complexType>
      </s:element>
      <s:element name="GetTokenInfo_StringResultResponse">
        <s:complexType>
          <s:sequence>
            <s:element minOccurs="0" maxOccurs="1" name="GetTokenInfo_StringResultResult" type="s:string"/>
          </s:sequence>
        </s:complexType>
      </s:element>
      <s:element name="GetTokenInfo">
        <s:complexType>
          <s:sequence>
            <s:element minOccurs="0" maxOccurs="1" name="ClientID" type="s:string"/>
            <s:element minOccurs="0" maxOccurs="1" name="Password" type="s:string"/>
            <s:element minOccurs="0" maxOccurs="1" name="EcPwd" type="s:string"/>
            <s:element minOccurs="0" maxOccurs="1" name="Token" type="s:string"/>
          </s:sequence>
        </s:complexType>
      </s:element>
      <s:element name="GetTokenInfoResponse">
        <s:complexType>
          <s:sequence>
            <s:element minOccurs="0" maxOccurs="1" name="GetTokenInfoResult">
              <s:complexType>
                <s:sequence>
                  <s:any/>
                </s:sequence>
              </s:complexType>
            </s:element>
          </s:sequence>
        </s:complexType>
      </s:element>
      <s:element name="DeleteToken">
        <s:complexType>
          <s:sequence>
            <s:element minOccurs="0" maxOccurs="1" name="ClientID" type="s:string"/>
            <s:element minOccurs="0" maxOccurs="1" name="Password" type="s:string"/>
            <s:element minOccurs="0" maxOccurs="1" name="EcPwd" type="s:string"/>
            <s:element minOccurs="0" maxOccurs="1" name="Token" type="s:string"/>
          </s:sequence>
        </s:complexType>
      </s:element>
      <s:element name="DeleteTokenResponse">
        <s:complexType>
          <s:sequence>
            <s:element minOccurs="0" maxOccurs="1" name="DeleteTokenResult" type="s:string"/>
          </s:sequence>
        </s:complexType>
      </s:element>
      <s:element name="IsValidToken">
        <s:complexType>
          <s:sequence>
            <s:element minOccurs="0" maxOccurs="1" name="ClientID" type="s:string"/>
            <s:element minOccurs="0" maxOccurs="1" name="Password" type="s:string"/>
            <s:element minOccurs="0" maxOccurs="1" name="EcPwd" type="s:string"/>
            <s:element minOccurs="0" maxOccurs="1" name="Token" type="s:string"/>
          </s:sequence>
        </s:complexType>
      </s:element>
      <s:element name="IsValidTokenResponse">
        <s:complexType>
          <s:sequence>
            <s:element minOccurs="0" maxOccurs="1" name="IsValidTokenResult" type="s:string"/>
          </s:sequence>
        </s:complexType>
      </s:element>
      <s:element name="IsECInvoiceClient">
        <s:complexType>
          <s:sequence>
            <s:element minOccurs="0" maxOccurs="1" name="clientID" type="s:string"/>
            <s:element minOccurs="0" maxOccurs="1" name="pass" type="s:string"/>
          </s:sequence>
        </s:complexType>
      </s:element>
      <s:element name="IsECInvoiceClientResponse">
        <s:complexType>
          <s:sequence>
            <s:element minOccurs="1" maxOccurs="1" name="IsECInvoiceClientResult" type="s:boolean"/>
          </s:sequence>
        </s:complexType>
      </s:element>
      <s:element name="ProduceECInvoiceDocument">
        <s:complexType>
          <s:sequence>
            <s:element minOccurs="0" maxOccurs="1" name="ClientID" type="s:string"/>
            <s:element minOccurs="0" maxOccurs="1" name="Password" type="s:string"/>
            <s:element minOccurs="0" maxOccurs="1" name="DocType" type="s:string"/>
            <s:element minOccurs="0" maxOccurs="1" name="Name" type="s:string"/>
            <s:element minOccurs="0" maxOccurs="1" name="Address" type="s:string"/>
            <s:element minOccurs="0" maxOccurs="1" name="Phone" type="s:string"/>
            <s:element minOccurs="0" maxOccurs="1" name="Identity" type="s:string"/>
            <s:element minOccurs="0" maxOccurs="1" name="EMail" type="s:string"/>
            <s:element minOccurs="0" maxOccurs="1" name="TotalSum" type="s:string"/>
            <s:element minOccurs="0" maxOccurs="1" name="Payment_Method" type="s:string"/>
            <s:element minOccurs="0" maxOccurs="1" name="Payment_CreditCardType" type="s:string"/>
            <s:element minOccurs="0" maxOccurs="1" name="Payment_Last4Digits" type="s:string"/>
            <s:element minOccurs="0" maxOccurs="1" name="Payment_NumOfPayments" type="s:string"/>
            <s:element minOccurs="0" maxOccurs="1" name="Payment_FirstPayment" type="s:string"/>
            <s:element minOccurs="0" maxOccurs="1" name="Payment_AddPayments" type="s:string"/>
            <s:element minOccurs="0" maxOccurs="1" name="Payment_ChequeBank" type="s:string"/>
            <s:element minOccurs="0" maxOccurs="1" name="Payment_ChequeBranch" type="s:string"/>
            <s:element minOccurs="0" maxOccurs="1" name="Payment_ChequeAccount" type="s:string"/>
            <s:element minOccurs="0" maxOccurs="1" name="ProductsJson" type="s:string"/>
            <s:element minOccurs="0" maxOccurs="1" name="MType" type="s:string"/>
          </s:sequence>
        </s:complexType>
      </s:element>
      <s:element name="ProduceECInvoiceDocumentResponse">
        <s:complexType>
          <s:sequence>
            <s:element minOccurs="0" maxOccurs="1" name="ProduceECInvoiceDocumentResult" type="s:string"/>
          </s:sequence>
        </s:complexType>
      </s:element>
      <s:element name="ProduceECInvoiceDocumentPerDeal">
        <s:complexType>
          <s:sequence>
            <s:element minOccurs="0" maxOccurs="1" name="ClientID" type="s:string"/>
            <s:element minOccurs="0" maxOccurs="1" name="Password" type="s:string"/>
            <s:element minOccurs="0" maxOccurs="1" name="DocType" type="s:string"/>
            <s:element minOccurs="0" maxOccurs="1" name="Name" type="s:string"/>
            <s:element minOccurs="0" maxOccurs="1" name="Address" type="s:string"/>
            <s:element minOccurs="0" maxOccurs="1" name="Phone" type="s:string"/>
            <s:element minOccurs="0" maxOccurs="1" name="Identity" type="s:string"/>
            <s:element minOccurs="0" maxOccurs="1" name="EMail" type="s:string"/>
            <s:element minOccurs="0" maxOccurs="1" name="TotalSum" type="s:string"/>
            <s:element minOccurs="0" maxOccurs="1" name="Payment_Method" type="s:string"/>
            <s:element minOccurs="0" maxOccurs="1" name="Payment_CreditCardType" type="s:string"/>
            <s:element minOccurs="0" maxOccurs="1" name="Payment_Last4Digits" type="s:string"/>
            <s:element minOccurs="0" maxOccurs="1" name="Payment_NumOfPayments" type="s:string"/>
            <s:element minOccurs="0" maxOccurs="1" name="Payment_FirstPayment" type="s:string"/>
            <s:element minOccurs="0" maxOccurs="1" name="Payment_AddPayments" type="s:string"/>
            <s:element minOccurs="0" maxOccurs="1" name="Payment_ChequeBank" type="s:string"/>
            <s:element minOccurs="0" maxOccurs="1" name="Payment_ChequeBranch" type="s:string"/>
            <s:element minOccurs="0" maxOccurs="1" name="Payment_ChequeAccount" type="s:string"/>
            <s:element minOccurs="0" maxOccurs="1" name="ProductsJson" type="s:string"/>
            <s:element minOccurs="0" maxOccurs="1" name="MType" type="s:string"/>
            <s:element minOccurs="0" maxOccurs="1" name="DealID" type="s:string"/>
          </s:sequence>
        </s:complexType>
      </s:element>
      <s:element name="ProduceECInvoiceDocumentPerDealResponse">
        <s:complexType>
          <s:sequence>
            <s:element minOccurs="0" maxOccurs="1" name="ProduceECInvoiceDocumentPerDealResult" type="s:string"/>
          </s:sequence>
        </s:complexType>
      </s:element>
      <s:element name="GetTerminalType">
        <s:complexType>
          <s:sequence>
            <s:element minOccurs="0" maxOccurs="1" name="clientID" type="s:string"/>
            <s:element minOccurs="0" maxOccurs="1" name="pass" type="s:string"/>
          </s:sequence>
        </s:complexType>
      </s:element>
      <s:element name="GetTerminalTypeResponse">
        <s:complexType>
          <s:sequence>
            <s:element minOccurs="0" maxOccurs="1" name="GetTerminalTypeResult" type="s:string"/>
          </s:sequence>
        </s:complexType>
      </s:element>
    </s:schema>
  </wsdl:types>
  <wsdl:message name="LoginSoapIn">
    <wsdl:part name="parameters" element="tns:Login"/>
  </wsdl:message>
  <wsdl:message name="LoginSoapOut">
    <wsdl:part name="parameters" element="tns:LoginResponse"/>
  </wsdl:message>
  <wsdl:message name="RunAddRecordsToSuccessDealsSoapIn">
    <wsdl:part name="parameters" element="tns:RunAddRecordsToSuccessDeals"/>
  </wsdl:message>
  <wsdl:message name="RunAddRecordsToSuccessDealsSoapOut">
    <wsdl:part name="parameters" element="tns:RunAddRecordsToSuccessDealsResponse"/>
  </wsdl:message>
  <wsdl:message name="LoginExtended_StringResultSoapIn">
    <wsdl:part name="parameters" element="tns:LoginExtended_StringResult"/>
  </wsdl:message>
  <wsdl:message name="LoginExtended_StringResultSoapOut">
    <wsdl:part name="parameters" element="tns:LoginExtended_StringResultResponse"/>
  </wsdl:message>
  <wsdl:message name="LoginExtendedSoapIn">
    <wsdl:part name="parameters" element="tns:LoginExtended"/>
  </wsdl:message>
  <wsdl:message name="LoginExtendedSoapOut">
    <wsdl:part name="parameters" element="tns:LoginExtendedResponse"/>
  </wsdl:message>
  <wsdl:message name="LoginMobileSoapIn">
    <wsdl:part name="parameters" element="tns:LoginMobile"/>
  </wsdl:message>
  <wsdl:message name="LoginMobileSoapOut">
    <wsdl:part name="parameters" element="tns:LoginMobileResponse"/>
  </wsdl:message>
  <wsdl:message name="DoDealWithExternalIDSoapIn">
    <wsdl:part name="parameters" element="tns:DoDealWithExternalID"/>
  </wsdl:message>
  <wsdl:message name="DoDealWithExternalIDSoapOut">
    <wsdl:part name="parameters" element="tns:DoDealWithExternalIDResponse"/>
  </wsdl:message>
  <wsdl:message name="DoDealSoapIn">
    <wsdl:part name="parameters" element="tns:DoDeal"/>
  </wsdl:message>
  <wsdl:message name="DoDealSoapOut">
    <wsdl:part name="parameters" element="tns:DoDealResponse"/>
  </wsdl:message>
  <wsdl:message name="DoDealPinPadSoapIn">
    <wsdl:part name="parameters" element="tns:DoDealPinPad"/>
  </wsdl:message>
  <wsdl:message name="DoDealPinPadSoapOut">
    <wsdl:part name="parameters" element="tns:DoDealPinPadResponse"/>
  </wsdl:message>
  <wsdl:message name="DoDealOldExtSoapIn">
    <wsdl:part name="parameters" element="tns:DoDealOldExt"/>
  </wsdl:message>
  <wsdl:message name="DoDealOldExtSoapOut">
    <wsdl:part name="parameters" element="tns:DoDealOldExtResponse"/>
  </wsdl:message>
  <wsdl:message name="DoDealExtSoapIn">
    <wsdl:part name="parameters" element="tns:DoDealExt"/>
  </wsdl:message>
  <wsdl:message name="DoDealExtSoapOut">
    <wsdl:part name="parameters" element="tns:DoDealExtResponse"/>
  </wsdl:message>
  <wsdl:message name="DoDealUserCodeWithTokenExtSoapIn">
    <wsdl:part name="parameters" element="tns:DoDealUserCodeWithTokenExt"/>
  </wsdl:message>
  <wsdl:message name="DoDealUserCodeWithTokenExtSoapOut">
    <wsdl:part name="parameters" element="tns:DoDealUserCodeWithTokenExtResponse"/>
  </wsdl:message>
  <wsdl:message name="DoDealWithTokenExtSoapIn">
    <wsdl:part name="parameters" element="tns:DoDealWithTokenExt"/>
  </wsdl:message>
  <wsdl:message name="DoDealWithTokenExtSoapOut">
    <wsdl:part name="parameters" element="tns:DoDealWithTokenExtResponse"/>
  </wsdl:message>
  <wsdl:message name="GetDealHistoryAuthToken_StringResultSoapIn">
    <wsdl:part name="parameters" element="tns:GetDealHistoryAuthToken_StringResult"/>
  </wsdl:message>
  <wsdl:message name="GetDealHistoryAuthToken_StringResultSoapOut">
    <wsdl:part name="parameters" element="tns:GetDealHistoryAuthToken_StringResultResponse"/>
  </wsdl:message>
  <wsdl:message name="GetDealHistoryAuthTokenSoapIn">
    <wsdl:part name="parameters" element="tns:GetDealHistoryAuthToken"/>
  </wsdl:message>
  <wsdl:message name="GetDealHistoryAuthTokenSoapOut">
    <wsdl:part name="parameters" element="tns:GetDealHistoryAuthTokenResponse"/>
  </wsdl:message>
  <wsdl:message name="GetDealHistory_StringResultSoapIn">
    <wsdl:part name="parameters" element="tns:GetDealHistory_StringResult"/>
  </wsdl:message>
  <wsdl:message name="GetDealHistory_StringResultSoapOut">
    <wsdl:part name="parameters" element="tns:GetDealHistory_StringResultResponse"/>
  </wsdl:message>
  <wsdl:message name="GetDealHistorySoapIn">
    <wsdl:part name="parameters" element="tns:GetDealHistory"/>
  </wsdl:message>
  <wsdl:message name="GetDealHistorySoapOut">
    <wsdl:part name="parameters" element="tns:GetDealHistoryResponse"/>
  </wsdl:message>
  <wsdl:message name="GetTransNumberSoapIn">
    <wsdl:part name="parameters" element="tns:GetTransNumber"/>
  </wsdl:message>
  <wsdl:message name="GetTransNumberSoapOut">
    <wsdl:part name="parameters" element="tns:GetTransNumberResponse"/>
  </wsdl:message>
  <wsdl:message name="GetDealByExternalID_StringResultSoapIn">
    <wsdl:part name="parameters" element="tns:GetDealByExternalID_StringResult"/>
  </wsdl:message>
  <wsdl:message name="GetDealByExternalID_StringResultSoapOut">
    <wsdl:part name="parameters" element="tns:GetDealByExternalID_StringResultResponse"/>
  </wsdl:message>
  <wsdl:message name="GetDealByExternalIDSoapIn">
    <wsdl:part name="parameters" element="tns:GetDealByExternalID"/>
  </wsdl:message>
  <wsdl:message name="GetDealByExternalIDSoapOut">
    <wsdl:part name="parameters" element="tns:GetDealByExternalIDResponse"/>
  </wsdl:message>
  <wsdl:message name="GetDealInfoAuthToken_StringResultSoapIn">
    <wsdl:part name="parameters" element="tns:GetDealInfoAuthToken_StringResult"/>
  </wsdl:message>
  <wsdl:message name="GetDealInfoAuthToken_StringResultSoapOut">
    <wsdl:part name="parameters" element="tns:GetDealInfoAuthToken_StringResultResponse"/>
  </wsdl:message>
  <wsdl:message name="GetDealInfoAuthTokenSoapIn">
    <wsdl:part name="parameters" element="tns:GetDealInfoAuthToken"/>
  </wsdl:message>
  <wsdl:message name="GetDealInfoAuthTokenSoapOut">
    <wsdl:part name="parameters" element="tns:GetDealInfoAuthTokenResponse"/>
  </wsdl:message>
  <wsdl:message name="GetDealInfo_StringResultSoapIn">
    <wsdl:part name="parameters" element="tns:GetDealInfo_StringResult"/>
  </wsdl:message>
  <wsdl:message name="GetDealInfo_StringResultSoapOut">
    <wsdl:part name="parameters" element="tns:GetDealInfo_StringResultResponse"/>
  </wsdl:message>
  <wsdl:message name="GetDealInfoSoapIn">
    <wsdl:part name="parameters" element="tns:GetDealInfo"/>
  </wsdl:message>
  <wsdl:message name="GetDealInfoSoapOut">
    <wsdl:part name="parameters" element="tns:GetDealInfoResponse"/>
  </wsdl:message>
  <wsdl:message name="GetInvoicesInRange_StringResultSoapIn">
    <wsdl:part name="parameters" element="tns:GetInvoicesInRange_StringResult"/>
  </wsdl:message>
  <wsdl:message name="GetInvoicesInRange_StringResultSoapOut">
    <wsdl:part name="parameters" element="tns:GetInvoicesInRange_StringResultResponse"/>
  </wsdl:message>
  <wsdl:message name="GetInvoices_StringResultSoapIn">
    <wsdl:part name="parameters" element="tns:GetInvoices_StringResult"/>
  </wsdl:message>
  <wsdl:message name="GetInvoices_StringResultSoapOut">
    <wsdl:part name="parameters" element="tns:GetInvoices_StringResultResponse"/>
  </wsdl:message>
  <wsdl:message name="GetInvoicesInRangeSoapIn">
    <wsdl:part name="parameters" element="tns:GetInvoicesInRange"/>
  </wsdl:message>
  <wsdl:message name="GetInvoicesInRangeSoapOut">
    <wsdl:part name="parameters" element="tns:GetInvoicesInRangeResponse"/>
  </wsdl:message>
  <wsdl:message name="GetInvoicesSoapIn">
    <wsdl:part name="parameters" element="tns:GetInvoices"/>
  </wsdl:message>
  <wsdl:message name="GetInvoicesSoapOut">
    <wsdl:part name="parameters" element="tns:GetInvoicesResponse"/>
  </wsdl:message>
  <wsdl:message name="GetDealHistoryInRange_StringResultSoapIn">
    <wsdl:part name="parameters" element="tns:GetDealHistoryInRange_StringResult"/>
  </wsdl:message>
  <wsdl:message name="GetDealHistoryInRange_StringResultSoapOut">
    <wsdl:part name="parameters" element="tns:GetDealHistoryInRange_StringResultResponse"/>
  </wsdl:message>
  <wsdl:message name="GetDealHistoryInRangeAuthToken_StringResultSoapIn">
    <wsdl:part name="parameters" element="tns:GetDealHistoryInRangeAuthToken_StringResult"/>
  </wsdl:message>
  <wsdl:message name="GetDealHistoryInRangeAuthToken_StringResultSoapOut">
    <wsdl:part name="parameters" element="tns:GetDealHistoryInRangeAuthToken_StringResultResponse"/>
  </wsdl:message>
  <wsdl:message name="GetDealHistoryInRangeSoapIn">
    <wsdl:part name="parameters" element="tns:GetDealHistoryInRange"/>
  </wsdl:message>
  <wsdl:message name="GetDealHistoryInRangeSoapOut">
    <wsdl:part name="parameters" element="tns:GetDealHistoryInRangeResponse"/>
  </wsdl:message>
  <wsdl:message name="GetDealHistoryInRangeAuthTokenSoapIn">
    <wsdl:part name="parameters" element="tns:GetDealHistoryInRangeAuthToken"/>
  </wsdl:message>
  <wsdl:message name="GetDealHistoryInRangeAuthTokenSoapOut">
    <wsdl:part name="parameters" element="tns:GetDealHistoryInRangeAuthTokenResponse"/>
  </wsdl:message>
  <wsdl:message name="GetDealInvoicedSoapIn">
    <wsdl:part name="parameters" element="tns:GetDealInvoiced"/>
  </wsdl:message>
  <wsdl:message name="GetDealInvoicedSoapOut">
    <wsdl:part name="parameters" element="tns:GetDealInvoicedResponse"/>
  </wsdl:message>
  <wsdl:message name="DealInvoicedSoapIn">
    <wsdl:part name="parameters" element="tns:DealInvoiced"/>
  </wsdl:message>
  <wsdl:message name="DealInvoicedSoapOut">
    <wsdl:part name="parameters" element="tns:DealInvoicedResponse"/>
  </wsdl:message>
  <wsdl:message name="GetErrorMessageByErrorIDSoapIn">
    <wsdl:part name="parameters" element="tns:GetErrorMessageByErrorID"/>
  </wsdl:message>
  <wsdl:message name="GetErrorMessageByErrorIDSoapOut">
    <wsdl:part name="parameters" element="tns:GetErrorMessageByErrorIDResponse"/>
  </wsdl:message>
  <wsdl:message name="CheckCard_StringResultSoapIn">
    <wsdl:part name="parameters" element="tns:CheckCard_StringResult"/>
  </wsdl:message>
  <wsdl:message name="CheckCard_StringResultSoapOut">
    <wsdl:part name="parameters" element="tns:CheckCard_StringResultResponse"/>
  </wsdl:message>
  <wsdl:message name="CheckCardSoapIn">
    <wsdl:part name="parameters" element="tns:CheckCard"/>
  </wsdl:message>
  <wsdl:message name="CheckCardSoapOut">
    <wsdl:part name="parameters" element="tns:CheckCardResponse"/>
  </wsdl:message>
  <wsdl:message name="ChangePassword_StringResultSoapIn">
    <wsdl:part name="parameters" element="tns:ChangePassword_StringResult"/>
  </wsdl:message>
  <wsdl:message name="ChangePassword_StringResultSoapOut">
    <wsdl:part name="parameters" element="tns:ChangePassword_StringResultResponse"/>
  </wsdl:message>
  <wsdl:message name="ChangePasswordSoapIn">
    <wsdl:part name="parameters" element="tns:ChangePassword"/>
  </wsdl:message>
  <wsdl:message name="ChangePasswordSoapOut">
    <wsdl:part name="parameters" element="tns:ChangePasswordResponse"/>
  </wsdl:message>
  <wsdl:message name="TransmitDealsSoapIn">
    <wsdl:part name="parameters" element="tns:TransmitDeals"/>
  </wsdl:message>
  <wsdl:message name="TransmitDealsSoapOut">
    <wsdl:part name="parameters" element="tns:TransmitDealsResponse"/>
  </wsdl:message>
  <wsdl:message name="CreateForm_PCISoapIn">
    <wsdl:part name="parameters" element="tns:CreateForm_PCI"/>
  </wsdl:message>
  <wsdl:message name="CreateForm_PCISoapOut">
    <wsdl:part name="parameters" element="tns:CreateForm_PCIResponse"/>
  </wsdl:message>
  <wsdl:message name="CreateForm_PCI_AdvanceSoapIn">
    <wsdl:part name="parameters" element="tns:CreateForm_PCI_Advance"/>
  </wsdl:message>
  <wsdl:message name="CreateForm_PCI_AdvanceSoapOut">
    <wsdl:part name="parameters" element="tns:CreateForm_PCI_AdvanceResponse"/>
  </wsdl:message>
  <wsdl:message name="CreateFormSoapIn">
    <wsdl:part name="parameters" element="tns:CreateForm"/>
  </wsdl:message>
  <wsdl:message name="CreateFormSoapOut">
    <wsdl:part name="parameters" element="tns:CreateFormResponse"/>
  </wsdl:message>
  <wsdl:message name="ValidateDealWithIDSoapIn">
    <wsdl:part name="parameters" element="tns:ValidateDealWithID"/>
  </wsdl:message>
  <wsdl:message name="ValidateDealWithIDSoapOut">
    <wsdl:part name="parameters" element="tns:ValidateDealWithIDResponse"/>
  </wsdl:message>
  <wsdl:message name="ValidateDealSoapIn">
    <wsdl:part name="parameters" element="tns:ValidateDeal"/>
  </wsdl:message>
  <wsdl:message name="ValidateDealSoapOut">
    <wsdl:part name="parameters" element="tns:ValidateDealResponse"/>
  </wsdl:message>
  <wsdl:message name="GetNewTokenSoapIn">
    <wsdl:part name="parameters" element="tns:GetNewToken"/>
  </wsdl:message>
  <wsdl:message name="GetNewTokenSoapOut">
    <wsdl:part name="parameters" element="tns:GetNewTokenResponse"/>
  </wsdl:message>
  <wsdl:message name="GetNewTokenWithMagneticStripSoapIn">
    <wsdl:part name="parameters" element="tns:GetNewTokenWithMagneticStrip"/>
  </wsdl:message>
  <wsdl:message name="GetNewTokenWithMagneticStripSoapOut">
    <wsdl:part name="parameters" element="tns:GetNewTokenWithMagneticStripResponse"/>
  </wsdl:message>
  <wsdl:message name="UpdateTokenSoapIn">
    <wsdl:part name="parameters" element="tns:UpdateToken"/>
  </wsdl:message>
  <wsdl:message name="UpdateTokenSoapOut">
    <wsdl:part name="parameters" element="tns:UpdateTokenResponse"/>
  </wsdl:message>
  <wsdl:message name="DoDealJ5WithTokenSoapIn">
    <wsdl:part name="parameters" element="tns:DoDealJ5WithToken"/>
  </wsdl:message>
  <wsdl:message name="DoDealJ5WithTokenSoapOut">
    <wsdl:part name="parameters" element="tns:DoDealJ5WithTokenResponse"/>
  </wsdl:message>
  <wsdl:message name="DoDealWithTokenSoapIn">
    <wsdl:part name="parameters" element="tns:DoDealWithToken"/>
  </wsdl:message>
  <wsdl:message name="DoDealWithTokenSoapOut">
    <wsdl:part name="parameters" element="tns:DoDealWithTokenResponse"/>
  </wsdl:message>
  <wsdl:message name="DoDealWithProductsSoapIn">
    <wsdl:part name="parameters" element="tns:DoDealWithProducts"/>
  </wsdl:message>
  <wsdl:message name="DoDealWithProductsSoapOut">
    <wsdl:part name="parameters" element="tns:DoDealWithProductsResponse"/>
  </wsdl:message>
  <wsdl:message name="GetMagStripInfoSoapIn">
    <wsdl:part name="parameters" element="tns:GetMagStripInfo"/>
  </wsdl:message>
  <wsdl:message name="GetMagStripInfoSoapOut">
    <wsdl:part name="parameters" element="tns:GetMagStripInfoResponse"/>
  </wsdl:message>
  <wsdl:message name="GetTokenFullData_StringResultSoapIn">
    <wsdl:part name="parameters" element="tns:GetTokenFullData_StringResult"/>
  </wsdl:message>
  <wsdl:message name="GetTokenFullData_StringResultSoapOut">
    <wsdl:part name="parameters" element="tns:GetTokenFullData_StringResultResponse"/>
  </wsdl:message>
  <wsdl:message name="GetTokenFullDataSoapIn">
    <wsdl:part name="parameters" element="tns:GetTokenFullData"/>
  </wsdl:message>
  <wsdl:message name="GetTokenFullDataSoapOut">
    <wsdl:part name="parameters" element="tns:GetTokenFullDataResponse"/>
  </wsdl:message>
  <wsdl:message name="GetTokenInfo_StringResultSoapIn">
    <wsdl:part name="parameters" element="tns:GetTokenInfo_StringResult"/>
  </wsdl:message>
  <wsdl:message name="GetTokenInfo_StringResultSoapOut">
    <wsdl:part name="parameters" element="tns:GetTokenInfo_StringResultResponse"/>
  </wsdl:message>
  <wsdl:message name="GetTokenInfoSoapIn">
    <wsdl:part name="parameters" element="tns:GetTokenInfo"/>
  </wsdl:message>
  <wsdl:message name="GetTokenInfoSoapOut">
    <wsdl:part name="parameters" element="tns:GetTokenInfoResponse"/>
  </wsdl:message>
  <wsdl:message name="DeleteTokenSoapIn">
    <wsdl:part name="parameters" element="tns:DeleteToken"/>
  </wsdl:message>
  <wsdl:message name="DeleteTokenSoapOut">
    <wsdl:part name="parameters" element="tns:DeleteTokenResponse"/>
  </wsdl:message>
  <wsdl:message name="IsValidTokenSoapIn">
    <wsdl:part name="parameters" element="tns:IsValidToken"/>
  </wsdl:message>
  <wsdl:message name="IsValidTokenSoapOut">
    <wsdl:part name="parameters" element="tns:IsValidTokenResponse"/>
  </wsdl:message>
  <wsdl:message name="IsECInvoiceClientSoapIn">
    <wsdl:part name="parameters" element="tns:IsECInvoiceClient"/>
  </wsdl:message>
  <wsdl:message name="IsECInvoiceClientSoapOut">
    <wsdl:part name="parameters" element="tns:IsECInvoiceClientResponse"/>
  </wsdl:message>
  <wsdl:message name="ProduceECInvoiceDocumentSoapIn">
    <wsdl:part name="parameters" element="tns:ProduceECInvoiceDocument"/>
  </wsdl:message>
  <wsdl:message name="ProduceECInvoiceDocumentSoapOut">
    <wsdl:part name="parameters" element="tns:ProduceECInvoiceDocumentResponse"/>
  </wsdl:message>
  <wsdl:message name="ProduceECInvoiceDocumentPerDealSoapIn">
    <wsdl:part name="parameters" element="tns:ProduceECInvoiceDocumentPerDeal"/>
  </wsdl:message>
  <wsdl:message name="ProduceECInvoiceDocumentPerDealSoapOut">
    <wsdl:part name="parameters" element="tns:ProduceECInvoiceDocumentPerDealResponse"/>
  </wsdl:message>
  <wsdl:message name="GetTerminalTypeSoapIn">
    <wsdl:part name="parameters" element="tns:GetTerminalType"/>
  </wsdl:message>
  <wsdl:message name="GetTerminalTypeSoapOut">
    <wsdl:part name="parameters" element="tns:GetTerminalTypeResponse"/>
  </wsdl:message>
  <wsdl:portType name="ServiceSoap">
    <wsdl:operation name="Login">
      <wsdl:input message="tns:LoginSoapIn"/>
      <wsdl:output message="tns:LoginSoapOut"/>
    </wsdl:operation>
    <wsdl:operation name="RunAddRecordsToSuccessDeals">
      <wsdl:input message="tns:RunAddRecordsToSuccessDealsSoapIn"/>
      <wsdl:output message="tns:RunAddRecordsToSuccessDealsSoapOut"/>
    </wsdl:operation>
    <wsdl:operation name="LoginExtended_StringResult">
      <wsdl:input message="tns:LoginExtended_StringResultSoapIn"/>
      <wsdl:output message="tns:LoginExtended_StringResultSoapOut"/>
    </wsdl:operation>
    <wsdl:operation name="LoginExtended">
      <wsdl:input message="tns:LoginExtendedSoapIn"/>
      <wsdl:output message="tns:LoginExtendedSoapOut"/>
    </wsdl:operation>
    <wsdl:operation name="LoginMobile">
      <wsdl:input message="tns:LoginMobileSoapIn"/>
      <wsdl:output message="tns:LoginMobileSoapOut"/>
    </wsdl:operation>
    <wsdl:operation name="DoDealWithExternalID">
      <wsdl:input message="tns:DoDealWithExternalIDSoapIn"/>
      <wsdl:output message="tns:DoDealWithExternalIDSoapOut"/>
    </wsdl:operation>
    <wsdl:operation name="DoDeal">
      <wsdl:input message="tns:DoDealSoapIn"/>
      <wsdl:output message="tns:DoDealSoapOut"/>
    </wsdl:operation>
    <wsdl:operation name="DoDealPinPad">
      <wsdl:input message="tns:DoDealPinPadSoapIn"/>
      <wsdl:output message="tns:DoDealPinPadSoapOut"/>
    </wsdl:operation>
    <wsdl:operation name="DoDealOldExt">
      <wsdl:input message="tns:DoDealOldExtSoapIn"/>
      <wsdl:output message="tns:DoDealOldExtSoapOut"/>
    </wsdl:operation>
    <wsdl:operation name="DoDealExt">
      <wsdl:input message="tns:DoDealExtSoapIn"/>
      <wsdl:output message="tns:DoDealExtSoapOut"/>
    </wsdl:operation>
    <wsdl:operation name="DoDealUserCodeWithTokenExt">
      <wsdl:input message="tns:DoDealUserCodeWithTokenExtSoapIn"/>
      <wsdl:output message="tns:DoDealUserCodeWithTokenExtSoapOut"/>
    </wsdl:operation>
    <wsdl:operation name="DoDealWithTokenExt">
      <wsdl:input message="tns:DoDealWithTokenExtSoapIn"/>
      <wsdl:output message="tns:DoDealWithTokenExtSoapOut"/>
    </wsdl:operation>
    <wsdl:operation name="GetDealHistoryAuthToken_StringResult">
      <wsdl:input message="tns:GetDealHistoryAuthToken_StringResultSoapIn"/>
      <wsdl:output message="tns:GetDealHistoryAuthToken_StringResultSoapOut"/>
    </wsdl:operation>
    <wsdl:operation name="GetDealHistoryAuthToken">
      <wsdl:input message="tns:GetDealHistoryAuthTokenSoapIn"/>
      <wsdl:output message="tns:GetDealHistoryAuthTokenSoapOut"/>
    </wsdl:operation>
    <wsdl:operation name="GetDealHistory_StringResult">
      <wsdl:input message="tns:GetDealHistory_StringResultSoapIn"/>
      <wsdl:output message="tns:GetDealHistory_StringResultSoapOut"/>
    </wsdl:operation>
    <wsdl:operation name="GetDealHistory">
      <wsdl:input message="tns:GetDealHistorySoapIn"/>
      <wsdl:output message="tns:GetDealHistorySoapOut"/>
    </wsdl:operation>
    <wsdl:operation name="GetTransNumber">
      <wsdl:input message="tns:GetTransNumberSoapIn"/>
      <wsdl:output message="tns:GetTransNumberSoapOut"/>
    </wsdl:operation>
    <wsdl:operation name="GetDealByExternalID_StringResult">
      <wsdl:input message="tns:GetDealByExternalID_StringResultSoapIn"/>
      <wsdl:output message="tns:GetDealByExternalID_StringResultSoapOut"/>
    </wsdl:operation>
    <wsdl:operation name="GetDealByExternalID">
      <wsdl:input message="tns:GetDealByExternalIDSoapIn"/>
      <wsdl:output message="tns:GetDealByExternalIDSoapOut"/>
    </wsdl:operation>
    <wsdl:operation name="GetDealInfoAuthToken_StringResult">
      <wsdl:input message="tns:GetDealInfoAuthToken_StringResultSoapIn"/>
      <wsdl:output message="tns:GetDealInfoAuthToken_StringResultSoapOut"/>
    </wsdl:operation>
    <wsdl:operation name="GetDealInfoAuthToken">
      <wsdl:input message="tns:GetDealInfoAuthTokenSoapIn"/>
      <wsdl:output message="tns:GetDealInfoAuthTokenSoapOut"/>
    </wsdl:operation>
    <wsdl:operation name="GetDealInfo_StringResult">
      <wsdl:input message="tns:GetDealInfo_StringResultSoapIn"/>
      <wsdl:output message="tns:GetDealInfo_StringResultSoapOut"/>
    </wsdl:operation>
    <wsdl:operation name="GetDealInfo">
      <wsdl:input message="tns:GetDealInfoSoapIn"/>
      <wsdl:output message="tns:GetDealInfoSoapOut"/>
    </wsdl:operation>
    <wsdl:operation name="GetInvoicesInRange_StringResult">
      <wsdl:input message="tns:GetInvoicesInRange_StringResultSoapIn"/>
      <wsdl:output message="tns:GetInvoicesInRange_StringResultSoapOut"/>
    </wsdl:operation>
    <wsdl:operation name="GetInvoices_StringResult">
      <wsdl:input message="tns:GetInvoices_StringResultSoapIn"/>
      <wsdl:output message="tns:GetInvoices_StringResultSoapOut"/>
    </wsdl:operation>
    <wsdl:operation name="GetInvoicesInRange">
      <wsdl:input message="tns:GetInvoicesInRangeSoapIn"/>
      <wsdl:output message="tns:GetInvoicesInRangeSoapOut"/>
    </wsdl:operation>
    <wsdl:operation name="GetInvoices">
      <wsdl:input message="tns:GetInvoicesSoapIn"/>
      <wsdl:output message="tns:GetInvoicesSoapOut"/>
    </wsdl:operation>
    <wsdl:operation name="GetDealHistoryInRange_StringResult">
      <wsdl:input message="tns:GetDealHistoryInRange_StringResultSoapIn"/>
      <wsdl:output message="tns:GetDealHistoryInRange_StringResultSoapOut"/>
    </wsdl:operation>
    <wsdl:operation name="GetDealHistoryInRangeAuthToken_StringResult">
      <wsdl:input message="tns:GetDealHistoryInRangeAuthToken_StringResultSoapIn"/>
      <wsdl:output message="tns:GetDealHistoryInRangeAuthToken_StringResultSoapOut"/>
    </wsdl:operation>
    <wsdl:operation name="GetDealHistoryInRange">
      <wsdl:input message="tns:GetDealHistoryInRangeSoapIn"/>
      <wsdl:output message="tns:GetDealHistoryInRangeSoapOut"/>
    </wsdl:operation>
    <wsdl:operation name="GetDealHistoryInRangeAuthToken">
      <wsdl:input message="tns:GetDealHistoryInRangeAuthTokenSoapIn"/>
      <wsdl:output message="tns:GetDealHistoryInRangeAuthTokenSoapOut"/>
    </wsdl:operation>
    <wsdl:operation name="GetDealInvoiced">
      <wsdl:input message="tns:GetDealInvoicedSoapIn"/>
      <wsdl:output message="tns:GetDealInvoicedSoapOut"/>
    </wsdl:operation>
    <wsdl:operation name="DealInvoiced">
      <wsdl:input message="tns:DealInvoicedSoapIn"/>
      <wsdl:output message="tns:DealInvoicedSoapOut"/>
    </wsdl:operation>
    <wsdl:operation name="GetErrorMessageByErrorID">
      <wsdl:input message="tns:GetErrorMessageByErrorIDSoapIn"/>
      <wsdl:output message="tns:GetErrorMessageByErrorIDSoapOut"/>
    </wsdl:operation>
    <wsdl:operation name="CheckCard_StringResult">
      <wsdl:input message="tns:CheckCard_StringResultSoapIn"/>
      <wsdl:output message="tns:CheckCard_StringResultSoapOut"/>
    </wsdl:operation>
    <wsdl:operation name="CheckCard">
      <wsdl:input message="tns:CheckCardSoapIn"/>
      <wsdl:output message="tns:CheckCardSoapOut"/>
    </wsdl:operation>
    <wsdl:operation name="ChangePassword_StringResult">
      <wsdl:input message="tns:ChangePassword_StringResultSoapIn"/>
      <wsdl:output message="tns:ChangePassword_StringResultSoapOut"/>
    </wsdl:operation>
    <wsdl:operation name="ChangePassword">
      <wsdl:input message="tns:ChangePasswordSoapIn"/>
      <wsdl:output message="tns:ChangePasswordSoapOut"/>
    </wsdl:operation>
    <wsdl:operation name="TransmitDeals">
      <wsdl:input message="tns:TransmitDealsSoapIn"/>
      <wsdl:output message="tns:TransmitDealsSoapOut"/>
    </wsdl:operation>
    <wsdl:operation name="CreateForm_PCI">
      <wsdl:input message="tns:CreateForm_PCISoapIn"/>
      <wsdl:output message="tns:CreateForm_PCISoapOut"/>
    </wsdl:operation>
    <wsdl:operation name="CreateForm_PCI_Advance">
      <wsdl:input message="tns:CreateForm_PCI_AdvanceSoapIn"/>
      <wsdl:output message="tns:CreateForm_PCI_AdvanceSoapOut"/>
    </wsdl:operation>
    <wsdl:operation name="CreateForm">
      <wsdl:input message="tns:CreateFormSoapIn"/>
      <wsdl:output message="tns:CreateFormSoapOut"/>
    </wsdl:operation>
    <wsdl:operation name="ValidateDealWithID">
      <wsdl:input message="tns:ValidateDealWithIDSoapIn"/>
      <wsdl:output message="tns:ValidateDealWithIDSoapOut"/>
    </wsdl:operation>
    <wsdl:operation name="ValidateDeal">
      <wsdl:input message="tns:ValidateDealSoapIn"/>
      <wsdl:output message="tns:ValidateDealSoapOut"/>
    </wsdl:operation>
    <wsdl:operation name="GetNewToken">
      <wsdl:input message="tns:GetNewTokenSoapIn"/>
      <wsdl:output message="tns:GetNewTokenSoapOut"/>
    </wsdl:operation>
    <wsdl:operation name="GetNewTokenWithMagneticStrip">
      <wsdl:input message="tns:GetNewTokenWithMagneticStripSoapIn"/>
      <wsdl:output message="tns:GetNewTokenWithMagneticStripSoapOut"/>
    </wsdl:operation>
    <wsdl:operation name="UpdateToken">
      <wsdl:input message="tns:UpdateTokenSoapIn"/>
      <wsdl:output message="tns:UpdateTokenSoapOut"/>
    </wsdl:operation>
    <wsdl:operation name="DoDealJ5WithToken">
      <wsdl:input message="tns:DoDealJ5WithTokenSoapIn"/>
      <wsdl:output message="tns:DoDealJ5WithTokenSoapOut"/>
    </wsdl:operation>
    <wsdl:operation name="DoDealWithToken">
      <wsdl:input message="tns:DoDealWithTokenSoapIn"/>
      <wsdl:output message="tns:DoDealWithTokenSoapOut"/>
    </wsdl:operation>
    <wsdl:operation name="DoDealWithProducts">
      <wsdl:input message="tns:DoDealWithProductsSoapIn"/>
      <wsdl:output message="tns:DoDealWithProductsSoapOut"/>
    </wsdl:operation>
    <wsdl:operation name="GetMagStripInfo">
      <wsdl:input message="tns:GetMagStripInfoSoapIn"/>
      <wsdl:output message="tns:GetMagStripInfoSoapOut"/>
    </wsdl:operation>
    <wsdl:operation name="GetTokenFullData_StringResult">
      <wsdl:input message="tns:GetTokenFullData_StringResultSoapIn"/>
      <wsdl:output message="tns:GetTokenFullData_StringResultSoapOut"/>
    </wsdl:operation>
    <wsdl:operation name="GetTokenFullData">
      <wsdl:input message="tns:GetTokenFullDataSoapIn"/>
      <wsdl:output message="tns:GetTokenFullDataSoapOut"/>
    </wsdl:operation>
    <wsdl:operation name="GetTokenInfo_StringResult">
      <wsdl:input message="tns:GetTokenInfo_StringResultSoapIn"/>
      <wsdl:output message="tns:GetTokenInfo_StringResultSoapOut"/>
    </wsdl:operation>
    <wsdl:operation name="GetTokenInfo">
      <wsdl:input message="tns:GetTokenInfoSoapIn"/>
      <wsdl:output message="tns:GetTokenInfoSoapOut"/>
    </wsdl:operation>
    <wsdl:operation name="DeleteToken">
      <wsdl:input message="tns:DeleteTokenSoapIn"/>
      <wsdl:output message="tns:DeleteTokenSoapOut"/>
    </wsdl:operation>
    <wsdl:operation name="IsValidToken">
      <wsdl:input message="tns:IsValidTokenSoapIn"/>
      <wsdl:output message="tns:IsValidTokenSoapOut"/>
    </wsdl:operation>
    <wsdl:operation name="IsECInvoiceClient">
      <wsdl:input message="tns:IsECInvoiceClientSoapIn"/>
      <wsdl:output message="tns:IsECInvoiceClientSoapOut"/>
    </wsdl:operation>
    <wsdl:operation name="ProduceECInvoiceDocument">
      <wsdl:input message="tns:ProduceECInvoiceDocumentSoapIn"/>
      <wsdl:output message="tns:ProduceECInvoiceDocumentSoapOut"/>
    </wsdl:operation>
    <wsdl:operation name="ProduceECInvoiceDocumentPerDeal">
      <wsdl:input message="tns:ProduceECInvoiceDocumentPerDealSoapIn"/>
      <wsdl:output message="tns:ProduceECInvoiceDocumentPerDealSoapOut"/>
    </wsdl:operation>
    <wsdl:operation name="GetTerminalType">
      <wsdl:input message="tns:GetTerminalTypeSoapIn"/>
      <wsdl:output message="tns:GetTerminalTypeSoapOut"/>
    </wsdl:operation>
  </wsdl:portType>
  <wsdl:binding name="ServiceSoap" type="tns:ServiceSoap">
    <soap:binding transport="http://schemas.xmlsoap.org/soap/http"/>
    <wsdl:operation name="Login">
      <soap:operation soapAction="http://tempuri.org/Login" style="document"/>
      <wsdl:input>
        <soap:body use="literal"/>
      </wsdl:input>
      <wsdl:output>
        <soap:body use="literal"/>
      </wsdl:output>
    </wsdl:operation>
    <wsdl:operation name="RunAddRecordsToSuccessDeals">
      <soap:operation soapAction="http://tempuri.org/RunAddRecordsToSuccessDeals" style="document"/>
      <wsdl:input>
        <soap:body use="literal"/>
      </wsdl:input>
      <wsdl:output>
        <soap:body use="literal"/>
      </wsdl:output>
    </wsdl:operation>
    <wsdl:operation name="LoginExtended_StringResult">
      <soap:operation soapAction="http://tempuri.org/LoginExtended_StringResult" style="document"/>
      <wsdl:input>
        <soap:body use="literal"/>
      </wsdl:input>
      <wsdl:output>
        <soap:body use="literal"/>
      </wsdl:output>
    </wsdl:operation>
    <wsdl:operation name="LoginExtended">
      <soap:operation soapAction="http://tempuri.org/LoginExtended" style="document"/>
      <wsdl:input>
        <soap:body use="literal"/>
      </wsdl:input>
      <wsdl:output>
        <soap:body use="literal"/>
      </wsdl:output>
    </wsdl:operation>
    <wsdl:operation name="LoginMobile">
      <soap:operation soapAction="http://tempuri.org/LoginMobile" style="document"/>
      <wsdl:input>
        <soap:body use="literal"/>
      </wsdl:input>
      <wsdl:output>
        <soap:body use="literal"/>
      </wsdl:output>
    </wsdl:operation>
    <wsdl:operation name="DoDealWithExternalID">
      <soap:operation soapAction="http://tempuri.org/DoDealWithExternalID" style="document"/>
      <wsdl:input>
        <soap:body use="literal"/>
      </wsdl:input>
      <wsdl:output>
        <soap:body use="literal"/>
      </wsdl:output>
    </wsdl:operation>
    <wsdl:operation name="DoDeal">
      <soap:operation soapAction="http://tempuri.org/DoDeal" style="document"/>
      <wsdl:input>
        <soap:body use="literal"/>
      </wsdl:input>
      <wsdl:output>
        <soap:body use="literal"/>
      </wsdl:output>
    </wsdl:operation>
    <wsdl:operation name="DoDealPinPad">
      <soap:operation soapAction="http://tempuri.org/DoDealPinPad" style="document"/>
      <wsdl:input>
        <soap:body use="literal"/>
      </wsdl:input>
      <wsdl:output>
        <soap:body use="literal"/>
      </wsdl:output>
    </wsdl:operation>
    <wsdl:operation name="DoDealOldExt">
      <soap:operation soapAction="http://tempuri.org/DoDealOldExt" style="document"/>
      <wsdl:input>
        <soap:body use="literal"/>
      </wsdl:input>
      <wsdl:output>
        <soap:body use="literal"/>
      </wsdl:output>
    </wsdl:operation>
    <wsdl:operation name="DoDealExt">
      <soap:operation soapAction="http://tempuri.org/DoDealExt" style="document"/>
      <wsdl:input>
        <soap:body use="literal"/>
      </wsdl:input>
      <wsdl:output>
        <soap:body use="literal"/>
      </wsdl:output>
    </wsdl:operation>
    <wsdl:operation name="DoDealUserCodeWithTokenExt">
      <soap:operation soapAction="http://tempuri.org/DoDealUserCodeWithTokenExt" style="document"/>
      <wsdl:input>
        <soap:body use="literal"/>
      </wsdl:input>
      <wsdl:output>
        <soap:body use="literal"/>
      </wsdl:output>
    </wsdl:operation>
    <wsdl:operation name="DoDealWithTokenExt">
      <soap:operation soapAction="http://tempuri.org/DoDealWithTokenExt" style="document"/>
      <wsdl:input>
        <soap:body use="literal"/>
      </wsdl:input>
      <wsdl:output>
        <soap:body use="literal"/>
      </wsdl:output>
    </wsdl:operation>
    <wsdl:operation name="GetDealHistoryAuthToken_StringResult">
      <soap:operation soapAction="http://tempuri.org/GetDealHistoryAuthToken_StringResult" style="document"/>
      <wsdl:input>
        <soap:body use="literal"/>
      </wsdl:input>
      <wsdl:output>
        <soap:body use="literal"/>
      </wsdl:output>
    </wsdl:operation>
    <wsdl:operation name="GetDealHistoryAuthToken">
      <soap:operation soapAction="http://tempuri.org/GetDealHistoryAuthToken" style="document"/>
      <wsdl:input>
        <soap:body use="literal"/>
      </wsdl:input>
      <wsdl:output>
        <soap:body use="literal"/>
      </wsdl:output>
    </wsdl:operation>
    <wsdl:operation name="GetDealHistory_StringResult">
      <soap:operation soapAction="http://tempuri.org/GetDealHistory_StringResult" style="document"/>
      <wsdl:input>
        <soap:body use="literal"/>
      </wsdl:input>
      <wsdl:output>
        <soap:body use="literal"/>
      </wsdl:output>
    </wsdl:operation>
    <wsdl:operation name="GetDealHistory">
      <soap:operation soapAction="http://tempuri.org/GetDealHistory" style="document"/>
      <wsdl:input>
        <soap:body use="literal"/>
      </wsdl:input>
      <wsdl:output>
        <soap:body use="literal"/>
      </wsdl:output>
    </wsdl:operation>
    <wsdl:operation name="GetTransNumber">
      <soap:operation soapAction="http://tempuri.org/GetTransNumber" style="document"/>
      <wsdl:input>
        <soap:body use="literal"/>
      </wsdl:input>
      <wsdl:output>
        <soap:body use="literal"/>
      </wsdl:output>
    </wsdl:operation>
    <wsdl:operation name="GetDealByExternalID_StringResult">
      <soap:operation soapAction="http://tempuri.org/GetDealByExternalID_StringResult" style="document"/>
      <wsdl:input>
        <soap:body use="literal"/>
      </wsdl:input>
      <wsdl:output>
        <soap:body use="literal"/>
      </wsdl:output>
    </wsdl:operation>
    <wsdl:operation name="GetDealByExternalID">
      <soap:operation soapAction="http://tempuri.org/GetDealByExternalID" style="document"/>
      <wsdl:input>
        <soap:body use="literal"/>
      </wsdl:input>
      <wsdl:output>
        <soap:body use="literal"/>
      </wsdl:output>
    </wsdl:operation>
    <wsdl:operation name="GetDealInfoAuthToken_StringResult">
      <soap:operation soapAction="http://tempuri.org/GetDealInfoAuthToken_StringResult" style="document"/>
      <wsdl:input>
        <soap:body use="literal"/>
      </wsdl:input>
      <wsdl:output>
        <soap:body use="literal"/>
      </wsdl:output>
    </wsdl:operation>
    <wsdl:operation name="GetDealInfoAuthToken">
      <soap:operation soapAction="http://tempuri.org/GetDealInfoAuthToken" style="document"/>
      <wsdl:input>
        <soap:body use="literal"/>
      </wsdl:input>
      <wsdl:output>
        <soap:body use="literal"/>
      </wsdl:output>
    </wsdl:operation>
    <wsdl:operation name="GetDealInfo_StringResult">
      <soap:operation soapAction="http://tempuri.org/GetDealInfo_StringResult" style="document"/>
      <wsdl:input>
        <soap:body use="literal"/>
      </wsdl:input>
      <wsdl:output>
        <soap:body use="literal"/>
      </wsdl:output>
    </wsdl:operation>
    <wsdl:operation name="GetDealInfo">
      <soap:operation soapAction="http://tempuri.org/GetDealInfo" style="document"/>
      <wsdl:input>
        <soap:body use="literal"/>
      </wsdl:input>
      <wsdl:output>
        <soap:body use="literal"/>
      </wsdl:output>
    </wsdl:operation>
    <wsdl:operation name="GetInvoicesInRange_StringResult">
      <soap:operation soapAction="http://tempuri.org/GetInvoicesInRange_StringResult" style="document"/>
      <wsdl:input>
        <soap:body use="literal"/>
      </wsdl:input>
      <wsdl:output>
        <soap:body use="literal"/>
      </wsdl:output>
    </wsdl:operation>
    <wsdl:operation name="GetInvoices_StringResult">
      <soap:operation soapAction="http://tempuri.org/GetInvoices_StringResult" style="document"/>
      <wsdl:input>
        <soap:body use="literal"/>
      </wsdl:input>
      <wsdl:output>
        <soap:body use="literal"/>
      </wsdl:output>
    </wsdl:operation>
    <wsdl:operation name="GetInvoicesInRange">
      <soap:operation soapAction="http://tempuri.org/GetInvoicesInRange" style="document"/>
      <wsdl:input>
        <soap:body use="literal"/>
      </wsdl:input>
      <wsdl:output>
        <soap:body use="literal"/>
      </wsdl:output>
    </wsdl:operation>
    <wsdl:operation name="GetInvoices">
      <soap:operation soapAction="http://tempuri.org/GetInvoices" style="document"/>
      <wsdl:input>
        <soap:body use="literal"/>
      </wsdl:input>
      <wsdl:output>
        <soap:body use="literal"/>
      </wsdl:output>
    </wsdl:operation>
    <wsdl:operation name="GetDealHistoryInRange_StringResult">
      <soap:operation soapAction="http://tempuri.org/GetDealHistoryInRange_StringResult" style="document"/>
      <wsdl:input>
        <soap:body use="literal"/>
      </wsdl:input>
      <wsdl:output>
        <soap:body use="literal"/>
      </wsdl:output>
    </wsdl:operation>
    <wsdl:operation name="GetDealHistoryInRangeAuthToken_StringResult">
      <soap:operation soapAction="http://tempuri.org/GetDealHistoryInRangeAuthToken_StringResult" style="document"/>
      <wsdl:input>
        <soap:body use="literal"/>
      </wsdl:input>
      <wsdl:output>
        <soap:body use="literal"/>
      </wsdl:output>
    </wsdl:operation>
    <wsdl:operation name="GetDealHistoryInRange">
      <soap:operation soapAction="http://tempuri.org/GetDealHistoryInRange" style="document"/>
      <wsdl:input>
        <soap:body use="literal"/>
      </wsdl:input>
      <wsdl:output>
        <soap:body use="literal"/>
      </wsdl:output>
    </wsdl:operation>
    <wsdl:operation name="GetDealHistoryInRangeAuthToken">
      <soap:operation soapAction="http://tempuri.org/GetDealHistoryInRangeAuthToken" style="document"/>
      <wsdl:input>
        <soap:body use="literal"/>
      </wsdl:input>
      <wsdl:output>
        <soap:body use="literal"/>
      </wsdl:output>
    </wsdl:operation>
    <wsdl:operation name="GetDealInvoiced">
      <soap:operation soapAction="http://tempuri.org/GetDealInvoiced" style="document"/>
      <wsdl:input>
        <soap:body use="literal"/>
      </wsdl:input>
      <wsdl:output>
        <soap:body use="literal"/>
      </wsdl:output>
    </wsdl:operation>
    <wsdl:operation name="DealInvoiced">
      <soap:operation soapAction="http://tempuri.org/DealInvoiced" style="document"/>
      <wsdl:input>
        <soap:body use="literal"/>
      </wsdl:input>
      <wsdl:output>
        <soap:body use="literal"/>
      </wsdl:output>
    </wsdl:operation>
    <wsdl:operation name="GetErrorMessageByErrorID">
      <soap:operation soapAction="http://tempuri.org/GetErrorMessageByErrorID" style="document"/>
      <wsdl:input>
        <soap:body use="literal"/>
      </wsdl:input>
      <wsdl:output>
        <soap:body use="literal"/>
      </wsdl:output>
    </wsdl:operation>
    <wsdl:operation name="CheckCard_StringResult">
      <soap:operation soapAction="http://tempuri.org/CheckCard_StringResult" style="document"/>
      <wsdl:input>
        <soap:body use="literal"/>
      </wsdl:input>
      <wsdl:output>
        <soap:body use="literal"/>
      </wsdl:output>
    </wsdl:operation>
    <wsdl:operation name="CheckCard">
      <soap:operation soapAction="http://tempuri.org/CheckCard" style="document"/>
      <wsdl:input>
        <soap:body use="literal"/>
      </wsdl:input>
      <wsdl:output>
        <soap:body use="literal"/>
      </wsdl:output>
    </wsdl:operation>
    <wsdl:operation name="ChangePassword_StringResult">
      <soap:operation soapAction="http://tempuri.org/ChangePassword_StringResult" style="document"/>
      <wsdl:input>
        <soap:body use="literal"/>
      </wsdl:input>
      <wsdl:output>
        <soap:body use="literal"/>
      </wsdl:output>
    </wsdl:operation>
    <wsdl:operation name="ChangePassword">
      <soap:operation soapAction="http://tempuri.org/ChangePassword" style="document"/>
      <wsdl:input>
        <soap:body use="literal"/>
      </wsdl:input>
      <wsdl:output>
        <soap:body use="literal"/>
      </wsdl:output>
    </wsdl:operation>
    <wsdl:operation name="TransmitDeals">
      <soap:operation soapAction="http://tempuri.org/TransmitDeals" style="document"/>
      <wsdl:input>
        <soap:body use="literal"/>
      </wsdl:input>
      <wsdl:output>
        <soap:body use="literal"/>
      </wsdl:output>
    </wsdl:operation>
    <wsdl:operation name="CreateForm_PCI">
      <soap:operation soapAction="http://tempuri.org/CreateForm_PCI" style="document"/>
      <wsdl:input>
        <soap:body use="literal"/>
      </wsdl:input>
      <wsdl:output>
        <soap:body use="literal"/>
      </wsdl:output>
    </wsdl:operation>
    <wsdl:operation name="CreateForm_PCI_Advance">
      <soap:operation soapAction="http://tempuri.org/CreateForm_PCI_Advance" style="document"/>
      <wsdl:input>
        <soap:body use="literal"/>
      </wsdl:input>
      <wsdl:output>
        <soap:body use="literal"/>
      </wsdl:output>
    </wsdl:operation>
    <wsdl:operation name="CreateForm">
      <soap:operation soapAction="http://tempuri.org/CreateForm" style="document"/>
      <wsdl:input>
        <soap:body use="literal"/>
      </wsdl:input>
      <wsdl:output>
        <soap:body use="literal"/>
      </wsdl:output>
    </wsdl:operation>
    <wsdl:operation name="ValidateDealWithID">
      <soap:operation soapAction="http://tempuri.org/ValidateDealWithID" style="document"/>
      <wsdl:input>
        <soap:body use="literal"/>
      </wsdl:input>
      <wsdl:output>
        <soap:body use="literal"/>
      </wsdl:output>
    </wsdl:operation>
    <wsdl:operation name="ValidateDeal">
      <soap:operation soapAction="http://tempuri.org/ValidateDeal" style="document"/>
      <wsdl:input>
        <soap:body use="literal"/>
      </wsdl:input>
      <wsdl:output>
        <soap:body use="literal"/>
      </wsdl:output>
    </wsdl:operation>
    <wsdl:operation name="GetNewToken">
      <soap:operation soapAction="http://tempuri.org/GetNewToken" style="document"/>
      <wsdl:input>
        <soap:body use="literal"/>
      </wsdl:input>
      <wsdl:output>
        <soap:body use="literal"/>
      </wsdl:output>
    </wsdl:operation>
    <wsdl:operation name="GetNewTokenWithMagneticStrip">
      <soap:operation soapAction="http://tempuri.org/GetNewTokenWithMagneticStrip" style="document"/>
      <wsdl:input>
        <soap:body use="literal"/>
      </wsdl:input>
      <wsdl:output>
        <soap:body use="literal"/>
      </wsdl:output>
    </wsdl:operation>
    <wsdl:operation name="UpdateToken">
      <soap:operation soapAction="http://tempuri.org/UpdateToken" style="document"/>
      <wsdl:input>
        <soap:body use="literal"/>
      </wsdl:input>
      <wsdl:output>
        <soap:body use="literal"/>
      </wsdl:output>
    </wsdl:operation>
    <wsdl:operation name="DoDealJ5WithToken">
      <soap:operation soapAction="http://tempuri.org/DoDealJ5WithToken" style="document"/>
      <wsdl:input>
        <soap:body use="literal"/>
      </wsdl:input>
      <wsdl:output>
        <soap:body use="literal"/>
      </wsdl:output>
    </wsdl:operation>
    <wsdl:operation name="DoDealWithToken">
      <soap:operation soapAction="http://tempuri.org/DoDealWithToken" style="document"/>
      <wsdl:input>
        <soap:body use="literal"/>
      </wsdl:input>
      <wsdl:output>
        <soap:body use="literal"/>
      </wsdl:output>
    </wsdl:operation>
    <wsdl:operation name="DoDealWithProducts">
      <soap:operation soapAction="http://tempuri.org/DoDealWithProducts" style="document"/>
      <wsdl:input>
        <soap:body use="literal"/>
      </wsdl:input>
      <wsdl:output>
        <soap:body use="literal"/>
      </wsdl:output>
    </wsdl:operation>
    <wsdl:operation name="GetMagStripInfo">
      <soap:operation soapAction="http://tempuri.org/GetMagStripInfo" style="document"/>
      <wsdl:input>
        <soap:body use="literal"/>
      </wsdl:input>
      <wsdl:output>
        <soap:body use="literal"/>
      </wsdl:output>
    </wsdl:operation>
    <wsdl:operation name="GetTokenFullData_StringResult">
      <soap:operation soapAction="http://tempuri.org/GetTokenFullData_StringResult" style="document"/>
      <wsdl:input>
        <soap:body use="literal"/>
      </wsdl:input>
      <wsdl:output>
        <soap:body use="literal"/>
      </wsdl:output>
    </wsdl:operation>
    <wsdl:operation name="GetTokenFullData">
      <soap:operation soapAction="http://tempuri.org/GetTokenFullData" style="document"/>
      <wsdl:input>
        <soap:body use="literal"/>
      </wsdl:input>
      <wsdl:output>
        <soap:body use="literal"/>
      </wsdl:output>
    </wsdl:operation>
    <wsdl:operation name="GetTokenInfo_StringResult">
      <soap:operation soapAction="http://tempuri.org/GetTokenInfo_StringResult" style="document"/>
      <wsdl:input>
        <soap:body use="literal"/>
      </wsdl:input>
      <wsdl:output>
        <soap:body use="literal"/>
      </wsdl:output>
    </wsdl:operation>
    <wsdl:operation name="GetTokenInfo">
      <soap:operation soapAction="http://tempuri.org/GetTokenInfo" style="document"/>
      <wsdl:input>
        <soap:body use="literal"/>
      </wsdl:input>
      <wsdl:output>
        <soap:body use="literal"/>
      </wsdl:output>
    </wsdl:operation>
    <wsdl:operation name="DeleteToken">
      <soap:operation soapAction="http://tempuri.org/DeleteToken" style="document"/>
      <wsdl:input>
        <soap:body use="literal"/>
      </wsdl:input>
      <wsdl:output>
        <soap:body use="literal"/>
      </wsdl:output>
    </wsdl:operation>
    <wsdl:operation name="IsValidToken">
      <soap:operation soapAction="http://tempuri.org/IsValidToken" style="document"/>
      <wsdl:input>
        <soap:body use="literal"/>
      </wsdl:input>
      <wsdl:output>
        <soap:body use="literal"/>
      </wsdl:output>
    </wsdl:operation>
    <wsdl:operation name="IsECInvoiceClient">
      <soap:operation soapAction="http://tempuri.org/IsECInvoiceClient" style="document"/>
      <wsdl:input>
        <soap:body use="literal"/>
      </wsdl:input>
      <wsdl:output>
        <soap:body use="literal"/>
      </wsdl:output>
    </wsdl:operation>
    <wsdl:operation name="ProduceECInvoiceDocument">
      <soap:operation soapAction="http://tempuri.org/ProduceECInvoiceDocument" style="document"/>
      <wsdl:input>
        <soap:body use="literal"/>
      </wsdl:input>
      <wsdl:output>
        <soap:body use="literal"/>
      </wsdl:output>
    </wsdl:operation>
    <wsdl:operation name="ProduceECInvoiceDocumentPerDeal">
      <soap:operation soapAction="http://tempuri.org/ProduceECInvoiceDocumentPerDeal" style="document"/>
      <wsdl:input>
        <soap:body use="literal"/>
      </wsdl:input>
      <wsdl:output>
        <soap:body use="literal"/>
      </wsdl:output>
    </wsdl:operation>
    <wsdl:operation name="GetTerminalType">
      <soap:operation soapAction="http://tempuri.org/GetTerminalType" style="document"/>
      <wsdl:input>
        <soap:body use="literal"/>
      </wsdl:input>
      <wsdl:output>
        <soap:body use="literal"/>
      </wsdl:output>
    </wsdl:operation>
  </wsdl:binding>
  <wsdl:binding name="ServiceSoap12" type="tns:ServiceSoap">
    <soap12:binding transport="http://schemas.xmlsoap.org/soap/http"/>
    <wsdl:operation name="Login">
      <soap12:operation soapAction="http://tempuri.org/Login" style="document"/>
      <wsdl:input>
        <soap12:body use="literal"/>
      </wsdl:input>
      <wsdl:output>
        <soap12:body use="literal"/>
      </wsdl:output>
    </wsdl:operation>
    <wsdl:operation name="RunAddRecordsToSuccessDeals">
      <soap12:operation soapAction="http://tempuri.org/RunAddRecordsToSuccessDeals" style="document"/>
      <wsdl:input>
        <soap12:body use="literal"/>
      </wsdl:input>
      <wsdl:output>
        <soap12:body use="literal"/>
      </wsdl:output>
    </wsdl:operation>
    <wsdl:operation name="LoginExtended_StringResult">
      <soap12:operation soapAction="http://tempuri.org/LoginExtended_StringResult" style="document"/>
      <wsdl:input>
        <soap12:body use="literal"/>
      </wsdl:input>
      <wsdl:output>
        <soap12:body use="literal"/>
      </wsdl:output>
    </wsdl:operation>
    <wsdl:operation name="LoginExtended">
      <soap12:operation soapAction="http://tempuri.org/LoginExtended" style="document"/>
      <wsdl:input>
        <soap12:body use="literal"/>
      </wsdl:input>
      <wsdl:output>
        <soap12:body use="literal"/>
      </wsdl:output>
    </wsdl:operation>
    <wsdl:operation name="LoginMobile">
      <soap12:operation soapAction="http://tempuri.org/LoginMobile" style="document"/>
      <wsdl:input>
        <soap12:body use="literal"/>
      </wsdl:input>
      <wsdl:output>
        <soap12:body use="literal"/>
      </wsdl:output>
    </wsdl:operation>
    <wsdl:operation name="DoDealWithExternalID">
      <soap12:operation soapAction="http://tempuri.org/DoDealWithExternalID" style="document"/>
      <wsdl:input>
        <soap12:body use="literal"/>
      </wsdl:input>
      <wsdl:output>
        <soap12:body use="literal"/>
      </wsdl:output>
    </wsdl:operation>
    <wsdl:operation name="DoDeal">
      <soap12:operation soapAction="http://tempuri.org/DoDeal" style="document"/>
      <wsdl:input>
        <soap12:body use="literal"/>
      </wsdl:input>
      <wsdl:output>
        <soap12:body use="literal"/>
      </wsdl:output>
    </wsdl:operation>
    <wsdl:operation name="DoDealPinPad">
      <soap12:operation soapAction="http://tempuri.org/DoDealPinPad" style="document"/>
      <wsdl:input>
        <soap12:body use="literal"/>
      </wsdl:input>
      <wsdl:output>
        <soap12:body use="literal"/>
      </wsdl:output>
    </wsdl:operation>
    <wsdl:operation name="DoDealOldExt">
      <soap12:operation soapAction="http://tempuri.org/DoDealOldExt" style="document"/>
      <wsdl:input>
        <soap12:body use="literal"/>
      </wsdl:input>
      <wsdl:output>
        <soap12:body use="literal"/>
      </wsdl:output>
    </wsdl:operation>
    <wsdl:operation name="DoDealExt">
      <soap12:operation soapAction="http://tempuri.org/DoDealExt" style="document"/>
      <wsdl:input>
        <soap12:body use="literal"/>
      </wsdl:input>
      <wsdl:output>
        <soap12:body use="literal"/>
      </wsdl:output>
    </wsdl:operation>
    <wsdl:operation name="DoDealUserCodeWithTokenExt">
      <soap12:operation soapAction="http://tempuri.org/DoDealUserCodeWithTokenExt" style="document"/>
      <wsdl:input>
        <soap12:body use="literal"/>
      </wsdl:input>
      <wsdl:output>
        <soap12:body use="literal"/>
      </wsdl:output>
    </wsdl:operation>
    <wsdl:operation name="DoDealWithTokenExt">
      <soap12:operation soapAction="http://tempuri.org/DoDealWithTokenExt" style="document"/>
      <wsdl:input>
        <soap12:body use="literal"/>
      </wsdl:input>
      <wsdl:output>
        <soap12:body use="literal"/>
      </wsdl:output>
    </wsdl:operation>
    <wsdl:operation name="GetDealHistoryAuthToken_StringResult">
      <soap12:operation soapAction="http://tempuri.org/GetDealHistoryAuthToken_StringResult" style="document"/>
      <wsdl:input>
        <soap12:body use="literal"/>
      </wsdl:input>
      <wsdl:output>
        <soap12:body use="literal"/>
      </wsdl:output>
    </wsdl:operation>
    <wsdl:operation name="GetDealHistoryAuthToken">
      <soap12:operation soapAction="http://tempuri.org/GetDealHistoryAuthToken" style="document"/>
      <wsdl:input>
        <soap12:body use="literal"/>
      </wsdl:input>
      <wsdl:output>
        <soap12:body use="literal"/>
      </wsdl:output>
    </wsdl:operation>
    <wsdl:operation name="GetDealHistory_StringResult">
      <soap12:operation soapAction="http://tempuri.org/GetDealHistory_StringResult" style="document"/>
      <wsdl:input>
        <soap12:body use="literal"/>
      </wsdl:input>
      <wsdl:output>
        <soap12:body use="literal"/>
      </wsdl:output>
    </wsdl:operation>
    <wsdl:operation name="GetDealHistory">
      <soap12:operation soapAction="http://tempuri.org/GetDealHistory" style="document"/>
      <wsdl:input>
        <soap12:body use="literal"/>
      </wsdl:input>
      <wsdl:output>
        <soap12:body use="literal"/>
      </wsdl:output>
    </wsdl:operation>
    <wsdl:operation name="GetTransNumber">
      <soap12:operation soapAction="http://tempuri.org/GetTransNumber" style="document"/>
      <wsdl:input>
        <soap12:body use="literal"/>
      </wsdl:input>
      <wsdl:output>
        <soap12:body use="literal"/>
      </wsdl:output>
    </wsdl:operation>
    <wsdl:operation name="GetDealByExternalID_StringResult">
      <soap12:operation soapAction="http://tempuri.org/GetDealByExternalID_StringResult" style="document"/>
      <wsdl:input>
        <soap12:body use="literal"/>
      </wsdl:input>
      <wsdl:output>
        <soap12:body use="literal"/>
      </wsdl:output>
    </wsdl:operation>
    <wsdl:operation name="GetDealByExternalID">
      <soap12:operation soapAction="http://tempuri.org/GetDealByExternalID" style="document"/>
      <wsdl:input>
        <soap12:body use="literal"/>
      </wsdl:input>
      <wsdl:output>
        <soap12:body use="literal"/>
      </wsdl:output>
    </wsdl:operation>
    <wsdl:operation name="GetDealInfoAuthToken_StringResult">
      <soap12:operation soapAction="http://tempuri.org/GetDealInfoAuthToken_StringResult" style="document"/>
      <wsdl:input>
        <soap12:body use="literal"/>
      </wsdl:input>
      <wsdl:output>
        <soap12:body use="literal"/>
      </wsdl:output>
    </wsdl:operation>
    <wsdl:operation name="GetDealInfoAuthToken">
      <soap12:operation soapAction="http://tempuri.org/GetDealInfoAuthToken" style="document"/>
      <wsdl:input>
        <soap12:body use="literal"/>
      </wsdl:input>
      <wsdl:output>
        <soap12:body use="literal"/>
      </wsdl:output>
    </wsdl:operation>
    <wsdl:operation name="GetDealInfo_StringResult">
      <soap12:operation soapAction="http://tempuri.org/GetDealInfo_StringResult" style="document"/>
      <wsdl:input>
        <soap12:body use="literal"/>
      </wsdl:input>
      <wsdl:output>
        <soap12:body use="literal"/>
      </wsdl:output>
    </wsdl:operation>
    <wsdl:operation name="GetDealInfo">
      <soap12:operation soapAction="http://tempuri.org/GetDealInfo" style="document"/>
      <wsdl:input>
        <soap12:body use="literal"/>
      </wsdl:input>
      <wsdl:output>
        <soap12:body use="literal"/>
      </wsdl:output>
    </wsdl:operation>
    <wsdl:operation name="GetInvoicesInRange_StringResult">
      <soap12:operation soapAction="http://tempuri.org/GetInvoicesInRange_StringResult" style="document"/>
      <wsdl:input>
        <soap12:body use="literal"/>
      </wsdl:input>
      <wsdl:output>
        <soap12:body use="literal"/>
      </wsdl:output>
    </wsdl:operation>
    <wsdl:operation name="GetInvoices_StringResult">
      <soap12:operation soapAction="http://tempuri.org/GetInvoices_StringResult" style="document"/>
      <wsdl:input>
        <soap12:body use="literal"/>
      </wsdl:input>
      <wsdl:output>
        <soap12:body use="literal"/>
      </wsdl:output>
    </wsdl:operation>
    <wsdl:operation name="GetInvoicesInRange">
      <soap12:operation soapAction="http://tempuri.org/GetInvoicesInRange" style="document"/>
      <wsdl:input>
        <soap12:body use="literal"/>
      </wsdl:input>
      <wsdl:output>
        <soap12:body use="literal"/>
      </wsdl:output>
    </wsdl:operation>
    <wsdl:operation name="GetInvoices">
      <soap12:operation soapAction="http://tempuri.org/GetInvoices" style="document"/>
      <wsdl:input>
        <soap12:body use="literal"/>
      </wsdl:input>
      <wsdl:output>
        <soap12:body use="literal"/>
      </wsdl:output>
    </wsdl:operation>
    <wsdl:operation name="GetDealHistoryInRange_StringResult">
      <soap12:operation soapAction="http://tempuri.org/GetDealHistoryInRange_StringResult" style="document"/>
      <wsdl:input>
        <soap12:body use="literal"/>
      </wsdl:input>
      <wsdl:output>
        <soap12:body use="literal"/>
      </wsdl:output>
    </wsdl:operation>
    <wsdl:operation name="GetDealHistoryInRangeAuthToken_StringResult">
      <soap12:operation soapAction="http://tempuri.org/GetDealHistoryInRangeAuthToken_StringResult" style="document"/>
      <wsdl:input>
        <soap12:body use="literal"/>
      </wsdl:input>
      <wsdl:output>
        <soap12:body use="literal"/>
      </wsdl:output>
    </wsdl:operation>
    <wsdl:operation name="GetDealHistoryInRange">
      <soap12:operation soapAction="http://tempuri.org/GetDealHistoryInRange" style="document"/>
      <wsdl:input>
        <soap12:body use="literal"/>
      </wsdl:input>
      <wsdl:output>
        <soap12:body use="literal"/>
      </wsdl:output>
    </wsdl:operation>
    <wsdl:operation name="GetDealHistoryInRangeAuthToken">
      <soap12:operation soapAction="http://tempuri.org/GetDealHistoryInRangeAuthToken" style="document"/>
      <wsdl:input>
        <soap12:body use="literal"/>
      </wsdl:input>
      <wsdl:output>
        <soap12:body use="literal"/>
      </wsdl:output>
    </wsdl:operation>
    <wsdl:operation name="GetDealInvoiced">
      <soap12:operation soapAction="http://tempuri.org/GetDealInvoiced" style="document"/>
      <wsdl:input>
        <soap12:body use="literal"/>
      </wsdl:input>
      <wsdl:output>
        <soap12:body use="literal"/>
      </wsdl:output>
    </wsdl:operation>
    <wsdl:operation name="DealInvoiced">
      <soap12:operation soapAction="http://tempuri.org/DealInvoiced" style="document"/>
      <wsdl:input>
        <soap12:body use="literal"/>
      </wsdl:input>
      <wsdl:output>
        <soap12:body use="literal"/>
      </wsdl:output>
    </wsdl:operation>
    <wsdl:operation name="GetErrorMessageByErrorID">
      <soap12:operation soapAction="http://tempuri.org/GetErrorMessageByErrorID" style="document"/>
      <wsdl:input>
        <soap12:body use="literal"/>
      </wsdl:input>
      <wsdl:output>
        <soap12:body use="literal"/>
      </wsdl:output>
    </wsdl:operation>
    <wsdl:operation name="CheckCard_StringResult">
      <soap12:operation soapAction="http://tempuri.org/CheckCard_StringResult" style="document"/>
      <wsdl:input>
        <soap12:body use="literal"/>
      </wsdl:input>
      <wsdl:output>
        <soap12:body use="literal"/>
      </wsdl:output>
    </wsdl:operation>
    <wsdl:operation name="CheckCard">
      <soap12:operation soapAction="http://tempuri.org/CheckCard" style="document"/>
      <wsdl:input>
        <soap12:body use="literal"/>
      </wsdl:input>
      <wsdl:output>
        <soap12:body use="literal"/>
      </wsdl:output>
    </wsdl:operation>
    <wsdl:operation name="ChangePassword_StringResult">
      <soap12:operation soapAction="http://tempuri.org/ChangePassword_StringResult" style="document"/>
      <wsdl:input>
        <soap12:body use="literal"/>
      </wsdl:input>
      <wsdl:output>
        <soap12:body use="literal"/>
      </wsdl:output>
    </wsdl:operation>
    <wsdl:operation name="ChangePassword">
      <soap12:operation soapAction="http://tempuri.org/ChangePassword" style="document"/>
      <wsdl:input>
        <soap12:body use="literal"/>
      </wsdl:input>
      <wsdl:output>
        <soap12:body use="literal"/>
      </wsdl:output>
    </wsdl:operation>
    <wsdl:operation name="TransmitDeals">
      <soap12:operation soapAction="http://tempuri.org/TransmitDeals" style="document"/>
      <wsdl:input>
        <soap12:body use="literal"/>
      </wsdl:input>
      <wsdl:output>
        <soap12:body use="literal"/>
      </wsdl:output>
    </wsdl:operation>
    <wsdl:operation name="CreateForm_PCI">
      <soap12:operation soapAction="http://tempuri.org/CreateForm_PCI" style="document"/>
      <wsdl:input>
        <soap12:body use="literal"/>
      </wsdl:input>
      <wsdl:output>
        <soap12:body use="literal"/>
      </wsdl:output>
    </wsdl:operation>
    <wsdl:operation name="CreateForm_PCI_Advance">
      <soap12:operation soapAction="http://tempuri.org/CreateForm_PCI_Advance" style="document"/>
      <wsdl:input>
        <soap12:body use="literal"/>
      </wsdl:input>
      <wsdl:output>
        <soap12:body use="literal"/>
      </wsdl:output>
    </wsdl:operation>
    <wsdl:operation name="CreateForm">
      <soap12:operation soapAction="http://tempuri.org/CreateForm" style="document"/>
      <wsdl:input>
        <soap12:body use="literal"/>
      </wsdl:input>
      <wsdl:output>
        <soap12:body use="literal"/>
      </wsdl:output>
    </wsdl:operation>
    <wsdl:operation name="ValidateDealWithID">
      <soap12:operation soapAction="http://tempuri.org/ValidateDealWithID" style="document"/>
      <wsdl:input>
        <soap12:body use="literal"/>
      </wsdl:input>
      <wsdl:output>
        <soap12:body use="literal"/>
      </wsdl:output>
    </wsdl:operation>
    <wsdl:operation name="ValidateDeal">
      <soap12:operation soapAction="http://tempuri.org/ValidateDeal" style="document"/>
      <wsdl:input>
        <soap12:body use="literal"/>
      </wsdl:input>
      <wsdl:output>
        <soap12:body use="literal"/>
      </wsdl:output>
    </wsdl:operation>
    <wsdl:operation name="GetNewToken">
      <soap12:operation soapAction="http://tempuri.org/GetNewToken" style="document"/>
      <wsdl:input>
        <soap12:body use="literal"/>
      </wsdl:input>
      <wsdl:output>
        <soap12:body use="literal"/>
      </wsdl:output>
    </wsdl:operation>
    <wsdl:operation name="GetNewTokenWithMagneticStrip">
      <soap12:operation soapAction="http://tempuri.org/GetNewTokenWithMagneticStrip" style="document"/>
      <wsdl:input>
        <soap12:body use="literal"/>
      </wsdl:input>
      <wsdl:output>
        <soap12:body use="literal"/>
      </wsdl:output>
    </wsdl:operation>
    <wsdl:operation name="UpdateToken">
      <soap12:operation soapAction="http://tempuri.org/UpdateToken" style="document"/>
      <wsdl:input>
        <soap12:body use="literal"/>
      </wsdl:input>
      <wsdl:output>
        <soap12:body use="literal"/>
      </wsdl:output>
    </wsdl:operation>
    <wsdl:operation name="DoDealJ5WithToken">
      <soap12:operation soapAction="http://tempuri.org/DoDealJ5WithToken" style="document"/>
      <wsdl:input>
        <soap12:body use="literal"/>
      </wsdl:input>
      <wsdl:output>
        <soap12:body use="literal"/>
      </wsdl:output>
    </wsdl:operation>
    <wsdl:operation name="DoDealWithToken">
      <soap12:operation soapAction="http://tempuri.org/DoDealWithToken" style="document"/>
      <wsdl:input>
        <soap12:body use="literal"/>
      </wsdl:input>
      <wsdl:output>
        <soap12:body use="literal"/>
      </wsdl:output>
    </wsdl:operation>
    <wsdl:operation name="DoDealWithProducts">
      <soap12:operation soapAction="http://tempuri.org/DoDealWithProducts" style="document"/>
      <wsdl:input>
        <soap12:body use="literal"/>
      </wsdl:input>
      <wsdl:output>
        <soap12:body use="literal"/>
      </wsdl:output>
    </wsdl:operation>
    <wsdl:operation name="GetMagStripInfo">
      <soap12:operation soapAction="http://tempuri.org/GetMagStripInfo" style="document"/>
      <wsdl:input>
        <soap12:body use="literal"/>
      </wsdl:input>
      <wsdl:output>
        <soap12:body use="literal"/>
      </wsdl:output>
    </wsdl:operation>
    <wsdl:operation name="GetTokenFullData_StringResult">
      <soap12:operation soapAction="http://tempuri.org/GetTokenFullData_StringResult" style="document"/>
      <wsdl:input>
        <soap12:body use="literal"/>
      </wsdl:input>
      <wsdl:output>
        <soap12:body use="literal"/>
      </wsdl:output>
    </wsdl:operation>
    <wsdl:operation name="GetTokenFullData">
      <soap12:operation soapAction="http://tempuri.org/GetTokenFullData" style="document"/>
      <wsdl:input>
        <soap12:body use="literal"/>
      </wsdl:input>
      <wsdl:output>
        <soap12:body use="literal"/>
      </wsdl:output>
    </wsdl:operation>
    <wsdl:operation name="GetTokenInfo_StringResult">
      <soap12:operation soapAction="http://tempuri.org/GetTokenInfo_StringResult" style="document"/>
      <wsdl:input>
        <soap12:body use="literal"/>
      </wsdl:input>
      <wsdl:output>
        <soap12:body use="literal"/>
      </wsdl:output>
    </wsdl:operation>
    <wsdl:operation name="GetTokenInfo">
      <soap12:operation soapAction="http://tempuri.org/GetTokenInfo" style="document"/>
      <wsdl:input>
        <soap12:body use="literal"/>
      </wsdl:input>
      <wsdl:output>
        <soap12:body use="literal"/>
      </wsdl:output>
    </wsdl:operation>
    <wsdl:operation name="DeleteToken">
      <soap12:operation soapAction="http://tempuri.org/DeleteToken" style="document"/>
      <wsdl:input>
        <soap12:body use="literal"/>
      </wsdl:input>
      <wsdl:output>
        <soap12:body use="literal"/>
      </wsdl:output>
    </wsdl:operation>
    <wsdl:operation name="IsValidToken">
      <soap12:operation soapAction="http://tempuri.org/IsValidToken" style="document"/>
      <wsdl:input>
        <soap12:body use="literal"/>
      </wsdl:input>
      <wsdl:output>
        <soap12:body use="literal"/>
      </wsdl:output>
    </wsdl:operation>
    <wsdl:operation name="IsECInvoiceClient">
      <soap12:operation soapAction="http://tempuri.org/IsECInvoiceClient" style="document"/>
      <wsdl:input>
        <soap12:body use="literal"/>
      </wsdl:input>
      <wsdl:output>
        <soap12:body use="literal"/>
      </wsdl:output>
    </wsdl:operation>
    <wsdl:operation name="ProduceECInvoiceDocument">
      <soap12:operation soapAction="http://tempuri.org/ProduceECInvoiceDocument" style="document"/>
      <wsdl:input>
        <soap12:body use="literal"/>
      </wsdl:input>
      <wsdl:output>
        <soap12:body use="literal"/>
      </wsdl:output>
    </wsdl:operation>
    <wsdl:operation name="ProduceECInvoiceDocumentPerDeal">
      <soap12:operation soapAction="http://tempuri.org/ProduceECInvoiceDocumentPerDeal" style="document"/>
      <wsdl:input>
        <soap12:body use="literal"/>
      </wsdl:input>
      <wsdl:output>
        <soap12:body use="literal"/>
      </wsdl:output>
    </wsdl:operation>
    <wsdl:operation name="GetTerminalType">
      <soap12:operation soapAction="http://tempuri.org/GetTerminalType" style="document"/>
      <wsdl:input>
        <soap12:body use="literal"/>
      </wsdl:input>
      <wsdl:output>
        <soap12:body use="literal"/>
      </wsdl:output>
    </wsdl:operation>
  </wsdl:binding>
  <wsdl:service name="Service">
    <wsdl:port name="ServiceSoap" binding="tns:ServiceSoap">
      <soap:address location="https://ectest.e-c.co.il/Service/Service.asmx"/>
    </wsdl:port>
    <wsdl:port name="ServiceSoap12" binding="tns:ServiceSoap12">
      <soap12:address location="https://ectest.e-c.co.il/Service/Service.asmx"/>
    </wsdl:port>
  </wsdl:service>
</wsdl:definitions>]]></con:content><con:type>http://schemas.xmlsoap.org/wsdl/</con:type></con:part></con:definitionCache><con:endpoints><con:endpoint>https://ectest.e-c.co.il/Service/Service.asmx</con:endpoint></con:endpoints><con:operation id="542d6d0a-e0c6-4415-8b2a-6d24cb74f699" isOneWay="false" action="http://tempuri.org/ChangePassword" name="ChangePassword" bindingOperationName="ChangePassword" type="Request-Response" inputName="" receivesAttachments="false" sendsAttachments="false" anonymous="optional"><con:settings/><con:call id="a2f1b199-d258-4699-a805-ae5860c87192" name="Request 1"><con:settings/><con:encoding>UTF-8</con:encoding><con:endpoint>https://ectest.e-c.co.il/Service/Service.asmx</con:endpoint><con:request><![CDATA[<soapenv:Envelope xmlns:soapenv="http://schemas.xmlsoap.org/soap/envelope/" xmlns:tem="http://tempuri.org/">\r
   <soapenv:Header/>\r
   <soapenv:Body>\r
      <tem:ChangePassword>\r
         <!--Optional:-->\r
         <tem:ClientID>?</tem:ClientID>\r
         <!--Optional:-->\r
         <tem:OldPassword>?</tem:OldPassword>\r
         <!--Optional:-->\r
         <tem:NewPassword>?</tem:NewPassword>\r
      </tem:ChangePassword>\r
   </soapenv:Body>\r
</soapenv:Envelope>]]></con:request><con:wsaConfig mustUnderstand="NONE" version="200508" action="http://tempuri.org/ChangePassword"/></con:call></con:operation><con:operation id="90a59ca5-7eef-49fe-b31d-70f26d69e8e7" isOneWay="false" action="http://tempuri.org/ChangePassword_StringResult" name="ChangePassword_StringResult" bindingOperationName="ChangePassword_StringResult" type="Request-Response" inputName="" receivesAttachments="false" sendsAttachments="false" anonymous="optional"><con:settings/><con:call id="d825bb3b-5ca5-4ec5-8844-f18ca2ced34d" name="Request 1"><con:settings/><con:encoding>UTF-8</con:encoding><con:endpoint>https://ectest.e-c.co.il/Service/Service.asmx</con:endpoint><con:request><![CDATA[<soapenv:Envelope xmlns:soapenv="http://schemas.xmlsoap.org/soap/envelope/" xmlns:tem="http://tempuri.org/">\r
   <soapenv:Header/>\r
   <soapenv:Body>\r
      <tem:ChangePassword_StringResult>\r
         <!--Optional:-->\r
         <tem:ClientID>?</tem:ClientID>\r
         <!--Optional:-->\r
         <tem:OldPassword>?</tem:OldPassword>\r
         <!--Optional:-->\r
         <tem:NewPassword>?</tem:NewPassword>\r
      </tem:ChangePassword_StringResult>\r
   </soapenv:Body>\r
</soapenv:Envelope>]]></con:request><con:wsaConfig mustUnderstand="NONE" version="200508" action="http://tempuri.org/ChangePassword_StringResult"/></con:call></con:operation><con:operation id="146d47b9-556f-4171-812b-5079a4236a5b" isOneWay="false" action="http://tempuri.org/CheckCard" name="CheckCard" bindingOperationName="CheckCard" type="Request-Response" inputName="" receivesAttachments="false" sendsAttachments="false" anonymous="optional"><con:settings/><con:call id="5f3b374b-1cdc-4dad-b16e-032c46f7fd5f" name="Request 1"><con:settings/><con:encoding>UTF-8</con:encoding><con:endpoint>https://ectest.e-c.co.il/Service/Service.asmx</con:endpoint><con:request><![CDATA[<soapenv:Envelope xmlns:soapenv="http://schemas.xmlsoap.org/soap/envelope/" xmlns:tem="http://tempuri.org/">\r
   <soapenv:Header/>\r
   <soapenv:Body>\r
      <tem:CheckCard>\r
         <!--Optional:-->\r
         <tem:ClientID>?</tem:ClientID>\r
         <!--Optional:-->\r
         <tem:Password>?</tem:Password>\r
         <!--Optional:-->\r
         <tem:CardNumber>?</tem:CardNumber>\r
         <tem:Month>?</tem:Month>\r
         <tem:Year>?</tem:Year>\r
         <!--Optional:-->\r
         <tem:TZ>?</tem:TZ>\r
         <!--Optional:-->\r
         <tem:CVV>?</tem:CVV>\r
         <!--Optional:-->\r
         <tem:CellPhone>?</tem:CellPhone>\r
         <!--Optional:-->\r
         <tem:OwnerName>?</tem:OwnerName>\r
      </tem:CheckCard>\r
   </soapenv:Body>\r
</soapenv:Envelope>]]></con:request><con:wsaConfig mustUnderstand="NONE" version="200508" action="http://tempuri.org/CheckCard"/></con:call></con:operation><con:operation id="c210cdd3-4038-4ffb-b2a1-3ff334d7d249" isOneWay="false" action="http://tempuri.org/CheckCard_StringResult" name="CheckCard_StringResult" bindingOperationName="CheckCard_StringResult" type="Request-Response" inputName="" receivesAttachments="false" sendsAttachments="false" anonymous="optional"><con:settings/><con:call id="5af741f6-b5c9-42e2-b262-4ab79c50b0d7" name="Request 1"><con:settings/><con:encoding>UTF-8</con:encoding><con:endpoint>https://ectest.e-c.co.il/Service/Service.asmx</con:endpoint><con:request><![CDATA[<soapenv:Envelope xmlns:soapenv="http://schemas.xmlsoap.org/soap/envelope/" xmlns:tem="http://tempuri.org/">\r
   <soapenv:Header/>\r
   <soapenv:Body>\r
      <tem:CheckCard_StringResult>\r
         <!--Optional:-->\r
         <tem:ClientID>?</tem:ClientID>\r
         <!--Optional:-->\r
         <tem:Password>?</tem:Password>\r
         <!--Optional:-->\r
         <tem:CardNumber>?</tem:CardNumber>\r
         <tem:Month>?</tem:Month>\r
         <tem:Year>?</tem:Year>\r
         <!--Optional:-->\r
         <tem:TZ>?</tem:TZ>\r
         <!--Optional:-->\r
         <tem:CVV>?</tem:CVV>\r
      </tem:CheckCard_StringResult>\r
   </soapenv:Body>\r
</soapenv:Envelope>]]></con:request><con:wsaConfig mustUnderstand="NONE" version="200508" action="http://tempuri.org/CheckCard_StringResult"/></con:call></con:operation><con:operation id="7e033d23-ecf5-45ca-959a-9778b105dfcd" isOneWay="false" action="http://tempuri.org/CreateForm" name="CreateForm" bindingOperationName="CreateForm" type="Request-Response" inputName="" receivesAttachments="false" sendsAttachments="false" anonymous="optional"><con:settings/><con:call id="74898d72-9c19-459b-bb72-b2a4b169c137" name="Request 1"><con:settings/><con:encoding>UTF-8</con:encoding><con:endpoint>https://ectest.e-c.co.il/Service/Service.asmx</con:endpoint><con:request><![CDATA[<soapenv:Envelope xmlns:soapenv="http://schemas.xmlsoap.org/soap/envelope/" xmlns:tem="http://tempuri.org/">\r
   <soapenv:Header/>\r
   <soapenv:Body>\r
      <tem:CreateForm>\r
         <!--Optional:-->\r
         <tem:ClientID>?</tem:ClientID>\r
         <!--Optional:-->\r
         <tem:Password>?</tem:Password>\r
         <!--Optional:-->\r
         <tem:Sum>?</tem:Sum>\r
         <!--Optional:-->\r
         <tem:MType>?</tem:MType>\r
         <!--Optional:-->\r
         <tem:StateData>?</tem:StateData>\r
         <!--Optional:-->\r
         <tem:MinPayments>?</tem:MinPayments>\r
         <!--Optional:-->\r
         <tem:MaxPayments>?</tem:MaxPayments>\r
         <!--Optional:-->\r
         <tem:noCredit>?</tem:noCredit>\r
         <!--Optional:-->\r
         <tem:minCreditPayments>?</tem:minCreditPayments>\r
         <!--Optional:-->\r
         <tem:maxCreditPayments>?</tem:maxCreditPayments>\r
         <!--Optional:-->\r
         <tem:note>?</tem:note>\r
         <!--Optional:-->\r
         <tem:externalID>?</tem:externalID>\r
         <!--Optional:-->\r
         <tem:products>?</tem:products>\r
         <!--Optional:-->\r
         <tem:returnURL>?</tem:returnURL>\r
         <!--Optional:-->\r
         <tem:createToken>?</tem:createToken>\r
         <!--Optional:-->\r
         <tem:token>?</tem:token>\r
         <!--Optional:-->\r
         <tem:hideEmail>?</tem:hideEmail>\r
         <!--Optional:-->\r
         <tem:mandMail>?</tem:mandMail>\r
         <!--Optional:-->\r
         <tem:mandName>?</tem:mandName>\r
         <!--Optional:-->\r
         <tem:mandCell>?</tem:mandCell>\r
         <!--Optional:-->\r
         <tem:returnURLFalse>?</tem:returnURLFalse>\r
         <!--Optional:-->\r
         <tem:dealType>?</tem:dealType>\r
         <!--Optional:-->\r
         <tem:ownerName>?</tem:ownerName>\r
         <!--Optional:-->\r
         <tem:ownerCell>?</tem:ownerCell>\r
         <!--Optional:-->\r
         <tem:ownerMail>?</tem:ownerMail>\r
         <!--Optional:-->\r
         <tem:MinPaymentsWithCommission>?</tem:MinPaymentsWithCommission>\r
         <!--Optional:-->\r
         <tem:MaxPaymentsWithCommission>?</tem:MaxPaymentsWithCommission>\r
         <!--Optional:-->\r
         <tem:ReturnIndexTrue>?</tem:ReturnIndexTrue>\r
      </tem:CreateForm>\r
   </soapenv:Body>\r
</soapenv:Envelope>]]></con:request><con:wsaConfig mustUnderstand="NONE" version="200508" action="http://tempuri.org/CreateForm"/></con:call></con:operation><con:operation id="d5251482-f2b3-4a1f-b0ca-828e6750df89" isOneWay="false" action="http://tempuri.org/CreateForm_PCI" name="CreateForm_PCI" bindingOperationName="CreateForm_PCI" type="Request-Response" inputName="" receivesAttachments="false" sendsAttachments="false" anonymous="optional"><con:settings/><con:call id="49818545-857d-44ed-8ff2-f4fa71593def" name="Request 1"><con:settings/><con:encoding>UTF-8</con:encoding><con:endpoint>https://ectest.e-c.co.il/Service/Service.asmx</con:endpoint><con:request><![CDATA[<soapenv:Envelope xmlns:soapenv="http://schemas.xmlsoap.org/soap/envelope/" xmlns:tem="http://tempuri.org/">\r
   <soapenv:Header/>\r
   <soapenv:Body>\r
      <tem:CreateForm_PCI>\r
         <!--Optional:-->\r
         <tem:RedirectToken>?</tem:RedirectToken>\r
         <!--Optional:-->\r
         <tem:Sum>?</tem:Sum>\r
         <!--Optional:-->\r
         <tem:MType>?</tem:MType>\r
         <!--Optional:-->\r
         <tem:StateData>?</tem:StateData>\r
         <!--Optional:-->\r
         <tem:MinPayments>?</tem:MinPayments>\r
         <!--Optional:-->\r
         <tem:MaxPayments>?</tem:MaxPayments>\r
         <!--Optional:-->\r
         <tem:noCredit>?</tem:noCredit>\r
         <!--Optional:-->\r
         <tem:minCreditPayments>?</tem:minCreditPayments>\r
         <!--Optional:-->\r
         <tem:maxCreditPayments>?</tem:maxCreditPayments>\r
         <!--Optional:-->\r
         <tem:note>?</tem:note>\r
         <!--Optional:-->\r
         <tem:externalID>?</tem:externalID>\r
         <!--Optional:-->\r
         <tem:products>?</tem:products>\r
         <!--Optional:-->\r
         <tem:returnURL>?</tem:returnURL>\r
         <!--Optional:-->\r
         <tem:createToken>?</tem:createToken>\r
         <!--Optional:-->\r
         <tem:token>?</tem:token>\r
         <!--Optional:-->\r
         <tem:hideEmail>?</tem:hideEmail>\r
         <!--Optional:-->\r
         <tem:mandMail>?</tem:mandMail>\r
         <!--Optional:-->\r
         <tem:mandName>?</tem:mandName>\r
         <!--Optional:-->\r
         <tem:mandCell>?</tem:mandCell>\r
         <!--Optional:-->\r
         <tem:returnURLFalse>?</tem:returnURLFalse>\r
         <!--Optional:-->\r
         <tem:dealType>?</tem:dealType>\r
         <!--Optional:-->\r
         <tem:ownerName>?</tem:ownerName>\r
         <!--Optional:-->\r
         <tem:ownerCell>?</tem:ownerCell>\r
         <!--Optional:-->\r
         <tem:ownerMail>?</tem:ownerMail>\r
         <!--Optional:-->\r
         <tem:MinPaymentsWithCommission>?</tem:MinPaymentsWithCommission>\r
         <!--Optional:-->\r
         <tem:MaxPaymentsWithCommission>?</tem:MaxPaymentsWithCommission>\r
         <!--Optional:-->\r
         <tem:ReturnIndexTrue>?</tem:ReturnIndexTrue>\r
      </tem:CreateForm_PCI>\r
   </soapenv:Body>\r
</soapenv:Envelope>]]></con:request><con:wsaConfig mustUnderstand="NONE" version="200508" action="http://tempuri.org/CreateForm_PCI"/></con:call></con:operation><con:operation id="134ff920-419e-4b5f-88da-cd0c295bcfbb" isOneWay="false" action="http://tempuri.org/CreateForm_PCI_Advance" name="CreateForm_PCI_Advance" bindingOperationName="CreateForm_PCI_Advance" type="Request-Response" inputName="" receivesAttachments="false" sendsAttachments="false" anonymous="optional"><con:settings/><con:call id="95b6d258-b221-4230-9b7a-23c60dc01ec4" name="Request 1"><con:settings/><con:encoding>UTF-8</con:encoding><con:endpoint>https://ectest.e-c.co.il/Service/Service.asmx</con:endpoint><con:request><![CDATA[<soapenv:Envelope xmlns:soapenv="http://schemas.xmlsoap.org/soap/envelope/" xmlns:tem="http://tempuri.org/">\r
   <soapenv:Header/>\r
   <soapenv:Body>\r
      <tem:CreateForm_PCI_Advance>\r
         <!--Optional:-->\r
         <tem:RedirectToken>?</tem:RedirectToken>\r
         <!--Optional:-->\r
         <tem:Sum>?</tem:Sum>\r
         <!--Optional:-->\r
         <tem:MType>?</tem:MType>\r
         <!--Optional:-->\r
         <tem:StateData>?</tem:StateData>\r
         <!--Optional:-->\r
         <tem:MinPayments>?</tem:MinPayments>\r
         <!--Optional:-->\r
         <tem:MaxPayments>?</tem:MaxPayments>\r
         <!--Optional:-->\r
         <tem:noCredit>?</tem:noCredit>\r
         <!--Optional:-->\r
         <tem:minCreditPayments>?</tem:minCreditPayments>\r
         <!--Optional:-->\r
         <tem:maxCreditPayments>?</tem:maxCreditPayments>\r
         <!--Optional:-->\r
         <tem:note>?</tem:note>\r
         <!--Optional:-->\r
         <tem:externalID>?</tem:externalID>\r
         <!--Optional:-->\r
         <tem:products>?</tem:products>\r
         <!--Optional:-->\r
         <tem:returnURL>?</tem:returnURL>\r
         <!--Optional:-->\r
         <tem:createToken>?</tem:createToken>\r
         <!--Optional:-->\r
         <tem:token>?</tem:token>\r
         <!--Optional:-->\r
         <tem:hideEmail>?</tem:hideEmail>\r
         <!--Optional:-->\r
         <tem:mandMail>?</tem:mandMail>\r
         <!--Optional:-->\r
         <tem:mandName>?</tem:mandName>\r
         <!--Optional:-->\r
         <tem:mandCell>?</tem:mandCell>\r
         <!--Optional:-->\r
         <tem:returnURLFalse>?</tem:returnURLFalse>\r
         <!--Optional:-->\r
         <tem:dealType>?</tem:dealType>\r
         <!--Optional:-->\r
         <tem:ownerName>?</tem:ownerName>\r
         <!--Optional:-->\r
         <tem:ownerCell>?</tem:ownerCell>\r
         <!--Optional:-->\r
         <tem:ownerMail>?</tem:ownerMail>\r
         <!--Optional:-->\r
         <tem:MinPaymentsWithCommission>?</tem:MinPaymentsWithCommission>\r
         <!--Optional:-->\r
         <tem:MaxPaymentsWithCommission>?</tem:MaxPaymentsWithCommission>\r
         <!--Optional:-->\r
         <tem:ReturnIndexTrue>?</tem:ReturnIndexTrue>\r
         <!--Optional:-->\r
         <tem:DoDeal>?</tem:DoDeal>\r
      </tem:CreateForm_PCI_Advance>\r
   </soapenv:Body>\r
</soapenv:Envelope>]]></con:request><con:wsaConfig mustUnderstand="NONE" version="200508" action="http://tempuri.org/CreateForm_PCI_Advance"/></con:call></con:operation><con:operation id="a4136f4c-5dce-46cf-ba0c-63f404641cd6" isOneWay="false" action="http://tempuri.org/DealInvoiced" name="DealInvoiced" bindingOperationName="DealInvoiced" type="Request-Response" inputName="" receivesAttachments="false" sendsAttachments="false" anonymous="optional"><con:settings/><con:call id="95c58585-5b2d-4f09-b558-4d12f147c2b8" name="Request 1"><con:settings/><con:encoding>UTF-8</con:encoding><con:endpoint>https://ectest.e-c.co.il/Service/Service.asmx</con:endpoint><con:request><![CDATA[<soapenv:Envelope xmlns:soapenv="http://schemas.xmlsoap.org/soap/envelope/" xmlns:tem="http://tempuri.org/">\r
   <soapenv:Header/>\r
   <soapenv:Body>\r
      <tem:DealInvoiced>\r
         <!--Optional:-->\r
         <tem:DealID>?</tem:DealID>\r
         <tem:Invoiced>?</tem:Invoiced>\r
         <!--Optional:-->\r
         <tem:ClientID>?</tem:ClientID>\r
         <!--Optional:-->\r
         <tem:Password>?</tem:Password>\r
      </tem:DealInvoiced>\r
   </soapenv:Body>\r
</soapenv:Envelope>]]></con:request><con:wsaConfig mustUnderstand="NONE" version="200508" action="http://tempuri.org/DealInvoiced"/></con:call></con:operation><con:operation id="dd99a967-8691-449f-8ad5-ed99d4b556a9" isOneWay="false" action="http://tempuri.org/DeleteToken" name="DeleteToken" bindingOperationName="DeleteToken" type="Request-Response" inputName="" receivesAttachments="false" sendsAttachments="false" anonymous="optional"><con:settings/><con:call id="273155df-3c53-4111-9537-6785b2efc3ac" name="Request 1"><con:settings/><con:encoding>UTF-8</con:encoding><con:endpoint>https://ectest.e-c.co.il/Service/Service.asmx</con:endpoint><con:request><![CDATA[<soapenv:Envelope xmlns:soapenv="http://schemas.xmlsoap.org/soap/envelope/" xmlns:tem="http://tempuri.org/">\r
   <soapenv:Header/>\r
   <soapenv:Body>\r
      <tem:DeleteToken>\r
         <!--Optional:-->\r
         <tem:ClientID>?</tem:ClientID>\r
         <!--Optional:-->\r
         <tem:Password>?</tem:Password>\r
         <!--Optional:-->\r
         <tem:EcPwd>?</tem:EcPwd>\r
         <!--Optional:-->\r
         <tem:Token>?</tem:Token>\r
      </tem:DeleteToken>\r
   </soapenv:Body>\r
</soapenv:Envelope>]]></con:request><con:wsaConfig mustUnderstand="NONE" version="200508" action="http://tempuri.org/DeleteToken"/></con:call></con:operation><con:operation id="2924d46d-b2fe-4ce6-92a6-6265b6547e11" isOneWay="false" action="http://tempuri.org/DoDeal" name="DoDeal" bindingOperationName="DoDeal" type="Request-Response" inputName="" receivesAttachments="false" sendsAttachments="false" anonymous="optional"><con:settings/><con:call id="2e0e5189-b2a8-426f-8d54-23f1cac2c32e" name="Request 1"><con:settings/><con:encoding>UTF-8</con:encoding><con:endpoint>https://ectest.e-c.co.il/Service/Service.asmx</con:endpoint><con:request><![CDATA[<soapenv:Envelope xmlns:soapenv="http://schemas.xmlsoap.org/soap/envelope/" xmlns:tem="http://tempuri.org/">\r
   <soapenv:Header/>\r
   <soapenv:Body>\r
      <tem:DoDeal>\r
         <!--Optional:-->\r
         <tem:ClientID>?</tem:ClientID>\r
         <!--Optional:-->\r
         <tem:Password>?</tem:Password>\r
         <!--Optional:-->\r
         <tem:ActionMethod>?</tem:ActionMethod>\r
         <!--Optional:-->\r
         <tem:CardNumber>?</tem:CardNumber>\r
         <!--Optional:-->\r
         <tem:ValMonth>?</tem:ValMonth>\r
         <!--Optional:-->\r
         <tem:ValYear>?</tem:ValYear>\r
         <!--Optional:-->\r
         <tem:TotalSum>?</tem:TotalSum>\r
         <!--Optional:-->\r
         <tem:PayNumber>?</tem:PayNumber>\r
         <!--Optional:-->\r
         <tem:FirstPay>?</tem:FirstPay>\r
         <!--Optional:-->\r
         <tem:AddPay>?</tem:AddPay>\r
         <!--Optional:-->\r
         <tem:TZ>?</tem:TZ>\r
         <!--Optional:-->\r
         <tem:CVV2>?</tem:CVV2>\r
         <!--Optional:-->\r
         <tem:DealType>?</tem:DealType>\r
         <!--Optional:-->\r
         <tem:MType>?</tem:MType>\r
         <!--Optional:-->\r
         <tem:Opt>?</tem:Opt>\r
         <!--Optional:-->\r
         <tem:Note>?</tem:Note>\r
         <!--Optional:-->\r
         <tem:OwnerName>?</tem:OwnerName>\r
         <!--Optional:-->\r
         <tem:Email>?</tem:Email>\r
         <!--Optional:-->\r
         <tem:CellPhone>?</tem:CellPhone>\r
      </tem:DoDeal>\r
   </soapenv:Body>\r
</soapenv:Envelope>]]></con:request><con:wsaConfig mustUnderstand="NONE" version="200508" action="http://tempuri.org/DoDeal"/></con:call></con:operation><con:operation id="849afc32-1ae4-43ca-9cb6-1116e17133f3" isOneWay="false" action="http://tempuri.org/DoDealExt" name="DoDealExt" bindingOperationName="DoDealExt" type="Request-Response" inputName="" receivesAttachments="false" sendsAttachments="false" anonymous="optional"><con:settings/><con:call id="d1a58d33-5a8c-4631-ab83-e2a85bacfb88" name="Request 1"><con:settings/><con:encoding>UTF-8</con:encoding><con:endpoint>https://ectest.e-c.co.il/Service/Service.asmx</con:endpoint><con:request><![CDATA[<soapenv:Envelope xmlns:soapenv="http://schemas.xmlsoap.org/soap/envelope/" xmlns:tem="http://tempuri.org/">\r
   <soapenv:Header/>\r
   <soapenv:Body>\r
      <tem:DoDealExt>\r
         <!--Optional:-->\r
         <tem:ClientID>?</tem:ClientID>\r
         <!--Optional:-->\r
         <tem:Password>?</tem:Password>\r
         <!--Optional:-->\r
         <tem:Code>?</tem:Code>\r
         <!--Optional:-->\r
         <tem:CardNumber>?</tem:CardNumber>\r
         <!--Optional:-->\r
         <tem:ValMonth>?</tem:ValMonth>\r
         <!--Optional:-->\r
         <tem:ValYear>?</tem:ValYear>\r
         <!--Optional:-->\r
         <tem:TotalSum>?</tem:TotalSum>\r
         <!--Optional:-->\r
         <tem:PayNumber>?</tem:PayNumber>\r
         <!--Optional:-->\r
         <tem:FirstPay>?</tem:FirstPay>\r
         <!--Optional:-->\r
         <tem:AddPay>?</tem:AddPay>\r
         <!--Optional:-->\r
         <tem:TZ>?</tem:TZ>\r
         <!--Optional:-->\r
         <tem:CVV2>?</tem:CVV2>\r
         <!--Optional:-->\r
         <tem:DealType>?</tem:DealType>\r
         <!--Optional:-->\r
         <tem:MType>?</tem:MType>\r
         <!--Optional:-->\r
         <tem:Opt>?</tem:Opt>\r
         <!--Optional:-->\r
         <tem:Note>?</tem:Note>\r
         <!--Optional:-->\r
         <tem:AuthNum>?</tem:AuthNum>\r
         <!--Optional:-->\r
         <tem:OwnerName>?</tem:OwnerName>\r
         <!--Optional:-->\r
         <tem:Cell>?</tem:Cell>\r
         <!--Optional:-->\r
         <tem:Email>?</tem:Email>\r
      </tem:DoDealExt>\r
   </soapenv:Body>\r
</soapenv:Envelope>]]></con:request><con:wsaConfig mustUnderstand="NONE" version="200508" action="http://tempuri.org/DoDealExt"/></con:call></con:operation><con:operation id="efc66796-26e5-4022-951a-b8d2b7268cd4" isOneWay="false" action="http://tempuri.org/DoDealJ5WithToken" name="DoDealJ5WithToken" bindingOperationName="DoDealJ5WithToken" type="Request-Response" inputName="" receivesAttachments="false" sendsAttachments="false" anonymous="optional"><con:settings/><con:call id="8c48c0bd-be29-4e16-82c5-0c2fd7de7cfd" name="Request 1"><con:settings/><con:encoding>UTF-8</con:encoding><con:endpoint>https://ectest.e-c.co.il/Service/Service.asmx</con:endpoint><con:request><![CDATA[<soapenv:Envelope xmlns:soapenv="http://schemas.xmlsoap.org/soap/envelope/" xmlns:tem="http://tempuri.org/">\r
   <soapenv:Header/>\r
   <soapenv:Body>\r
      <tem:DoDealJ5WithToken>\r
         <!--Optional:-->\r
         <tem:ClientID>?</tem:ClientID>\r
         <!--Optional:-->\r
         <tem:Password>?</tem:Password>\r
         <!--Optional:-->\r
         <tem:EcPwd>?</tem:EcPwd>\r
         <!--Optional:-->\r
         <tem:ActionMethod>?</tem:ActionMethod>\r
         <!--Optional:-->\r
         <tem:TotalSum>?</tem:TotalSum>\r
         <!--Optional:-->\r
         <tem:PayNumber>?</tem:PayNumber>\r
         <!--Optional:-->\r
         <tem:FirstPay>?</tem:FirstPay>\r
         <!--Optional:-->\r
         <tem:AddPay>?</tem:AddPay>\r
         <!--Optional:-->\r
         <tem:MType>?</tem:MType>\r
         <!--Optional:-->\r
         <tem:Opt>?</tem:Opt>\r
         <!--Optional:-->\r
         <tem:Note>?</tem:Note>\r
         <!--Optional:-->\r
         <tem:ExternalID>?</tem:ExternalID>\r
         <!--Optional:-->\r
         <tem:Token>?</tem:Token>\r
         <!--Optional:-->\r
         <tem:OwnerName>?</tem:OwnerName>\r
         <!--Optional:-->\r
         <tem:CellPhone>?</tem:CellPhone>\r
         <!--Optional:-->\r
         <tem:Email>?</tem:Email>\r
      </tem:DoDealJ5WithToken>\r
   </soapenv:Body>\r
</soapenv:Envelope>]]></con:request><con:wsaConfig mustUnderstand="NONE" version="200508" action="http://tempuri.org/DoDealJ5WithToken"/></con:call></con:operation><con:operation id="77845885-8ec6-4e6c-9341-f58b922efc75" isOneWay="false" action="http://tempuri.org/DoDealOldExt" name="DoDealOldExt" bindingOperationName="DoDealOldExt" type="Request-Response" inputName="" receivesAttachments="false" sendsAttachments="false" anonymous="optional"><con:settings/><con:call id="a7f606ac-9fa1-46f5-9f86-2accf5818c34" name="Request 1"><con:settings/><con:encoding>UTF-8</con:encoding><con:endpoint>https://ectest.e-c.co.il/Service/Service.asmx</con:endpoint><con:request><![CDATA[<soapenv:Envelope xmlns:soapenv="http://schemas.xmlsoap.org/soap/envelope/" xmlns:tem="http://tempuri.org/">\r
   <soapenv:Header/>\r
   <soapenv:Body>\r
      <tem:DoDealOldExt>\r
         <!--Optional:-->\r
         <tem:ClientID>?</tem:ClientID>\r
         <!--Optional:-->\r
         <tem:Password>?</tem:Password>\r
         <!--Optional:-->\r
         <tem:Code>?</tem:Code>\r
         <!--Optional:-->\r
         <tem:CardNumber>?</tem:CardNumber>\r
         <!--Optional:-->\r
         <tem:ValMonth>?</tem:ValMonth>\r
         <!--Optional:-->\r
         <tem:ValYear>?</tem:ValYear>\r
         <!--Optional:-->\r
         <tem:TotalSum>?</tem:TotalSum>\r
         <!--Optional:-->\r
         <tem:PayNumber>?</tem:PayNumber>\r
         <!--Optional:-->\r
         <tem:FirstPay>?</tem:FirstPay>\r
         <!--Optional:-->\r
         <tem:AddPay>?</tem:AddPay>\r
         <!--Optional:-->\r
         <tem:TZ>?</tem:TZ>\r
         <!--Optional:-->\r
         <tem:CVV2>?</tem:CVV2>\r
         <!--Optional:-->\r
         <tem:DealType>?</tem:DealType>\r
         <!--Optional:-->\r
         <tem:MType>?</tem:MType>\r
         <!--Optional:-->\r
         <tem:Opt>?</tem:Opt>\r
         <!--Optional:-->\r
         <tem:Note>?</tem:Note>\r
         <!--Optional:-->\r
         <tem:AuthNum>?</tem:AuthNum>\r
         <!--Optional:-->\r
         <tem:OwnerName>?</tem:OwnerName>\r
         <!--Optional:-->\r
         <tem:Email>?</tem:Email>\r
         <!--Optional:-->\r
         <tem:CellPhone>?</tem:CellPhone>\r
      </tem:DoDealOldExt>\r
   </soapenv:Body>\r
</soapenv:Envelope>]]></con:request><con:wsaConfig mustUnderstand="NONE" version="200508" action="http://tempuri.org/DoDealOldExt"/></con:call></con:operation><con:operation id="9e09f667-676f-458f-ba0f-76aafd1f5b2b" isOneWay="false" action="http://tempuri.org/DoDealPinPad" name="DoDealPinPad" bindingOperationName="DoDealPinPad" type="Request-Response" inputName="" receivesAttachments="false" sendsAttachments="false" anonymous="optional"><con:settings/><con:call id="747b2c22-755b-43e2-ba1a-e74eb0834e4f" name="Request 1"><con:settings><con:setting id="com.eviware.soapui.impl.wsdl.WsdlRequest@request-headers">&lt;xml-fragment/></con:setting></con:settings><con:encoding>UTF-8</con:encoding><con:endpoint>https://ectest.e-c.co.il/Service/Service.asmx</con:endpoint><con:request><![CDATA[<soapenv:Envelope xmlns:soapenv="http://schemas.xmlsoap.org/soap/envelope/" xmlns:tem="http://tempuri.org/">\r
   <soapenv:Header/>\r
   <soapenv:Body>\r
      <tem:DoDealPinPad>\r
         <!--Optional:-->\r
         <tem:ClientID></tem:ClientID>\r
         <!--Optional:-->\r
         <tem:Password></tem:Password>\r
         <!--Optional:-->\r
         <tem:ActionMethod></tem:ActionMethod>\r
         <!--Optional:-->\r
         <tem:TotalSum></tem:TotalSum>\r
         <!--Optional:-->\r
         <tem:PayNumber></tem:PayNumber>\r
         <!--Optional:-->\r
         <tem:FirstPay></tem:FirstPay>\r
         <!--Optional:-->\r
         <tem:AddPay></tem:AddPay>\r
         <!--Optional:-->\r
         <tem:TZ></tem:TZ>\r
         <!--Optional:-->\r
         <tem:DealType></tem:DealType>\r
         <!--Optional:-->\r
         <tem:MType></tem:MType>\r
         <!--Optional:-->\r
         <tem:Opt></tem:Opt>\r
         <!--Optional:-->\r
         <tem:Note></tem:Note>\r
         <!--Optional:-->\r
         <tem:OwnerName></tem:OwnerName>\r
         <!--Optional:-->\r
         <tem:ExternalID>?</tem:ExternalID>\r
         <!--Optional:-->\r
         <tem:Email>?</tem:Email>\r
         <!--Optional:-->\r
         <tem:CellPhone>?</tem:CellPhone>\r
      </tem:DoDealPinPad>\r
   </soapenv:Body>\r
</soapenv:Envelope>]]></con:request><con:credentials><con:authType>No Authorization</con:authType></con:credentials><con:jmsConfig JMSDeliveryMode="PERSISTENT"/><con:jmsPropertyConfig/><con:wsaConfig mustUnderstand="NONE" version="200508" action="http://tempuri.org/DoDealPinPad"/><con:wsrmConfig version="1.2"/></con:call><con:call id="5a66e97a-521d-4597-be3f-0a882c655bbd" name="Request 2"><con:settings/><con:encoding>UTF-8</con:encoding><con:endpoint>https://ectest.e-c.co.il/Service/Service.asmx</con:endpoint><con:request><![CDATA[<soapenv:Envelope xmlns:soapenv="http://schemas.xmlsoap.org/soap/envelope/" xmlns:tem="http://tempuri.org/">\r
   <soapenv:Header/>\r
   <soapenv:Body>\r
      <tem:DoDealPinPad>\r
         <!--Optional:-->\r
         <tem:ClientID>?</tem:ClientID>\r
         <!--Optional:-->\r
         <tem:Password>?</tem:Password>\r
         <!--Optional:-->\r
         <tem:ActionMethod>?</tem:ActionMethod>\r
         <!--Optional:-->\r
         <tem:TotalSum>?</tem:TotalSum>\r
         <!--Optional:-->\r
         <tem:PayNumber>?</tem:PayNumber>\r
         <!--Optional:-->\r
         <tem:FirstPay>?</tem:FirstPay>\r
         <!--Optional:-->\r
         <tem:AddPay>?</tem:AddPay>\r
         <!--Optional:-->\r
         <tem:TZ>?</tem:TZ>\r
         <!--Optional:-->\r
         <tem:DealType>?</tem:DealType>\r
         <!--Optional:-->\r
         <tem:MType>?</tem:MType>\r
         <!--Optional:-->\r
         <tem:Opt>?</tem:Opt>\r
         <!--Optional:-->\r
         <tem:Note>?</tem:Note>\r
         <!--Optional:-->\r
         <tem:OwnerName>?</tem:OwnerName>\r
         <!--Optional:-->\r
         <tem:ExternalID>?</tem:ExternalID>\r
         <!--Optional:-->\r
         <tem:Email>?</tem:Email>\r
         <!--Optional:-->\r
         <tem:CellPhone>?</tem:CellPhone>\r
      </tem:DoDealPinPad>\r
   </soapenv:Body>\r
</soapenv:Envelope>]]></con:request><con:credentials><con:authType>No Authorization</con:authType></con:credentials><con:jmsConfig JMSDeliveryMode="PERSISTENT"/><con:jmsPropertyConfig/><con:wsaConfig mustUnderstand="NONE" version="200508" action="http://tempuri.org/DoDealPinPad"/><con:wsrmConfig version="1.2"/></con:call></con:operation><con:operation id="7456c48e-1629-475d-91fa-968c0d055fc7" isOneWay="false" action="http://tempuri.org/DoDealUserCodeWithTokenExt" name="DoDealUserCodeWithTokenExt" bindingOperationName="DoDealUserCodeWithTokenExt" type="Request-Response" inputName="" receivesAttachments="false" sendsAttachments="false" anonymous="optional"><con:settings/><con:call id="f4c034f1-f8c4-4653-b118-3668d9c557db" name="Request 1"><con:settings/><con:encoding>UTF-8</con:encoding><con:endpoint>https://ectest.e-c.co.il/Service/Service.asmx</con:endpoint><con:request><![CDATA[<soapenv:Envelope xmlns:soapenv="http://schemas.xmlsoap.org/soap/envelope/" xmlns:tem="http://tempuri.org/">\r
   <soapenv:Header/>\r
   <soapenv:Body>\r
      <tem:DoDealUserCodeWithTokenExt>\r
         <!--Optional:-->\r
         <tem:ClientID>?</tem:ClientID>\r
         <!--Optional:-->\r
         <tem:Password>?</tem:Password>\r
         <!--Optional:-->\r
         <tem:Code>?</tem:Code>\r
         <!--Optional:-->\r
         <tem:CardNumber>?</tem:CardNumber>\r
         <!--Optional:-->\r
         <tem:ValMonth>?</tem:ValMonth>\r
         <!--Optional:-->\r
         <tem:ValYear>?</tem:ValYear>\r
         <!--Optional:-->\r
         <tem:TotalSum>?</tem:TotalSum>\r
         <!--Optional:-->\r
         <tem:PayNumber>?</tem:PayNumber>\r
         <!--Optional:-->\r
         <tem:FirstPay>?</tem:FirstPay>\r
         <!--Optional:-->\r
         <tem:AddPay>?</tem:AddPay>\r
         <!--Optional:-->\r
         <tem:TZ>?</tem:TZ>\r
         <!--Optional:-->\r
         <tem:CVV2>?</tem:CVV2>\r
         <!--Optional:-->\r
         <tem:DealType>?</tem:DealType>\r
         <!--Optional:-->\r
         <tem:MType>?</tem:MType>\r
         <!--Optional:-->\r
         <tem:Opt>?</tem:Opt>\r
         <!--Optional:-->\r
         <tem:Note>?</tem:Note>\r
         <!--Optional:-->\r
         <tem:AuthNum>?</tem:AuthNum>\r
         <!--Optional:-->\r
         <tem:OwnerName>?</tem:OwnerName>\r
         <!--Optional:-->\r
         <tem:Cell>?</tem:Cell>\r
         <!--Optional:-->\r
         <tem:UserCode>?</tem:UserCode>\r
         <!--Optional:-->\r
         <tem:CreateToken>?</tem:CreateToken>\r
         <!--Optional:-->\r
         <tem:Token>?</tem:Token>\r
         <!--Optional:-->\r
         <tem:ExternalID>?</tem:ExternalID>\r
         <!--Optional:-->\r
         <tem:Email>?</tem:Email>\r
      </tem:DoDealUserCodeWithTokenExt>\r
   </soapenv:Body>\r
</soapenv:Envelope>]]></con:request><con:wsaConfig mustUnderstand="NONE" version="200508" action="http://tempuri.org/DoDealUserCodeWithTokenExt"/></con:call></con:operation><con:operation id="86b256aa-f5bf-4979-ac0e-40972a831a71" isOneWay="false" action="http://tempuri.org/DoDealWithExternalID" name="DoDealWithExternalID" bindingOperationName="DoDealWithExternalID" type="Request-Response" inputName="" receivesAttachments="false" sendsAttachments="false" anonymous="optional"><con:settings/><con:call id="91cb618d-0ec9-464d-875c-ee776e27efc6" name="Request 1"><con:settings/><con:encoding>UTF-8</con:encoding><con:endpoint>https://ectest.e-c.co.il/Service/Service.asmx</con:endpoint><con:request><![CDATA[<soapenv:Envelope xmlns:soapenv="http://schemas.xmlsoap.org/soap/envelope/" xmlns:tem="http://tempuri.org/">\r
   <soapenv:Header/>\r
   <soapenv:Body>\r
      <tem:DoDealWithExternalID>\r
         <!--Optional:-->\r
         <tem:ClientID>?</tem:ClientID>\r
         <!--Optional:-->\r
         <tem:Password>?</tem:Password>\r
         <!--Optional:-->\r
         <tem:ActionMethod>?</tem:ActionMethod>\r
         <!--Optional:-->\r
         <tem:CardNumber>?</tem:CardNumber>\r
         <!--Optional:-->\r
         <tem:ValMonth>?</tem:ValMonth>\r
         <!--Optional:-->\r
         <tem:ValYear>?</tem:ValYear>\r
         <!--Optional:-->\r
         <tem:TotalSum>?</tem:TotalSum>\r
         <!--Optional:-->\r
         <tem:PayNumber>?</tem:PayNumber>\r
         <!--Optional:-->\r
         <tem:FirstPay>?</tem:FirstPay>\r
         <!--Optional:-->\r
         <tem:AddPay>?</tem:AddPay>\r
         <!--Optional:-->\r
         <tem:TZ>?</tem:TZ>\r
         <!--Optional:-->\r
         <tem:CVV2>?</tem:CVV2>\r
         <!--Optional:-->\r
         <tem:DealType>?</tem:DealType>\r
         <!--Optional:-->\r
         <tem:MType>?</tem:MType>\r
         <!--Optional:-->\r
         <tem:Opt>?</tem:Opt>\r
         <!--Optional:-->\r
         <tem:Note>?</tem:Note>\r
         <!--Optional:-->\r
         <tem:ExternalID>?</tem:ExternalID>\r
         <!--Optional:-->\r
         <tem:OwnerName>?</tem:OwnerName>\r
         <!--Optional:-->\r
         <tem:Email>?</tem:Email>\r
      </tem:DoDealWithExternalID>\r
   </soapenv:Body>\r
</soapenv:Envelope>]]></con:request><con:wsaConfig mustUnderstand="NONE" version="200508" action="http://tempuri.org/DoDealWithExternalID"/></con:call></con:operation><con:operation id="60032e9e-0916-42b8-999b-85999f79d7c3" isOneWay="false" action="http://tempuri.org/DoDealWithProducts" name="DoDealWithProducts" bindingOperationName="DoDealWithProducts" type="Request-Response" inputName="" receivesAttachments="false" sendsAttachments="false" anonymous="optional"><con:settings/><con:call id="febc074f-7ae6-4494-8f48-0f73bbb86d82" name="Request 1"><con:settings/><con:encoding>UTF-8</con:encoding><con:endpoint>https://ectest.e-c.co.il/Service/Service.asmx</con:endpoint><con:request><![CDATA[<soapenv:Envelope xmlns:soapenv="http://schemas.xmlsoap.org/soap/envelope/" xmlns:tem="http://tempuri.org/">\r
   <soapenv:Header/>\r
   <soapenv:Body>\r
      <tem:DoDealWithProducts>\r
         <!--Optional:-->\r
         <tem:ClientID>?</tem:ClientID>\r
         <!--Optional:-->\r
         <tem:Password>?</tem:Password>\r
         <!--Optional:-->\r
         <tem:ActionMethod>?</tem:ActionMethod>\r
         <!--Optional:-->\r
         <tem:TotalSum>?</tem:TotalSum>\r
         <!--Optional:-->\r
         <tem:PayNumber>?</tem:PayNumber>\r
         <!--Optional:-->\r
         <tem:FirstPay>?</tem:FirstPay>\r
         <!--Optional:-->\r
         <tem:AddPay>?</tem:AddPay>\r
         <!--Optional:-->\r
         <tem:DealType>?</tem:DealType>\r
         <!--Optional:-->\r
         <tem:MType>?</tem:MType>\r
         <!--Optional:-->\r
         <tem:Opt>?</tem:Opt>\r
         <!--Optional:-->\r
         <tem:Note>?</tem:Note>\r
         <!--Optional:-->\r
         <tem:ExternalID>?</tem:ExternalID>\r
         <!--Optional:-->\r
         <tem:Token>?</tem:Token>\r
         <!--Optional:-->\r
         <tem:CardNumber>?</tem:CardNumber>\r
         <!--Optional:-->\r
         <tem:ValMonth>?</tem:ValMonth>\r
         <!--Optional:-->\r
         <tem:ValYear>?</tem:ValYear>\r
         <!--Optional:-->\r
         <tem:OwnerName>?</tem:OwnerName>\r
         <!--Optional:-->\r
         <tem:TZ>?</tem:TZ>\r
         <!--Optional:-->\r
         <tem:CVV2>?</tem:CVV2>\r
         <!--Optional:-->\r
         <tem:JsonProductsList>?</tem:JsonProductsList>\r
         <!--Optional:-->\r
         <tem:CostumerAddress>?</tem:CostumerAddress>\r
         <!--Optional:-->\r
         <tem:CostumerPostalCode>?</tem:CostumerPostalCode>\r
         <!--Optional:-->\r
         <tem:CostumerEmail>?</tem:CostumerEmail>\r
         <!--Optional:-->\r
         <tem:CostumerPhomeNumber>?</tem:CostumerPhomeNumber>\r
      </tem:DoDealWithProducts>\r
   </soapenv:Body>\r
</soapenv:Envelope>]]></con:request><con:wsaConfig mustUnderstand="NONE" version="200508" action="http://tempuri.org/DoDealWithProducts"/></con:call></con:operation><con:operation id="0ef3ada8-27bf-41f5-a844-9eb7c2cc5420" isOneWay="false" action="http://tempuri.org/DoDealWithToken" name="DoDealWithToken" bindingOperationName="DoDealWithToken" type="Request-Response" inputName="" receivesAttachments="false" sendsAttachments="false" anonymous="optional"><con:settings/><con:call id="2b3bcb4f-111c-45d8-badd-1c8a36bb8da5" name="Request 1"><con:settings/><con:encoding>UTF-8</con:encoding><con:endpoint>https://ectest.e-c.co.il/Service/Service.asmx</con:endpoint><con:request><![CDATA[<soapenv:Envelope xmlns:soapenv="http://schemas.xmlsoap.org/soap/envelope/" xmlns:tem="http://tempuri.org/">\r
   <soapenv:Header/>\r
   <soapenv:Body>\r
      <tem:DoDealWithToken>\r
         <!--Optional:-->\r
         <tem:ClientID>?</tem:ClientID>\r
         <!--Optional:-->\r
         <tem:Password>?</tem:Password>\r
         <!--Optional:-->\r
         <tem:EcPwd>?</tem:EcPwd>\r
         <!--Optional:-->\r
         <tem:ActionMethod>?</tem:ActionMethod>\r
         <!--Optional:-->\r
         <tem:TotalSum>?</tem:TotalSum>\r
         <!--Optional:-->\r
         <tem:PayNumber>?</tem:PayNumber>\r
         <!--Optional:-->\r
         <tem:FirstPay>?</tem:FirstPay>\r
         <!--Optional:-->\r
         <tem:AddPay>?</tem:AddPay>\r
         <!--Optional:-->\r
         <tem:DealType>?</tem:DealType>\r
         <!--Optional:-->\r
         <tem:MType>?</tem:MType>\r
         <!--Optional:-->\r
         <tem:Opt>?</tem:Opt>\r
         <!--Optional:-->\r
         <tem:Note>?</tem:Note>\r
         <!--Optional:-->\r
         <tem:ExternalID>?</tem:ExternalID>\r
         <!--Optional:-->\r
         <tem:Token>?</tem:Token>\r
         <!--Optional:-->\r
         <tem:OwnerName>?</tem:OwnerName>\r
      </tem:DoDealWithToken>\r
   </soapenv:Body>\r
</soapenv:Envelope>]]></con:request><con:wsaConfig mustUnderstand="NONE" version="200508" action="http://tempuri.org/DoDealWithToken"/></con:call></con:operation><con:operation id="45df180d-9a0e-4119-94ba-7f0e777fe3fe" isOneWay="false" action="http://tempuri.org/DoDealWithTokenExt" name="DoDealWithTokenExt" bindingOperationName="DoDealWithTokenExt" type="Request-Response" inputName="" receivesAttachments="false" sendsAttachments="false" anonymous="optional"><con:settings/><con:call id="c38cb91c-d5d6-4594-99ed-e9f43c680ad8" name="Request 1"><con:settings/><con:encoding>UTF-8</con:encoding><con:endpoint>https://ectest.e-c.co.il/Service/Service.asmx</con:endpoint><con:request><![CDATA[<soapenv:Envelope xmlns:soapenv="http://schemas.xmlsoap.org/soap/envelope/" xmlns:tem="http://tempuri.org/">\r
   <soapenv:Header/>\r
   <soapenv:Body>\r
      <tem:DoDealWithTokenExt>\r
         <!--Optional:-->\r
         <tem:ClientID>?</tem:ClientID>\r
         <!--Optional:-->\r
         <tem:Password>?</tem:Password>\r
         <!--Optional:-->\r
         <tem:EcPwd>?</tem:EcPwd>\r
         <!--Optional:-->\r
         <tem:ActionMethod>?</tem:ActionMethod>\r
         <!--Optional:-->\r
         <tem:TotalSum>?</tem:TotalSum>\r
         <!--Optional:-->\r
         <tem:PayNumber>?</tem:PayNumber>\r
         <!--Optional:-->\r
         <tem:FirstPay>?</tem:FirstPay>\r
         <!--Optional:-->\r
         <tem:AddPay>?</tem:AddPay>\r
         <!--Optional:-->\r
         <tem:DealType>?</tem:DealType>\r
         <!--Optional:-->\r
         <tem:MType>?</tem:MType>\r
         <!--Optional:-->\r
         <tem:Opt>?</tem:Opt>\r
         <!--Optional:-->\r
         <tem:Note>?</tem:Note>\r
         <!--Optional:-->\r
         <tem:AuthNum>?</tem:AuthNum>\r
         <!--Optional:-->\r
         <tem:ExternalID>?</tem:ExternalID>\r
         <!--Optional:-->\r
         <tem:Token>?</tem:Token>\r
         <!--Optional:-->\r
         <tem:OwnerName>?</tem:OwnerName>\r
      </tem:DoDealWithTokenExt>\r
   </soapenv:Body>\r
</soapenv:Envelope>]]></con:request><con:wsaConfig mustUnderstand="NONE" version="200508" action="http://tempuri.org/DoDealWithTokenExt"/></con:call></con:operation><con:operation id="10a32431-840d-4e80-9b42-3c21e211c3cc" isOneWay="false" action="http://tempuri.org/GetDealByExternalID" name="GetDealByExternalID" bindingOperationName="GetDealByExternalID" type="Request-Response" inputName="" receivesAttachments="false" sendsAttachments="false" anonymous="optional"><con:settings/><con:call id="90aac9d6-d779-47b7-9bb3-1ed24c390d9d" name="Request 1"><con:settings/><con:encoding>UTF-8</con:encoding><con:endpoint>https://ectest.e-c.co.il/Service/Service.asmx</con:endpoint><con:request><![CDATA[<soapenv:Envelope xmlns:soapenv="http://schemas.xmlsoap.org/soap/envelope/" xmlns:tem="http://tempuri.org/">\r
   <soapenv:Header/>\r
   <soapenv:Body>\r
      <tem:GetDealByExternalID>\r
         <!--Optional:-->\r
         <tem:ClientID>?</tem:ClientID>\r
         <!--Optional:-->\r
         <tem:Password>?</tem:Password>\r
         <!--Optional:-->\r
         <tem:ExternalID>?</tem:ExternalID>\r
      </tem:GetDealByExternalID>\r
   </soapenv:Body>\r
</soapenv:Envelope>]]></con:request><con:wsaConfig mustUnderstand="NONE" version="200508" action="http://tempuri.org/GetDealByExternalID"/></con:call></con:operation><con:operation id="00246f44-a1da-46e7-9c1c-74aab9c696ed" isOneWay="false" action="http://tempuri.org/GetDealByExternalID_StringResult" name="GetDealByExternalID_StringResult" bindingOperationName="GetDealByExternalID_StringResult" type="Request-Response" inputName="" receivesAttachments="false" sendsAttachments="false" anonymous="optional"><con:settings/><con:call id="0db7ef5a-acf2-4240-b0f8-83e9577b07c0" name="Request 1"><con:settings/><con:encoding>UTF-8</con:encoding><con:endpoint>https://ectest.e-c.co.il/Service/Service.asmx</con:endpoint><con:request><![CDATA[<soapenv:Envelope xmlns:soapenv="http://schemas.xmlsoap.org/soap/envelope/" xmlns:tem="http://tempuri.org/">\r
   <soapenv:Header/>\r
   <soapenv:Body>\r
      <tem:GetDealByExternalID_StringResult>\r
         <!--Optional:-->\r
         <tem:ClientID>?</tem:ClientID>\r
         <!--Optional:-->\r
         <tem:Password>?</tem:Password>\r
         <!--Optional:-->\r
         <tem:ExternalID>?</tem:ExternalID>\r
      </tem:GetDealByExternalID_StringResult>\r
   </soapenv:Body>\r
</soapenv:Envelope>]]></con:request><con:wsaConfig mustUnderstand="NONE" version="200508" action="http://tempuri.org/GetDealByExternalID_StringResult"/></con:call></con:operation><con:operation id="41f7c733-2e6e-4e86-ae52-7d3671bffffc" isOneWay="false" action="http://tempuri.org/GetDealHistory" name="GetDealHistory" bindingOperationName="GetDealHistory" type="Request-Response" inputName="" receivesAttachments="false" sendsAttachments="false" anonymous="optional"><con:settings/><con:call id="ff361540-971d-4b2d-bcaa-f4a183911f8e" name="Request 1"><con:settings/><con:encoding>UTF-8</con:encoding><con:endpoint>https://ectest.e-c.co.il/Service/Service.asmx</con:endpoint><con:request><![CDATA[<soapenv:Envelope xmlns:soapenv="http://schemas.xmlsoap.org/soap/envelope/" xmlns:tem="http://tempuri.org/">\r
   <soapenv:Header/>\r
   <soapenv:Body>\r
      <tem:GetDealHistory>\r
         <!--Optional:-->\r
         <tem:ClientID>?</tem:ClientID>\r
         <!--Optional:-->\r
         <tem:Password>?</tem:Password>\r
      </tem:GetDealHistory>\r
   </soapenv:Body>\r
</soapenv:Envelope>]]></con:request><con:wsaConfig mustUnderstand="NONE" version="200508" action="http://tempuri.org/GetDealHistory"/></con:call></con:operation><con:operation id="09816cf5-b3b7-4368-9ca1-9bc0a8ad4e37" isOneWay="false" action="http://tempuri.org/GetDealHistory_StringResult" name="GetDealHistory_StringResult" bindingOperationName="GetDealHistory_StringResult" type="Request-Response" inputName="" receivesAttachments="false" sendsAttachments="false" anonymous="optional"><con:settings/><con:call id="bd923339-8372-42cd-a63a-bc6322c90b23" name="Request 1"><con:settings/><con:encoding>UTF-8</con:encoding><con:endpoint>https://ectest.e-c.co.il/Service/Service.asmx</con:endpoint><con:request><![CDATA[<soapenv:Envelope xmlns:soapenv="http://schemas.xmlsoap.org/soap/envelope/" xmlns:tem="http://tempuri.org/">\r
   <soapenv:Header/>\r
   <soapenv:Body>\r
      <tem:GetDealHistory_StringResult>\r
         <!--Optional:-->\r
         <tem:ClientID>?</tem:ClientID>\r
         <!--Optional:-->\r
         <tem:Password>?</tem:Password>\r
      </tem:GetDealHistory_StringResult>\r
   </soapenv:Body>\r
</soapenv:Envelope>]]></con:request><con:wsaConfig mustUnderstand="NONE" version="200508" action="http://tempuri.org/GetDealHistory_StringResult"/></con:call></con:operation><con:operation id="d3772ab7-f333-4e27-8ad2-620e8a09760d" isOneWay="false" action="http://tempuri.org/GetDealHistoryAuthToken" name="GetDealHistoryAuthToken" bindingOperationName="GetDealHistoryAuthToken" type="Request-Response" inputName="" receivesAttachments="false" sendsAttachments="false" anonymous="optional"><con:settings/><con:call id="29c5756a-e0c8-488f-b6f0-7687b0a8e7c1" name="Request 1"><con:settings/><con:encoding>UTF-8</con:encoding><con:endpoint>https://ectest.e-c.co.il/Service/Service.asmx</con:endpoint><con:request><![CDATA[<soapenv:Envelope xmlns:soapenv="http://schemas.xmlsoap.org/soap/envelope/" xmlns:tem="http://tempuri.org/">\r
   <soapenv:Header/>\r
   <soapenv:Body>\r
      <tem:GetDealHistoryAuthToken>\r
         <!--Optional:-->\r
         <tem:Token>?</tem:Token>\r
      </tem:GetDealHistoryAuthToken>\r
   </soapenv:Body>\r
</soapenv:Envelope>]]></con:request><con:wsaConfig mustUnderstand="NONE" version="200508" action="http://tempuri.org/GetDealHistoryAuthToken"/></con:call></con:operation><con:operation id="454232bc-75ef-4e9d-a523-cdd00a98f2b0" isOneWay="false" action="http://tempuri.org/GetDealHistoryAuthToken_StringResult" name="GetDealHistoryAuthToken_StringResult" bindingOperationName="GetDealHistoryAuthToken_StringResult" type="Request-Response" inputName="" receivesAttachments="false" sendsAttachments="false" anonymous="optional"><con:settings/><con:call id="dc93ddf3-c412-4582-9c01-843d344db9ce" name="Request 1"><con:settings/><con:encoding>UTF-8</con:encoding><con:endpoint>https://ectest.e-c.co.il/Service/Service.asmx</con:endpoint><con:request><![CDATA[<soapenv:Envelope xmlns:soapenv="http://schemas.xmlsoap.org/soap/envelope/" xmlns:tem="http://tempuri.org/">\r
   <soapenv:Header/>\r
   <soapenv:Body>\r
      <tem:GetDealHistoryAuthToken_StringResult>\r
         <!--Optional:-->\r
         <tem:Token>?</tem:Token>\r
      </tem:GetDealHistoryAuthToken_StringResult>\r
   </soapenv:Body>\r
</soapenv:Envelope>]]></con:request><con:wsaConfig mustUnderstand="NONE" version="200508" action="http://tempuri.org/GetDealHistoryAuthToken_StringResult"/></con:call></con:operation><con:operation id="fce2d717-9b1d-44ee-897c-3214a97517d2" isOneWay="false" action="http://tempuri.org/GetDealHistoryInRange" name="GetDealHistoryInRange" bindingOperationName="GetDealHistoryInRange" type="Request-Response" inputName="" receivesAttachments="false" sendsAttachments="false" anonymous="optional"><con:settings/><con:call id="642974c3-e720-4471-8322-aad4fb858fbd" name="Request 1"><con:settings/><con:encoding>UTF-8</con:encoding><con:endpoint>https://ectest.e-c.co.il/Service/Service.asmx</con:endpoint><con:request><![CDATA[<soapenv:Envelope xmlns:soapenv="http://schemas.xmlsoap.org/soap/envelope/" xmlns:tem="http://tempuri.org/">\r
   <soapenv:Header/>\r
   <soapenv:Body>\r
      <tem:GetDealHistoryInRange>\r
         <!--Optional:-->\r
         <tem:ClientID>?</tem:ClientID>\r
         <!--Optional:-->\r
         <tem:Password>?</tem:Password>\r
         <tem:StartDate>?</tem:StartDate>\r
         <tem:EndDate>?</tem:EndDate>\r
         <tem:Results>?</tem:Results>\r
      </tem:GetDealHistoryInRange>\r
   </soapenv:Body>\r
</soapenv:Envelope>]]></con:request><con:wsaConfig mustUnderstand="NONE" version="200508" action="http://tempuri.org/GetDealHistoryInRange"/></con:call></con:operation><con:operation id="301e037f-0649-4d52-8b5e-d22cdfddf16a" isOneWay="false" action="http://tempuri.org/GetDealHistoryInRange_StringResult" name="GetDealHistoryInRange_StringResult" bindingOperationName="GetDealHistoryInRange_StringResult" type="Request-Response" inputName="" receivesAttachments="false" sendsAttachments="false" anonymous="optional"><con:settings/><con:call id="2644a565-2820-4b59-817e-80a836461ea3" name="Request 1"><con:settings/><con:encoding>UTF-8</con:encoding><con:endpoint>https://ectest.e-c.co.il/Service/Service.asmx</con:endpoint><con:request><![CDATA[<soapenv:Envelope xmlns:soapenv="http://schemas.xmlsoap.org/soap/envelope/" xmlns:tem="http://tempuri.org/">\r
   <soapenv:Header/>\r
   <soapenv:Body>\r
      <tem:GetDealHistoryInRange_StringResult>\r
         <!--Optional:-->\r
         <tem:ClientID>?</tem:ClientID>\r
         <!--Optional:-->\r
         <tem:Password>?</tem:Password>\r
         <tem:StartDate>?</tem:StartDate>\r
         <tem:EndDate>?</tem:EndDate>\r
         <tem:Results>?</tem:Results>\r
      </tem:GetDealHistoryInRange_StringResult>\r
   </soapenv:Body>\r
</soapenv:Envelope>]]></con:request><con:wsaConfig mustUnderstand="NONE" version="200508" action="http://tempuri.org/GetDealHistoryInRange_StringResult"/></con:call></con:operation><con:operation id="b1b437b8-cae9-4480-bbe8-7d9f87ee585f" isOneWay="false" action="http://tempuri.org/GetDealHistoryInRangeAuthToken" name="GetDealHistoryInRangeAuthToken" bindingOperationName="GetDealHistoryInRangeAuthToken" type="Request-Response" inputName="" receivesAttachments="false" sendsAttachments="false" anonymous="optional"><con:settings/><con:call id="4dc12606-0e14-44e9-b40f-3892f0a3785b" name="Request 1"><con:settings/><con:encoding>UTF-8</con:encoding><con:endpoint>https://ectest.e-c.co.il/Service/Service.asmx</con:endpoint><con:request><![CDATA[<soapenv:Envelope xmlns:soapenv="http://schemas.xmlsoap.org/soap/envelope/" xmlns:tem="http://tempuri.org/">\r
   <soapenv:Header/>\r
   <soapenv:Body>\r
      <tem:GetDealHistoryInRangeAuthToken>\r
         <!--Optional:-->\r
         <tem:Token>?</tem:Token>\r
         <tem:StartDate>?</tem:StartDate>\r
         <tem:EndDate>?</tem:EndDate>\r
         <tem:Results>?</tem:Results>\r
      </tem:GetDealHistoryInRangeAuthToken>\r
   </soapenv:Body>\r
</soapenv:Envelope>]]></con:request><con:wsaConfig mustUnderstand="NONE" version="200508" action="http://tempuri.org/GetDealHistoryInRangeAuthToken"/></con:call></con:operation><con:operation id="b78e98aa-bdcd-4c45-b785-25cfcce32545" isOneWay="false" action="http://tempuri.org/GetDealHistoryInRangeAuthToken_StringResult" name="GetDealHistoryInRangeAuthToken_StringResult" bindingOperationName="GetDealHistoryInRangeAuthToken_StringResult" type="Request-Response" inputName="" receivesAttachments="false" sendsAttachments="false" anonymous="optional"><con:settings/><con:call id="5b6dae00-b3ab-4dd3-a1a6-b7ed39688073" name="Request 1"><con:settings/><con:encoding>UTF-8</con:encoding><con:endpoint>https://ectest.e-c.co.il/Service/Service.asmx</con:endpoint><con:request><![CDATA[<soapenv:Envelope xmlns:soapenv="http://schemas.xmlsoap.org/soap/envelope/" xmlns:tem="http://tempuri.org/">\r
   <soapenv:Header/>\r
   <soapenv:Body>\r
      <tem:GetDealHistoryInRangeAuthToken_StringResult>\r
         <!--Optional:-->\r
         <tem:Token>?</tem:Token>\r
         <tem:StartDate>?</tem:StartDate>\r
         <tem:EndDate>?</tem:EndDate>\r
         <tem:Results>?</tem:Results>\r
      </tem:GetDealHistoryInRangeAuthToken_StringResult>\r
   </soapenv:Body>\r
</soapenv:Envelope>]]></con:request><con:wsaConfig mustUnderstand="NONE" version="200508" action="http://tempuri.org/GetDealHistoryInRangeAuthToken_StringResult"/></con:call></con:operation><con:operation id="7889f1f7-2e85-440b-9c03-a883c0328d72" isOneWay="false" action="http://tempuri.org/GetDealInfo" name="GetDealInfo" bindingOperationName="GetDealInfo" type="Request-Response" inputName="" receivesAttachments="false" sendsAttachments="false" anonymous="optional"><con:settings/><con:call id="fa8b1926-3d52-4189-b41f-066c4d169b79" name="Request 1"><con:settings/><con:encoding>UTF-8</con:encoding><con:endpoint>https://ectest.e-c.co.il/Service/Service.asmx</con:endpoint><con:request><![CDATA[<soapenv:Envelope xmlns:soapenv="http://schemas.xmlsoap.org/soap/envelope/" xmlns:tem="http://tempuri.org/">\r
   <soapenv:Header/>\r
   <soapenv:Body>\r
      <tem:GetDealInfo>\r
         <!--Optional:-->\r
         <tem:ClientID>?</tem:ClientID>\r
         <!--Optional:-->\r
         <tem:Password>?</tem:Password>\r
         <!--Optional:-->\r
         <tem:CardNumber>?</tem:CardNumber>\r
         <!--Optional:-->\r
         <tem:DealNumber>?</tem:DealNumber>\r
      </tem:GetDealInfo>\r
   </soapenv:Body>\r
</soapenv:Envelope>]]></con:request><con:wsaConfig mustUnderstand="NONE" version="200508" action="http://tempuri.org/GetDealInfo"/></con:call></con:operation><con:operation id="02491c23-b0ce-472c-ac31-7cb794c74f79" isOneWay="false" action="http://tempuri.org/GetDealInfo_StringResult" name="GetDealInfo_StringResult" bindingOperationName="GetDealInfo_StringResult" type="Request-Response" inputName="" receivesAttachments="false" sendsAttachments="false" anonymous="optional"><con:settings/><con:call id="321a4d70-c8a4-4eb6-9ba8-f9f62062c2a4" name="Request 1"><con:settings/><con:encoding>UTF-8</con:encoding><con:endpoint>https://ectest.e-c.co.il/Service/Service.asmx</con:endpoint><con:request><![CDATA[<soapenv:Envelope xmlns:soapenv="http://schemas.xmlsoap.org/soap/envelope/" xmlns:tem="http://tempuri.org/">\r
   <soapenv:Header/>\r
   <soapenv:Body>\r
      <tem:GetDealInfo_StringResult>\r
         <!--Optional:-->\r
         <tem:ClientID>?</tem:ClientID>\r
         <!--Optional:-->\r
         <tem:Password>?</tem:Password>\r
         <!--Optional:-->\r
         <tem:CardNumber>?</tem:CardNumber>\r
         <!--Optional:-->\r
         <tem:DealNumber>?</tem:DealNumber>\r
      </tem:GetDealInfo_StringResult>\r
   </soapenv:Body>\r
</soapenv:Envelope>]]></con:request><con:wsaConfig mustUnderstand="NONE" version="200508" action="http://tempuri.org/GetDealInfo_StringResult"/></con:call></con:operation><con:operation id="2bdfb788-78a6-48e5-b323-0dac3c8d56e4" isOneWay="false" action="http://tempuri.org/GetDealInfoAuthToken" name="GetDealInfoAuthToken" bindingOperationName="GetDealInfoAuthToken" type="Request-Response" inputName="" receivesAttachments="false" sendsAttachments="false" anonymous="optional"><con:settings/><con:call id="0b5d03e4-7983-4d8f-926c-0f6c6416b8cb" name="Request 1"><con:settings/><con:encoding>UTF-8</con:encoding><con:endpoint>https://ectest.e-c.co.il/Service/Service.asmx</con:endpoint><con:request><![CDATA[<soapenv:Envelope xmlns:soapenv="http://schemas.xmlsoap.org/soap/envelope/" xmlns:tem="http://tempuri.org/">\r
   <soapenv:Header/>\r
   <soapenv:Body>\r
      <tem:GetDealInfoAuthToken>\r
         <!--Optional:-->\r
         <tem:Token>?</tem:Token>\r
         <!--Optional:-->\r
         <tem:CardNumber>?</tem:CardNumber>\r
         <!--Optional:-->\r
         <tem:DealNumber>?</tem:DealNumber>\r
      </tem:GetDealInfoAuthToken>\r
   </soapenv:Body>\r
</soapenv:Envelope>]]></con:request><con:wsaConfig mustUnderstand="NONE" version="200508" action="http://tempuri.org/GetDealInfoAuthToken"/></con:call></con:operation><con:operation id="021876a0-3708-455d-b3ce-3e8ac020c42d" isOneWay="false" action="http://tempuri.org/GetDealInfoAuthToken_StringResult" name="GetDealInfoAuthToken_StringResult" bindingOperationName="GetDealInfoAuthToken_StringResult" type="Request-Response" inputName="" receivesAttachments="false" sendsAttachments="false" anonymous="optional"><con:settings/><con:call id="573b6a7f-9598-4171-8482-a48ff5c1536c" name="Request 1"><con:settings/><con:encoding>UTF-8</con:encoding><con:endpoint>https://ectest.e-c.co.il/Service/Service.asmx</con:endpoint><con:request><![CDATA[<soapenv:Envelope xmlns:soapenv="http://schemas.xmlsoap.org/soap/envelope/" xmlns:tem="http://tempuri.org/">\r
   <soapenv:Header/>\r
   <soapenv:Body>\r
      <tem:GetDealInfoAuthToken_StringResult>\r
         <!--Optional:-->\r
         <tem:Token>?</tem:Token>\r
         <!--Optional:-->\r
         <tem:CardNumber>?</tem:CardNumber>\r
         <!--Optional:-->\r
         <tem:DealNumber>?</tem:DealNumber>\r
      </tem:GetDealInfoAuthToken_StringResult>\r
   </soapenv:Body>\r
</soapenv:Envelope>]]></con:request><con:wsaConfig mustUnderstand="NONE" version="200508" action="http://tempuri.org/GetDealInfoAuthToken_StringResult"/></con:call></con:operation><con:operation id="bb00bae0-3c4f-40cc-9d10-bb501357c444" isOneWay="false" action="http://tempuri.org/GetDealInvoiced" name="GetDealInvoiced" bindingOperationName="GetDealInvoiced" type="Request-Response" inputName="" receivesAttachments="false" sendsAttachments="false" anonymous="optional"><con:settings/><con:call id="4db9a224-4ede-4688-bda6-2b8ba5f6de55" name="Request 1"><con:settings/><con:encoding>UTF-8</con:encoding><con:endpoint>https://ectest.e-c.co.il/Service/Service.asmx</con:endpoint><con:request><![CDATA[<soapenv:Envelope xmlns:soapenv="http://schemas.xmlsoap.org/soap/envelope/" xmlns:tem="http://tempuri.org/">\r
   <soapenv:Header/>\r
   <soapenv:Body>\r
      <tem:GetDealInvoiced>\r
         <!--Optional:-->\r
         <tem:DealID>?</tem:DealID>\r
         <!--Optional:-->\r
         <tem:ClientID>?</tem:ClientID>\r
         <!--Optional:-->\r
         <tem:Password>?</tem:Password>\r
      </tem:GetDealInvoiced>\r
   </soapenv:Body>\r
</soapenv:Envelope>]]></con:request><con:wsaConfig mustUnderstand="NONE" version="200508" action="http://tempuri.org/GetDealInvoiced"/></con:call></con:operation><con:operation id="43ebc0b8-d18e-44bb-89ce-b33cdcc73464" isOneWay="false" action="http://tempuri.org/GetErrorMessageByErrorID" name="GetErrorMessageByErrorID" bindingOperationName="GetErrorMessageByErrorID" type="Request-Response" inputName="" receivesAttachments="false" sendsAttachments="false" anonymous="optional"><con:settings/><con:call id="07726d08-921e-4f01-bc3b-a4127cf4d9df" name="Request 1"><con:settings/><con:encoding>UTF-8</con:encoding><con:endpoint>https://ectest.e-c.co.il/Service/Service.asmx</con:endpoint><con:request><![CDATA[<soapenv:Envelope xmlns:soapenv="http://schemas.xmlsoap.org/soap/envelope/" xmlns:tem="http://tempuri.org/">\r
   <soapenv:Header/>\r
   <soapenv:Body>\r
      <tem:GetErrorMessageByErrorID>\r
         <tem:ErrorID>?</tem:ErrorID>\r
      </tem:GetErrorMessageByErrorID>\r
   </soapenv:Body>\r
</soapenv:Envelope>]]></con:request><con:wsaConfig mustUnderstand="NONE" version="200508" action="http://tempuri.org/GetErrorMessageByErrorID"/></con:call></con:operation><con:operation id="47967934-a6d0-4c88-98a1-2158cc670e42" isOneWay="false" action="http://tempuri.org/GetInvoices" name="GetInvoices" bindingOperationName="GetInvoices" type="Request-Response" inputName="" receivesAttachments="false" sendsAttachments="false" anonymous="optional"><con:settings/><con:call id="674d83fa-7ee2-4260-ad68-ab51b8387d24" name="Request 1"><con:settings/><con:encoding>UTF-8</con:encoding><con:endpoint>https://ectest.e-c.co.il/Service/Service.asmx</con:endpoint><con:request><![CDATA[<soapenv:Envelope xmlns:soapenv="http://schemas.xmlsoap.org/soap/envelope/" xmlns:tem="http://tempuri.org/">\r
   <soapenv:Header/>\r
   <soapenv:Body>\r
      <tem:GetInvoices>\r
         <!--Optional:-->\r
         <tem:Token>?</tem:Token>\r
         <!--Optional:-->\r
         <tem:ClientID>?</tem:ClientID>\r
         <!--Optional:-->\r
         <tem:Password>?</tem:Password>\r
         <!--Optional:-->\r
         <tem:BillingDealID>?</tem:BillingDealID>\r
         <!--Optional:-->\r
         <tem:BillingCustomerID>?</tem:BillingCustomerID>\r
         <!--Optional:-->\r
         <tem:InvoiceType>?</tem:InvoiceType>\r
      </tem:GetInvoices>\r
   </soapenv:Body>\r
</soapenv:Envelope>]]></con:request><con:wsaConfig mustUnderstand="NONE" version="200508" action="http://tempuri.org/GetInvoices"/></con:call></con:operation><con:operation id="3050c5f6-b7b3-4392-91a6-298d80c01a46" isOneWay="false" action="http://tempuri.org/GetInvoices_StringResult" name="GetInvoices_StringResult" bindingOperationName="GetInvoices_StringResult" type="Request-Response" inputName="" receivesAttachments="false" sendsAttachments="false" anonymous="optional"><con:settings/><con:call id="21d7ae86-f5ea-4361-830e-7efa8d5db09b" name="Request 1"><con:settings/><con:encoding>UTF-8</con:encoding><con:endpoint>https://ectest.e-c.co.il/Service/Service.asmx</con:endpoint><con:request><![CDATA[<soapenv:Envelope xmlns:soapenv="http://schemas.xmlsoap.org/soap/envelope/" xmlns:tem="http://tempuri.org/">\r
   <soapenv:Header/>\r
   <soapenv:Body>\r
      <tem:GetInvoices_StringResult>\r
         <!--Optional:-->\r
         <tem:Token>?</tem:Token>\r
         <!--Optional:-->\r
         <tem:ClientID>?</tem:ClientID>\r
         <!--Optional:-->\r
         <tem:Password>?</tem:Password>\r
         <!--Optional:-->\r
         <tem:BillingDealID>?</tem:BillingDealID>\r
         <!--Optional:-->\r
         <tem:BillingCustomerID>?</tem:BillingCustomerID>\r
         <!--Optional:-->\r
         <tem:InvoiceType>?</tem:InvoiceType>\r
      </tem:GetInvoices_StringResult>\r
   </soapenv:Body>\r
</soapenv:Envelope>]]></con:request><con:wsaConfig mustUnderstand="NONE" version="200508" action="http://tempuri.org/GetInvoices_StringResult"/></con:call></con:operation><con:operation id="0da02ffb-1795-460a-aee7-19b32d14ffa6" isOneWay="false" action="http://tempuri.org/GetInvoicesInRange" name="GetInvoicesInRange" bindingOperationName="GetInvoicesInRange" type="Request-Response" inputName="" receivesAttachments="false" sendsAttachments="false" anonymous="optional"><con:settings/><con:call id="eae91c35-6957-4af7-9031-7e89e6f1b7cf" name="Request 1"><con:settings/><con:encoding>UTF-8</con:encoding><con:endpoint>https://ectest.e-c.co.il/Service/Service.asmx</con:endpoint><con:request><![CDATA[<soapenv:Envelope xmlns:soapenv="http://schemas.xmlsoap.org/soap/envelope/" xmlns:tem="http://tempuri.org/">\r
   <soapenv:Header/>\r
   <soapenv:Body>\r
      <tem:GetInvoicesInRange>\r
         <!--Optional:-->\r
         <tem:Token>?</tem:Token>\r
         <!--Optional:-->\r
         <tem:ClientID>?</tem:ClientID>\r
         <!--Optional:-->\r
         <tem:Password>?</tem:Password>\r
         <!--Optional:-->\r
         <tem:BillingDealID>?</tem:BillingDealID>\r
         <!--Optional:-->\r
         <tem:BillingCustomerID>?</tem:BillingCustomerID>\r
         <!--Optional:-->\r
         <tem:InvoiceType>?</tem:InvoiceType>\r
         <tem:StartDate>?</tem:StartDate>\r
         <tem:EndDate>?</tem:EndDate>\r
      </tem:GetInvoicesInRange>\r
   </soapenv:Body>\r
</soapenv:Envelope>]]></con:request><con:wsaConfig mustUnderstand="NONE" version="200508" action="http://tempuri.org/GetInvoicesInRange"/></con:call></con:operation><con:operation id="22ddae48-6046-4d01-9739-ecb14797e410" isOneWay="false" action="http://tempuri.org/GetInvoicesInRange_StringResult" name="GetInvoicesInRange_StringResult" bindingOperationName="GetInvoicesInRange_StringResult" type="Request-Response" inputName="" receivesAttachments="false" sendsAttachments="false" anonymous="optional"><con:settings/><con:call id="dd088be3-57ad-4331-b6d6-bf891db5684c" name="Request 1"><con:settings/><con:encoding>UTF-8</con:encoding><con:endpoint>https://ectest.e-c.co.il/Service/Service.asmx</con:endpoint><con:request><![CDATA[<soapenv:Envelope xmlns:soapenv="http://schemas.xmlsoap.org/soap/envelope/" xmlns:tem="http://tempuri.org/">\r
   <soapenv:Header/>\r
   <soapenv:Body>\r
      <tem:GetInvoicesInRange_StringResult>\r
         <!--Optional:-->\r
         <tem:Token>?</tem:Token>\r
         <!--Optional:-->\r
         <tem:ClientID>?</tem:ClientID>\r
         <!--Optional:-->\r
         <tem:Password>?</tem:Password>\r
         <tem:StartDate>?</tem:StartDate>\r
         <tem:EndDate>?</tem:EndDate>\r
         <!--Optional:-->\r
         <tem:BillingDealID>?</tem:BillingDealID>\r
         <!--Optional:-->\r
         <tem:BillingCustomerID>?</tem:BillingCustomerID>\r
         <!--Optional:-->\r
         <tem:InvoiceType>?</tem:InvoiceType>\r
      </tem:GetInvoicesInRange_StringResult>\r
   </soapenv:Body>\r
</soapenv:Envelope>]]></con:request><con:wsaConfig mustUnderstand="NONE" version="200508" action="http://tempuri.org/GetInvoicesInRange_StringResult"/></con:call></con:operation><con:operation id="d04df6ff-0682-4add-8339-389ff59d300e" isOneWay="false" action="http://tempuri.org/GetMagStripInfo" name="GetMagStripInfo" bindingOperationName="GetMagStripInfo" type="Request-Response" inputName="" receivesAttachments="false" sendsAttachments="false" anonymous="optional"><con:settings/><con:call id="b4765057-7448-46ca-9110-c1857fcfe23c" name="Request 1"><con:settings/><con:encoding>UTF-8</con:encoding><con:endpoint>https://ectest.e-c.co.il/Service/Service.asmx</con:endpoint><con:request><![CDATA[<soapenv:Envelope xmlns:soapenv="http://schemas.xmlsoap.org/soap/envelope/" xmlns:tem="http://tempuri.org/">\r
   <soapenv:Header/>\r
   <soapenv:Body>\r
      <tem:GetMagStripInfo>\r
         <!--Optional:-->\r
         <tem:ClientID>?</tem:ClientID>\r
         <!--Optional:-->\r
         <tem:Password>?</tem:Password>\r
         <!--Optional:-->\r
         <tem:MagStrip>?</tem:MagStrip>\r
      </tem:GetMagStripInfo>\r
   </soapenv:Body>\r
</soapenv:Envelope>]]></con:request><con:wsaConfig mustUnderstand="NONE" version="200508" action="http://tempuri.org/GetMagStripInfo"/></con:call></con:operation><con:operation id="16f9df97-db5e-4ec7-8651-f67323f199c6" isOneWay="false" action="http://tempuri.org/GetNewToken" name="GetNewToken" bindingOperationName="GetNewToken" type="Request-Response" inputName="" receivesAttachments="false" sendsAttachments="false" anonymous="optional"><con:settings/><con:call id="60a2ded2-0c34-43d5-9fea-07ee7b94b251" name="Request 1"><con:settings/><con:encoding>UTF-8</con:encoding><con:endpoint>https://ectest.e-c.co.il/Service/Service.asmx</con:endpoint><con:request><![CDATA[<soapenv:Envelope xmlns:soapenv="http://schemas.xmlsoap.org/soap/envelope/" xmlns:tem="http://tempuri.org/">\r
   <soapenv:Header/>\r
   <soapenv:Body>\r
      <tem:GetNewToken>\r
         <!--Optional:-->\r
         <tem:ClientID>?</tem:ClientID>\r
         <!--Optional:-->\r
         <tem:Password>?</tem:Password>\r
         <!--Optional:-->\r
         <tem:EcPwd>?</tem:EcPwd>\r
         <!--Optional:-->\r
         <tem:CardNumber>?</tem:CardNumber>\r
         <!--Optional:-->\r
         <tem:ValMonth>?</tem:ValMonth>\r
         <!--Optional:-->\r
         <tem:ValYear>?</tem:ValYear>\r
         <!--Optional:-->\r
         <tem:TZ>?</tem:TZ>\r
         <!--Optional:-->\r
         <tem:CVV2>?</tem:CVV2>\r
         <!--Optional:-->\r
         <tem:OwnerName>?</tem:OwnerName>\r
         <!--Optional:-->\r
         <tem:Note>?</tem:Note>\r
      </tem:GetNewToken>\r
   </soapenv:Body>\r
</soapenv:Envelope>]]></con:request><con:wsaConfig mustUnderstand="NONE" version="200508" action="http://tempuri.org/GetNewToken"/></con:call></con:operation><con:operation id="d7bc44a6-08bd-4792-94f1-e281374a5c7f" isOneWay="false" action="http://tempuri.org/GetNewTokenWithMagneticStrip" name="GetNewTokenWithMagneticStrip" bindingOperationName="GetNewTokenWithMagneticStrip" type="Request-Response" inputName="" receivesAttachments="false" sendsAttachments="false" anonymous="optional"><con:settings/><con:call id="017ce87c-5043-49ea-9b04-490dd84085ee" name="Request 1"><con:settings/><con:encoding>UTF-8</con:encoding><con:endpoint>https://ectest.e-c.co.il/Service/Service.asmx</con:endpoint><con:request><![CDATA[<soapenv:Envelope xmlns:soapenv="http://schemas.xmlsoap.org/soap/envelope/" xmlns:tem="http://tempuri.org/">\r
   <soapenv:Header/>\r
   <soapenv:Body>\r
      <tem:GetNewTokenWithMagneticStrip>\r
         <!--Optional:-->\r
         <tem:ClientID>?</tem:ClientID>\r
         <!--Optional:-->\r
         <tem:Password>?</tem:Password>\r
         <!--Optional:-->\r
         <tem:EcPwd>?</tem:EcPwd>\r
         <!--Optional:-->\r
         <tem:MagneticStrip>?</tem:MagneticStrip>\r
         <!--Optional:-->\r
         <tem:TZ>?</tem:TZ>\r
         <!--Optional:-->\r
         <tem:CVV2>?</tem:CVV2>\r
         <!--Optional:-->\r
         <tem:OwnerName>?</tem:OwnerName>\r
         <!--Optional:-->\r
         <tem:Note>?</tem:Note>\r
      </tem:GetNewTokenWithMagneticStrip>\r
   </soapenv:Body>\r
</soapenv:Envelope>]]></con:request><con:wsaConfig mustUnderstand="NONE" version="200508" action="http://tempuri.org/GetNewTokenWithMagneticStrip"/></con:call></con:operation><con:operation id="4c9a99be-b6d9-47fa-8f79-d2ea6fccbf1b" isOneWay="false" action="http://tempuri.org/GetTerminalType" name="GetTerminalType" bindingOperationName="GetTerminalType" type="Request-Response" inputName="" receivesAttachments="false" sendsAttachments="false" anonymous="optional"><con:settings/><con:call id="e3ad8855-58a1-4069-ab77-4aca8de8e25b" name="Request 1"><con:settings/><con:encoding>UTF-8</con:encoding><con:endpoint>https://ectest.e-c.co.il/Service/Service.asmx</con:endpoint><con:request><![CDATA[<soapenv:Envelope xmlns:soapenv="http://schemas.xmlsoap.org/soap/envelope/" xmlns:tem="http://tempuri.org/">\r
   <soapenv:Header/>\r
   <soapenv:Body>\r
      <tem:GetTerminalType>\r
         <!--Optional:-->\r
         <tem:clientID>?</tem:clientID>\r
         <!--Optional:-->\r
         <tem:pass>?</tem:pass>\r
      </tem:GetTerminalType>\r
   </soapenv:Body>\r
</soapenv:Envelope>]]></con:request><con:wsaConfig mustUnderstand="NONE" version="200508" action="http://tempuri.org/GetTerminalType"/></con:call></con:operation><con:operation id="0ddf5695-beed-48bd-8f6e-93457703b034" isOneWay="false" action="http://tempuri.org/GetTokenFullData" name="GetTokenFullData" bindingOperationName="GetTokenFullData" type="Request-Response" inputName="" receivesAttachments="false" sendsAttachments="false" anonymous="optional"><con:settings/><con:call id="9c903852-e5fb-4e29-b325-4167b6e425d8" name="Request 1"><con:settings/><con:encoding>UTF-8</con:encoding><con:endpoint>https://ectest.e-c.co.il/Service/Service.asmx</con:endpoint><con:request><![CDATA[<soapenv:Envelope xmlns:soapenv="http://schemas.xmlsoap.org/soap/envelope/" xmlns:tem="http://tempuri.org/">\r
   <soapenv:Header/>\r
   <soapenv:Body>\r
      <tem:GetTokenFullData>\r
         <!--Optional:-->\r
         <tem:ClientID>?</tem:ClientID>\r
         <!--Optional:-->\r
         <tem:Password>?</tem:Password>\r
         <!--Optional:-->\r
         <tem:EcPwd>?</tem:EcPwd>\r
         <!--Optional:-->\r
         <tem:Token>?</tem:Token>\r
      </tem:GetTokenFullData>\r
   </soapenv:Body>\r
</soapenv:Envelope>]]></con:request><con:wsaConfig mustUnderstand="NONE" version="200508" action="http://tempuri.org/GetTokenFullData"/></con:call></con:operation><con:operation id="82f62ef3-376d-40ce-8a1d-15b44acd12b2" isOneWay="false" action="http://tempuri.org/GetTokenFullData_StringResult" name="GetTokenFullData_StringResult" bindingOperationName="GetTokenFullData_StringResult" type="Request-Response" inputName="" receivesAttachments="false" sendsAttachments="false" anonymous="optional"><con:settings/><con:call id="ca6e6551-f05d-4f58-8068-d371f30fe35a" name="Request 1"><con:settings/><con:encoding>UTF-8</con:encoding><con:endpoint>https://ectest.e-c.co.il/Service/Service.asmx</con:endpoint><con:request><![CDATA[<soapenv:Envelope xmlns:soapenv="http://schemas.xmlsoap.org/soap/envelope/" xmlns:tem="http://tempuri.org/">\r
   <soapenv:Header/>\r
   <soapenv:Body>\r
      <tem:GetTokenFullData_StringResult>\r
         <!--Optional:-->\r
         <tem:ClientID>?</tem:ClientID>\r
         <!--Optional:-->\r
         <tem:Password>?</tem:Password>\r
         <!--Optional:-->\r
         <tem:EcPwd>?</tem:EcPwd>\r
         <!--Optional:-->\r
         <tem:Token>?</tem:Token>\r
      </tem:GetTokenFullData_StringResult>\r
   </soapenv:Body>\r
</soapenv:Envelope>]]></con:request><con:wsaConfig mustUnderstand="NONE" version="200508" action="http://tempuri.org/GetTokenFullData_StringResult"/></con:call></con:operation><con:operation id="8ef6b250-143c-435a-89b8-2539685e8b3c" isOneWay="false" action="http://tempuri.org/GetTokenInfo" name="GetTokenInfo" bindingOperationName="GetTokenInfo" type="Request-Response" inputName="" receivesAttachments="false" sendsAttachments="false" anonymous="optional"><con:settings/><con:call id="a1784f04-76d4-4612-8384-d44cb9cce41e" name="Request 1"><con:settings/><con:encoding>UTF-8</con:encoding><con:endpoint>https://ectest.e-c.co.il/Service/Service.asmx</con:endpoint><con:request><![CDATA[<soapenv:Envelope xmlns:soapenv="http://schemas.xmlsoap.org/soap/envelope/" xmlns:tem="http://tempuri.org/">\r
   <soapenv:Header/>\r
   <soapenv:Body>\r
      <tem:GetTokenInfo>\r
         <!--Optional:-->\r
         <tem:ClientID>?</tem:ClientID>\r
         <!--Optional:-->\r
         <tem:Password>?</tem:Password>\r
         <!--Optional:-->\r
         <tem:EcPwd>?</tem:EcPwd>\r
         <!--Optional:-->\r
         <tem:Token>?</tem:Token>\r
      </tem:GetTokenInfo>\r
   </soapenv:Body>\r
</soapenv:Envelope>]]></con:request><con:wsaConfig mustUnderstand="NONE" version="200508" action="http://tempuri.org/GetTokenInfo"/></con:call></con:operation><con:operation id="1b6d1214-d46a-487a-ad0c-d8f31a3e3355" isOneWay="false" action="http://tempuri.org/GetTokenInfo_StringResult" name="GetTokenInfo_StringResult" bindingOperationName="GetTokenInfo_StringResult" type="Request-Response" inputName="" receivesAttachments="false" sendsAttachments="false" anonymous="optional"><con:settings/><con:call id="2e0368d6-9247-49cd-be77-093b7a85f709" name="Request 1"><con:settings/><con:encoding>UTF-8</con:encoding><con:endpoint>https://ectest.e-c.co.il/Service/Service.asmx</con:endpoint><con:request><![CDATA[<soapenv:Envelope xmlns:soapenv="http://schemas.xmlsoap.org/soap/envelope/" xmlns:tem="http://tempuri.org/">\r
   <soapenv:Header/>\r
   <soapenv:Body>\r
      <tem:GetTokenInfo_StringResult>\r
         <!--Optional:-->\r
         <tem:ClientID>?</tem:ClientID>\r
         <!--Optional:-->\r
         <tem:Password>?</tem:Password>\r
         <!--Optional:-->\r
         <tem:EcPwd>?</tem:EcPwd>\r
         <!--Optional:-->\r
         <tem:Token>?</tem:Token>\r
      </tem:GetTokenInfo_StringResult>\r
   </soapenv:Body>\r
</soapenv:Envelope>]]></con:request><con:wsaConfig mustUnderstand="NONE" version="200508" action="http://tempuri.org/GetTokenInfo_StringResult"/></con:call></con:operation><con:operation id="96a591de-8a54-4dd9-82c8-285d8ceadc54" isOneWay="false" action="http://tempuri.org/GetTransNumber" name="GetTransNumber" bindingOperationName="GetTransNumber" type="Request-Response" inputName="" receivesAttachments="false" sendsAttachments="false" anonymous="optional"><con:settings/><con:call id="7d7744cf-6125-42b0-95da-b01c65c20ce1" name="Request 1"><con:settings/><con:encoding>UTF-8</con:encoding><con:endpoint>https://ectest.e-c.co.il/Service/Service.asmx</con:endpoint><con:request><![CDATA[<soapenv:Envelope xmlns:soapenv="http://schemas.xmlsoap.org/soap/envelope/" xmlns:tem="http://tempuri.org/">\r
   <soapenv:Header/>\r
   <soapenv:Body>\r
      <tem:GetTransNumber>\r
         <!--Optional:-->\r
         <tem:ClientID>?</tem:ClientID>\r
         <!--Optional:-->\r
         <tem:Password>?</tem:Password>\r
         <!--Optional:-->\r
         <tem:CardNumber>?</tem:CardNumber>\r
         <!--Optional:-->\r
         <tem:DealNumber>?</tem:DealNumber>\r
      </tem:GetTransNumber>\r
   </soapenv:Body>\r
</soapenv:Envelope>]]></con:request><con:wsaConfig mustUnderstand="NONE" version="200508" action="http://tempuri.org/GetTransNumber"/></con:call></con:operation><con:operation id="1310f6ef-fd74-4520-a67c-ff7591bfce1e" isOneWay="false" action="http://tempuri.org/IsECInvoiceClient" name="IsECInvoiceClient" bindingOperationName="IsECInvoiceClient" type="Request-Response" inputName="" receivesAttachments="false" sendsAttachments="false" anonymous="optional"><con:settings/><con:call id="eca64d46-6484-4a28-9dcf-61aafbb10cec" name="Request 1"><con:settings/><con:encoding>UTF-8</con:encoding><con:endpoint>https://ectest.e-c.co.il/Service/Service.asmx</con:endpoint><con:request><![CDATA[<soapenv:Envelope xmlns:soapenv="http://schemas.xmlsoap.org/soap/envelope/" xmlns:tem="http://tempuri.org/">\r
   <soapenv:Header/>\r
   <soapenv:Body>\r
      <tem:IsECInvoiceClient>\r
         <!--Optional:-->\r
         <tem:clientID>?</tem:clientID>\r
         <!--Optional:-->\r
         <tem:pass>?</tem:pass>\r
      </tem:IsECInvoiceClient>\r
   </soapenv:Body>\r
</soapenv:Envelope>]]></con:request><con:wsaConfig mustUnderstand="NONE" version="200508" action="http://tempuri.org/IsECInvoiceClient"/></con:call></con:operation><con:operation id="53cc1506-8578-4719-85cd-66e4ea0ad145" isOneWay="false" action="http://tempuri.org/IsValidToken" name="IsValidToken" bindingOperationName="IsValidToken" type="Request-Response" inputName="" receivesAttachments="false" sendsAttachments="false" anonymous="optional"><con:settings/><con:call id="df55345e-9764-49f9-8f30-7bdcb7a47e29" name="Request 1"><con:settings/><con:encoding>UTF-8</con:encoding><con:endpoint>https://ectest.e-c.co.il/Service/Service.asmx</con:endpoint><con:request><![CDATA[<soapenv:Envelope xmlns:soapenv="http://schemas.xmlsoap.org/soap/envelope/" xmlns:tem="http://tempuri.org/">\r
   <soapenv:Header/>\r
   <soapenv:Body>\r
      <tem:IsValidToken>\r
         <!--Optional:-->\r
         <tem:ClientID>?</tem:ClientID>\r
         <!--Optional:-->\r
         <tem:Password>?</tem:Password>\r
         <!--Optional:-->\r
         <tem:EcPwd>?</tem:EcPwd>\r
         <!--Optional:-->\r
         <tem:Token>?</tem:Token>\r
      </tem:IsValidToken>\r
   </soapenv:Body>\r
</soapenv:Envelope>]]></con:request><con:wsaConfig mustUnderstand="NONE" version="200508" action="http://tempuri.org/IsValidToken"/></con:call></con:operation><con:operation id="7187b422-a263-455e-9f0a-44ceccf84020" isOneWay="false" action="http://tempuri.org/Login" name="Login" bindingOperationName="Login" type="Request-Response" inputName="" receivesAttachments="false" sendsAttachments="false" anonymous="optional"><con:settings/><con:call id="a0b977c7-c95f-4528-bb92-cdb35c5db005" name="Request 1"><con:settings/><con:encoding>UTF-8</con:encoding><con:endpoint>https://ectest.e-c.co.il/Service/Service.asmx</con:endpoint><con:request><![CDATA[<soapenv:Envelope xmlns:soapenv="http://schemas.xmlsoap.org/soap/envelope/" xmlns:tem="http://tempuri.org/">\r
   <soapenv:Header/>\r
   <soapenv:Body>\r
      <tem:Login>\r
         <!--Optional:-->\r
         <tem:ClientID>?</tem:ClientID>\r
         <!--Optional:-->\r
         <tem:Password>?</tem:Password>\r
      </tem:Login>\r
   </soapenv:Body>\r
</soapenv:Envelope>]]></con:request><con:wsaConfig mustUnderstand="NONE" version="200508" action="http://tempuri.org/Login"/></con:call></con:operation><con:operation id="d2bbbcc4-a93f-4479-abf0-394ebfa45ee0" isOneWay="false" action="http://tempuri.org/LoginExtended" name="LoginExtended" bindingOperationName="LoginExtended" type="Request-Response" inputName="" receivesAttachments="false" sendsAttachments="false" anonymous="optional"><con:settings/><con:call id="c3ce1055-4998-453a-82fb-ff8286d930e4" name="Request 1"><con:settings/><con:encoding>UTF-8</con:encoding><con:endpoint>https://ectest.e-c.co.il/Service/Service.asmx</con:endpoint><con:request><![CDATA[<soapenv:Envelope xmlns:soapenv="http://schemas.xmlsoap.org/soap/envelope/" xmlns:tem="http://tempuri.org/">\r
   <soapenv:Header/>\r
   <soapenv:Body>\r
      <tem:LoginExtended>\r
         <!--Optional:-->\r
         <tem:ClientID>?</tem:ClientID>\r
         <!--Optional:-->\r
         <tem:Password>?</tem:Password>\r
         <tem:SourceID>?</tem:SourceID>\r
      </tem:LoginExtended>\r
   </soapenv:Body>\r
</soapenv:Envelope>]]></con:request><con:wsaConfig mustUnderstand="NONE" version="200508" action="http://tempuri.org/LoginExtended"/></con:call></con:operation><con:operation id="da389ceb-965f-4ba0-9e81-31a2e4a70a12" isOneWay="false" action="http://tempuri.org/LoginExtended_StringResult" name="LoginExtended_StringResult" bindingOperationName="LoginExtended_StringResult" type="Request-Response" inputName="" receivesAttachments="false" sendsAttachments="false" anonymous="optional"><con:settings/><con:call id="69446465-184e-46a7-8fb2-6bcd4782f4c6" name="Request 1"><con:settings/><con:encoding>UTF-8</con:encoding><con:endpoint>https://ectest.e-c.co.il/Service/Service.asmx</con:endpoint><con:request><![CDATA[<soapenv:Envelope xmlns:soapenv="http://schemas.xmlsoap.org/soap/envelope/" xmlns:tem="http://tempuri.org/">\r
   <soapenv:Header/>\r
   <soapenv:Body>\r
      <tem:LoginExtended_StringResult>\r
         <!--Optional:-->\r
         <tem:ClientID>?</tem:ClientID>\r
         <!--Optional:-->\r
         <tem:Password>?</tem:Password>\r
         <tem:SourceID>?</tem:SourceID>\r
      </tem:LoginExtended_StringResult>\r
   </soapenv:Body>\r
</soapenv:Envelope>]]></con:request><con:wsaConfig mustUnderstand="NONE" version="200508" action="http://tempuri.org/LoginExtended_StringResult"/></con:call></con:operation><con:operation id="09d8cf77-9041-4d8d-8ee7-42535f1453e6" isOneWay="false" action="http://tempuri.org/LoginMobile" name="LoginMobile" bindingOperationName="LoginMobile" type="Request-Response" inputName="" receivesAttachments="false" sendsAttachments="false" anonymous="optional"><con:settings/><con:call id="010a5934-759a-48a0-b69a-50248907c716" name="Request 1"><con:settings/><con:encoding>UTF-8</con:encoding><con:endpoint>https://ectest.e-c.co.il/Service/Service.asmx</con:endpoint><con:request><![CDATA[<soapenv:Envelope xmlns:soapenv="http://schemas.xmlsoap.org/soap/envelope/" xmlns:tem="http://tempuri.org/">\r
   <soapenv:Header/>\r
   <soapenv:Body>\r
      <tem:LoginMobile>\r
         <!--Optional:-->\r
         <tem:ClientID>?</tem:ClientID>\r
         <!--Optional:-->\r
         <tem:Password>?</tem:Password>\r
         <!--Optional:-->\r
         <tem:DeviceCode>?</tem:DeviceCode>\r
      </tem:LoginMobile>\r
   </soapenv:Body>\r
</soapenv:Envelope>]]></con:request><con:wsaConfig mustUnderstand="NONE" version="200508" action="http://tempuri.org/LoginMobile"/></con:call></con:operation><con:operation id="2b88a5d2-3759-42cf-9454-981ea9298bb3" isOneWay="false" action="http://tempuri.org/ProduceECInvoiceDocument" name="ProduceECInvoiceDocument" bindingOperationName="ProduceECInvoiceDocument" type="Request-Response" inputName="" receivesAttachments="false" sendsAttachments="false" anonymous="optional"><con:settings/><con:call id="25e6a80f-a49c-427f-bc23-47cbd52ea261" name="Request 1"><con:settings/><con:encoding>UTF-8</con:encoding><con:endpoint>https://ectest.e-c.co.il/Service/Service.asmx</con:endpoint><con:request><![CDATA[<soapenv:Envelope xmlns:soapenv="http://schemas.xmlsoap.org/soap/envelope/" xmlns:tem="http://tempuri.org/">\r
   <soapenv:Header/>\r
   <soapenv:Body>\r
      <tem:ProduceECInvoiceDocument>\r
         <!--Optional:-->\r
         <tem:ClientID>?</tem:ClientID>\r
         <!--Optional:-->\r
         <tem:Password>?</tem:Password>\r
         <!--Optional:-->\r
         <tem:DocType>?</tem:DocType>\r
         <!--Optional:-->\r
         <tem:Name>?</tem:Name>\r
         <!--Optional:-->\r
         <tem:Address>?</tem:Address>\r
         <!--Optional:-->\r
         <tem:Phone>?</tem:Phone>\r
         <!--Optional:-->\r
         <tem:Identity>?</tem:Identity>\r
         <!--Optional:-->\r
         <tem:EMail>?</tem:EMail>\r
         <!--Optional:-->\r
         <tem:TotalSum>?</tem:TotalSum>\r
         <!--Optional:-->\r
         <tem:Payment_Method>?</tem:Payment_Method>\r
         <!--Optional:-->\r
         <tem:Payment_CreditCardType>?</tem:Payment_CreditCardType>\r
         <!--Optional:-->\r
         <tem:Payment_Last4Digits>?</tem:Payment_Last4Digits>\r
         <!--Optional:-->\r
         <tem:Payment_NumOfPayments>?</tem:Payment_NumOfPayments>\r
         <!--Optional:-->\r
         <tem:Payment_FirstPayment>?</tem:Payment_FirstPayment>\r
         <!--Optional:-->\r
         <tem:Payment_AddPayments>?</tem:Payment_AddPayments>\r
         <!--Optional:-->\r
         <tem:Payment_ChequeBank>?</tem:Payment_ChequeBank>\r
         <!--Optional:-->\r
         <tem:Payment_ChequeBranch>?</tem:Payment_ChequeBranch>\r
         <!--Optional:-->\r
         <tem:Payment_ChequeAccount>?</tem:Payment_ChequeAccount>\r
         <!--Optional:-->\r
         <tem:ProductsJson>?</tem:ProductsJson>\r
         <!--Optional:-->\r
         <tem:MType>?</tem:MType>\r
      </tem:ProduceECInvoiceDocument>\r
   </soapenv:Body>\r
</soapenv:Envelope>]]></con:request><con:wsaConfig mustUnderstand="NONE" version="200508" action="http://tempuri.org/ProduceECInvoiceDocument"/></con:call></con:operation><con:operation id="f62dc815-b055-4606-9619-3c1c7af21416" isOneWay="false" action="http://tempuri.org/ProduceECInvoiceDocumentPerDeal" name="ProduceECInvoiceDocumentPerDeal" bindingOperationName="ProduceECInvoiceDocumentPerDeal" type="Request-Response" inputName="" receivesAttachments="false" sendsAttachments="false" anonymous="optional"><con:settings/><con:call id="cc43ad0c-1180-4675-8337-dfed35bc0836" name="Request 1"><con:settings/><con:encoding>UTF-8</con:encoding><con:endpoint>https://ectest.e-c.co.il/Service/Service.asmx</con:endpoint><con:request><![CDATA[<soapenv:Envelope xmlns:soapenv="http://schemas.xmlsoap.org/soap/envelope/" xmlns:tem="http://tempuri.org/">\r
   <soapenv:Header/>\r
   <soapenv:Body>\r
      <tem:ProduceECInvoiceDocumentPerDeal>\r
         <!--Optional:-->\r
         <tem:ClientID>?</tem:ClientID>\r
         <!--Optional:-->\r
         <tem:Password>?</tem:Password>\r
         <!--Optional:-->\r
         <tem:DocType>?</tem:DocType>\r
         <!--Optional:-->\r
         <tem:Name>?</tem:Name>\r
         <!--Optional:-->\r
         <tem:Address>?</tem:Address>\r
         <!--Optional:-->\r
         <tem:Phone>?</tem:Phone>\r
         <!--Optional:-->\r
         <tem:Identity>?</tem:Identity>\r
         <!--Optional:-->\r
         <tem:EMail>?</tem:EMail>\r
         <!--Optional:-->\r
         <tem:TotalSum>?</tem:TotalSum>\r
         <!--Optional:-->\r
         <tem:Payment_Method>?</tem:Payment_Method>\r
         <!--Optional:-->\r
         <tem:Payment_CreditCardType>?</tem:Payment_CreditCardType>\r
         <!--Optional:-->\r
         <tem:Payment_Last4Digits>?</tem:Payment_Last4Digits>\r
         <!--Optional:-->\r
         <tem:Payment_NumOfPayments>?</tem:Payment_NumOfPayments>\r
         <!--Optional:-->\r
         <tem:Payment_FirstPayment>?</tem:Payment_FirstPayment>\r
         <!--Optional:-->\r
         <tem:Payment_AddPayments>?</tem:Payment_AddPayments>\r
         <!--Optional:-->\r
         <tem:Payment_ChequeBank>?</tem:Payment_ChequeBank>\r
         <!--Optional:-->\r
         <tem:Payment_ChequeBranch>?</tem:Payment_ChequeBranch>\r
         <!--Optional:-->\r
         <tem:Payment_ChequeAccount>?</tem:Payment_ChequeAccount>\r
         <!--Optional:-->\r
         <tem:ProductsJson>?</tem:ProductsJson>\r
         <!--Optional:-->\r
         <tem:MType>?</tem:MType>\r
         <!--Optional:-->\r
         <tem:DealID>?</tem:DealID>\r
      </tem:ProduceECInvoiceDocumentPerDeal>\r
   </soapenv:Body>\r
</soapenv:Envelope>]]></con:request><con:wsaConfig mustUnderstand="NONE" version="200508" action="http://tempuri.org/ProduceECInvoiceDocumentPerDeal"/></con:call></con:operation><con:operation id="cac833d8-e55a-4a86-8be4-493f317685d1" isOneWay="false" action="http://tempuri.org/RunAddRecordsToSuccessDeals" name="RunAddRecordsToSuccessDeals" bindingOperationName="RunAddRecordsToSuccessDeals" type="Request-Response" inputName="" receivesAttachments="false" sendsAttachments="false" anonymous="optional"><con:settings/><con:call id="7487093f-5047-459f-a024-841dc2d6365e" name="Request 1"><con:settings/><con:encoding>UTF-8</con:encoding><con:endpoint>https://ectest.e-c.co.il/Service/Service.asmx</con:endpoint><con:request><![CDATA[<soapenv:Envelope xmlns:soapenv="http://schemas.xmlsoap.org/soap/envelope/" xmlns:tem="http://tempuri.org/">\r
   <soapenv:Header/>\r
   <soapenv:Body>\r
      <tem:RunAddRecordsToSuccessDeals>\r
         <!--Optional:-->\r
         <tem:username>?</tem:username>\r
         <!--Optional:-->\r
         <tem:Password>?</tem:Password>\r
         <!--Optional:-->\r
         <tem:clientid>?</tem:clientid>\r
      </tem:RunAddRecordsToSuccessDeals>\r
   </soapenv:Body>\r
</soapenv:Envelope>]]></con:request><con:wsaConfig mustUnderstand="NONE" version="200508" action="http://tempuri.org/RunAddRecordsToSuccessDeals"/></con:call></con:operation><con:operation id="e69f0725-fd98-4bfe-9f83-09c270c59e0b" isOneWay="false" action="http://tempuri.org/TransmitDeals" name="TransmitDeals" bindingOperationName="TransmitDeals" type="Request-Response" inputName="" receivesAttachments="false" sendsAttachments="false" anonymous="optional"><con:settings/><con:call id="8edb785e-7626-44c0-abf9-d8b57cc3baf5" name="Request 1"><con:settings/><con:encoding>UTF-8</con:encoding><con:endpoint>https://ectest.e-c.co.il/Service/Service.asmx</con:endpoint><con:request><![CDATA[<soapenv:Envelope xmlns:soapenv="http://schemas.xmlsoap.org/soap/envelope/" xmlns:tem="http://tempuri.org/">\r
   <soapenv:Header/>\r
   <soapenv:Body>\r
      <tem:TransmitDeals>\r
         <!--Optional:-->\r
         <tem:ClientID>?</tem:ClientID>\r
         <!--Optional:-->\r
         <tem:Password>?</tem:Password>\r
      </tem:TransmitDeals>\r
   </soapenv:Body>\r
</soapenv:Envelope>]]></con:request><con:wsaConfig mustUnderstand="NONE" version="200508" action="http://tempuri.org/TransmitDeals"/></con:call></con:operation><con:operation id="47af5849-28f0-4a5b-9b84-073c5c65c960" isOneWay="false" action="http://tempuri.org/UpdateToken" name="UpdateToken" bindingOperationName="UpdateToken" type="Request-Response" inputName="" receivesAttachments="false" sendsAttachments="false" anonymous="optional"><con:settings/><con:call id="5597598a-dabc-46bf-aa35-65da1127ad22" name="Request 1"><con:settings/><con:encoding>UTF-8</con:encoding><con:endpoint>https://ectest.e-c.co.il/Service/Service.asmx</con:endpoint><con:request><![CDATA[<soapenv:Envelope xmlns:soapenv="http://schemas.xmlsoap.org/soap/envelope/" xmlns:tem="http://tempuri.org/">\r
   <soapenv:Header/>\r
   <soapenv:Body>\r
      <tem:UpdateToken>\r
         <!--Optional:-->\r
         <tem:ClientID>?</tem:ClientID>\r
         <!--Optional:-->\r
         <tem:Password>?</tem:Password>\r
         <!--Optional:-->\r
         <tem:EcPwd>?</tem:EcPwd>\r
         <!--Optional:-->\r
         <tem:CardNumber>?</tem:CardNumber>\r
         <!--Optional:-->\r
         <tem:ValMonth>?</tem:ValMonth>\r
         <!--Optional:-->\r
         <tem:ValYear>?</tem:ValYear>\r
         <!--Optional:-->\r
         <tem:TZ>?</tem:TZ>\r
         <!--Optional:-->\r
         <tem:CVV2>?</tem:CVV2>\r
         <!--Optional:-->\r
         <tem:OwnerName>?</tem:OwnerName>\r
         <!--Optional:-->\r
         <tem:Note>?</tem:Note>\r
         <!--Optional:-->\r
         <tem:Token>?</tem:Token>\r
      </tem:UpdateToken>\r
   </soapenv:Body>\r
</soapenv:Envelope>]]></con:request><con:wsaConfig mustUnderstand="NONE" version="200508" action="http://tempuri.org/UpdateToken"/></con:call></con:operation><con:operation id="c5c7dfbf-8ac2-4e3e-8266-1c3a78a7ef6b" isOneWay="false" action="http://tempuri.org/ValidateDeal" name="ValidateDeal" bindingOperationName="ValidateDeal" type="Request-Response" inputName="" receivesAttachments="false" sendsAttachments="false" anonymous="optional"><con:settings/><con:call id="349ed3bd-ce5a-4890-a1d3-aeeb3a623efd" name="Request 1"><con:settings/><con:encoding>UTF-8</con:encoding><con:endpoint>https://ectest.e-c.co.il/Service/Service.asmx</con:endpoint><con:request><![CDATA[<soapenv:Envelope xmlns:soapenv="http://schemas.xmlsoap.org/soap/envelope/" xmlns:tem="http://tempuri.org/">\r
   <soapenv:Header/>\r
   <soapenv:Body>\r
      <tem:ValidateDeal>\r
         <!--Optional:-->\r
         <tem:cashierID>?</tem:cashierID>\r
         <!--Optional:-->\r
         <tem:token>?</tem:token>\r
      </tem:ValidateDeal>\r
   </soapenv:Body>\r
</soapenv:Envelope>]]></con:request><con:wsaConfig mustUnderstand="NONE" version="200508" action="http://tempuri.org/ValidateDeal"/></con:call></con:operation><con:operation id="05121d1c-f899-4e95-813b-c6e1f3d427c8" isOneWay="false" action="http://tempuri.org/ValidateDealWithID" name="ValidateDealWithID" bindingOperationName="ValidateDealWithID" type="Request-Response" inputName="" receivesAttachments="false" sendsAttachments="false" anonymous="optional"><con:settings/><con:call id="94a36f18-8735-4cd1-a831-700f13fe84fe" name="Request 1"><con:settings/><con:encoding>UTF-8</con:encoding><con:endpoint>https://ectest.e-c.co.il/Service/Service.asmx</con:endpoint><con:request><![CDATA[<soapenv:Envelope xmlns:soapenv="http://schemas.xmlsoap.org/soap/envelope/" xmlns:tem="http://tempuri.org/">\r
   <soapenv:Header/>\r
   <soapenv:Body>\r
      <tem:ValidateDealWithID>\r
         <!--Optional:-->\r
         <tem:cashierID>?</tem:cashierID>\r
         <!--Optional:-->\r
         <tem:token>?</tem:token>\r
         <!--Optional:-->\r
         <tem:ClientID>?</tem:ClientID>\r
      </tem:ValidateDealWithID>\r
   </soapenv:Body>\r
</soapenv:Envelope>]]></con:request><con:wsaConfig mustUnderstand="NONE" version="200508" action="http://tempuri.org/ValidateDealWithID"/></con:call></con:operation></con:interface><con:interface xsi:type="con:WsdlInterface" id="2e6f23db-3264-4bc3-a59d-47cacbda6eb2" wsaVersion="NONE" name="ServiceSoap12" type="wsdl" bindingName="{http://tempuri.org/}ServiceSoap12" soapVersion="1_2" anonymous="optional" definition="https://ectest.e-c.co.il/Service/Service.asmx?WSDL" xmlns:xsi="http://www.w3.org/2001/XMLSchema-instance"><con:settings/><con:definitionCache type="TEXT" rootPart="https://ectest.e-c.co.il/Service/Service.asmx?WSDL"><con:part><con:url>https://ectest.e-c.co.il/Service/Service.asmx?WSDL</con:url><con:content><![CDATA[<wsdl:definitions targetNamespace="http://tempuri.org/" xmlns:s="http://www.w3.org/2001/XMLSchema" xmlns:soap12="http://schemas.xmlsoap.org/wsdl/soap12/" xmlns:http="http://schemas.xmlsoap.org/wsdl/http/" xmlns:mime="http://schemas.xmlsoap.org/wsdl/mime/" xmlns:tns="http://tempuri.org/" xmlns:soap="http://schemas.xmlsoap.org/wsdl/soap/" xmlns:tm="http://microsoft.com/wsdl/mime/textMatching/" xmlns:soapenc="http://schemas.xmlsoap.org/soap/encoding/" xmlns:wsdl="http://schemas.xmlsoap.org/wsdl/">
  <wsdl:types>
    <s:schema elementFormDefault="qualified" targetNamespace="http://tempuri.org/">
      <s:element name="Login">
        <s:complexType>
          <s:sequence>
            <s:element minOccurs="0" maxOccurs="1" name="ClientID" type="s:string"/>
            <s:element minOccurs="0" maxOccurs="1" name="Password" type="s:string"/>
          </s:sequence>
        </s:complexType>
      </s:element>
      <s:element name="LoginResponse">
        <s:complexType>
          <s:sequence>
            <s:element minOccurs="1" maxOccurs="1" name="LoginResult" type="s:boolean"/>
          </s:sequence>
        </s:complexType>
      </s:element>
      <s:element name="RunAddRecordsToSuccessDeals">
        <s:complexType>
          <s:sequence>
            <s:element minOccurs="0" maxOccurs="1" name="username" type="s:string"/>
            <s:element minOccurs="0" maxOccurs="1" name="Password" type="s:string"/>
            <s:element minOccurs="0" maxOccurs="1" name="clientid" type="s:string"/>
          </s:sequence>
        </s:complexType>
      </s:element>
      <s:element name="RunAddRecordsToSuccessDealsResponse">
        <s:complexType>
          <s:sequence>
            <s:element minOccurs="1" maxOccurs="1" name="RunAddRecordsToSuccessDealsResult" type="s:int"/>
          </s:sequence>
        </s:complexType>
      </s:element>
      <s:element name="LoginExtended_StringResult">
        <s:complexType>
          <s:sequence>
            <s:element minOccurs="0" maxOccurs="1" name="ClientID" type="s:string"/>
            <s:element minOccurs="0" maxOccurs="1" name="Password" type="s:string"/>
            <s:element minOccurs="1" maxOccurs="1" name="SourceID" type="s:int"/>
          </s:sequence>
        </s:complexType>
      </s:element>
      <s:element name="LoginExtended_StringResultResponse">
        <s:complexType>
          <s:sequence>
            <s:element minOccurs="0" maxOccurs="1" name="LoginExtended_StringResultResult" type="s:string"/>
          </s:sequence>
        </s:complexType>
      </s:element>
      <s:element name="LoginExtended">
        <s:complexType>
          <s:sequence>
            <s:element minOccurs="0" maxOccurs="1" name="ClientID" type="s:string"/>
            <s:element minOccurs="0" maxOccurs="1" name="Password" type="s:string"/>
            <s:element minOccurs="1" maxOccurs="1" name="SourceID" type="s:int"/>
          </s:sequence>
        </s:complexType>
      </s:element>
      <s:element name="LoginExtendedResponse">
        <s:complexType>
          <s:sequence>
            <s:element minOccurs="0" maxOccurs="1" name="LoginExtendedResult" type="tns:InvokeResult"/>
          </s:sequence>
        </s:complexType>
      </s:element>
      <s:complexType name="InvokeResult">
        <s:sequence>
          <s:element minOccurs="1" maxOccurs="1" name="StatusCode" type="s:int"/>
          <s:element minOccurs="0" maxOccurs="1" name="StatusTextEN" type="s:string"/>
          <s:element minOccurs="0" maxOccurs="1" name="StatusTextHE" type="s:string"/>
          <s:element minOccurs="0" maxOccurs="1" name="ConfirmationID" type="s:string"/>
        </s:sequence>
      </s:complexType>
      <s:element name="LoginMobile">
        <s:complexType>
          <s:sequence>
            <s:element minOccurs="0" maxOccurs="1" name="ClientID" type="s:string"/>
            <s:element minOccurs="0" maxOccurs="1" name="Password" type="s:string"/>
            <s:element minOccurs="0" maxOccurs="1" name="DeviceCode" type="s:string"/>
          </s:sequence>
        </s:complexType>
      </s:element>
      <s:element name="LoginMobileResponse">
        <s:complexType>
          <s:sequence>
            <s:element minOccurs="1" maxOccurs="1" name="LoginMobileResult" type="s:int"/>
          </s:sequence>
        </s:complexType>
      </s:element>
      <s:element name="DoDealWithExternalID">
        <s:complexType>
          <s:sequence>
            <s:element minOccurs="0" maxOccurs="1" name="ClientID" type="s:string"/>
            <s:element minOccurs="0" maxOccurs="1" name="Password" type="s:string"/>
            <s:element minOccurs="0" maxOccurs="1" name="ActionMethod" type="s:string"/>
            <s:element minOccurs="0" maxOccurs="1" name="CardNumber" type="s:string"/>
            <s:element minOccurs="0" maxOccurs="1" name="ValMonth" type="s:string"/>
            <s:element minOccurs="0" maxOccurs="1" name="ValYear" type="s:string"/>
            <s:element minOccurs="0" maxOccurs="1" name="TotalSum" type="s:string"/>
            <s:element minOccurs="0" maxOccurs="1" name="PayNumber" type="s:string"/>
            <s:element minOccurs="0" maxOccurs="1" name="FirstPay" type="s:string"/>
            <s:element minOccurs="0" maxOccurs="1" name="AddPay" type="s:string"/>
            <s:element minOccurs="0" maxOccurs="1" name="TZ" type="s:string"/>
            <s:element minOccurs="0" maxOccurs="1" name="CVV2" type="s:string"/>
            <s:element minOccurs="0" maxOccurs="1" name="DealType" type="s:string"/>
            <s:element minOccurs="0" maxOccurs="1" name="MType" type="s:string"/>
            <s:element minOccurs="0" maxOccurs="1" name="Opt" type="s:string"/>
            <s:element minOccurs="0" maxOccurs="1" name="Note" type="s:string"/>
            <s:element minOccurs="0" maxOccurs="1" name="ExternalID" type="s:string"/>
            <s:element minOccurs="0" maxOccurs="1" name="OwnerName" type="s:string"/>
            <s:element minOccurs="0" maxOccurs="1" name="Email" type="s:string"/>
          </s:sequence>
        </s:complexType>
      </s:element>
      <s:element name="DoDealWithExternalIDResponse">
        <s:complexType>
          <s:sequence>
            <s:element minOccurs="0" maxOccurs="1" name="DoDealWithExternalIDResult" type="s:string"/>
          </s:sequence>
        </s:complexType>
      </s:element>
      <s:element name="DoDeal">
        <s:complexType>
          <s:sequence>
            <s:element minOccurs="0" maxOccurs="1" name="ClientID" type="s:string"/>
            <s:element minOccurs="0" maxOccurs="1" name="Password" type="s:string"/>
            <s:element minOccurs="0" maxOccurs="1" name="ActionMethod" type="s:string"/>
            <s:element minOccurs="0" maxOccurs="1" name="CardNumber" type="s:string"/>
            <s:element minOccurs="0" maxOccurs="1" name="ValMonth" type="s:string"/>
            <s:element minOccurs="0" maxOccurs="1" name="ValYear" type="s:string"/>
            <s:element minOccurs="0" maxOccurs="1" name="TotalSum" type="s:string"/>
            <s:element minOccurs="0" maxOccurs="1" name="PayNumber" type="s:string"/>
            <s:element minOccurs="0" maxOccurs="1" name="FirstPay" type="s:string"/>
            <s:element minOccurs="0" maxOccurs="1" name="AddPay" type="s:string"/>
            <s:element minOccurs="0" maxOccurs="1" name="TZ" type="s:string"/>
            <s:element minOccurs="0" maxOccurs="1" name="CVV2" type="s:string"/>
            <s:element minOccurs="0" maxOccurs="1" name="DealType" type="s:string"/>
            <s:element minOccurs="0" maxOccurs="1" name="MType" type="s:string"/>
            <s:element minOccurs="0" maxOccurs="1" name="Opt" type="s:string"/>
            <s:element minOccurs="0" maxOccurs="1" name="Note" type="s:string"/>
            <s:element minOccurs="0" maxOccurs="1" name="OwnerName" type="s:string"/>
            <s:element minOccurs="0" maxOccurs="1" name="Email" type="s:string"/>
            <s:element minOccurs="0" maxOccurs="1" name="CellPhone" type="s:string"/>
          </s:sequence>
        </s:complexType>
      </s:element>
      <s:element name="DoDealResponse">
        <s:complexType>
          <s:sequence>
            <s:element minOccurs="0" maxOccurs="1" name="DoDealResult" type="s:string"/>
          </s:sequence>
        </s:complexType>
      </s:element>
      <s:element name="DoDealPinPad">
        <s:complexType>
          <s:sequence>
            <s:element minOccurs="0" maxOccurs="1" name="ClientID" type="s:string"/>
            <s:element minOccurs="0" maxOccurs="1" name="Password" type="s:string"/>
            <s:element minOccurs="0" maxOccurs="1" name="ActionMethod" type="s:string"/>
            <s:element minOccurs="0" maxOccurs="1" name="TotalSum" type="s:string"/>
            <s:element minOccurs="0" maxOccurs="1" name="PayNumber" type="s:string"/>
            <s:element minOccurs="0" maxOccurs="1" name="FirstPay" type="s:string"/>
            <s:element minOccurs="0" maxOccurs="1" name="AddPay" type="s:string"/>
            <s:element minOccurs="0" maxOccurs="1" name="TZ" type="s:string"/>
            <s:element minOccurs="0" maxOccurs="1" name="DealType" type="s:string"/>
            <s:element minOccurs="0" maxOccurs="1" name="MType" type="s:string"/>
            <s:element minOccurs="0" maxOccurs="1" name="Opt" type="s:string"/>
            <s:element minOccurs="0" maxOccurs="1" name="Note" type="s:string"/>
            <s:element minOccurs="0" maxOccurs="1" name="OwnerName" type="s:string"/>
            <s:element minOccurs="0" maxOccurs="1" name="ExternalID" type="s:string"/>
            <s:element minOccurs="0" maxOccurs="1" name="Email" type="s:string"/>
            <s:element minOccurs="0" maxOccurs="1" name="CellPhone" type="s:string"/>
          </s:sequence>
        </s:complexType>
      </s:element>
      <s:element name="DoDealPinPadResponse">
        <s:complexType>
          <s:sequence>
            <s:element minOccurs="0" maxOccurs="1" name="DoDealPinPadResult" type="s:string"/>
          </s:sequence>
        </s:complexType>
      </s:element>
      <s:element name="DoDealOldExt">
        <s:complexType>
          <s:sequence>
            <s:element minOccurs="0" maxOccurs="1" name="ClientID" type="s:string"/>
            <s:element minOccurs="0" maxOccurs="1" name="Password" type="s:string"/>
            <s:element minOccurs="0" maxOccurs="1" name="Code" type="s:string"/>
            <s:element minOccurs="0" maxOccurs="1" name="CardNumber" type="s:string"/>
            <s:element minOccurs="0" maxOccurs="1" name="ValMonth" type="s:string"/>
            <s:element minOccurs="0" maxOccurs="1" name="ValYear" type="s:string"/>
            <s:element minOccurs="0" maxOccurs="1" name="TotalSum" type="s:string"/>
            <s:element minOccurs="0" maxOccurs="1" name="PayNumber" type="s:string"/>
            <s:element minOccurs="0" maxOccurs="1" name="FirstPay" type="s:string"/>
            <s:element minOccurs="0" maxOccurs="1" name="AddPay" type="s:string"/>
            <s:element minOccurs="0" maxOccurs="1" name="TZ" type="s:string"/>
            <s:element minOccurs="0" maxOccurs="1" name="CVV2" type="s:string"/>
            <s:element minOccurs="0" maxOccurs="1" name="DealType" type="s:string"/>
            <s:element minOccurs="0" maxOccurs="1" name="MType" type="s:string"/>
            <s:element minOccurs="0" maxOccurs="1" name="Opt" type="s:string"/>
            <s:element minOccurs="0" maxOccurs="1" name="Note" type="s:string"/>
            <s:element minOccurs="0" maxOccurs="1" name="AuthNum" type="s:string"/>
            <s:element minOccurs="0" maxOccurs="1" name="OwnerName" type="s:string"/>
            <s:element minOccurs="0" maxOccurs="1" name="Email" type="s:string"/>
            <s:element minOccurs="0" maxOccurs="1" name="CellPhone" type="s:string"/>
          </s:sequence>
        </s:complexType>
      </s:element>
      <s:element name="DoDealOldExtResponse">
        <s:complexType>
          <s:sequence>
            <s:element minOccurs="0" maxOccurs="1" name="DoDealOldExtResult" type="s:string"/>
          </s:sequence>
        </s:complexType>
      </s:element>
      <s:element name="DoDealExt">
        <s:complexType>
          <s:sequence>
            <s:element minOccurs="0" maxOccurs="1" name="ClientID" type="s:string"/>
            <s:element minOccurs="0" maxOccurs="1" name="Password" type="s:string"/>
            <s:element minOccurs="0" maxOccurs="1" name="Code" type="s:string"/>
            <s:element minOccurs="0" maxOccurs="1" name="CardNumber" type="s:string"/>
            <s:element minOccurs="0" maxOccurs="1" name="ValMonth" type="s:string"/>
            <s:element minOccurs="0" maxOccurs="1" name="ValYear" type="s:string"/>
            <s:element minOccurs="0" maxOccurs="1" name="TotalSum" type="s:string"/>
            <s:element minOccurs="0" maxOccurs="1" name="PayNumber" type="s:string"/>
            <s:element minOccurs="0" maxOccurs="1" name="FirstPay" type="s:string"/>
            <s:element minOccurs="0" maxOccurs="1" name="AddPay" type="s:string"/>
            <s:element minOccurs="0" maxOccurs="1" name="TZ" type="s:string"/>
            <s:element minOccurs="0" maxOccurs="1" name="CVV2" type="s:string"/>
            <s:element minOccurs="0" maxOccurs="1" name="DealType" type="s:string"/>
            <s:element minOccurs="0" maxOccurs="1" name="MType" type="s:string"/>
            <s:element minOccurs="0" maxOccurs="1" name="Opt" type="s:string"/>
            <s:element minOccurs="0" maxOccurs="1" name="Note" type="s:string"/>
            <s:element minOccurs="0" maxOccurs="1" name="AuthNum" type="s:string"/>
            <s:element minOccurs="0" maxOccurs="1" name="OwnerName" type="s:string"/>
            <s:element minOccurs="0" maxOccurs="1" name="Cell" type="s:string"/>
            <s:element minOccurs="0" maxOccurs="1" name="Email" type="s:string"/>
          </s:sequence>
        </s:complexType>
      </s:element>
      <s:element name="DoDealExtResponse">
        <s:complexType>
          <s:sequence>
            <s:element minOccurs="0" maxOccurs="1" name="DoDealExtResult" type="s:string"/>
          </s:sequence>
        </s:complexType>
      </s:element>
      <s:element name="DoDealUserCodeWithTokenExt">
        <s:complexType>
          <s:sequence>
            <s:element minOccurs="0" maxOccurs="1" name="ClientID" type="s:string"/>
            <s:element minOccurs="0" maxOccurs="1" name="Password" type="s:string"/>
            <s:element minOccurs="0" maxOccurs="1" name="Code" type="s:string"/>
            <s:element minOccurs="0" maxOccurs="1" name="CardNumber" type="s:string"/>
            <s:element minOccurs="0" maxOccurs="1" name="ValMonth" type="s:string"/>
            <s:element minOccurs="0" maxOccurs="1" name="ValYear" type="s:string"/>
            <s:element minOccurs="0" maxOccurs="1" name="TotalSum" type="s:string"/>
            <s:element minOccurs="0" maxOccurs="1" name="PayNumber" type="s:string"/>
            <s:element minOccurs="0" maxOccurs="1" name="FirstPay" type="s:string"/>
            <s:element minOccurs="0" maxOccurs="1" name="AddPay" type="s:string"/>
            <s:element minOccurs="0" maxOccurs="1" name="TZ" type="s:string"/>
            <s:element minOccurs="0" maxOccurs="1" name="CVV2" type="s:string"/>
            <s:element minOccurs="0" maxOccurs="1" name="DealType" type="s:string"/>
            <s:element minOccurs="0" maxOccurs="1" name="MType" type="s:string"/>
            <s:element minOccurs="0" maxOccurs="1" name="Opt" type="s:string"/>
            <s:element minOccurs="0" maxOccurs="1" name="Note" type="s:string"/>
            <s:element minOccurs="0" maxOccurs="1" name="AuthNum" type="s:string"/>
            <s:element minOccurs="0" maxOccurs="1" name="OwnerName" type="s:string"/>
            <s:element minOccurs="0" maxOccurs="1" name="Cell" type="s:string"/>
            <s:element minOccurs="0" maxOccurs="1" name="UserCode" type="s:string"/>
            <s:element minOccurs="0" maxOccurs="1" name="CreateToken" type="s:string"/>
            <s:element minOccurs="0" maxOccurs="1" name="Token" type="s:string"/>
            <s:element minOccurs="0" maxOccurs="1" name="ExternalID" type="s:string"/>
            <s:element minOccurs="0" maxOccurs="1" name="Email" type="s:string"/>
          </s:sequence>
        </s:complexType>
      </s:element>
      <s:element name="DoDealUserCodeWithTokenExtResponse">
        <s:complexType>
          <s:sequence>
            <s:element minOccurs="0" maxOccurs="1" name="DoDealUserCodeWithTokenExtResult" type="s:string"/>
          </s:sequence>
        </s:complexType>
      </s:element>
      <s:element name="DoDealWithTokenExt">
        <s:complexType>
          <s:sequence>
            <s:element minOccurs="0" maxOccurs="1" name="ClientID" type="s:string"/>
            <s:element minOccurs="0" maxOccurs="1" name="Password" type="s:string"/>
            <s:element minOccurs="0" maxOccurs="1" name="EcPwd" type="s:string"/>
            <s:element minOccurs="0" maxOccurs="1" name="ActionMethod" type="s:string"/>
            <s:element minOccurs="0" maxOccurs="1" name="TotalSum" type="s:string"/>
            <s:element minOccurs="0" maxOccurs="1" name="PayNumber" type="s:string"/>
            <s:element minOccurs="0" maxOccurs="1" name="FirstPay" type="s:string"/>
            <s:element minOccurs="0" maxOccurs="1" name="AddPay" type="s:string"/>
            <s:element minOccurs="0" maxOccurs="1" name="DealType" type="s:string"/>
            <s:element minOccurs="0" maxOccurs="1" name="MType" type="s:string"/>
            <s:element minOccurs="0" maxOccurs="1" name="Opt" type="s:string"/>
            <s:element minOccurs="0" maxOccurs="1" name="Note" type="s:string"/>
            <s:element minOccurs="0" maxOccurs="1" name="AuthNum" type="s:string"/>
            <s:element minOccurs="0" maxOccurs="1" name="ExternalID" type="s:string"/>
            <s:element minOccurs="0" maxOccurs="1" name="Token" type="s:string"/>
            <s:element minOccurs="0" maxOccurs="1" name="OwnerName" type="s:string"/>
          </s:sequence>
        </s:complexType>
      </s:element>
      <s:element name="DoDealWithTokenExtResponse">
        <s:complexType>
          <s:sequence>
            <s:element minOccurs="0" maxOccurs="1" name="DoDealWithTokenExtResult" type="s:string"/>
          </s:sequence>
        </s:complexType>
      </s:element>
      <s:element name="GetDealHistoryAuthToken_StringResult">
        <s:complexType>
          <s:sequence>
            <s:element minOccurs="0" maxOccurs="1" name="Token" type="s:string"/>
          </s:sequence>
        </s:complexType>
      </s:element>
      <s:element name="GetDealHistoryAuthToken_StringResultResponse">
        <s:complexType>
          <s:sequence>
            <s:element minOccurs="0" maxOccurs="1" name="GetDealHistoryAuthToken_StringResultResult" type="s:string"/>
          </s:sequence>
        </s:complexType>
      </s:element>
      <s:element name="GetDealHistoryAuthToken">
        <s:complexType>
          <s:sequence>
            <s:element minOccurs="0" maxOccurs="1" name="Token" type="s:string"/>
          </s:sequence>
        </s:complexType>
      </s:element>
      <s:element name="GetDealHistoryAuthTokenResponse">
        <s:complexType>
          <s:sequence>
            <s:element minOccurs="0" maxOccurs="1" name="GetDealHistoryAuthTokenResult">
              <s:complexType>
                <s:sequence>
                  <s:any/>
                </s:sequence>
              </s:complexType>
            </s:element>
          </s:sequence>
        </s:complexType>
      </s:element>
      <s:element name="GetDealHistory_StringResult">
        <s:complexType>
          <s:sequence>
            <s:element minOccurs="0" maxOccurs="1" name="ClientID" type="s:string"/>
            <s:element minOccurs="0" maxOccurs="1" name="Password" type="s:string"/>
          </s:sequence>
        </s:complexType>
      </s:element>
      <s:element name="GetDealHistory_StringResultResponse">
        <s:complexType>
          <s:sequence>
            <s:element minOccurs="0" maxOccurs="1" name="GetDealHistory_StringResultResult" type="s:string"/>
          </s:sequence>
        </s:complexType>
      </s:element>
      <s:element name="GetDealHistory">
        <s:complexType>
          <s:sequence>
            <s:element minOccurs="0" maxOccurs="1" name="ClientID" type="s:string"/>
            <s:element minOccurs="0" maxOccurs="1" name="Password" type="s:string"/>
          </s:sequence>
        </s:complexType>
      </s:element>
      <s:element name="GetDealHistoryResponse">
        <s:complexType>
          <s:sequence>
            <s:element minOccurs="0" maxOccurs="1" name="GetDealHistoryResult">
              <s:complexType>
                <s:sequence>
                  <s:any/>
                </s:sequence>
              </s:complexType>
            </s:element>
          </s:sequence>
        </s:complexType>
      </s:element>
      <s:element name="GetTransNumber">
        <s:complexType>
          <s:sequence>
            <s:element minOccurs="0" maxOccurs="1" name="ClientID" type="s:string"/>
            <s:element minOccurs="0" maxOccurs="1" name="Password" type="s:string"/>
            <s:element minOccurs="0" maxOccurs="1" name="CardNumber" type="s:string"/>
            <s:element minOccurs="0" maxOccurs="1" name="DealNumber" type="s:string"/>
          </s:sequence>
        </s:complexType>
      </s:element>
      <s:element name="GetTransNumberResponse">
        <s:complexType>
          <s:sequence>
            <s:element minOccurs="0" maxOccurs="1" name="GetTransNumberResult" type="s:string"/>
          </s:sequence>
        </s:complexType>
      </s:element>
      <s:element name="GetDealByExternalID_StringResult">
        <s:complexType>
          <s:sequence>
            <s:element minOccurs="0" maxOccurs="1" name="ClientID" type="s:string"/>
            <s:element minOccurs="0" maxOccurs="1" name="Password" type="s:string"/>
            <s:element minOccurs="0" maxOccurs="1" name="ExternalID" type="s:string"/>
          </s:sequence>
        </s:complexType>
      </s:element>
      <s:element name="GetDealByExternalID_StringResultResponse">
        <s:complexType>
          <s:sequence>
            <s:element minOccurs="0" maxOccurs="1" name="GetDealByExternalID_StringResultResult" type="s:string"/>
          </s:sequence>
        </s:complexType>
      </s:element>
      <s:element name="GetDealByExternalID">
        <s:complexType>
          <s:sequence>
            <s:element minOccurs="0" maxOccurs="1" name="ClientID" type="s:string"/>
            <s:element minOccurs="0" maxOccurs="1" name="Password" type="s:string"/>
            <s:element minOccurs="0" maxOccurs="1" name="ExternalID" type="s:string"/>
          </s:sequence>
        </s:complexType>
      </s:element>
      <s:element name="GetDealByExternalIDResponse">
        <s:complexType>
          <s:sequence>
            <s:element minOccurs="0" maxOccurs="1" name="GetDealByExternalIDResult">
              <s:complexType>
                <s:sequence>
                  <s:any/>
                </s:sequence>
              </s:complexType>
            </s:element>
          </s:sequence>
        </s:complexType>
      </s:element>
      <s:element name="GetDealInfoAuthToken_StringResult">
        <s:complexType>
          <s:sequence>
            <s:element minOccurs="0" maxOccurs="1" name="Token" type="s:string"/>
            <s:element minOccurs="0" maxOccurs="1" name="CardNumber" type="s:string"/>
            <s:element minOccurs="0" maxOccurs="1" name="DealNumber" type="s:string"/>
          </s:sequence>
        </s:complexType>
      </s:element>
      <s:element name="GetDealInfoAuthToken_StringResultResponse">
        <s:complexType>
          <s:sequence>
            <s:element minOccurs="0" maxOccurs="1" name="GetDealInfoAuthToken_StringResultResult" type="s:string"/>
          </s:sequence>
        </s:complexType>
      </s:element>
      <s:element name="GetDealInfoAuthToken">
        <s:complexType>
          <s:sequence>
            <s:element minOccurs="0" maxOccurs="1" name="Token" type="s:string"/>
            <s:element minOccurs="0" maxOccurs="1" name="CardNumber" type="s:string"/>
            <s:element minOccurs="0" maxOccurs="1" name="DealNumber" type="s:string"/>
          </s:sequence>
        </s:complexType>
      </s:element>
      <s:element name="GetDealInfoAuthTokenResponse">
        <s:complexType>
          <s:sequence>
            <s:element minOccurs="0" maxOccurs="1" name="GetDealInfoAuthTokenResult" type="tns:DealInfo"/>
          </s:sequence>
        </s:complexType>
      </s:element>
      <s:complexType name="DealInfo">
        <s:sequence>
          <s:element minOccurs="1" maxOccurs="1" name="TransNumberInt" nillable="true" type="s:int"/>
          <s:element minOccurs="0" maxOccurs="1" name="TransNumber" type="s:string"/>
          <s:element minOccurs="0" maxOccurs="1" name="CardMutag" type="s:string"/>
          <s:element minOccurs="0" maxOccurs="1" name="CardManpik" type="s:string"/>
          <s:element minOccurs="0" maxOccurs="1" name="MasofID" type="s:string"/>
          <s:element minOccurs="0" maxOccurs="1" name="Status" type="s:string"/>
          <s:element minOccurs="0" maxOccurs="1" name="OwnerName" type="s:string"/>
          <s:element minOccurs="1" maxOccurs="1" name="TotalSum" type="s:double"/>
          <s:element minOccurs="0" maxOccurs="1" name="InvoiceUrl" type="s:string"/>
        </s:sequence>
      </s:complexType>
      <s:element name="GetDealInfo_StringResult">
        <s:complexType>
          <s:sequence>
            <s:element minOccurs="0" maxOccurs="1" name="ClientID" type="s:string"/>
            <s:element minOccurs="0" maxOccurs="1" name="Password" type="s:string"/>
            <s:element minOccurs="0" maxOccurs="1" name="CardNumber" type="s:string"/>
            <s:element minOccurs="0" maxOccurs="1" name="DealNumber" type="s:string"/>
          </s:sequence>
        </s:complexType>
      </s:element>
      <s:element name="GetDealInfo_StringResultResponse">
        <s:complexType>
          <s:sequence>
            <s:element minOccurs="0" maxOccurs="1" name="GetDealInfo_StringResultResult" type="s:string"/>
          </s:sequence>
        </s:complexType>
      </s:element>
      <s:element name="GetDealInfo">
        <s:complexType>
          <s:sequence>
            <s:element minOccurs="0" maxOccurs="1" name="ClientID" type="s:string"/>
            <s:element minOccurs="0" maxOccurs="1" name="Password" type="s:string"/>
            <s:element minOccurs="0" maxOccurs="1" name="CardNumber" type="s:string"/>
            <s:element minOccurs="0" maxOccurs="1" name="DealNumber" type="s:string"/>
          </s:sequence>
        </s:complexType>
      </s:element>
      <s:element name="GetDealInfoResponse">
        <s:complexType>
          <s:sequence>
            <s:element minOccurs="0" maxOccurs="1" name="GetDealInfoResult" type="tns:DealInfo"/>
          </s:sequence>
        </s:complexType>
      </s:element>
      <s:element name="GetInvoicesInRange_StringResult">
        <s:complexType>
          <s:sequence>
            <s:element minOccurs="0" maxOccurs="1" name="Token" type="s:string"/>
            <s:element minOccurs="0" maxOccurs="1" name="ClientID" type="s:string"/>
            <s:element minOccurs="0" maxOccurs="1" name="Password" type="s:string"/>
            <s:element minOccurs="1" maxOccurs="1" name="StartDate" type="s:dateTime"/>
            <s:element minOccurs="1" maxOccurs="1" name="EndDate" type="s:dateTime"/>
            <s:element minOccurs="0" maxOccurs="1" name="BillingDealID" type="s:string"/>
            <s:element minOccurs="0" maxOccurs="1" name="BillingCustomerID" type="s:string"/>
            <s:element minOccurs="0" maxOccurs="1" name="InvoiceType" type="s:string"/>
          </s:sequence>
        </s:complexType>
      </s:element>
      <s:element name="GetInvoicesInRange_StringResultResponse">
        <s:complexType>
          <s:sequence>
            <s:element minOccurs="0" maxOccurs="1" name="GetInvoicesInRange_StringResultResult" type="s:string"/>
          </s:sequence>
        </s:complexType>
      </s:element>
      <s:element name="GetInvoices_StringResult">
        <s:complexType>
          <s:sequence>
            <s:element minOccurs="0" maxOccurs="1" name="Token" type="s:string"/>
            <s:element minOccurs="0" maxOccurs="1" name="ClientID" type="s:string"/>
            <s:element minOccurs="0" maxOccurs="1" name="Password" type="s:string"/>
            <s:element minOccurs="0" maxOccurs="1" name="BillingDealID" type="s:string"/>
            <s:element minOccurs="0" maxOccurs="1" name="BillingCustomerID" type="s:string"/>
            <s:element minOccurs="0" maxOccurs="1" name="InvoiceType" type="s:string"/>
          </s:sequence>
        </s:complexType>
      </s:element>
      <s:element name="GetInvoices_StringResultResponse">
        <s:complexType>
          <s:sequence>
            <s:element minOccurs="0" maxOccurs="1" name="GetInvoices_StringResultResult" type="s:string"/>
          </s:sequence>
        </s:complexType>
      </s:element>
      <s:element name="GetInvoicesInRange">
        <s:complexType>
          <s:sequence>
            <s:element minOccurs="0" maxOccurs="1" name="Token" type="s:string"/>
            <s:element minOccurs="0" maxOccurs="1" name="ClientID" type="s:string"/>
            <s:element minOccurs="0" maxOccurs="1" name="Password" type="s:string"/>
            <s:element minOccurs="0" maxOccurs="1" name="BillingDealID" type="s:string"/>
            <s:element minOccurs="0" maxOccurs="1" name="BillingCustomerID" type="s:string"/>
            <s:element minOccurs="0" maxOccurs="1" name="InvoiceType" type="s:string"/>
            <s:element minOccurs="1" maxOccurs="1" name="StartDate" type="s:dateTime"/>
            <s:element minOccurs="1" maxOccurs="1" name="EndDate" type="s:dateTime"/>
          </s:sequence>
        </s:complexType>
      </s:element>
      <s:element name="GetInvoicesInRangeResponse">
        <s:complexType>
          <s:sequence>
            <s:element minOccurs="0" maxOccurs="1" name="GetInvoicesInRangeResult">
              <s:complexType mixed="true">
                <s:sequence>
                  <s:any/>
                </s:sequence>
              </s:complexType>
            </s:element>
          </s:sequence>
        </s:complexType>
      </s:element>
      <s:element name="GetInvoices">
        <s:complexType>
          <s:sequence>
            <s:element minOccurs="0" maxOccurs="1" name="Token" type="s:string"/>
            <s:element minOccurs="0" maxOccurs="1" name="ClientID" type="s:string"/>
            <s:element minOccurs="0" maxOccurs="1" name="Password" type="s:string"/>
            <s:element minOccurs="0" maxOccurs="1" name="BillingDealID" type="s:string"/>
            <s:element minOccurs="0" maxOccurs="1" name="BillingCustomerID" type="s:string"/>
            <s:element minOccurs="0" maxOccurs="1" name="InvoiceType" type="s:string"/>
          </s:sequence>
        </s:complexType>
      </s:element>
      <s:element name="GetInvoicesResponse">
        <s:complexType>
          <s:sequence>
            <s:element minOccurs="0" maxOccurs="1" name="GetInvoicesResult">
              <s:complexType mixed="true">
                <s:sequence>
                  <s:any/>
                </s:sequence>
              </s:complexType>
            </s:element>
          </s:sequence>
        </s:complexType>
      </s:element>
      <s:element name="GetDealHistoryInRange_StringResult">
        <s:complexType>
          <s:sequence>
            <s:element minOccurs="0" maxOccurs="1" name="ClientID" type="s:string"/>
            <s:element minOccurs="0" maxOccurs="1" name="Password" type="s:string"/>
            <s:element minOccurs="1" maxOccurs="1" name="StartDate" type="s:dateTime"/>
            <s:element minOccurs="1" maxOccurs="1" name="EndDate" type="s:dateTime"/>
            <s:element minOccurs="1" maxOccurs="1" name="Results" type="s:int"/>
          </s:sequence>
        </s:complexType>
      </s:element>
      <s:element name="GetDealHistoryInRange_StringResultResponse">
        <s:complexType>
          <s:sequence>
            <s:element minOccurs="0" maxOccurs="1" name="GetDealHistoryInRange_StringResultResult" type="s:string"/>
          </s:sequence>
        </s:complexType>
      </s:element>
      <s:element name="GetDealHistoryInRangeAuthToken_StringResult">
        <s:complexType>
          <s:sequence>
            <s:element minOccurs="0" maxOccurs="1" name="Token" type="s:string"/>
            <s:element minOccurs="1" maxOccurs="1" name="StartDate" type="s:dateTime"/>
            <s:element minOccurs="1" maxOccurs="1" name="EndDate" type="s:dateTime"/>
            <s:element minOccurs="1" maxOccurs="1" name="Results" type="s:int"/>
          </s:sequence>
        </s:complexType>
      </s:element>
      <s:element name="GetDealHistoryInRangeAuthToken_StringResultResponse">
        <s:complexType>
          <s:sequence>
            <s:element minOccurs="0" maxOccurs="1" name="GetDealHistoryInRangeAuthToken_StringResultResult" type="s:string"/>
          </s:sequence>
        </s:complexType>
      </s:element>
      <s:element name="GetDealHistoryInRange">
        <s:complexType>
          <s:sequence>
            <s:element minOccurs="0" maxOccurs="1" name="ClientID" type="s:string"/>
            <s:element minOccurs="0" maxOccurs="1" name="Password" type="s:string"/>
            <s:element minOccurs="1" maxOccurs="1" name="StartDate" type="s:dateTime"/>
            <s:element minOccurs="1" maxOccurs="1" name="EndDate" type="s:dateTime"/>
            <s:element minOccurs="1" maxOccurs="1" name="Results" type="s:int"/>
          </s:sequence>
        </s:complexType>
      </s:element>
      <s:element name="GetDealHistoryInRangeResponse">
        <s:complexType>
          <s:sequence>
            <s:element minOccurs="0" maxOccurs="1" name="GetDealHistoryInRangeResult">
              <s:complexType mixed="true">
                <s:sequence>
                  <s:any/>
                </s:sequence>
              </s:complexType>
            </s:element>
          </s:sequence>
        </s:complexType>
      </s:element>
      <s:element name="GetDealHistoryInRangeAuthToken">
        <s:complexType>
          <s:sequence>
            <s:element minOccurs="0" maxOccurs="1" name="Token" type="s:string"/>
            <s:element minOccurs="1" maxOccurs="1" name="StartDate" type="s:dateTime"/>
            <s:element minOccurs="1" maxOccurs="1" name="EndDate" type="s:dateTime"/>
            <s:element minOccurs="1" maxOccurs="1" name="Results" type="s:int"/>
          </s:sequence>
        </s:complexType>
      </s:element>
      <s:element name="GetDealHistoryInRangeAuthTokenResponse">
        <s:complexType>
          <s:sequence>
            <s:element minOccurs="0" maxOccurs="1" name="GetDealHistoryInRangeAuthTokenResult">
              <s:complexType mixed="true">
                <s:sequence>
                  <s:any/>
                </s:sequence>
              </s:complexType>
            </s:element>
          </s:sequence>
        </s:complexType>
      </s:element>
      <s:element name="GetDealInvoiced">
        <s:complexType>
          <s:sequence>
            <s:element minOccurs="0" maxOccurs="1" name="DealID" type="s:string"/>
            <s:element minOccurs="0" maxOccurs="1" name="ClientID" type="s:string"/>
            <s:element minOccurs="0" maxOccurs="1" name="Password" type="s:string"/>
          </s:sequence>
        </s:complexType>
      </s:element>
      <s:element name="GetDealInvoicedResponse">
        <s:complexType>
          <s:sequence>
            <s:element minOccurs="0" maxOccurs="1" name="GetDealInvoicedResult" type="tns:InvoicedDeal"/>
          </s:sequence>
        </s:complexType>
      </s:element>
      <s:complexType name="InvoicedDeal">
        <s:sequence>
          <s:element minOccurs="1" maxOccurs="1" name="DealID" type="s:int"/>
          <s:element minOccurs="0" maxOccurs="1" name="DealNumber" type="s:string"/>
          <s:element minOccurs="1" maxOccurs="1" name="IsInvocied" type="s:boolean"/>
          <s:element minOccurs="0" maxOccurs="1" name="Message" type="s:string"/>
          <s:element minOccurs="0" maxOccurs="1" name="InvoicePath" type="s:string"/>
        </s:sequence>
      </s:complexType>
      <s:element name="DealInvoiced">
        <s:complexType>
          <s:sequence>
            <s:element minOccurs="0" maxOccurs="1" name="DealID" type="s:string"/>
            <s:element minOccurs="1" maxOccurs="1" name="Invoiced" type="s:boolean"/>
            <s:element minOccurs="0" maxOccurs="1" name="ClientID" type="s:string"/>
            <s:element minOccurs="0" maxOccurs="1" name="Password" type="s:string"/>
          </s:sequence>
        </s:complexType>
      </s:element>
      <s:element name="DealInvoicedResponse">
        <s:complexType>
          <s:sequence>
            <s:element minOccurs="0" maxOccurs="1" name="DealInvoicedResult" type="tns:InvoicedDeal"/>
          </s:sequence>
        </s:complexType>
      </s:element>
      <s:element name="GetErrorMessageByErrorID">
        <s:complexType>
          <s:sequence>
            <s:element minOccurs="1" maxOccurs="1" name="ErrorID" type="s:int"/>
          </s:sequence>
        </s:complexType>
      </s:element>
      <s:element name="GetErrorMessageByErrorIDResponse">
        <s:complexType>
          <s:sequence>
            <s:element minOccurs="0" maxOccurs="1" name="GetErrorMessageByErrorIDResult" type="s:string"/>
          </s:sequence>
        </s:complexType>
      </s:element>
      <s:element name="CheckCard_StringResult">
        <s:complexType>
          <s:sequence>
            <s:element minOccurs="0" maxOccurs="1" name="ClientID" type="s:string"/>
            <s:element minOccurs="0" maxOccurs="1" name="Password" type="s:string"/>
            <s:element minOccurs="0" maxOccurs="1" name="CardNumber" type="s:string"/>
            <s:element minOccurs="1" maxOccurs="1" name="Month" type="s:int"/>
            <s:element minOccurs="1" maxOccurs="1" name="Year" type="s:int"/>
            <s:element minOccurs="0" maxOccurs="1" name="TZ" type="s:string"/>
            <s:element minOccurs="0" maxOccurs="1" name="CVV" type="s:string"/>
          </s:sequence>
        </s:complexType>
      </s:element>
      <s:element name="CheckCard_StringResultResponse">
        <s:complexType>
          <s:sequence>
            <s:element minOccurs="0" maxOccurs="1" name="CheckCard_StringResultResult" type="s:string"/>
          </s:sequence>
        </s:complexType>
      </s:element>
      <s:element name="CheckCard">
        <s:complexType>
          <s:sequence>
            <s:element minOccurs="0" maxOccurs="1" name="ClientID" type="s:string"/>
            <s:element minOccurs="0" maxOccurs="1" name="Password" type="s:string"/>
            <s:element minOccurs="0" maxOccurs="1" name="CardNumber" type="s:string"/>
            <s:element minOccurs="1" maxOccurs="1" name="Month" type="s:int"/>
            <s:element minOccurs="1" maxOccurs="1" name="Year" type="s:int"/>
            <s:element minOccurs="0" maxOccurs="1" name="TZ" type="s:string"/>
            <s:element minOccurs="0" maxOccurs="1" name="CVV" type="s:string"/>
            <s:element minOccurs="0" maxOccurs="1" name="CellPhone" type="s:string"/>
            <s:element minOccurs="0" maxOccurs="1" name="OwnerName" type="s:string"/>
          </s:sequence>
        </s:complexType>
      </s:element>
      <s:element name="CheckCardResponse">
        <s:complexType>
          <s:sequence>
            <s:element minOccurs="0" maxOccurs="1" name="CheckCardResult" type="tns:CheckCardResult"/>
          </s:sequence>
        </s:complexType>
      </s:element>
      <s:complexType name="CheckCardResult">
        <s:sequence>
          <s:element minOccurs="1" maxOccurs="1" name="IsCardOK" type="s:boolean"/>
          <s:element minOccurs="0" maxOccurs="1" name="ErrorMessage" type="s:string"/>
          <s:element minOccurs="0" maxOccurs="1" name="CardName" type="s:string"/>
        </s:sequence>
      </s:complexType>
      <s:element name="ChangePassword_StringResult">
        <s:complexType>
          <s:sequence>
            <s:element minOccurs="0" maxOccurs="1" name="ClientID" type="s:string"/>
            <s:element minOccurs="0" maxOccurs="1" name="OldPassword" type="s:string"/>
            <s:element minOccurs="0" maxOccurs="1" name="NewPassword" type="s:string"/>
          </s:sequence>
        </s:complexType>
      </s:element>
      <s:element name="ChangePassword_StringResultResponse">
        <s:complexType>
          <s:sequence>
            <s:element minOccurs="0" maxOccurs="1" name="ChangePassword_StringResultResult" type="s:string"/>
          </s:sequence>
        </s:complexType>
      </s:element>
      <s:element name="ChangePassword">
        <s:complexType>
          <s:sequence>
            <s:element minOccurs="0" maxOccurs="1" name="ClientID" type="s:string"/>
            <s:element minOccurs="0" maxOccurs="1" name="OldPassword" type="s:string"/>
            <s:element minOccurs="0" maxOccurs="1" name="NewPassword" type="s:string"/>
          </s:sequence>
        </s:complexType>
      </s:element>
      <s:element name="ChangePasswordResponse">
        <s:complexType>
          <s:sequence>
            <s:element minOccurs="0" maxOccurs="1" name="ChangePasswordResult" type="tns:InvokeResult"/>
          </s:sequence>
        </s:complexType>
      </s:element>
      <s:element name="TransmitDeals">
        <s:complexType>
          <s:sequence>
            <s:element minOccurs="0" maxOccurs="1" name="ClientID" type="s:string"/>
            <s:element minOccurs="0" maxOccurs="1" name="Password" type="s:string"/>
          </s:sequence>
        </s:complexType>
      </s:element>
      <s:element name="TransmitDealsResponse">
        <s:complexType>
          <s:sequence>
            <s:element minOccurs="0" maxOccurs="1" name="TransmitDealsResult" type="s:string"/>
          </s:sequence>
        </s:complexType>
      </s:element>
      <s:element name="CreateForm_PCI">
        <s:complexType>
          <s:sequence>
            <s:element minOccurs="0" maxOccurs="1" name="RedirectToken" type="s:string"/>
            <s:element minOccurs="0" maxOccurs="1" name="Sum" type="s:string"/>
            <s:element minOccurs="0" maxOccurs="1" name="MType" type="s:string"/>
            <s:element minOccurs="0" maxOccurs="1" name="StateData" type="s:string"/>
            <s:element minOccurs="0" maxOccurs="1" name="MinPayments" type="s:string"/>
            <s:element minOccurs="0" maxOccurs="1" name="MaxPayments" type="s:string"/>
            <s:element minOccurs="0" maxOccurs="1" name="noCredit" type="s:string"/>
            <s:element minOccurs="0" maxOccurs="1" name="minCreditPayments" type="s:string"/>
            <s:element minOccurs="0" maxOccurs="1" name="maxCreditPayments" type="s:string"/>
            <s:element minOccurs="0" maxOccurs="1" name="note" type="s:string"/>
            <s:element minOccurs="0" maxOccurs="1" name="externalID" type="s:string"/>
            <s:element minOccurs="0" maxOccurs="1" name="products" type="s:string"/>
            <s:element minOccurs="0" maxOccurs="1" name="returnURL" type="s:string"/>
            <s:element minOccurs="0" maxOccurs="1" name="createToken" type="s:string"/>
            <s:element minOccurs="0" maxOccurs="1" name="token" type="s:string"/>
            <s:element minOccurs="0" maxOccurs="1" name="hideEmail" type="s:string"/>
            <s:element minOccurs="0" maxOccurs="1" name="mandMail" type="s:string"/>
            <s:element minOccurs="0" maxOccurs="1" name="mandName" type="s:string"/>
            <s:element minOccurs="0" maxOccurs="1" name="mandCell" type="s:string"/>
            <s:element minOccurs="0" maxOccurs="1" name="returnURLFalse" type="s:string"/>
            <s:element minOccurs="0" maxOccurs="1" name="dealType" type="s:string"/>
            <s:element minOccurs="0" maxOccurs="1" name="ownerName" type="s:string"/>
            <s:element minOccurs="0" maxOccurs="1" name="ownerCell" type="s:string"/>
            <s:element minOccurs="0" maxOccurs="1" name="ownerMail" type="s:string"/>
            <s:element minOccurs="0" maxOccurs="1" name="MinPaymentsWithCommission" type="s:string"/>
            <s:element minOccurs="0" maxOccurs="1" name="MaxPaymentsWithCommission" type="s:string"/>
            <s:element minOccurs="0" maxOccurs="1" name="ReturnIndexTrue" type="s:string"/>
          </s:sequence>
        </s:complexType>
      </s:element>
      <s:element name="CreateForm_PCIResponse">
        <s:complexType>
          <s:sequence>
            <s:element minOccurs="0" maxOccurs="1" name="CreateForm_PCIResult" type="s:string"/>
          </s:sequence>
        </s:complexType>
      </s:element>
      <s:element name="CreateForm_PCI_Advance">
        <s:complexType>
          <s:sequence>
            <s:element minOccurs="0" maxOccurs="1" name="RedirectToken" type="s:string"/>
            <s:element minOccurs="0" maxOccurs="1" name="Sum" type="s:string"/>
            <s:element minOccurs="0" maxOccurs="1" name="MType" type="s:string"/>
            <s:element minOccurs="0" maxOccurs="1" name="StateData" type="s:string"/>
            <s:element minOccurs="0" maxOccurs="1" name="MinPayments" type="s:string"/>
            <s:element minOccurs="0" maxOccurs="1" name="MaxPayments" type="s:string"/>
            <s:element minOccurs="0" maxOccurs="1" name="noCredit" type="s:string"/>
            <s:element minOccurs="0" maxOccurs="1" name="minCreditPayments" type="s:string"/>
            <s:element minOccurs="0" maxOccurs="1" name="maxCreditPayments" type="s:string"/>
            <s:element minOccurs="0" maxOccurs="1" name="note" type="s:string"/>
            <s:element minOccurs="0" maxOccurs="1" name="externalID" type="s:string"/>
            <s:element minOccurs="0" maxOccurs="1" name="products" type="s:string"/>
            <s:element minOccurs="0" maxOccurs="1" name="returnURL" type="s:string"/>
            <s:element minOccurs="0" maxOccurs="1" name="createToken" type="s:string"/>
            <s:element minOccurs="0" maxOccurs="1" name="token" type="s:string"/>
            <s:element minOccurs="0" maxOccurs="1" name="hideEmail" type="s:string"/>
            <s:element minOccurs="0" maxOccurs="1" name="mandMail" type="s:string"/>
            <s:element minOccurs="0" maxOccurs="1" name="mandName" type="s:string"/>
            <s:element minOccurs="0" maxOccurs="1" name="mandCell" type="s:string"/>
            <s:element minOccurs="0" maxOccurs="1" name="returnURLFalse" type="s:string"/>
            <s:element minOccurs="0" maxOccurs="1" name="dealType" type="s:string"/>
            <s:element minOccurs="0" maxOccurs="1" name="ownerName" type="s:string"/>
            <s:element minOccurs="0" maxOccurs="1" name="ownerCell" type="s:string"/>
            <s:element minOccurs="0" maxOccurs="1" name="ownerMail" type="s:string"/>
            <s:element minOccurs="0" maxOccurs="1" name="MinPaymentsWithCommission" type="s:string"/>
            <s:element minOccurs="0" maxOccurs="1" name="MaxPaymentsWithCommission" type="s:string"/>
            <s:element minOccurs="0" maxOccurs="1" name="ReturnIndexTrue" type="s:string"/>
            <s:element minOccurs="0" maxOccurs="1" name="DoDeal" type="s:string"/>
          </s:sequence>
        </s:complexType>
      </s:element>
      <s:element name="CreateForm_PCI_AdvanceResponse">
        <s:complexType>
          <s:sequence>
            <s:element minOccurs="0" maxOccurs="1" name="CreateForm_PCI_AdvanceResult" type="s:string"/>
          </s:sequence>
        </s:complexType>
      </s:element>
      <s:element name="CreateForm">
        <s:complexType>
          <s:sequence>
            <s:element minOccurs="0" maxOccurs="1" name="ClientID" type="s:string"/>
            <s:element minOccurs="0" maxOccurs="1" name="Password" type="s:string"/>
            <s:element minOccurs="0" maxOccurs="1" name="Sum" type="s:string"/>
            <s:element minOccurs="0" maxOccurs="1" name="MType" type="s:string"/>
            <s:element minOccurs="0" maxOccurs="1" name="StateData" type="s:string"/>
            <s:element minOccurs="0" maxOccurs="1" name="MinPayments" type="s:string"/>
            <s:element minOccurs="0" maxOccurs="1" name="MaxPayments" type="s:string"/>
            <s:element minOccurs="0" maxOccurs="1" name="noCredit" type="s:string"/>
            <s:element minOccurs="0" maxOccurs="1" name="minCreditPayments" type="s:string"/>
            <s:element minOccurs="0" maxOccurs="1" name="maxCreditPayments" type="s:string"/>
            <s:element minOccurs="0" maxOccurs="1" name="note" type="s:string"/>
            <s:element minOccurs="0" maxOccurs="1" name="externalID" type="s:string"/>
            <s:element minOccurs="0" maxOccurs="1" name="products" type="s:string"/>
            <s:element minOccurs="0" maxOccurs="1" name="returnURL" type="s:string"/>
            <s:element minOccurs="0" maxOccurs="1" name="createToken" type="s:string"/>
            <s:element minOccurs="0" maxOccurs="1" name="token" type="s:string"/>
            <s:element minOccurs="0" maxOccurs="1" name="hideEmail" type="s:string"/>
            <s:element minOccurs="0" maxOccurs="1" name="mandMail" type="s:string"/>
            <s:element minOccurs="0" maxOccurs="1" name="mandName" type="s:string"/>
            <s:element minOccurs="0" maxOccurs="1" name="mandCell" type="s:string"/>
            <s:element minOccurs="0" maxOccurs="1" name="returnURLFalse" type="s:string"/>
            <s:element minOccurs="0" maxOccurs="1" name="dealType" type="s:string"/>
            <s:element minOccurs="0" maxOccurs="1" name="ownerName" type="s:string"/>
            <s:element minOccurs="0" maxOccurs="1" name="ownerCell" type="s:string"/>
            <s:element minOccurs="0" maxOccurs="1" name="ownerMail" type="s:string"/>
            <s:element minOccurs="0" maxOccurs="1" name="MinPaymentsWithCommission" type="s:string"/>
            <s:element minOccurs="0" maxOccurs="1" name="MaxPaymentsWithCommission" type="s:string"/>
            <s:element minOccurs="0" maxOccurs="1" name="ReturnIndexTrue" type="s:string"/>
          </s:sequence>
        </s:complexType>
      </s:element>
      <s:element name="CreateFormResponse">
        <s:complexType>
          <s:sequence>
            <s:element minOccurs="0" maxOccurs="1" name="CreateFormResult" type="s:string"/>
          </s:sequence>
        </s:complexType>
      </s:element>
      <s:element name="ValidateDealWithID">
        <s:complexType>
          <s:sequence>
            <s:element minOccurs="0" maxOccurs="1" name="cashierID" type="s:string"/>
            <s:element minOccurs="0" maxOccurs="1" name="token" type="s:string"/>
            <s:element minOccurs="0" maxOccurs="1" name="ClientID" type="s:string"/>
          </s:sequence>
        </s:complexType>
      </s:element>
      <s:element name="ValidateDealWithIDResponse">
        <s:complexType>
          <s:sequence>
            <s:element minOccurs="0" maxOccurs="1" name="ValidateDealWithIDResult" type="s:string"/>
          </s:sequence>
        </s:complexType>
      </s:element>
      <s:element name="ValidateDeal">
        <s:complexType>
          <s:sequence>
            <s:element minOccurs="0" maxOccurs="1" name="cashierID" type="s:string"/>
            <s:element minOccurs="0" maxOccurs="1" name="token" type="s:string"/>
          </s:sequence>
        </s:complexType>
      </s:element>
      <s:element name="ValidateDealResponse">
        <s:complexType>
          <s:sequence>
            <s:element minOccurs="0" maxOccurs="1" name="ValidateDealResult" type="s:string"/>
          </s:sequence>
        </s:complexType>
      </s:element>
      <s:element name="GetNewToken">
        <s:complexType>
          <s:sequence>
            <s:element minOccurs="0" maxOccurs="1" name="ClientID" type="s:string"/>
            <s:element minOccurs="0" maxOccurs="1" name="Password" type="s:string"/>
            <s:element minOccurs="0" maxOccurs="1" name="EcPwd" type="s:string"/>
            <s:element minOccurs="0" maxOccurs="1" name="CardNumber" type="s:string"/>
            <s:element minOccurs="0" maxOccurs="1" name="ValMonth" type="s:string"/>
            <s:element minOccurs="0" maxOccurs="1" name="ValYear" type="s:string"/>
            <s:element minOccurs="0" maxOccurs="1" name="TZ" type="s:string"/>
            <s:element minOccurs="0" maxOccurs="1" name="CVV2" type="s:string"/>
            <s:element minOccurs="0" maxOccurs="1" name="OwnerName" type="s:string"/>
            <s:element minOccurs="0" maxOccurs="1" name="Note" type="s:string"/>
          </s:sequence>
        </s:complexType>
      </s:element>
      <s:element name="GetNewTokenResponse">
        <s:complexType>
          <s:sequence>
            <s:element minOccurs="0" maxOccurs="1" name="GetNewTokenResult" type="s:string"/>
          </s:sequence>
        </s:complexType>
      </s:element>
      <s:element name="GetNewTokenWithMagneticStrip">
        <s:complexType>
          <s:sequence>
            <s:element minOccurs="0" maxOccurs="1" name="ClientID" type="s:string"/>
            <s:element minOccurs="0" maxOccurs="1" name="Password" type="s:string"/>
            <s:element minOccurs="0" maxOccurs="1" name="EcPwd" type="s:string"/>
            <s:element minOccurs="0" maxOccurs="1" name="MagneticStrip" type="s:string"/>
            <s:element minOccurs="0" maxOccurs="1" name="TZ" type="s:string"/>
            <s:element minOccurs="0" maxOccurs="1" name="CVV2" type="s:string"/>
            <s:element minOccurs="0" maxOccurs="1" name="OwnerName" type="s:string"/>
            <s:element minOccurs="0" maxOccurs="1" name="Note" type="s:string"/>
          </s:sequence>
        </s:complexType>
      </s:element>
      <s:element name="GetNewTokenWithMagneticStripResponse">
        <s:complexType>
          <s:sequence>
            <s:element minOccurs="0" maxOccurs="1" name="GetNewTokenWithMagneticStripResult" type="s:string"/>
          </s:sequence>
        </s:complexType>
      </s:element>
      <s:element name="UpdateToken">
        <s:complexType>
          <s:sequence>
            <s:element minOccurs="0" maxOccurs="1" name="ClientID" type="s:string"/>
            <s:element minOccurs="0" maxOccurs="1" name="Password" type="s:string"/>
            <s:element minOccurs="0" maxOccurs="1" name="EcPwd" type="s:string"/>
            <s:element minOccurs="0" maxOccurs="1" name="CardNumber" type="s:string"/>
            <s:element minOccurs="0" maxOccurs="1" name="ValMonth" type="s:string"/>
            <s:element minOccurs="0" maxOccurs="1" name="ValYear" type="s:string"/>
            <s:element minOccurs="0" maxOccurs="1" name="TZ" type="s:string"/>
            <s:element minOccurs="0" maxOccurs="1" name="CVV2" type="s:string"/>
            <s:element minOccurs="0" maxOccurs="1" name="OwnerName" type="s:string"/>
            <s:element minOccurs="0" maxOccurs="1" name="Note" type="s:string"/>
            <s:element minOccurs="0" maxOccurs="1" name="Token" type="s:string"/>
          </s:sequence>
        </s:complexType>
      </s:element>
      <s:element name="UpdateTokenResponse">
        <s:complexType>
          <s:sequence>
            <s:element minOccurs="0" maxOccurs="1" name="UpdateTokenResult" type="s:string"/>
          </s:sequence>
        </s:complexType>
      </s:element>
      <s:element name="DoDealJ5WithToken">
        <s:complexType>
          <s:sequence>
            <s:element minOccurs="0" maxOccurs="1" name="ClientID" type="s:string"/>
            <s:element minOccurs="0" maxOccurs="1" name="Password" type="s:string"/>
            <s:element minOccurs="0" maxOccurs="1" name="EcPwd" type="s:string"/>
            <s:element minOccurs="0" maxOccurs="1" name="ActionMethod" type="s:string"/>
            <s:element minOccurs="0" maxOccurs="1" name="TotalSum" type="s:string"/>
            <s:element minOccurs="0" maxOccurs="1" name="PayNumber" type="s:string"/>
            <s:element minOccurs="0" maxOccurs="1" name="FirstPay" type="s:string"/>
            <s:element minOccurs="0" maxOccurs="1" name="AddPay" type="s:string"/>
            <s:element minOccurs="0" maxOccurs="1" name="MType" type="s:string"/>
            <s:element minOccurs="0" maxOccurs="1" name="Opt" type="s:string"/>
            <s:element minOccurs="0" maxOccurs="1" name="Note" type="s:string"/>
            <s:element minOccurs="0" maxOccurs="1" name="ExternalID" type="s:string"/>
            <s:element minOccurs="0" maxOccurs="1" name="Token" type="s:string"/>
            <s:element minOccurs="0" maxOccurs="1" name="OwnerName" type="s:string"/>
            <s:element minOccurs="0" maxOccurs="1" name="CellPhone" type="s:string"/>
            <s:element minOccurs="0" maxOccurs="1" name="Email" type="s:string"/>
          </s:sequence>
        </s:complexType>
      </s:element>
      <s:element name="DoDealJ5WithTokenResponse">
        <s:complexType>
          <s:sequence>
            <s:element minOccurs="0" maxOccurs="1" name="DoDealJ5WithTokenResult" type="s:string"/>
          </s:sequence>
        </s:complexType>
      </s:element>
      <s:element name="DoDealWithToken">
        <s:complexType>
          <s:sequence>
            <s:element minOccurs="0" maxOccurs="1" name="ClientID" type="s:string"/>
            <s:element minOccurs="0" maxOccurs="1" name="Password" type="s:string"/>
            <s:element minOccurs="0" maxOccurs="1" name="EcPwd" type="s:string"/>
            <s:element minOccurs="0" maxOccurs="1" name="ActionMethod" type="s:string"/>
            <s:element minOccurs="0" maxOccurs="1" name="TotalSum" type="s:string"/>
            <s:element minOccurs="0" maxOccurs="1" name="PayNumber" type="s:string"/>
            <s:element minOccurs="0" maxOccurs="1" name="FirstPay" type="s:string"/>
            <s:element minOccurs="0" maxOccurs="1" name="AddPay" type="s:string"/>
            <s:element minOccurs="0" maxOccurs="1" name="DealType" type="s:string"/>
            <s:element minOccurs="0" maxOccurs="1" name="MType" type="s:string"/>
            <s:element minOccurs="0" maxOccurs="1" name="Opt" type="s:string"/>
            <s:element minOccurs="0" maxOccurs="1" name="Note" type="s:string"/>
            <s:element minOccurs="0" maxOccurs="1" name="ExternalID" type="s:string"/>
            <s:element minOccurs="0" maxOccurs="1" name="Token" type="s:string"/>
            <s:element minOccurs="0" maxOccurs="1" name="OwnerName" type="s:string"/>
          </s:sequence>
        </s:complexType>
      </s:element>
      <s:element name="DoDealWithTokenResponse">
        <s:complexType>
          <s:sequence>
            <s:element minOccurs="0" maxOccurs="1" name="DoDealWithTokenResult" type="s:string"/>
          </s:sequence>
        </s:complexType>
      </s:element>
      <s:element name="DoDealWithProducts">
        <s:complexType>
          <s:sequence>
            <s:element minOccurs="0" maxOccurs="1" name="ClientID" type="s:string"/>
            <s:element minOccurs="0" maxOccurs="1" name="Password" type="s:string"/>
            <s:element minOccurs="0" maxOccurs="1" name="ActionMethod" type="s:string"/>
            <s:element minOccurs="0" maxOccurs="1" name="TotalSum" type="s:string"/>
            <s:element minOccurs="0" maxOccurs="1" name="PayNumber" type="s:string"/>
            <s:element minOccurs="0" maxOccurs="1" name="FirstPay" type="s:string"/>
            <s:element minOccurs="0" maxOccurs="1" name="AddPay" type="s:string"/>
            <s:element minOccurs="0" maxOccurs="1" name="DealType" type="s:string"/>
            <s:element minOccurs="0" maxOccurs="1" name="MType" type="s:string"/>
            <s:element minOccurs="0" maxOccurs="1" name="Opt" type="s:string"/>
            <s:element minOccurs="0" maxOccurs="1" name="Note" type="s:string"/>
            <s:element minOccurs="0" maxOccurs="1" name="ExternalID" type="s:string"/>
            <s:element minOccurs="0" maxOccurs="1" name="Token" type="s:string"/>
            <s:element minOccurs="0" maxOccurs="1" name="CardNumber" type="s:string"/>
            <s:element minOccurs="0" maxOccurs="1" name="ValMonth" type="s:string"/>
            <s:element minOccurs="0" maxOccurs="1" name="ValYear" type="s:string"/>
            <s:element minOccurs="0" maxOccurs="1" name="OwnerName" type="s:string"/>
            <s:element minOccurs="0" maxOccurs="1" name="TZ" type="s:string"/>
            <s:element minOccurs="0" maxOccurs="1" name="CVV2" type="s:string"/>
            <s:element minOccurs="0" maxOccurs="1" name="JsonProductsList" type="s:string"/>
            <s:element minOccurs="0" maxOccurs="1" name="CostumerAddress" type="s:string"/>
            <s:element minOccurs="0" maxOccurs="1" name="CostumerPostalCode" type="s:string"/>
            <s:element minOccurs="0" maxOccurs="1" name="CostumerEmail" type="s:string"/>
            <s:element minOccurs="0" maxOccurs="1" name="CostumerPhomeNumber" type="s:string"/>
          </s:sequence>
        </s:complexType>
      </s:element>
      <s:element name="DoDealWithProductsResponse">
        <s:complexType>
          <s:sequence>
            <s:element minOccurs="0" maxOccurs="1" name="DoDealWithProductsResult" type="s:string"/>
          </s:sequence>
        </s:complexType>
      </s:element>
      <s:element name="GetMagStripInfo">
        <s:complexType>
          <s:sequence>
            <s:element minOccurs="0" maxOccurs="1" name="ClientID" type="s:string"/>
            <s:element minOccurs="0" maxOccurs="1" name="Password" type="s:string"/>
            <s:element minOccurs="0" maxOccurs="1" name="MagStrip" type="s:string"/>
          </s:sequence>
        </s:complexType>
      </s:element>
      <s:element name="GetMagStripInfoResponse">
        <s:complexType>
          <s:sequence>
            <s:element minOccurs="0" maxOccurs="1" name="GetMagStripInfoResult" type="s:string"/>
          </s:sequence>
        </s:complexType>
      </s:element>
      <s:element name="GetTokenFullData_StringResult">
        <s:complexType>
          <s:sequence>
            <s:element minOccurs="0" maxOccurs="1" name="ClientID" type="s:string"/>
            <s:element minOccurs="0" maxOccurs="1" name="Password" type="s:string"/>
            <s:element minOccurs="0" maxOccurs="1" name="EcPwd" type="s:string"/>
            <s:element minOccurs="0" maxOccurs="1" name="Token" type="s:string"/>
          </s:sequence>
        </s:complexType>
      </s:element>
      <s:element name="GetTokenFullData_StringResultResponse">
        <s:complexType>
          <s:sequence>
            <s:element minOccurs="0" maxOccurs="1" name="GetTokenFullData_StringResultResult" type="s:string"/>
          </s:sequence>
        </s:complexType>
      </s:element>
      <s:element name="GetTokenFullData">
        <s:complexType>
          <s:sequence>
            <s:element minOccurs="0" maxOccurs="1" name="ClientID" type="s:string"/>
            <s:element minOccurs="0" maxOccurs="1" name="Password" type="s:string"/>
            <s:element minOccurs="0" maxOccurs="1" name="EcPwd" type="s:string"/>
            <s:element minOccurs="0" maxOccurs="1" name="Token" type="s:string"/>
          </s:sequence>
        </s:complexType>
      </s:element>
      <s:element name="GetTokenFullDataResponse">
        <s:complexType>
          <s:sequence>
            <s:element minOccurs="0" maxOccurs="1" name="GetTokenFullDataResult">
              <s:complexType>
                <s:sequence>
                  <s:any/>
                </s:sequence>
              </s:complexType>
            </s:element>
          </s:sequence>
        </s:complexType>
      </s:element>
      <s:element name="GetTokenInfo_StringResult">
        <s:complexType>
          <s:sequence>
            <s:element minOccurs="0" maxOccurs="1" name="ClientID" type="s:string"/>
            <s:element minOccurs="0" maxOccurs="1" name="Password" type="s:string"/>
            <s:element minOccurs="0" maxOccurs="1" name="EcPwd" type="s:string"/>
            <s:element minOccurs="0" maxOccurs="1" name="Token" type="s:string"/>
          </s:sequence>
        </s:complexType>
      </s:element>
      <s:element name="GetTokenInfo_StringResultResponse">
        <s:complexType>
          <s:sequence>
            <s:element minOccurs="0" maxOccurs="1" name="GetTokenInfo_StringResultResult" type="s:string"/>
          </s:sequence>
        </s:complexType>
      </s:element>
      <s:element name="GetTokenInfo">
        <s:complexType>
          <s:sequence>
            <s:element minOccurs="0" maxOccurs="1" name="ClientID" type="s:string"/>
            <s:element minOccurs="0" maxOccurs="1" name="Password" type="s:string"/>
            <s:element minOccurs="0" maxOccurs="1" name="EcPwd" type="s:string"/>
            <s:element minOccurs="0" maxOccurs="1" name="Token" type="s:string"/>
          </s:sequence>
        </s:complexType>
      </s:element>
      <s:element name="GetTokenInfoResponse">
        <s:complexType>
          <s:sequence>
            <s:element minOccurs="0" maxOccurs="1" name="GetTokenInfoResult">
              <s:complexType>
                <s:sequence>
                  <s:any/>
                </s:sequence>
              </s:complexType>
            </s:element>
          </s:sequence>
        </s:complexType>
      </s:element>
      <s:element name="DeleteToken">
        <s:complexType>
          <s:sequence>
            <s:element minOccurs="0" maxOccurs="1" name="ClientID" type="s:string"/>
            <s:element minOccurs="0" maxOccurs="1" name="Password" type="s:string"/>
            <s:element minOccurs="0" maxOccurs="1" name="EcPwd" type="s:string"/>
            <s:element minOccurs="0" maxOccurs="1" name="Token" type="s:string"/>
          </s:sequence>
        </s:complexType>
      </s:element>
      <s:element name="DeleteTokenResponse">
        <s:complexType>
          <s:sequence>
            <s:element minOccurs="0" maxOccurs="1" name="DeleteTokenResult" type="s:string"/>
          </s:sequence>
        </s:complexType>
      </s:element>
      <s:element name="IsValidToken">
        <s:complexType>
          <s:sequence>
            <s:element minOccurs="0" maxOccurs="1" name="ClientID" type="s:string"/>
            <s:element minOccurs="0" maxOccurs="1" name="Password" type="s:string"/>
            <s:element minOccurs="0" maxOccurs="1" name="EcPwd" type="s:string"/>
            <s:element minOccurs="0" maxOccurs="1" name="Token" type="s:string"/>
          </s:sequence>
        </s:complexType>
      </s:element>
      <s:element name="IsValidTokenResponse">
        <s:complexType>
          <s:sequence>
            <s:element minOccurs="0" maxOccurs="1" name="IsValidTokenResult" type="s:string"/>
          </s:sequence>
        </s:complexType>
      </s:element>
      <s:element name="IsECInvoiceClient">
        <s:complexType>
          <s:sequence>
            <s:element minOccurs="0" maxOccurs="1" name="clientID" type="s:string"/>
            <s:element minOccurs="0" maxOccurs="1" name="pass" type="s:string"/>
          </s:sequence>
        </s:complexType>
      </s:element>
      <s:element name="IsECInvoiceClientResponse">
        <s:complexType>
          <s:sequence>
            <s:element minOccurs="1" maxOccurs="1" name="IsECInvoiceClientResult" type="s:boolean"/>
          </s:sequence>
        </s:complexType>
      </s:element>
      <s:element name="ProduceECInvoiceDocument">
        <s:complexType>
          <s:sequence>
            <s:element minOccurs="0" maxOccurs="1" name="ClientID" type="s:string"/>
            <s:element minOccurs="0" maxOccurs="1" name="Password" type="s:string"/>
            <s:element minOccurs="0" maxOccurs="1" name="DocType" type="s:string"/>
            <s:element minOccurs="0" maxOccurs="1" name="Name" type="s:string"/>
            <s:element minOccurs="0" maxOccurs="1" name="Address" type="s:string"/>
            <s:element minOccurs="0" maxOccurs="1" name="Phone" type="s:string"/>
            <s:element minOccurs="0" maxOccurs="1" name="Identity" type="s:string"/>
            <s:element minOccurs="0" maxOccurs="1" name="EMail" type="s:string"/>
            <s:element minOccurs="0" maxOccurs="1" name="TotalSum" type="s:string"/>
            <s:element minOccurs="0" maxOccurs="1" name="Payment_Method" type="s:string"/>
            <s:element minOccurs="0" maxOccurs="1" name="Payment_CreditCardType" type="s:string"/>
            <s:element minOccurs="0" maxOccurs="1" name="Payment_Last4Digits" type="s:string"/>
            <s:element minOccurs="0" maxOccurs="1" name="Payment_NumOfPayments" type="s:string"/>
            <s:element minOccurs="0" maxOccurs="1" name="Payment_FirstPayment" type="s:string"/>
            <s:element minOccurs="0" maxOccurs="1" name="Payment_AddPayments" type="s:string"/>
            <s:element minOccurs="0" maxOccurs="1" name="Payment_ChequeBank" type="s:string"/>
            <s:element minOccurs="0" maxOccurs="1" name="Payment_ChequeBranch" type="s:string"/>
            <s:element minOccurs="0" maxOccurs="1" name="Payment_ChequeAccount" type="s:string"/>
            <s:element minOccurs="0" maxOccurs="1" name="ProductsJson" type="s:string"/>
            <s:element minOccurs="0" maxOccurs="1" name="MType" type="s:string"/>
          </s:sequence>
        </s:complexType>
      </s:element>
      <s:element name="ProduceECInvoiceDocumentResponse">
        <s:complexType>
          <s:sequence>
            <s:element minOccurs="0" maxOccurs="1" name="ProduceECInvoiceDocumentResult" type="s:string"/>
          </s:sequence>
        </s:complexType>
      </s:element>
      <s:element name="ProduceECInvoiceDocumentPerDeal">
        <s:complexType>
          <s:sequence>
            <s:element minOccurs="0" maxOccurs="1" name="ClientID" type="s:string"/>
            <s:element minOccurs="0" maxOccurs="1" name="Password" type="s:string"/>
            <s:element minOccurs="0" maxOccurs="1" name="DocType" type="s:string"/>
            <s:element minOccurs="0" maxOccurs="1" name="Name" type="s:string"/>
            <s:element minOccurs="0" maxOccurs="1" name="Address" type="s:string"/>
            <s:element minOccurs="0" maxOccurs="1" name="Phone" type="s:string"/>
            <s:element minOccurs="0" maxOccurs="1" name="Identity" type="s:string"/>
            <s:element minOccurs="0" maxOccurs="1" name="EMail" type="s:string"/>
            <s:element minOccurs="0" maxOccurs="1" name="TotalSum" type="s:string"/>
            <s:element minOccurs="0" maxOccurs="1" name="Payment_Method" type="s:string"/>
            <s:element minOccurs="0" maxOccurs="1" name="Payment_CreditCardType" type="s:string"/>
            <s:element minOccurs="0" maxOccurs="1" name="Payment_Last4Digits" type="s:string"/>
            <s:element minOccurs="0" maxOccurs="1" name="Payment_NumOfPayments" type="s:string"/>
            <s:element minOccurs="0" maxOccurs="1" name="Payment_FirstPayment" type="s:string"/>
            <s:element minOccurs="0" maxOccurs="1" name="Payment_AddPayments" type="s:string"/>
            <s:element minOccurs="0" maxOccurs="1" name="Payment_ChequeBank" type="s:string"/>
            <s:element minOccurs="0" maxOccurs="1" name="Payment_ChequeBranch" type="s:string"/>
            <s:element minOccurs="0" maxOccurs="1" name="Payment_ChequeAccount" type="s:string"/>
            <s:element minOccurs="0" maxOccurs="1" name="ProductsJson" type="s:string"/>
            <s:element minOccurs="0" maxOccurs="1" name="MType" type="s:string"/>
            <s:element minOccurs="0" maxOccurs="1" name="DealID" type="s:string"/>
          </s:sequence>
        </s:complexType>
      </s:element>
      <s:element name="ProduceECInvoiceDocumentPerDealResponse">
        <s:complexType>
          <s:sequence>
            <s:element minOccurs="0" maxOccurs="1" name="ProduceECInvoiceDocumentPerDealResult" type="s:string"/>
          </s:sequence>
        </s:complexType>
      </s:element>
      <s:element name="GetTerminalType">
        <s:complexType>
          <s:sequence>
            <s:element minOccurs="0" maxOccurs="1" name="clientID" type="s:string"/>
            <s:element minOccurs="0" maxOccurs="1" name="pass" type="s:string"/>
          </s:sequence>
        </s:complexType>
      </s:element>
      <s:element name="GetTerminalTypeResponse">
        <s:complexType>
          <s:sequence>
            <s:element minOccurs="0" maxOccurs="1" name="GetTerminalTypeResult" type="s:string"/>
          </s:sequence>
        </s:complexType>
      </s:element>
    </s:schema>
  </wsdl:types>
  <wsdl:message name="LoginSoapIn">
    <wsdl:part name="parameters" element="tns:Login"/>
  </wsdl:message>
  <wsdl:message name="LoginSoapOut">
    <wsdl:part name="parameters" element="tns:LoginResponse"/>
  </wsdl:message>
  <wsdl:message name="RunAddRecordsToSuccessDealsSoapIn">
    <wsdl:part name="parameters" element="tns:RunAddRecordsToSuccessDeals"/>
  </wsdl:message>
  <wsdl:message name="RunAddRecordsToSuccessDealsSoapOut">
    <wsdl:part name="parameters" element="tns:RunAddRecordsToSuccessDealsResponse"/>
  </wsdl:message>
  <wsdl:message name="LoginExtended_StringResultSoapIn">
    <wsdl:part name="parameters" element="tns:LoginExtended_StringResult"/>
  </wsdl:message>
  <wsdl:message name="LoginExtended_StringResultSoapOut">
    <wsdl:part name="parameters" element="tns:LoginExtended_StringResultResponse"/>
  </wsdl:message>
  <wsdl:message name="LoginExtendedSoapIn">
    <wsdl:part name="parameters" element="tns:LoginExtended"/>
  </wsdl:message>
  <wsdl:message name="LoginExtendedSoapOut">
    <wsdl:part name="parameters" element="tns:LoginExtendedResponse"/>
  </wsdl:message>
  <wsdl:message name="LoginMobileSoapIn">
    <wsdl:part name="parameters" element="tns:LoginMobile"/>
  </wsdl:message>
  <wsdl:message name="LoginMobileSoapOut">
    <wsdl:part name="parameters" element="tns:LoginMobileResponse"/>
  </wsdl:message>
  <wsdl:message name="DoDealWithExternalIDSoapIn">
    <wsdl:part name="parameters" element="tns:DoDealWithExternalID"/>
  </wsdl:message>
  <wsdl:message name="DoDealWithExternalIDSoapOut">
    <wsdl:part name="parameters" element="tns:DoDealWithExternalIDResponse"/>
  </wsdl:message>
  <wsdl:message name="DoDealSoapIn">
    <wsdl:part name="parameters" element="tns:DoDeal"/>
  </wsdl:message>
  <wsdl:message name="DoDealSoapOut">
    <wsdl:part name="parameters" element="tns:DoDealResponse"/>
  </wsdl:message>
  <wsdl:message name="DoDealPinPadSoapIn">
    <wsdl:part name="parameters" element="tns:DoDealPinPad"/>
  </wsdl:message>
  <wsdl:message name="DoDealPinPadSoapOut">
    <wsdl:part name="parameters" element="tns:DoDealPinPadResponse"/>
  </wsdl:message>
  <wsdl:message name="DoDealOldExtSoapIn">
    <wsdl:part name="parameters" element="tns:DoDealOldExt"/>
  </wsdl:message>
  <wsdl:message name="DoDealOldExtSoapOut">
    <wsdl:part name="parameters" element="tns:DoDealOldExtResponse"/>
  </wsdl:message>
  <wsdl:message name="DoDealExtSoapIn">
    <wsdl:part name="parameters" element="tns:DoDealExt"/>
  </wsdl:message>
  <wsdl:message name="DoDealExtSoapOut">
    <wsdl:part name="parameters" element="tns:DoDealExtResponse"/>
  </wsdl:message>
  <wsdl:message name="DoDealUserCodeWithTokenExtSoapIn">
    <wsdl:part name="parameters" element="tns:DoDealUserCodeWithTokenExt"/>
  </wsdl:message>
  <wsdl:message name="DoDealUserCodeWithTokenExtSoapOut">
    <wsdl:part name="parameters" element="tns:DoDealUserCodeWithTokenExtResponse"/>
  </wsdl:message>
  <wsdl:message name="DoDealWithTokenExtSoapIn">
    <wsdl:part name="parameters" element="tns:DoDealWithTokenExt"/>
  </wsdl:message>
  <wsdl:message name="DoDealWithTokenExtSoapOut">
    <wsdl:part name="parameters" element="tns:DoDealWithTokenExtResponse"/>
  </wsdl:message>
  <wsdl:message name="GetDealHistoryAuthToken_StringResultSoapIn">
    <wsdl:part name="parameters" element="tns:GetDealHistoryAuthToken_StringResult"/>
  </wsdl:message>
  <wsdl:message name="GetDealHistoryAuthToken_StringResultSoapOut">
    <wsdl:part name="parameters" element="tns:GetDealHistoryAuthToken_StringResultResponse"/>
  </wsdl:message>
  <wsdl:message name="GetDealHistoryAuthTokenSoapIn">
    <wsdl:part name="parameters" element="tns:GetDealHistoryAuthToken"/>
  </wsdl:message>
  <wsdl:message name="GetDealHistoryAuthTokenSoapOut">
    <wsdl:part name="parameters" element="tns:GetDealHistoryAuthTokenResponse"/>
  </wsdl:message>
  <wsdl:message name="GetDealHistory_StringResultSoapIn">
    <wsdl:part name="parameters" element="tns:GetDealHistory_StringResult"/>
  </wsdl:message>
  <wsdl:message name="GetDealHistory_StringResultSoapOut">
    <wsdl:part name="parameters" element="tns:GetDealHistory_StringResultResponse"/>
  </wsdl:message>
  <wsdl:message name="GetDealHistorySoapIn">
    <wsdl:part name="parameters" element="tns:GetDealHistory"/>
  </wsdl:message>
  <wsdl:message name="GetDealHistorySoapOut">
    <wsdl:part name="parameters" element="tns:GetDealHistoryResponse"/>
  </wsdl:message>
  <wsdl:message name="GetTransNumberSoapIn">
    <wsdl:part name="parameters" element="tns:GetTransNumber"/>
  </wsdl:message>
  <wsdl:message name="GetTransNumberSoapOut">
    <wsdl:part name="parameters" element="tns:GetTransNumberResponse"/>
  </wsdl:message>
  <wsdl:message name="GetDealByExternalID_StringResultSoapIn">
    <wsdl:part name="parameters" element="tns:GetDealByExternalID_StringResult"/>
  </wsdl:message>
  <wsdl:message name="GetDealByExternalID_StringResultSoapOut">
    <wsdl:part name="parameters" element="tns:GetDealByExternalID_StringResultResponse"/>
  </wsdl:message>
  <wsdl:message name="GetDealByExternalIDSoapIn">
    <wsdl:part name="parameters" element="tns:GetDealByExternalID"/>
  </wsdl:message>
  <wsdl:message name="GetDealByExternalIDSoapOut">
    <wsdl:part name="parameters" element="tns:GetDealByExternalIDResponse"/>
  </wsdl:message>
  <wsdl:message name="GetDealInfoAuthToken_StringResultSoapIn">
    <wsdl:part name="parameters" element="tns:GetDealInfoAuthToken_StringResult"/>
  </wsdl:message>
  <wsdl:message name="GetDealInfoAuthToken_StringResultSoapOut">
    <wsdl:part name="parameters" element="tns:GetDealInfoAuthToken_StringResultResponse"/>
  </wsdl:message>
  <wsdl:message name="GetDealInfoAuthTokenSoapIn">
    <wsdl:part name="parameters" element="tns:GetDealInfoAuthToken"/>
  </wsdl:message>
  <wsdl:message name="GetDealInfoAuthTokenSoapOut">
    <wsdl:part name="parameters" element="tns:GetDealInfoAuthTokenResponse"/>
  </wsdl:message>
  <wsdl:message name="GetDealInfo_StringResultSoapIn">
    <wsdl:part name="parameters" element="tns:GetDealInfo_StringResult"/>
  </wsdl:message>
  <wsdl:message name="GetDealInfo_StringResultSoapOut">
    <wsdl:part name="parameters" element="tns:GetDealInfo_StringResultResponse"/>
  </wsdl:message>
  <wsdl:message name="GetDealInfoSoapIn">
    <wsdl:part name="parameters" element="tns:GetDealInfo"/>
  </wsdl:message>
  <wsdl:message name="GetDealInfoSoapOut">
    <wsdl:part name="parameters" element="tns:GetDealInfoResponse"/>
  </wsdl:message>
  <wsdl:message name="GetInvoicesInRange_StringResultSoapIn">
    <wsdl:part name="parameters" element="tns:GetInvoicesInRange_StringResult"/>
  </wsdl:message>
  <wsdl:message name="GetInvoicesInRange_StringResultSoapOut">
    <wsdl:part name="parameters" element="tns:GetInvoicesInRange_StringResultResponse"/>
  </wsdl:message>
  <wsdl:message name="GetInvoices_StringResultSoapIn">
    <wsdl:part name="parameters" element="tns:GetInvoices_StringResult"/>
  </wsdl:message>
  <wsdl:message name="GetInvoices_StringResultSoapOut">
    <wsdl:part name="parameters" element="tns:GetInvoices_StringResultResponse"/>
  </wsdl:message>
  <wsdl:message name="GetInvoicesInRangeSoapIn">
    <wsdl:part name="parameters" element="tns:GetInvoicesInRange"/>
  </wsdl:message>
  <wsdl:message name="GetInvoicesInRangeSoapOut">
    <wsdl:part name="parameters" element="tns:GetInvoicesInRangeResponse"/>
  </wsdl:message>
  <wsdl:message name="GetInvoicesSoapIn">
    <wsdl:part name="parameters" element="tns:GetInvoices"/>
  </wsdl:message>
  <wsdl:message name="GetInvoicesSoapOut">
    <wsdl:part name="parameters" element="tns:GetInvoicesResponse"/>
  </wsdl:message>
  <wsdl:message name="GetDealHistoryInRange_StringResultSoapIn">
    <wsdl:part name="parameters" element="tns:GetDealHistoryInRange_StringResult"/>
  </wsdl:message>
  <wsdl:message name="GetDealHistoryInRange_StringResultSoapOut">
    <wsdl:part name="parameters" element="tns:GetDealHistoryInRange_StringResultResponse"/>
  </wsdl:message>
  <wsdl:message name="GetDealHistoryInRangeAuthToken_StringResultSoapIn">
    <wsdl:part name="parameters" element="tns:GetDealHistoryInRangeAuthToken_StringResult"/>
  </wsdl:message>
  <wsdl:message name="GetDealHistoryInRangeAuthToken_StringResultSoapOut">
    <wsdl:part name="parameters" element="tns:GetDealHistoryInRangeAuthToken_StringResultResponse"/>
  </wsdl:message>
  <wsdl:message name="GetDealHistoryInRangeSoapIn">
    <wsdl:part name="parameters" element="tns:GetDealHistoryInRange"/>
  </wsdl:message>
  <wsdl:message name="GetDealHistoryInRangeSoapOut">
    <wsdl:part name="parameters" element="tns:GetDealHistoryInRangeResponse"/>
  </wsdl:message>
  <wsdl:message name="GetDealHistoryInRangeAuthTokenSoapIn">
    <wsdl:part name="parameters" element="tns:GetDealHistoryInRangeAuthToken"/>
  </wsdl:message>
  <wsdl:message name="GetDealHistoryInRangeAuthTokenSoapOut">
    <wsdl:part name="parameters" element="tns:GetDealHistoryInRangeAuthTokenResponse"/>
  </wsdl:message>
  <wsdl:message name="GetDealInvoicedSoapIn">
    <wsdl:part name="parameters" element="tns:GetDealInvoiced"/>
  </wsdl:message>
  <wsdl:message name="GetDealInvoicedSoapOut">
    <wsdl:part name="parameters" element="tns:GetDealInvoicedResponse"/>
  </wsdl:message>
  <wsdl:message name="DealInvoicedSoapIn">
    <wsdl:part name="parameters" element="tns:DealInvoiced"/>
  </wsdl:message>
  <wsdl:message name="DealInvoicedSoapOut">
    <wsdl:part name="parameters" element="tns:DealInvoicedResponse"/>
  </wsdl:message>
  <wsdl:message name="GetErrorMessageByErrorIDSoapIn">
    <wsdl:part name="parameters" element="tns:GetErrorMessageByErrorID"/>
  </wsdl:message>
  <wsdl:message name="GetErrorMessageByErrorIDSoapOut">
    <wsdl:part name="parameters" element="tns:GetErrorMessageByErrorIDResponse"/>
  </wsdl:message>
  <wsdl:message name="CheckCard_StringResultSoapIn">
    <wsdl:part name="parameters" element="tns:CheckCard_StringResult"/>
  </wsdl:message>
  <wsdl:message name="CheckCard_StringResultSoapOut">
    <wsdl:part name="parameters" element="tns:CheckCard_StringResultResponse"/>
  </wsdl:message>
  <wsdl:message name="CheckCardSoapIn">
    <wsdl:part name="parameters" element="tns:CheckCard"/>
  </wsdl:message>
  <wsdl:message name="CheckCardSoapOut">
    <wsdl:part name="parameters" element="tns:CheckCardResponse"/>
  </wsdl:message>
  <wsdl:message name="ChangePassword_StringResultSoapIn">
    <wsdl:part name="parameters" element="tns:ChangePassword_StringResult"/>
  </wsdl:message>
  <wsdl:message name="ChangePassword_StringResultSoapOut">
    <wsdl:part name="parameters" element="tns:ChangePassword_StringResultResponse"/>
  </wsdl:message>
  <wsdl:message name="ChangePasswordSoapIn">
    <wsdl:part name="parameters" element="tns:ChangePassword"/>
  </wsdl:message>
  <wsdl:message name="ChangePasswordSoapOut">
    <wsdl:part name="parameters" element="tns:ChangePasswordResponse"/>
  </wsdl:message>
  <wsdl:message name="TransmitDealsSoapIn">
    <wsdl:part name="parameters" element="tns:TransmitDeals"/>
  </wsdl:message>
  <wsdl:message name="TransmitDealsSoapOut">
    <wsdl:part name="parameters" element="tns:TransmitDealsResponse"/>
  </wsdl:message>
  <wsdl:message name="CreateForm_PCISoapIn">
    <wsdl:part name="parameters" element="tns:CreateForm_PCI"/>
  </wsdl:message>
  <wsdl:message name="CreateForm_PCISoapOut">
    <wsdl:part name="parameters" element="tns:CreateForm_PCIResponse"/>
  </wsdl:message>
  <wsdl:message name="CreateForm_PCI_AdvanceSoapIn">
    <wsdl:part name="parameters" element="tns:CreateForm_PCI_Advance"/>
  </wsdl:message>
  <wsdl:message name="CreateForm_PCI_AdvanceSoapOut">
    <wsdl:part name="parameters" element="tns:CreateForm_PCI_AdvanceResponse"/>
  </wsdl:message>
  <wsdl:message name="CreateFormSoapIn">
    <wsdl:part name="parameters" element="tns:CreateForm"/>
  </wsdl:message>
  <wsdl:message name="CreateFormSoapOut">
    <wsdl:part name="parameters" element="tns:CreateFormResponse"/>
  </wsdl:message>
  <wsdl:message name="ValidateDealWithIDSoapIn">
    <wsdl:part name="parameters" element="tns:ValidateDealWithID"/>
  </wsdl:message>
  <wsdl:message name="ValidateDealWithIDSoapOut">
    <wsdl:part name="parameters" element="tns:ValidateDealWithIDResponse"/>
  </wsdl:message>
  <wsdl:message name="ValidateDealSoapIn">
    <wsdl:part name="parameters" element="tns:ValidateDeal"/>
  </wsdl:message>
  <wsdl:message name="ValidateDealSoapOut">
    <wsdl:part name="parameters" element="tns:ValidateDealResponse"/>
  </wsdl:message>
  <wsdl:message name="GetNewTokenSoapIn">
    <wsdl:part name="parameters" element="tns:GetNewToken"/>
  </wsdl:message>
  <wsdl:message name="GetNewTokenSoapOut">
    <wsdl:part name="parameters" element="tns:GetNewTokenResponse"/>
  </wsdl:message>
  <wsdl:message name="GetNewTokenWithMagneticStripSoapIn">
    <wsdl:part name="parameters" element="tns:GetNewTokenWithMagneticStrip"/>
  </wsdl:message>
  <wsdl:message name="GetNewTokenWithMagneticStripSoapOut">
    <wsdl:part name="parameters" element="tns:GetNewTokenWithMagneticStripResponse"/>
  </wsdl:message>
  <wsdl:message name="UpdateTokenSoapIn">
    <wsdl:part name="parameters" element="tns:UpdateToken"/>
  </wsdl:message>
  <wsdl:message name="UpdateTokenSoapOut">
    <wsdl:part name="parameters" element="tns:UpdateTokenResponse"/>
  </wsdl:message>
  <wsdl:message name="DoDealJ5WithTokenSoapIn">
    <wsdl:part name="parameters" element="tns:DoDealJ5WithToken"/>
  </wsdl:message>
  <wsdl:message name="DoDealJ5WithTokenSoapOut">
    <wsdl:part name="parameters" element="tns:DoDealJ5WithTokenResponse"/>
  </wsdl:message>
  <wsdl:message name="DoDealWithTokenSoapIn">
    <wsdl:part name="parameters" element="tns:DoDealWithToken"/>
  </wsdl:message>
  <wsdl:message name="DoDealWithTokenSoapOut">
    <wsdl:part name="parameters" element="tns:DoDealWithTokenResponse"/>
  </wsdl:message>
  <wsdl:message name="DoDealWithProductsSoapIn">
    <wsdl:part name="parameters" element="tns:DoDealWithProducts"/>
  </wsdl:message>
  <wsdl:message name="DoDealWithProductsSoapOut">
    <wsdl:part name="parameters" element="tns:DoDealWithProductsResponse"/>
  </wsdl:message>
  <wsdl:message name="GetMagStripInfoSoapIn">
    <wsdl:part name="parameters" element="tns:GetMagStripInfo"/>
  </wsdl:message>
  <wsdl:message name="GetMagStripInfoSoapOut">
    <wsdl:part name="parameters" element="tns:GetMagStripInfoResponse"/>
  </wsdl:message>
  <wsdl:message name="GetTokenFullData_StringResultSoapIn">
    <wsdl:part name="parameters" element="tns:GetTokenFullData_StringResult"/>
  </wsdl:message>
  <wsdl:message name="GetTokenFullData_StringResultSoapOut">
    <wsdl:part name="parameters" element="tns:GetTokenFullData_StringResultResponse"/>
  </wsdl:message>
  <wsdl:message name="GetTokenFullDataSoapIn">
    <wsdl:part name="parameters" element="tns:GetTokenFullData"/>
  </wsdl:message>
  <wsdl:message name="GetTokenFullDataSoapOut">
    <wsdl:part name="parameters" element="tns:GetTokenFullDataResponse"/>
  </wsdl:message>
  <wsdl:message name="GetTokenInfo_StringResultSoapIn">
    <wsdl:part name="parameters" element="tns:GetTokenInfo_StringResult"/>
  </wsdl:message>
  <wsdl:message name="GetTokenInfo_StringResultSoapOut">
    <wsdl:part name="parameters" element="tns:GetTokenInfo_StringResultResponse"/>
  </wsdl:message>
  <wsdl:message name="GetTokenInfoSoapIn">
    <wsdl:part name="parameters" element="tns:GetTokenInfo"/>
  </wsdl:message>
  <wsdl:message name="GetTokenInfoSoapOut">
    <wsdl:part name="parameters" element="tns:GetTokenInfoResponse"/>
  </wsdl:message>
  <wsdl:message name="DeleteTokenSoapIn">
    <wsdl:part name="parameters" element="tns:DeleteToken"/>
  </wsdl:message>
  <wsdl:message name="DeleteTokenSoapOut">
    <wsdl:part name="parameters" element="tns:DeleteTokenResponse"/>
  </wsdl:message>
  <wsdl:message name="IsValidTokenSoapIn">
    <wsdl:part name="parameters" element="tns:IsValidToken"/>
  </wsdl:message>
  <wsdl:message name="IsValidTokenSoapOut">
    <wsdl:part name="parameters" element="tns:IsValidTokenResponse"/>
  </wsdl:message>
  <wsdl:message name="IsECInvoiceClientSoapIn">
    <wsdl:part name="parameters" element="tns:IsECInvoiceClient"/>
  </wsdl:message>
  <wsdl:message name="IsECInvoiceClientSoapOut">
    <wsdl:part name="parameters" element="tns:IsECInvoiceClientResponse"/>
  </wsdl:message>
  <wsdl:message name="ProduceECInvoiceDocumentSoapIn">
    <wsdl:part name="parameters" element="tns:ProduceECInvoiceDocument"/>
  </wsdl:message>
  <wsdl:message name="ProduceECInvoiceDocumentSoapOut">
    <wsdl:part name="parameters" element="tns:ProduceECInvoiceDocumentResponse"/>
  </wsdl:message>
  <wsdl:message name="ProduceECInvoiceDocumentPerDealSoapIn">
    <wsdl:part name="parameters" element="tns:ProduceECInvoiceDocumentPerDeal"/>
  </wsdl:message>
  <wsdl:message name="ProduceECInvoiceDocumentPerDealSoapOut">
    <wsdl:part name="parameters" element="tns:ProduceECInvoiceDocumentPerDealResponse"/>
  </wsdl:message>
  <wsdl:message name="GetTerminalTypeSoapIn">
    <wsdl:part name="parameters" element="tns:GetTerminalType"/>
  </wsdl:message>
  <wsdl:message name="GetTerminalTypeSoapOut">
    <wsdl:part name="parameters" element="tns:GetTerminalTypeResponse"/>
  </wsdl:message>
  <wsdl:portType name="ServiceSoap">
    <wsdl:operation name="Login">
      <wsdl:input message="tns:LoginSoapIn"/>
      <wsdl:output message="tns:LoginSoapOut"/>
    </wsdl:operation>
    <wsdl:operation name="RunAddRecordsToSuccessDeals">
      <wsdl:input message="tns:RunAddRecordsToSuccessDealsSoapIn"/>
      <wsdl:output message="tns:RunAddRecordsToSuccessDealsSoapOut"/>
    </wsdl:operation>
    <wsdl:operation name="LoginExtended_StringResult">
      <wsdl:input message="tns:LoginExtended_StringResultSoapIn"/>
      <wsdl:output message="tns:LoginExtended_StringResultSoapOut"/>
    </wsdl:operation>
    <wsdl:operation name="LoginExtended">
      <wsdl:input message="tns:LoginExtendedSoapIn"/>
      <wsdl:output message="tns:LoginExtendedSoapOut"/>
    </wsdl:operation>
    <wsdl:operation name="LoginMobile">
      <wsdl:input message="tns:LoginMobileSoapIn"/>
      <wsdl:output message="tns:LoginMobileSoapOut"/>
    </wsdl:operation>
    <wsdl:operation name="DoDealWithExternalID">
      <wsdl:input message="tns:DoDealWithExternalIDSoapIn"/>
      <wsdl:output message="tns:DoDealWithExternalIDSoapOut"/>
    </wsdl:operation>
    <wsdl:operation name="DoDeal">
      <wsdl:input message="tns:DoDealSoapIn"/>
      <wsdl:output message="tns:DoDealSoapOut"/>
    </wsdl:operation>
    <wsdl:operation name="DoDealPinPad">
      <wsdl:input message="tns:DoDealPinPadSoapIn"/>
      <wsdl:output message="tns:DoDealPinPadSoapOut"/>
    </wsdl:operation>
    <wsdl:operation name="DoDealOldExt">
      <wsdl:input message="tns:DoDealOldExtSoapIn"/>
      <wsdl:output message="tns:DoDealOldExtSoapOut"/>
    </wsdl:operation>
    <wsdl:operation name="DoDealExt">
      <wsdl:input message="tns:DoDealExtSoapIn"/>
      <wsdl:output message="tns:DoDealExtSoapOut"/>
    </wsdl:operation>
    <wsdl:operation name="DoDealUserCodeWithTokenExt">
      <wsdl:input message="tns:DoDealUserCodeWithTokenExtSoapIn"/>
      <wsdl:output message="tns:DoDealUserCodeWithTokenExtSoapOut"/>
    </wsdl:operation>
    <wsdl:operation name="DoDealWithTokenExt">
      <wsdl:input message="tns:DoDealWithTokenExtSoapIn"/>
      <wsdl:output message="tns:DoDealWithTokenExtSoapOut"/>
    </wsdl:operation>
    <wsdl:operation name="GetDealHistoryAuthToken_StringResult">
      <wsdl:input message="tns:GetDealHistoryAuthToken_StringResultSoapIn"/>
      <wsdl:output message="tns:GetDealHistoryAuthToken_StringResultSoapOut"/>
    </wsdl:operation>
    <wsdl:operation name="GetDealHistoryAuthToken">
      <wsdl:input message="tns:GetDealHistoryAuthTokenSoapIn"/>
      <wsdl:output message="tns:GetDealHistoryAuthTokenSoapOut"/>
    </wsdl:operation>
    <wsdl:operation name="GetDealHistory_StringResult">
      <wsdl:input message="tns:GetDealHistory_StringResultSoapIn"/>
      <wsdl:output message="tns:GetDealHistory_StringResultSoapOut"/>
    </wsdl:operation>
    <wsdl:operation name="GetDealHistory">
      <wsdl:input message="tns:GetDealHistorySoapIn"/>
      <wsdl:output message="tns:GetDealHistorySoapOut"/>
    </wsdl:operation>
    <wsdl:operation name="GetTransNumber">
      <wsdl:input message="tns:GetTransNumberSoapIn"/>
      <wsdl:output message="tns:GetTransNumberSoapOut"/>
    </wsdl:operation>
    <wsdl:operation name="GetDealByExternalID_StringResult">
      <wsdl:input message="tns:GetDealByExternalID_StringResultSoapIn"/>
      <wsdl:output message="tns:GetDealByExternalID_StringResultSoapOut"/>
    </wsdl:operation>
    <wsdl:operation name="GetDealByExternalID">
      <wsdl:input message="tns:GetDealByExternalIDSoapIn"/>
      <wsdl:output message="tns:GetDealByExternalIDSoapOut"/>
    </wsdl:operation>
    <wsdl:operation name="GetDealInfoAuthToken_StringResult">
      <wsdl:input message="tns:GetDealInfoAuthToken_StringResultSoapIn"/>
      <wsdl:output message="tns:GetDealInfoAuthToken_StringResultSoapOut"/>
    </wsdl:operation>
    <wsdl:operation name="GetDealInfoAuthToken">
      <wsdl:input message="tns:GetDealInfoAuthTokenSoapIn"/>
      <wsdl:output message="tns:GetDealInfoAuthTokenSoapOut"/>
    </wsdl:operation>
    <wsdl:operation name="GetDealInfo_StringResult">
      <wsdl:input message="tns:GetDealInfo_StringResultSoapIn"/>
      <wsdl:output message="tns:GetDealInfo_StringResultSoapOut"/>
    </wsdl:operation>
    <wsdl:operation name="GetDealInfo">
      <wsdl:input message="tns:GetDealInfoSoapIn"/>
      <wsdl:output message="tns:GetDealInfoSoapOut"/>
    </wsdl:operation>
    <wsdl:operation name="GetInvoicesInRange_StringResult">
      <wsdl:input message="tns:GetInvoicesInRange_StringResultSoapIn"/>
      <wsdl:output message="tns:GetInvoicesInRange_StringResultSoapOut"/>
    </wsdl:operation>
    <wsdl:operation name="GetInvoices_StringResult">
      <wsdl:input message="tns:GetInvoices_StringResultSoapIn"/>
      <wsdl:output message="tns:GetInvoices_StringResultSoapOut"/>
    </wsdl:operation>
    <wsdl:operation name="GetInvoicesInRange">
      <wsdl:input message="tns:GetInvoicesInRangeSoapIn"/>
      <wsdl:output message="tns:GetInvoicesInRangeSoapOut"/>
    </wsdl:operation>
    <wsdl:operation name="GetInvoices">
      <wsdl:input message="tns:GetInvoicesSoapIn"/>
      <wsdl:output message="tns:GetInvoicesSoapOut"/>
    </wsdl:operation>
    <wsdl:operation name="GetDealHistoryInRange_StringResult">
      <wsdl:input message="tns:GetDealHistoryInRange_StringResultSoapIn"/>
      <wsdl:output message="tns:GetDealHistoryInRange_StringResultSoapOut"/>
    </wsdl:operation>
    <wsdl:operation name="GetDealHistoryInRangeAuthToken_StringResult">
      <wsdl:input message="tns:GetDealHistoryInRangeAuthToken_StringResultSoapIn"/>
      <wsdl:output message="tns:GetDealHistoryInRangeAuthToken_StringResultSoapOut"/>
    </wsdl:operation>
    <wsdl:operation name="GetDealHistoryInRange">
      <wsdl:input message="tns:GetDealHistoryInRangeSoapIn"/>
      <wsdl:output message="tns:GetDealHistoryInRangeSoapOut"/>
    </wsdl:operation>
    <wsdl:operation name="GetDealHistoryInRangeAuthToken">
      <wsdl:input message="tns:GetDealHistoryInRangeAuthTokenSoapIn"/>
      <wsdl:output message="tns:GetDealHistoryInRangeAuthTokenSoapOut"/>
    </wsdl:operation>
    <wsdl:operation name="GetDealInvoiced">
      <wsdl:input message="tns:GetDealInvoicedSoapIn"/>
      <wsdl:output message="tns:GetDealInvoicedSoapOut"/>
    </wsdl:operation>
    <wsdl:operation name="DealInvoiced">
      <wsdl:input message="tns:DealInvoicedSoapIn"/>
      <wsdl:output message="tns:DealInvoicedSoapOut"/>
    </wsdl:operation>
    <wsdl:operation name="GetErrorMessageByErrorID">
      <wsdl:input message="tns:GetErrorMessageByErrorIDSoapIn"/>
      <wsdl:output message="tns:GetErrorMessageByErrorIDSoapOut"/>
    </wsdl:operation>
    <wsdl:operation name="CheckCard_StringResult">
      <wsdl:input message="tns:CheckCard_StringResultSoapIn"/>
      <wsdl:output message="tns:CheckCard_StringResultSoapOut"/>
    </wsdl:operation>
    <wsdl:operation name="CheckCard">
      <wsdl:input message="tns:CheckCardSoapIn"/>
      <wsdl:output message="tns:CheckCardSoapOut"/>
    </wsdl:operation>
    <wsdl:operation name="ChangePassword_StringResult">
      <wsdl:input message="tns:ChangePassword_StringResultSoapIn"/>
      <wsdl:output message="tns:ChangePassword_StringResultSoapOut"/>
    </wsdl:operation>
    <wsdl:operation name="ChangePassword">
      <wsdl:input message="tns:ChangePasswordSoapIn"/>
      <wsdl:output message="tns:ChangePasswordSoapOut"/>
    </wsdl:operation>
    <wsdl:operation name="TransmitDeals">
      <wsdl:input message="tns:TransmitDealsSoapIn"/>
      <wsdl:output message="tns:TransmitDealsSoapOut"/>
    </wsdl:operation>
    <wsdl:operation name="CreateForm_PCI">
      <wsdl:input message="tns:CreateForm_PCISoapIn"/>
      <wsdl:output message="tns:CreateForm_PCISoapOut"/>
    </wsdl:operation>
    <wsdl:operation name="CreateForm_PCI_Advance">
      <wsdl:input message="tns:CreateForm_PCI_AdvanceSoapIn"/>
      <wsdl:output message="tns:CreateForm_PCI_AdvanceSoapOut"/>
    </wsdl:operation>
    <wsdl:operation name="CreateForm">
      <wsdl:input message="tns:CreateFormSoapIn"/>
      <wsdl:output message="tns:CreateFormSoapOut"/>
    </wsdl:operation>
    <wsdl:operation name="ValidateDealWithID">
      <wsdl:input message="tns:ValidateDealWithIDSoapIn"/>
      <wsdl:output message="tns:ValidateDealWithIDSoapOut"/>
    </wsdl:operation>
    <wsdl:operation name="ValidateDeal">
      <wsdl:input message="tns:ValidateDealSoapIn"/>
      <wsdl:output message="tns:ValidateDealSoapOut"/>
    </wsdl:operation>
    <wsdl:operation name="GetNewToken">
      <wsdl:input message="tns:GetNewTokenSoapIn"/>
      <wsdl:output message="tns:GetNewTokenSoapOut"/>
    </wsdl:operation>
    <wsdl:operation name="GetNewTokenWithMagneticStrip">
      <wsdl:input message="tns:GetNewTokenWithMagneticStripSoapIn"/>
      <wsdl:output message="tns:GetNewTokenWithMagneticStripSoapOut"/>
    </wsdl:operation>
    <wsdl:operation name="UpdateToken">
      <wsdl:input message="tns:UpdateTokenSoapIn"/>
      <wsdl:output message="tns:UpdateTokenSoapOut"/>
    </wsdl:operation>
    <wsdl:operation name="DoDealJ5WithToken">
      <wsdl:input message="tns:DoDealJ5WithTokenSoapIn"/>
      <wsdl:output message="tns:DoDealJ5WithTokenSoapOut"/>
    </wsdl:operation>
    <wsdl:operation name="DoDealWithToken">
      <wsdl:input message="tns:DoDealWithTokenSoapIn"/>
      <wsdl:output message="tns:DoDealWithTokenSoapOut"/>
    </wsdl:operation>
    <wsdl:operation name="DoDealWithProducts">
      <wsdl:input message="tns:DoDealWithProductsSoapIn"/>
      <wsdl:output message="tns:DoDealWithProductsSoapOut"/>
    </wsdl:operation>
    <wsdl:operation name="GetMagStripInfo">
      <wsdl:input message="tns:GetMagStripInfoSoapIn"/>
      <wsdl:output message="tns:GetMagStripInfoSoapOut"/>
    </wsdl:operation>
    <wsdl:operation name="GetTokenFullData_StringResult">
      <wsdl:input message="tns:GetTokenFullData_StringResultSoapIn"/>
      <wsdl:output message="tns:GetTokenFullData_StringResultSoapOut"/>
    </wsdl:operation>
    <wsdl:operation name="GetTokenFullData">
      <wsdl:input message="tns:GetTokenFullDataSoapIn"/>
      <wsdl:output message="tns:GetTokenFullDataSoapOut"/>
    </wsdl:operation>
    <wsdl:operation name="GetTokenInfo_StringResult">
      <wsdl:input message="tns:GetTokenInfo_StringResultSoapIn"/>
      <wsdl:output message="tns:GetTokenInfo_StringResultSoapOut"/>
    </wsdl:operation>
    <wsdl:operation name="GetTokenInfo">
      <wsdl:input message="tns:GetTokenInfoSoapIn"/>
      <wsdl:output message="tns:GetTokenInfoSoapOut"/>
    </wsdl:operation>
    <wsdl:operation name="DeleteToken">
      <wsdl:input message="tns:DeleteTokenSoapIn"/>
      <wsdl:output message="tns:DeleteTokenSoapOut"/>
    </wsdl:operation>
    <wsdl:operation name="IsValidToken">
      <wsdl:input message="tns:IsValidTokenSoapIn"/>
      <wsdl:output message="tns:IsValidTokenSoapOut"/>
    </wsdl:operation>
    <wsdl:operation name="IsECInvoiceClient">
      <wsdl:input message="tns:IsECInvoiceClientSoapIn"/>
      <wsdl:output message="tns:IsECInvoiceClientSoapOut"/>
    </wsdl:operation>
    <wsdl:operation name="ProduceECInvoiceDocument">
      <wsdl:input message="tns:ProduceECInvoiceDocumentSoapIn"/>
      <wsdl:output message="tns:ProduceECInvoiceDocumentSoapOut"/>
    </wsdl:operation>
    <wsdl:operation name="ProduceECInvoiceDocumentPerDeal">
      <wsdl:input message="tns:ProduceECInvoiceDocumentPerDealSoapIn"/>
      <wsdl:output message="tns:ProduceECInvoiceDocumentPerDealSoapOut"/>
    </wsdl:operation>
    <wsdl:operation name="GetTerminalType">
      <wsdl:input message="tns:GetTerminalTypeSoapIn"/>
      <wsdl:output message="tns:GetTerminalTypeSoapOut"/>
    </wsdl:operation>
  </wsdl:portType>
  <wsdl:binding name="ServiceSoap" type="tns:ServiceSoap">
    <soap:binding transport="http://schemas.xmlsoap.org/soap/http"/>
    <wsdl:operation name="Login">
      <soap:operation soapAction="http://tempuri.org/Login" style="document"/>
      <wsdl:input>
        <soap:body use="literal"/>
      </wsdl:input>
      <wsdl:output>
        <soap:body use="literal"/>
      </wsdl:output>
    </wsdl:operation>
    <wsdl:operation name="RunAddRecordsToSuccessDeals">
      <soap:operation soapAction="http://tempuri.org/RunAddRecordsToSuccessDeals" style="document"/>
      <wsdl:input>
        <soap:body use="literal"/>
      </wsdl:input>
      <wsdl:output>
        <soap:body use="literal"/>
      </wsdl:output>
    </wsdl:operation>
    <wsdl:operation name="LoginExtended_StringResult">
      <soap:operation soapAction="http://tempuri.org/LoginExtended_StringResult" style="document"/>
      <wsdl:input>
        <soap:body use="literal"/>
      </wsdl:input>
      <wsdl:output>
        <soap:body use="literal"/>
      </wsdl:output>
    </wsdl:operation>
    <wsdl:operation name="LoginExtended">
      <soap:operation soapAction="http://tempuri.org/LoginExtended" style="document"/>
      <wsdl:input>
        <soap:body use="literal"/>
      </wsdl:input>
      <wsdl:output>
        <soap:body use="literal"/>
      </wsdl:output>
    </wsdl:operation>
    <wsdl:operation name="LoginMobile">
      <soap:operation soapAction="http://tempuri.org/LoginMobile" style="document"/>
      <wsdl:input>
        <soap:body use="literal"/>
      </wsdl:input>
      <wsdl:output>
        <soap:body use="literal"/>
      </wsdl:output>
    </wsdl:operation>
    <wsdl:operation name="DoDealWithExternalID">
      <soap:operation soapAction="http://tempuri.org/DoDealWithExternalID" style="document"/>
      <wsdl:input>
        <soap:body use="literal"/>
      </wsdl:input>
      <wsdl:output>
        <soap:body use="literal"/>
      </wsdl:output>
    </wsdl:operation>
    <wsdl:operation name="DoDeal">
      <soap:operation soapAction="http://tempuri.org/DoDeal" style="document"/>
      <wsdl:input>
        <soap:body use="literal"/>
      </wsdl:input>
      <wsdl:output>
        <soap:body use="literal"/>
      </wsdl:output>
    </wsdl:operation>
    <wsdl:operation name="DoDealPinPad">
      <soap:operation soapAction="http://tempuri.org/DoDealPinPad" style="document"/>
      <wsdl:input>
        <soap:body use="literal"/>
      </wsdl:input>
      <wsdl:output>
        <soap:body use="literal"/>
      </wsdl:output>
    </wsdl:operation>
    <wsdl:operation name="DoDealOldExt">
      <soap:operation soapAction="http://tempuri.org/DoDealOldExt" style="document"/>
      <wsdl:input>
        <soap:body use="literal"/>
      </wsdl:input>
      <wsdl:output>
        <soap:body use="literal"/>
      </wsdl:output>
    </wsdl:operation>
    <wsdl:operation name="DoDealExt">
      <soap:operation soapAction="http://tempuri.org/DoDealExt" style="document"/>
      <wsdl:input>
        <soap:body use="literal"/>
      </wsdl:input>
      <wsdl:output>
        <soap:body use="literal"/>
      </wsdl:output>
    </wsdl:operation>
    <wsdl:operation name="DoDealUserCodeWithTokenExt">
      <soap:operation soapAction="http://tempuri.org/DoDealUserCodeWithTokenExt" style="document"/>
      <wsdl:input>
        <soap:body use="literal"/>
      </wsdl:input>
      <wsdl:output>
        <soap:body use="literal"/>
      </wsdl:output>
    </wsdl:operation>
    <wsdl:operation name="DoDealWithTokenExt">
      <soap:operation soapAction="http://tempuri.org/DoDealWithTokenExt" style="document"/>
      <wsdl:input>
        <soap:body use="literal"/>
      </wsdl:input>
      <wsdl:output>
        <soap:body use="literal"/>
      </wsdl:output>
    </wsdl:operation>
    <wsdl:operation name="GetDealHistoryAuthToken_StringResult">
      <soap:operation soapAction="http://tempuri.org/GetDealHistoryAuthToken_StringResult" style="document"/>
      <wsdl:input>
        <soap:body use="literal"/>
      </wsdl:input>
      <wsdl:output>
        <soap:body use="literal"/>
      </wsdl:output>
    </wsdl:operation>
    <wsdl:operation name="GetDealHistoryAuthToken">
      <soap:operation soapAction="http://tempuri.org/GetDealHistoryAuthToken" style="document"/>
      <wsdl:input>
        <soap:body use="literal"/>
      </wsdl:input>
      <wsdl:output>
        <soap:body use="literal"/>
      </wsdl:output>
    </wsdl:operation>
    <wsdl:operation name="GetDealHistory_StringResult">
      <soap:operation soapAction="http://tempuri.org/GetDealHistory_StringResult" style="document"/>
      <wsdl:input>
        <soap:body use="literal"/>
      </wsdl:input>
      <wsdl:output>
        <soap:body use="literal"/>
      </wsdl:output>
    </wsdl:operation>
    <wsdl:operation name="GetDealHistory">
      <soap:operation soapAction="http://tempuri.org/GetDealHistory" style="document"/>
      <wsdl:input>
        <soap:body use="literal"/>
      </wsdl:input>
      <wsdl:output>
        <soap:body use="literal"/>
      </wsdl:output>
    </wsdl:operation>
    <wsdl:operation name="GetTransNumber">
      <soap:operation soapAction="http://tempuri.org/GetTransNumber" style="document"/>
      <wsdl:input>
        <soap:body use="literal"/>
      </wsdl:input>
      <wsdl:output>
        <soap:body use="literal"/>
      </wsdl:output>
    </wsdl:operation>
    <wsdl:operation name="GetDealByExternalID_StringResult">
      <soap:operation soapAction="http://tempuri.org/GetDealByExternalID_StringResult" style="document"/>
      <wsdl:input>
        <soap:body use="literal"/>
      </wsdl:input>
      <wsdl:output>
        <soap:body use="literal"/>
      </wsdl:output>
    </wsdl:operation>
    <wsdl:operation name="GetDealByExternalID">
      <soap:operation soapAction="http://tempuri.org/GetDealByExternalID" style="document"/>
      <wsdl:input>
        <soap:body use="literal"/>
      </wsdl:input>
      <wsdl:output>
        <soap:body use="literal"/>
      </wsdl:output>
    </wsdl:operation>
    <wsdl:operation name="GetDealInfoAuthToken_StringResult">
      <soap:operation soapAction="http://tempuri.org/GetDealInfoAuthToken_StringResult" style="document"/>
      <wsdl:input>
        <soap:body use="literal"/>
      </wsdl:input>
      <wsdl:output>
        <soap:body use="literal"/>
      </wsdl:output>
    </wsdl:operation>
    <wsdl:operation name="GetDealInfoAuthToken">
      <soap:operation soapAction="http://tempuri.org/GetDealInfoAuthToken" style="document"/>
      <wsdl:input>
        <soap:body use="literal"/>
      </wsdl:input>
      <wsdl:output>
        <soap:body use="literal"/>
      </wsdl:output>
    </wsdl:operation>
    <wsdl:operation name="GetDealInfo_StringResult">
      <soap:operation soapAction="http://tempuri.org/GetDealInfo_StringResult" style="document"/>
      <wsdl:input>
        <soap:body use="literal"/>
      </wsdl:input>
      <wsdl:output>
        <soap:body use="literal"/>
      </wsdl:output>
    </wsdl:operation>
    <wsdl:operation name="GetDealInfo">
      <soap:operation soapAction="http://tempuri.org/GetDealInfo" style="document"/>
      <wsdl:input>
        <soap:body use="literal"/>
      </wsdl:input>
      <wsdl:output>
        <soap:body use="literal"/>
      </wsdl:output>
    </wsdl:operation>
    <wsdl:operation name="GetInvoicesInRange_StringResult">
      <soap:operation soapAction="http://tempuri.org/GetInvoicesInRange_StringResult" style="document"/>
      <wsdl:input>
        <soap:body use="literal"/>
      </wsdl:input>
      <wsdl:output>
        <soap:body use="literal"/>
      </wsdl:output>
    </wsdl:operation>
    <wsdl:operation name="GetInvoices_StringResult">
      <soap:operation soapAction="http://tempuri.org/GetInvoices_StringResult" style="document"/>
      <wsdl:input>
        <soap:body use="literal"/>
      </wsdl:input>
      <wsdl:output>
        <soap:body use="literal"/>
      </wsdl:output>
    </wsdl:operation>
    <wsdl:operation name="GetInvoicesInRange">
      <soap:operation soapAction="http://tempuri.org/GetInvoicesInRange" style="document"/>
      <wsdl:input>
        <soap:body use="literal"/>
      </wsdl:input>
      <wsdl:output>
        <soap:body use="literal"/>
      </wsdl:output>
    </wsdl:operation>
    <wsdl:operation name="GetInvoices">
      <soap:operation soapAction="http://tempuri.org/GetInvoices" style="document"/>
      <wsdl:input>
        <soap:body use="literal"/>
      </wsdl:input>
      <wsdl:output>
        <soap:body use="literal"/>
      </wsdl:output>
    </wsdl:operation>
    <wsdl:operation name="GetDealHistoryInRange_StringResult">
      <soap:operation soapAction="http://tempuri.org/GetDealHistoryInRange_StringResult" style="document"/>
      <wsdl:input>
        <soap:body use="literal"/>
      </wsdl:input>
      <wsdl:output>
        <soap:body use="literal"/>
      </wsdl:output>
    </wsdl:operation>
    <wsdl:operation name="GetDealHistoryInRangeAuthToken_StringResult">
      <soap:operation soapAction="http://tempuri.org/GetDealHistoryInRangeAuthToken_StringResult" style="document"/>
      <wsdl:input>
        <soap:body use="literal"/>
      </wsdl:input>
      <wsdl:output>
        <soap:body use="literal"/>
      </wsdl:output>
    </wsdl:operation>
    <wsdl:operation name="GetDealHistoryInRange">
      <soap:operation soapAction="http://tempuri.org/GetDealHistoryInRange" style="document"/>
      <wsdl:input>
        <soap:body use="literal"/>
      </wsdl:input>
      <wsdl:output>
        <soap:body use="literal"/>
      </wsdl:output>
    </wsdl:operation>
    <wsdl:operation name="GetDealHistoryInRangeAuthToken">
      <soap:operation soapAction="http://tempuri.org/GetDealHistoryInRangeAuthToken" style="document"/>
      <wsdl:input>
        <soap:body use="literal"/>
      </wsdl:input>
      <wsdl:output>
        <soap:body use="literal"/>
      </wsdl:output>
    </wsdl:operation>
    <wsdl:operation name="GetDealInvoiced">
      <soap:operation soapAction="http://tempuri.org/GetDealInvoiced" style="document"/>
      <wsdl:input>
        <soap:body use="literal"/>
      </wsdl:input>
      <wsdl:output>
        <soap:body use="literal"/>
      </wsdl:output>
    </wsdl:operation>
    <wsdl:operation name="DealInvoiced">
      <soap:operation soapAction="http://tempuri.org/DealInvoiced" style="document"/>
      <wsdl:input>
        <soap:body use="literal"/>
      </wsdl:input>
      <wsdl:output>
        <soap:body use="literal"/>
      </wsdl:output>
    </wsdl:operation>
    <wsdl:operation name="GetErrorMessageByErrorID">
      <soap:operation soapAction="http://tempuri.org/GetErrorMessageByErrorID" style="document"/>
      <wsdl:input>
        <soap:body use="literal"/>
      </wsdl:input>
      <wsdl:output>
        <soap:body use="literal"/>
      </wsdl:output>
    </wsdl:operation>
    <wsdl:operation name="CheckCard_StringResult">
      <soap:operation soapAction="http://tempuri.org/CheckCard_StringResult" style="document"/>
      <wsdl:input>
        <soap:body use="literal"/>
      </wsdl:input>
      <wsdl:output>
        <soap:body use="literal"/>
      </wsdl:output>
    </wsdl:operation>
    <wsdl:operation name="CheckCard">
      <soap:operation soapAction="http://tempuri.org/CheckCard" style="document"/>
      <wsdl:input>
        <soap:body use="literal"/>
      </wsdl:input>
      <wsdl:output>
        <soap:body use="literal"/>
      </wsdl:output>
    </wsdl:operation>
    <wsdl:operation name="ChangePassword_StringResult">
      <soap:operation soapAction="http://tempuri.org/ChangePassword_StringResult" style="document"/>
      <wsdl:input>
        <soap:body use="literal"/>
      </wsdl:input>
      <wsdl:output>
        <soap:body use="literal"/>
      </wsdl:output>
    </wsdl:operation>
    <wsdl:operation name="ChangePassword">
      <soap:operation soapAction="http://tempuri.org/ChangePassword" style="document"/>
      <wsdl:input>
        <soap:body use="literal"/>
      </wsdl:input>
      <wsdl:output>
        <soap:body use="literal"/>
      </wsdl:output>
    </wsdl:operation>
    <wsdl:operation name="TransmitDeals">
      <soap:operation soapAction="http://tempuri.org/TransmitDeals" style="document"/>
      <wsdl:input>
        <soap:body use="literal"/>
      </wsdl:input>
      <wsdl:output>
        <soap:body use="literal"/>
      </wsdl:output>
    </wsdl:operation>
    <wsdl:operation name="CreateForm_PCI">
      <soap:operation soapAction="http://tempuri.org/CreateForm_PCI" style="document"/>
      <wsdl:input>
        <soap:body use="literal"/>
      </wsdl:input>
      <wsdl:output>
        <soap:body use="literal"/>
      </wsdl:output>
    </wsdl:operation>
    <wsdl:operation name="CreateForm_PCI_Advance">
      <soap:operation soapAction="http://tempuri.org/CreateForm_PCI_Advance" style="document"/>
      <wsdl:input>
        <soap:body use="literal"/>
      </wsdl:input>
      <wsdl:output>
        <soap:body use="literal"/>
      </wsdl:output>
    </wsdl:operation>
    <wsdl:operation name="CreateForm">
      <soap:operation soapAction="http://tempuri.org/CreateForm" style="document"/>
      <wsdl:input>
        <soap:body use="literal"/>
      </wsdl:input>
      <wsdl:output>
        <soap:body use="literal"/>
      </wsdl:output>
    </wsdl:operation>
    <wsdl:operation name="ValidateDealWithID">
      <soap:operation soapAction="http://tempuri.org/ValidateDealWithID" style="document"/>
      <wsdl:input>
        <soap:body use="literal"/>
      </wsdl:input>
      <wsdl:output>
        <soap:body use="literal"/>
      </wsdl:output>
    </wsdl:operation>
    <wsdl:operation name="ValidateDeal">
      <soap:operation soapAction="http://tempuri.org/ValidateDeal" style="document"/>
      <wsdl:input>
        <soap:body use="literal"/>
      </wsdl:input>
      <wsdl:output>
        <soap:body use="literal"/>
      </wsdl:output>
    </wsdl:operation>
    <wsdl:operation name="GetNewToken">
      <soap:operation soapAction="http://tempuri.org/GetNewToken" style="document"/>
      <wsdl:input>
        <soap:body use="literal"/>
      </wsdl:input>
      <wsdl:output>
        <soap:body use="literal"/>
      </wsdl:output>
    </wsdl:operation>
    <wsdl:operation name="GetNewTokenWithMagneticStrip">
      <soap:operation soapAction="http://tempuri.org/GetNewTokenWithMagneticStrip" style="document"/>
      <wsdl:input>
        <soap:body use="literal"/>
      </wsdl:input>
      <wsdl:output>
        <soap:body use="literal"/>
      </wsdl:output>
    </wsdl:operation>
    <wsdl:operation name="UpdateToken">
      <soap:operation soapAction="http://tempuri.org/UpdateToken" style="document"/>
      <wsdl:input>
        <soap:body use="literal"/>
      </wsdl:input>
      <wsdl:output>
        <soap:body use="literal"/>
      </wsdl:output>
    </wsdl:operation>
    <wsdl:operation name="DoDealJ5WithToken">
      <soap:operation soapAction="http://tempuri.org/DoDealJ5WithToken" style="document"/>
      <wsdl:input>
        <soap:body use="literal"/>
      </wsdl:input>
      <wsdl:output>
        <soap:body use="literal"/>
      </wsdl:output>
    </wsdl:operation>
    <wsdl:operation name="DoDealWithToken">
      <soap:operation soapAction="http://tempuri.org/DoDealWithToken" style="document"/>
      <wsdl:input>
        <soap:body use="literal"/>
      </wsdl:input>
      <wsdl:output>
        <soap:body use="literal"/>
      </wsdl:output>
    </wsdl:operation>
    <wsdl:operation name="DoDealWithProducts">
      <soap:operation soapAction="http://tempuri.org/DoDealWithProducts" style="document"/>
      <wsdl:input>
        <soap:body use="literal"/>
      </wsdl:input>
      <wsdl:output>
        <soap:body use="literal"/>
      </wsdl:output>
    </wsdl:operation>
    <wsdl:operation name="GetMagStripInfo">
      <soap:operation soapAction="http://tempuri.org/GetMagStripInfo" style="document"/>
      <wsdl:input>
        <soap:body use="literal"/>
      </wsdl:input>
      <wsdl:output>
        <soap:body use="literal"/>
      </wsdl:output>
    </wsdl:operation>
    <wsdl:operation name="GetTokenFullData_StringResult">
      <soap:operation soapAction="http://tempuri.org/GetTokenFullData_StringResult" style="document"/>
      <wsdl:input>
        <soap:body use="literal"/>
      </wsdl:input>
      <wsdl:output>
        <soap:body use="literal"/>
      </wsdl:output>
    </wsdl:operation>
    <wsdl:operation name="GetTokenFullData">
      <soap:operation soapAction="http://tempuri.org/GetTokenFullData" style="document"/>
      <wsdl:input>
        <soap:body use="literal"/>
      </wsdl:input>
      <wsdl:output>
        <soap:body use="literal"/>
      </wsdl:output>
    </wsdl:operation>
    <wsdl:operation name="GetTokenInfo_StringResult">
      <soap:operation soapAction="http://tempuri.org/GetTokenInfo_StringResult" style="document"/>
      <wsdl:input>
        <soap:body use="literal"/>
      </wsdl:input>
      <wsdl:output>
        <soap:body use="literal"/>
      </wsdl:output>
    </wsdl:operation>
    <wsdl:operation name="GetTokenInfo">
      <soap:operation soapAction="http://tempuri.org/GetTokenInfo" style="document"/>
      <wsdl:input>
        <soap:body use="literal"/>
      </wsdl:input>
      <wsdl:output>
        <soap:body use="literal"/>
      </wsdl:output>
    </wsdl:operation>
    <wsdl:operation name="DeleteToken">
      <soap:operation soapAction="http://tempuri.org/DeleteToken" style="document"/>
      <wsdl:input>
        <soap:body use="literal"/>
      </wsdl:input>
      <wsdl:output>
        <soap:body use="literal"/>
      </wsdl:output>
    </wsdl:operation>
    <wsdl:operation name="IsValidToken">
      <soap:operation soapAction="http://tempuri.org/IsValidToken" style="document"/>
      <wsdl:input>
        <soap:body use="literal"/>
      </wsdl:input>
      <wsdl:output>
        <soap:body use="literal"/>
      </wsdl:output>
    </wsdl:operation>
    <wsdl:operation name="IsECInvoiceClient">
      <soap:operation soapAction="http://tempuri.org/IsECInvoiceClient" style="document"/>
      <wsdl:input>
        <soap:body use="literal"/>
      </wsdl:input>
      <wsdl:output>
        <soap:body use="literal"/>
      </wsdl:output>
    </wsdl:operation>
    <wsdl:operation name="ProduceECInvoiceDocument">
      <soap:operation soapAction="http://tempuri.org/ProduceECInvoiceDocument" style="document"/>
      <wsdl:input>
        <soap:body use="literal"/>
      </wsdl:input>
      <wsdl:output>
        <soap:body use="literal"/>
      </wsdl:output>
    </wsdl:operation>
    <wsdl:operation name="ProduceECInvoiceDocumentPerDeal">
      <soap:operation soapAction="http://tempuri.org/ProduceECInvoiceDocumentPerDeal" style="document"/>
      <wsdl:input>
        <soap:body use="literal"/>
      </wsdl:input>
      <wsdl:output>
        <soap:body use="literal"/>
      </wsdl:output>
    </wsdl:operation>
    <wsdl:operation name="GetTerminalType">
      <soap:operation soapAction="http://tempuri.org/GetTerminalType" style="document"/>
      <wsdl:input>
        <soap:body use="literal"/>
      </wsdl:input>
      <wsdl:output>
        <soap:body use="literal"/>
      </wsdl:output>
    </wsdl:operation>
  </wsdl:binding>
  <wsdl:binding name="ServiceSoap12" type="tns:ServiceSoap">
    <soap12:binding transport="http://schemas.xmlsoap.org/soap/http"/>
    <wsdl:operation name="Login">
      <soap12:operation soapAction="http://tempuri.org/Login" style="document"/>
      <wsdl:input>
        <soap12:body use="literal"/>
      </wsdl:input>
      <wsdl:output>
        <soap12:body use="literal"/>
      </wsdl:output>
    </wsdl:operation>
    <wsdl:operation name="RunAddRecordsToSuccessDeals">
      <soap12:operation soapAction="http://tempuri.org/RunAddRecordsToSuccessDeals" style="document"/>
      <wsdl:input>
        <soap12:body use="literal"/>
      </wsdl:input>
      <wsdl:output>
        <soap12:body use="literal"/>
      </wsdl:output>
    </wsdl:operation>
    <wsdl:operation name="LoginExtended_StringResult">
      <soap12:operation soapAction="http://tempuri.org/LoginExtended_StringResult" style="document"/>
      <wsdl:input>
        <soap12:body use="literal"/>
      </wsdl:input>
      <wsdl:output>
        <soap12:body use="literal"/>
      </wsdl:output>
    </wsdl:operation>
    <wsdl:operation name="LoginExtended">
      <soap12:operation soapAction="http://tempuri.org/LoginExtended" style="document"/>
      <wsdl:input>
        <soap12:body use="literal"/>
      </wsdl:input>
      <wsdl:output>
        <soap12:body use="literal"/>
      </wsdl:output>
    </wsdl:operation>
    <wsdl:operation name="LoginMobile">
      <soap12:operation soapAction="http://tempuri.org/LoginMobile" style="document"/>
      <wsdl:input>
        <soap12:body use="literal"/>
      </wsdl:input>
      <wsdl:output>
        <soap12:body use="literal"/>
      </wsdl:output>
    </wsdl:operation>
    <wsdl:operation name="DoDealWithExternalID">
      <soap12:operation soapAction="http://tempuri.org/DoDealWithExternalID" style="document"/>
      <wsdl:input>
        <soap12:body use="literal"/>
      </wsdl:input>
      <wsdl:output>
        <soap12:body use="literal"/>
      </wsdl:output>
    </wsdl:operation>
    <wsdl:operation name="DoDeal">
      <soap12:operation soapAction="http://tempuri.org/DoDeal" style="document"/>
      <wsdl:input>
        <soap12:body use="literal"/>
      </wsdl:input>
      <wsdl:output>
        <soap12:body use="literal"/>
      </wsdl:output>
    </wsdl:operation>
    <wsdl:operation name="DoDealPinPad">
      <soap12:operation soapAction="http://tempuri.org/DoDealPinPad" style="document"/>
      <wsdl:input>
        <soap12:body use="literal"/>
      </wsdl:input>
      <wsdl:output>
        <soap12:body use="literal"/>
      </wsdl:output>
    </wsdl:operation>
    <wsdl:operation name="DoDealOldExt">
      <soap12:operation soapAction="http://tempuri.org/DoDealOldExt" style="document"/>
      <wsdl:input>
        <soap12:body use="literal"/>
      </wsdl:input>
      <wsdl:output>
        <soap12:body use="literal"/>
      </wsdl:output>
    </wsdl:operation>
    <wsdl:operation name="DoDealExt">
      <soap12:operation soapAction="http://tempuri.org/DoDealExt" style="document"/>
      <wsdl:input>
        <soap12:body use="literal"/>
      </wsdl:input>
      <wsdl:output>
        <soap12:body use="literal"/>
      </wsdl:output>
    </wsdl:operation>
    <wsdl:operation name="DoDealUserCodeWithTokenExt">
      <soap12:operation soapAction="http://tempuri.org/DoDealUserCodeWithTokenExt" style="document"/>
      <wsdl:input>
        <soap12:body use="literal"/>
      </wsdl:input>
      <wsdl:output>
        <soap12:body use="literal"/>
      </wsdl:output>
    </wsdl:operation>
    <wsdl:operation name="DoDealWithTokenExt">
      <soap12:operation soapAction="http://tempuri.org/DoDealWithTokenExt" style="document"/>
      <wsdl:input>
        <soap12:body use="literal"/>
      </wsdl:input>
      <wsdl:output>
        <soap12:body use="literal"/>
      </wsdl:output>
    </wsdl:operation>
    <wsdl:operation name="GetDealHistoryAuthToken_StringResult">
      <soap12:operation soapAction="http://tempuri.org/GetDealHistoryAuthToken_StringResult" style="document"/>
      <wsdl:input>
        <soap12:body use="literal"/>
      </wsdl:input>
      <wsdl:output>
        <soap12:body use="literal"/>
      </wsdl:output>
    </wsdl:operation>
    <wsdl:operation name="GetDealHistoryAuthToken">
      <soap12:operation soapAction="http://tempuri.org/GetDealHistoryAuthToken" style="document"/>
      <wsdl:input>
        <soap12:body use="literal"/>
      </wsdl:input>
      <wsdl:output>
        <soap12:body use="literal"/>
      </wsdl:output>
    </wsdl:operation>
    <wsdl:operation name="GetDealHistory_StringResult">
      <soap12:operation soapAction="http://tempuri.org/GetDealHistory_StringResult" style="document"/>
      <wsdl:input>
        <soap12:body use="literal"/>
      </wsdl:input>
      <wsdl:output>
        <soap12:body use="literal"/>
      </wsdl:output>
    </wsdl:operation>
    <wsdl:operation name="GetDealHistory">
      <soap12:operation soapAction="http://tempuri.org/GetDealHistory" style="document"/>
      <wsdl:input>
        <soap12:body use="literal"/>
      </wsdl:input>
      <wsdl:output>
        <soap12:body use="literal"/>
      </wsdl:output>
    </wsdl:operation>
    <wsdl:operation name="GetTransNumber">
      <soap12:operation soapAction="http://tempuri.org/GetTransNumber" style="document"/>
      <wsdl:input>
        <soap12:body use="literal"/>
      </wsdl:input>
      <wsdl:output>
        <soap12:body use="literal"/>
      </wsdl:output>
    </wsdl:operation>
    <wsdl:operation name="GetDealByExternalID_StringResult">
      <soap12:operation soapAction="http://tempuri.org/GetDealByExternalID_StringResult" style="document"/>
      <wsdl:input>
        <soap12:body use="literal"/>
      </wsdl:input>
      <wsdl:output>
        <soap12:body use="literal"/>
      </wsdl:output>
    </wsdl:operation>
    <wsdl:operation name="GetDealByExternalID">
      <soap12:operation soapAction="http://tempuri.org/GetDealByExternalID" style="document"/>
      <wsdl:input>
        <soap12:body use="literal"/>
      </wsdl:input>
      <wsdl:output>
        <soap12:body use="literal"/>
      </wsdl:output>
    </wsdl:operation>
    <wsdl:operation name="GetDealInfoAuthToken_StringResult">
      <soap12:operation soapAction="http://tempuri.org/GetDealInfoAuthToken_StringResult" style="document"/>
      <wsdl:input>
        <soap12:body use="literal"/>
      </wsdl:input>
      <wsdl:output>
        <soap12:body use="literal"/>
      </wsdl:output>
    </wsdl:operation>
    <wsdl:operation name="GetDealInfoAuthToken">
      <soap12:operation soapAction="http://tempuri.org/GetDealInfoAuthToken" style="document"/>
      <wsdl:input>
        <soap12:body use="literal"/>
      </wsdl:input>
      <wsdl:output>
        <soap12:body use="literal"/>
      </wsdl:output>
    </wsdl:operation>
    <wsdl:operation name="GetDealInfo_StringResult">
      <soap12:operation soapAction="http://tempuri.org/GetDealInfo_StringResult" style="document"/>
      <wsdl:input>
        <soap12:body use="literal"/>
      </wsdl:input>
      <wsdl:output>
        <soap12:body use="literal"/>
      </wsdl:output>
    </wsdl:operation>
    <wsdl:operation name="GetDealInfo">
      <soap12:operation soapAction="http://tempuri.org/GetDealInfo" style="document"/>
      <wsdl:input>
        <soap12:body use="literal"/>
      </wsdl:input>
      <wsdl:output>
        <soap12:body use="literal"/>
      </wsdl:output>
    </wsdl:operation>
    <wsdl:operation name="GetInvoicesInRange_StringResult">
      <soap12:operation soapAction="http://tempuri.org/GetInvoicesInRange_StringResult" style="document"/>
      <wsdl:input>
        <soap12:body use="literal"/>
      </wsdl:input>
      <wsdl:output>
        <soap12:body use="literal"/>
      </wsdl:output>
    </wsdl:operation>
    <wsdl:operation name="GetInvoices_StringResult">
      <soap12:operation soapAction="http://tempuri.org/GetInvoices_StringResult" style="document"/>
      <wsdl:input>
        <soap12:body use="literal"/>
      </wsdl:input>
      <wsdl:output>
        <soap12:body use="literal"/>
      </wsdl:output>
    </wsdl:operation>
    <wsdl:operation name="GetInvoicesInRange">
      <soap12:operation soapAction="http://tempuri.org/GetInvoicesInRange" style="document"/>
      <wsdl:input>
        <soap12:body use="literal"/>
      </wsdl:input>
      <wsdl:output>
        <soap12:body use="literal"/>
      </wsdl:output>
    </wsdl:operation>
    <wsdl:operation name="GetInvoices">
      <soap12:operation soapAction="http://tempuri.org/GetInvoices" style="document"/>
      <wsdl:input>
        <soap12:body use="literal"/>
      </wsdl:input>
      <wsdl:output>
        <soap12:body use="literal"/>
      </wsdl:output>
    </wsdl:operation>
    <wsdl:operation name="GetDealHistoryInRange_StringResult">
      <soap12:operation soapAction="http://tempuri.org/GetDealHistoryInRange_StringResult" style="document"/>
      <wsdl:input>
        <soap12:body use="literal"/>
      </wsdl:input>
      <wsdl:output>
        <soap12:body use="literal"/>
      </wsdl:output>
    </wsdl:operation>
    <wsdl:operation name="GetDealHistoryInRangeAuthToken_StringResult">
      <soap12:operation soapAction="http://tempuri.org/GetDealHistoryInRangeAuthToken_StringResult" style="document"/>
      <wsdl:input>
        <soap12:body use="literal"/>
      </wsdl:input>
      <wsdl:output>
        <soap12:body use="literal"/>
      </wsdl:output>
    </wsdl:operation>
    <wsdl:operation name="GetDealHistoryInRange">
      <soap12:operation soapAction="http://tempuri.org/GetDealHistoryInRange" style="document"/>
      <wsdl:input>
        <soap12:body use="literal"/>
      </wsdl:input>
      <wsdl:output>
        <soap12:body use="literal"/>
      </wsdl:output>
    </wsdl:operation>
    <wsdl:operation name="GetDealHistoryInRangeAuthToken">
      <soap12:operation soapAction="http://tempuri.org/GetDealHistoryInRangeAuthToken" style="document"/>
      <wsdl:input>
        <soap12:body use="literal"/>
      </wsdl:input>
      <wsdl:output>
        <soap12:body use="literal"/>
      </wsdl:output>
    </wsdl:operation>
    <wsdl:operation name="GetDealInvoiced">
      <soap12:operation soapAction="http://tempuri.org/GetDealInvoiced" style="document"/>
      <wsdl:input>
        <soap12:body use="literal"/>
      </wsdl:input>
      <wsdl:output>
        <soap12:body use="literal"/>
      </wsdl:output>
    </wsdl:operation>
    <wsdl:operation name="DealInvoiced">
      <soap12:operation soapAction="http://tempuri.org/DealInvoiced" style="document"/>
      <wsdl:input>
        <soap12:body use="literal"/>
      </wsdl:input>
      <wsdl:output>
        <soap12:body use="literal"/>
      </wsdl:output>
    </wsdl:operation>
    <wsdl:operation name="GetErrorMessageByErrorID">
      <soap12:operation soapAction="http://tempuri.org/GetErrorMessageByErrorID" style="document"/>
      <wsdl:input>
        <soap12:body use="literal"/>
      </wsdl:input>
      <wsdl:output>
        <soap12:body use="literal"/>
      </wsdl:output>
    </wsdl:operation>
    <wsdl:operation name="CheckCard_StringResult">
      <soap12:operation soapAction="http://tempuri.org/CheckCard_StringResult" style="document"/>
      <wsdl:input>
        <soap12:body use="literal"/>
      </wsdl:input>
      <wsdl:output>
        <soap12:body use="literal"/>
      </wsdl:output>
    </wsdl:operation>
    <wsdl:operation name="CheckCard">
      <soap12:operation soapAction="http://tempuri.org/CheckCard" style="document"/>
      <wsdl:input>
        <soap12:body use="literal"/>
      </wsdl:input>
      <wsdl:output>
        <soap12:body use="literal"/>
      </wsdl:output>
    </wsdl:operation>
    <wsdl:operation name="ChangePassword_StringResult">
      <soap12:operation soapAction="http://tempuri.org/ChangePassword_StringResult" style="document"/>
      <wsdl:input>
        <soap12:body use="literal"/>
      </wsdl:input>
      <wsdl:output>
        <soap12:body use="literal"/>
      </wsdl:output>
    </wsdl:operation>
    <wsdl:operation name="ChangePassword">
      <soap12:operation soapAction="http://tempuri.org/ChangePassword" style="document"/>
      <wsdl:input>
        <soap12:body use="literal"/>
      </wsdl:input>
      <wsdl:output>
        <soap12:body use="literal"/>
      </wsdl:output>
    </wsdl:operation>
    <wsdl:operation name="TransmitDeals">
      <soap12:operation soapAction="http://tempuri.org/TransmitDeals" style="document"/>
      <wsdl:input>
        <soap12:body use="literal"/>
      </wsdl:input>
      <wsdl:output>
        <soap12:body use="literal"/>
      </wsdl:output>
    </wsdl:operation>
    <wsdl:operation name="CreateForm_PCI">
      <soap12:operation soapAction="http://tempuri.org/CreateForm_PCI" style="document"/>
      <wsdl:input>
        <soap12:body use="literal"/>
      </wsdl:input>
      <wsdl:output>
        <soap12:body use="literal"/>
      </wsdl:output>
    </wsdl:operation>
    <wsdl:operation name="CreateForm_PCI_Advance">
      <soap12:operation soapAction="http://tempuri.org/CreateForm_PCI_Advance" style="document"/>
      <wsdl:input>
        <soap12:body use="literal"/>
      </wsdl:input>
      <wsdl:output>
        <soap12:body use="literal"/>
      </wsdl:output>
    </wsdl:operation>
    <wsdl:operation name="CreateForm">
      <soap12:operation soapAction="http://tempuri.org/CreateForm" style="document"/>
      <wsdl:input>
        <soap12:body use="literal"/>
      </wsdl:input>
      <wsdl:output>
        <soap12:body use="literal"/>
      </wsdl:output>
    </wsdl:operation>
    <wsdl:operation name="ValidateDealWithID">
      <soap12:operation soapAction="http://tempuri.org/ValidateDealWithID" style="document"/>
      <wsdl:input>
        <soap12:body use="literal"/>
      </wsdl:input>
      <wsdl:output>
        <soap12:body use="literal"/>
      </wsdl:output>
    </wsdl:operation>
    <wsdl:operation name="ValidateDeal">
      <soap12:operation soapAction="http://tempuri.org/ValidateDeal" style="document"/>
      <wsdl:input>
        <soap12:body use="literal"/>
      </wsdl:input>
      <wsdl:output>
        <soap12:body use="literal"/>
      </wsdl:output>
    </wsdl:operation>
    <wsdl:operation name="GetNewToken">
      <soap12:operation soapAction="http://tempuri.org/GetNewToken" style="document"/>
      <wsdl:input>
        <soap12:body use="literal"/>
      </wsdl:input>
      <wsdl:output>
        <soap12:body use="literal"/>
      </wsdl:output>
    </wsdl:operation>
    <wsdl:operation name="GetNewTokenWithMagneticStrip">
      <soap12:operation soapAction="http://tempuri.org/GetNewTokenWithMagneticStrip" style="document"/>
      <wsdl:input>
        <soap12:body use="literal"/>
      </wsdl:input>
      <wsdl:output>
        <soap12:body use="literal"/>
      </wsdl:output>
    </wsdl:operation>
    <wsdl:operation name="UpdateToken">
      <soap12:operation soapAction="http://tempuri.org/UpdateToken" style="document"/>
      <wsdl:input>
        <soap12:body use="literal"/>
      </wsdl:input>
      <wsdl:output>
        <soap12:body use="literal"/>
      </wsdl:output>
    </wsdl:operation>
    <wsdl:operation name="DoDealJ5WithToken">
      <soap12:operation soapAction="http://tempuri.org/DoDealJ5WithToken" style="document"/>
      <wsdl:input>
        <soap12:body use="literal"/>
      </wsdl:input>
      <wsdl:output>
        <soap12:body use="literal"/>
      </wsdl:output>
    </wsdl:operation>
    <wsdl:operation name="DoDealWithToken">
      <soap12:operation soapAction="http://tempuri.org/DoDealWithToken" style="document"/>
      <wsdl:input>
        <soap12:body use="literal"/>
      </wsdl:input>
      <wsdl:output>
        <soap12:body use="literal"/>
      </wsdl:output>
    </wsdl:operation>
    <wsdl:operation name="DoDealWithProducts">
      <soap12:operation soapAction="http://tempuri.org/DoDealWithProducts" style="document"/>
      <wsdl:input>
        <soap12:body use="literal"/>
      </wsdl:input>
      <wsdl:output>
        <soap12:body use="literal"/>
      </wsdl:output>
    </wsdl:operation>
    <wsdl:operation name="GetMagStripInfo">
      <soap12:operation soapAction="http://tempuri.org/GetMagStripInfo" style="document"/>
      <wsdl:input>
        <soap12:body use="literal"/>
      </wsdl:input>
      <wsdl:output>
        <soap12:body use="literal"/>
      </wsdl:output>
    </wsdl:operation>
    <wsdl:operation name="GetTokenFullData_StringResult">
      <soap12:operation soapAction="http://tempuri.org/GetTokenFullData_StringResult" style="document"/>
      <wsdl:input>
        <soap12:body use="literal"/>
      </wsdl:input>
      <wsdl:output>
        <soap12:body use="literal"/>
      </wsdl:output>
    </wsdl:operation>
    <wsdl:operation name="GetTokenFullData">
      <soap12:operation soapAction="http://tempuri.org/GetTokenFullData" style="document"/>
      <wsdl:input>
        <soap12:body use="literal"/>
      </wsdl:input>
      <wsdl:output>
        <soap12:body use="literal"/>
      </wsdl:output>
    </wsdl:operation>
    <wsdl:operation name="GetTokenInfo_StringResult">
      <soap12:operation soapAction="http://tempuri.org/GetTokenInfo_StringResult" style="document"/>
      <wsdl:input>
        <soap12:body use="literal"/>
      </wsdl:input>
      <wsdl:output>
        <soap12:body use="literal"/>
      </wsdl:output>
    </wsdl:operation>
    <wsdl:operation name="GetTokenInfo">
      <soap12:operation soapAction="http://tempuri.org/GetTokenInfo" style="document"/>
      <wsdl:input>
        <soap12:body use="literal"/>
      </wsdl:input>
      <wsdl:output>
        <soap12:body use="literal"/>
      </wsdl:output>
    </wsdl:operation>
    <wsdl:operation name="DeleteToken">
      <soap12:operation soapAction="http://tempuri.org/DeleteToken" style="document"/>
      <wsdl:input>
        <soap12:body use="literal"/>
      </wsdl:input>
      <wsdl:output>
        <soap12:body use="literal"/>
      </wsdl:output>
    </wsdl:operation>
    <wsdl:operation name="IsValidToken">
      <soap12:operation soapAction="http://tempuri.org/IsValidToken" style="document"/>
      <wsdl:input>
        <soap12:body use="literal"/>
      </wsdl:input>
      <wsdl:output>
        <soap12:body use="literal"/>
      </wsdl:output>
    </wsdl:operation>
    <wsdl:operation name="IsECInvoiceClient">
      <soap12:operation soapAction="http://tempuri.org/IsECInvoiceClient" style="document"/>
      <wsdl:input>
        <soap12:body use="literal"/>
      </wsdl:input>
      <wsdl:output>
        <soap12:body use="literal"/>
      </wsdl:output>
    </wsdl:operation>
    <wsdl:operation name="ProduceECInvoiceDocument">
      <soap12:operation soapAction="http://tempuri.org/ProduceECInvoiceDocument" style="document"/>
      <wsdl:input>
        <soap12:body use="literal"/>
      </wsdl:input>
      <wsdl:output>
        <soap12:body use="literal"/>
      </wsdl:output>
    </wsdl:operation>
    <wsdl:operation name="ProduceECInvoiceDocumentPerDeal">
      <soap12:operation soapAction="http://tempuri.org/ProduceECInvoiceDocumentPerDeal" style="document"/>
      <wsdl:input>
        <soap12:body use="literal"/>
      </wsdl:input>
      <wsdl:output>
        <soap12:body use="literal"/>
      </wsdl:output>
    </wsdl:operation>
    <wsdl:operation name="GetTerminalType">
      <soap12:operation soapAction="http://tempuri.org/GetTerminalType" style="document"/>
      <wsdl:input>
        <soap12:body use="literal"/>
      </wsdl:input>
      <wsdl:output>
        <soap12:body use="literal"/>
      </wsdl:output>
    </wsdl:operation>
  </wsdl:binding>
  <wsdl:service name="Service">
    <wsdl:port name="ServiceSoap" binding="tns:ServiceSoap">
      <soap:address location="https://ectest.e-c.co.il/Service/Service.asmx"/>
    </wsdl:port>
    <wsdl:port name="ServiceSoap12" binding="tns:ServiceSoap12">
      <soap12:address location="https://ectest.e-c.co.il/Service/Service.asmx"/>
    </wsdl:port>
  </wsdl:service>
</wsdl:definitions>]]></con:content><con:type>http://schemas.xmlsoap.org/wsdl/</con:type></con:part></con:definitionCache><con:endpoints><con:endpoint>https://ectest.e-c.co.il/Service/Service.asmx</con:endpoint></con:endpoints><con:operation id="6475966f-00c3-4aac-88b3-35ec8c33b25a" isOneWay="false" action="http://tempuri.org/ChangePassword" name="ChangePassword" bindingOperationName="ChangePassword" type="Request-Response" inputName="" receivesAttachments="false" sendsAttachments="false" anonymous="optional"><con:settings/><con:call id="a163f101-1a96-4d98-a449-9f581718027d" name="Request 1"><con:settings/><con:encoding>UTF-8</con:encoding><con:endpoint>https://ectest.e-c.co.il/Service/Service.asmx</con:endpoint><con:request><![CDATA[<soap:Envelope xmlns:soap="http://www.w3.org/2003/05/soap-envelope" xmlns:tem="http://tempuri.org/">\r
   <soap:Header/>\r
   <soap:Body>\r
      <tem:ChangePassword>\r
         <!--Optional:-->\r
         <tem:ClientID>?</tem:ClientID>\r
         <!--Optional:-->\r
         <tem:OldPassword>?</tem:OldPassword>\r
         <!--Optional:-->\r
         <tem:NewPassword>?</tem:NewPassword>\r
      </tem:ChangePassword>\r
   </soap:Body>\r
</soap:Envelope>]]></con:request><con:wsaConfig mustUnderstand="NONE" version="200508" action="http://tempuri.org/ServiceSoap/ChangePasswordRequest"/></con:call></con:operation><con:operation id="f4f019ca-2ca1-4ecc-a880-461577eaffd2" isOneWay="false" action="http://tempuri.org/ChangePassword_StringResult" name="ChangePassword_StringResult" bindingOperationName="ChangePassword_StringResult" type="Request-Response" inputName="" receivesAttachments="false" sendsAttachments="false" anonymous="optional"><con:settings/><con:call id="2b2d9460-d08e-488d-8a50-239d43c5fdbc" name="Request 1"><con:settings/><con:encoding>UTF-8</con:encoding><con:endpoint>https://ectest.e-c.co.il/Service/Service.asmx</con:endpoint><con:request><![CDATA[<soap:Envelope xmlns:soap="http://www.w3.org/2003/05/soap-envelope" xmlns:tem="http://tempuri.org/">\r
   <soap:Header/>\r
   <soap:Body>\r
      <tem:ChangePassword_StringResult>\r
         <!--Optional:-->\r
         <tem:ClientID>?</tem:ClientID>\r
         <!--Optional:-->\r
         <tem:OldPassword>?</tem:OldPassword>\r
         <!--Optional:-->\r
         <tem:NewPassword>?</tem:NewPassword>\r
      </tem:ChangePassword_StringResult>\r
   </soap:Body>\r
</soap:Envelope>]]></con:request><con:wsaConfig mustUnderstand="NONE" version="200508" action="http://tempuri.org/ServiceSoap/ChangePassword_StringResultRequest"/></con:call></con:operation><con:operation id="7d2a3b23-2196-4e8a-b9e1-02f27f86b284" isOneWay="false" action="http://tempuri.org/CheckCard" name="CheckCard" bindingOperationName="CheckCard" type="Request-Response" inputName="" receivesAttachments="false" sendsAttachments="false" anonymous="optional"><con:settings/><con:call id="a02cbe01-c5bd-4f7d-ae9b-d26136df745c" name="Request 1"><con:settings/><con:encoding>UTF-8</con:encoding><con:endpoint>https://ectest.e-c.co.il/Service/Service.asmx</con:endpoint><con:request><![CDATA[<soap:Envelope xmlns:soap="http://www.w3.org/2003/05/soap-envelope" xmlns:tem="http://tempuri.org/">\r
   <soap:Header/>\r
   <soap:Body>\r
      <tem:CheckCard>\r
         <!--Optional:-->\r
         <tem:ClientID>?</tem:ClientID>\r
         <!--Optional:-->\r
         <tem:Password>?</tem:Password>\r
         <!--Optional:-->\r
         <tem:CardNumber>?</tem:CardNumber>\r
         <tem:Month>?</tem:Month>\r
         <tem:Year>?</tem:Year>\r
         <!--Optional:-->\r
         <tem:TZ>?</tem:TZ>\r
         <!--Optional:-->\r
         <tem:CVV>?</tem:CVV>\r
         <!--Optional:-->\r
         <tem:CellPhone>?</tem:CellPhone>\r
         <!--Optional:-->\r
         <tem:OwnerName>?</tem:OwnerName>\r
      </tem:CheckCard>\r
   </soap:Body>\r
</soap:Envelope>]]></con:request><con:wsaConfig mustUnderstand="NONE" version="200508" action="http://tempuri.org/ServiceSoap/CheckCardRequest"/></con:call></con:operation><con:operation id="e44113ac-a187-40a3-bb47-f3f0082a5247" isOneWay="false" action="http://tempuri.org/CheckCard_StringResult" name="CheckCard_StringResult" bindingOperationName="CheckCard_StringResult" type="Request-Response" inputName="" receivesAttachments="false" sendsAttachments="false" anonymous="optional"><con:settings/><con:call id="e7cce0c1-3947-4be1-9a1f-28037ea666c7" name="Request 1"><con:settings/><con:encoding>UTF-8</con:encoding><con:endpoint>https://ectest.e-c.co.il/Service/Service.asmx</con:endpoint><con:request><![CDATA[<soap:Envelope xmlns:soap="http://www.w3.org/2003/05/soap-envelope" xmlns:tem="http://tempuri.org/">\r
   <soap:Header/>\r
   <soap:Body>\r
      <tem:CheckCard_StringResult>\r
         <!--Optional:-->\r
         <tem:ClientID>?</tem:ClientID>\r
         <!--Optional:-->\r
         <tem:Password>?</tem:Password>\r
         <!--Optional:-->\r
         <tem:CardNumber>?</tem:CardNumber>\r
         <tem:Month>?</tem:Month>\r
         <tem:Year>?</tem:Year>\r
         <!--Optional:-->\r
         <tem:TZ>?</tem:TZ>\r
         <!--Optional:-->\r
         <tem:CVV>?</tem:CVV>\r
      </tem:CheckCard_StringResult>\r
   </soap:Body>\r
</soap:Envelope>]]></con:request><con:wsaConfig mustUnderstand="NONE" version="200508" action="http://tempuri.org/ServiceSoap/CheckCard_StringResultRequest"/></con:call></con:operation><con:operation id="3bd16289-fa04-4760-b1a3-a03f62fe493c" isOneWay="false" action="http://tempuri.org/CreateForm" name="CreateForm" bindingOperationName="CreateForm" type="Request-Response" inputName="" receivesAttachments="false" sendsAttachments="false" anonymous="optional"><con:settings/><con:call id="5ee5e50b-88a0-4192-8d8a-06ea8776f3b0" name="Request 1"><con:settings/><con:encoding>UTF-8</con:encoding><con:endpoint>https://ectest.e-c.co.il/Service/Service.asmx</con:endpoint><con:request><![CDATA[<soap:Envelope xmlns:soap="http://www.w3.org/2003/05/soap-envelope" xmlns:tem="http://tempuri.org/">\r
   <soap:Header/>\r
   <soap:Body>\r
      <tem:CreateForm>\r
         <!--Optional:-->\r
         <tem:ClientID>?</tem:ClientID>\r
         <!--Optional:-->\r
         <tem:Password>?</tem:Password>\r
         <!--Optional:-->\r
         <tem:Sum>?</tem:Sum>\r
         <!--Optional:-->\r
         <tem:MType>?</tem:MType>\r
         <!--Optional:-->\r
         <tem:StateData>?</tem:StateData>\r
         <!--Optional:-->\r
         <tem:MinPayments>?</tem:MinPayments>\r
         <!--Optional:-->\r
         <tem:MaxPayments>?</tem:MaxPayments>\r
         <!--Optional:-->\r
         <tem:noCredit>?</tem:noCredit>\r
         <!--Optional:-->\r
         <tem:minCreditPayments>?</tem:minCreditPayments>\r
         <!--Optional:-->\r
         <tem:maxCreditPayments>?</tem:maxCreditPayments>\r
         <!--Optional:-->\r
         <tem:note>?</tem:note>\r
         <!--Optional:-->\r
         <tem:externalID>?</tem:externalID>\r
         <!--Optional:-->\r
         <tem:products>?</tem:products>\r
         <!--Optional:-->\r
         <tem:returnURL>?</tem:returnURL>\r
         <!--Optional:-->\r
         <tem:createToken>?</tem:createToken>\r
         <!--Optional:-->\r
         <tem:token>?</tem:token>\r
         <!--Optional:-->\r
         <tem:hideEmail>?</tem:hideEmail>\r
         <!--Optional:-->\r
         <tem:mandMail>?</tem:mandMail>\r
         <!--Optional:-->\r
         <tem:mandName>?</tem:mandName>\r
         <!--Optional:-->\r
         <tem:mandCell>?</tem:mandCell>\r
         <!--Optional:-->\r
         <tem:returnURLFalse>?</tem:returnURLFalse>\r
         <!--Optional:-->\r
         <tem:dealType>?</tem:dealType>\r
         <!--Optional:-->\r
         <tem:ownerName>?</tem:ownerName>\r
         <!--Optional:-->\r
         <tem:ownerCell>?</tem:ownerCell>\r
         <!--Optional:-->\r
         <tem:ownerMail>?</tem:ownerMail>\r
         <!--Optional:-->\r
         <tem:MinPaymentsWithCommission>?</tem:MinPaymentsWithCommission>\r
         <!--Optional:-->\r
         <tem:MaxPaymentsWithCommission>?</tem:MaxPaymentsWithCommission>\r
         <!--Optional:-->\r
         <tem:ReturnIndexTrue>?</tem:ReturnIndexTrue>\r
      </tem:CreateForm>\r
   </soap:Body>\r
</soap:Envelope>]]></con:request><con:wsaConfig mustUnderstand="NONE" version="200508" action="http://tempuri.org/ServiceSoap/CreateFormRequest"/></con:call></con:operation><con:operation id="0739edb3-ff58-44c8-97de-4b46c7de8e6a" isOneWay="false" action="http://tempuri.org/CreateForm_PCI" name="CreateForm_PCI" bindingOperationName="CreateForm_PCI" type="Request-Response" inputName="" receivesAttachments="false" sendsAttachments="false" anonymous="optional"><con:settings/><con:call id="528c629c-6a31-4b41-969c-dc0508a76e60" name="Request 1"><con:settings/><con:encoding>UTF-8</con:encoding><con:endpoint>https://ectest.e-c.co.il/Service/Service.asmx</con:endpoint><con:request><![CDATA[<soap:Envelope xmlns:soap="http://www.w3.org/2003/05/soap-envelope" xmlns:tem="http://tempuri.org/">\r
   <soap:Header/>\r
   <soap:Body>\r
      <tem:CreateForm_PCI>\r
         <!--Optional:-->\r
         <tem:RedirectToken>?</tem:RedirectToken>\r
         <!--Optional:-->\r
         <tem:Sum>?</tem:Sum>\r
         <!--Optional:-->\r
         <tem:MType>?</tem:MType>\r
         <!--Optional:-->\r
         <tem:StateData>?</tem:StateData>\r
         <!--Optional:-->\r
         <tem:MinPayments>?</tem:MinPayments>\r
         <!--Optional:-->\r
         <tem:MaxPayments>?</tem:MaxPayments>\r
         <!--Optional:-->\r
         <tem:noCredit>?</tem:noCredit>\r
         <!--Optional:-->\r
         <tem:minCreditPayments>?</tem:minCreditPayments>\r
         <!--Optional:-->\r
         <tem:maxCreditPayments>?</tem:maxCreditPayments>\r
         <!--Optional:-->\r
         <tem:note>?</tem:note>\r
         <!--Optional:-->\r
         <tem:externalID>?</tem:externalID>\r
         <!--Optional:-->\r
         <tem:products>?</tem:products>\r
         <!--Optional:-->\r
         <tem:returnURL>?</tem:returnURL>\r
         <!--Optional:-->\r
         <tem:createToken>?</tem:createToken>\r
         <!--Optional:-->\r
         <tem:token>?</tem:token>\r
         <!--Optional:-->\r
         <tem:hideEmail>?</tem:hideEmail>\r
         <!--Optional:-->\r
         <tem:mandMail>?</tem:mandMail>\r
         <!--Optional:-->\r
         <tem:mandName>?</tem:mandName>\r
         <!--Optional:-->\r
         <tem:mandCell>?</tem:mandCell>\r
         <!--Optional:-->\r
         <tem:returnURLFalse>?</tem:returnURLFalse>\r
         <!--Optional:-->\r
         <tem:dealType>?</tem:dealType>\r
         <!--Optional:-->\r
         <tem:ownerName>?</tem:ownerName>\r
         <!--Optional:-->\r
         <tem:ownerCell>?</tem:ownerCell>\r
         <!--Optional:-->\r
         <tem:ownerMail>?</tem:ownerMail>\r
         <!--Optional:-->\r
         <tem:MinPaymentsWithCommission>?</tem:MinPaymentsWithCommission>\r
         <!--Optional:-->\r
         <tem:MaxPaymentsWithCommission>?</tem:MaxPaymentsWithCommission>\r
         <!--Optional:-->\r
         <tem:ReturnIndexTrue>?</tem:ReturnIndexTrue>\r
      </tem:CreateForm_PCI>\r
   </soap:Body>\r
</soap:Envelope>]]></con:request><con:wsaConfig mustUnderstand="NONE" version="200508" action="http://tempuri.org/ServiceSoap/CreateForm_PCIRequest"/></con:call></con:operation><con:operation id="0f17d8ec-c27d-4b1a-8ece-1e166ba2294a" isOneWay="false" action="http://tempuri.org/CreateForm_PCI_Advance" name="CreateForm_PCI_Advance" bindingOperationName="CreateForm_PCI_Advance" type="Request-Response" inputName="" receivesAttachments="false" sendsAttachments="false" anonymous="optional"><con:settings/><con:call id="11cfb865-b2df-4282-bab2-3af63e9f0d33" name="Request 1"><con:settings/><con:encoding>UTF-8</con:encoding><con:endpoint>https://ectest.e-c.co.il/Service/Service.asmx</con:endpoint><con:request><![CDATA[<soap:Envelope xmlns:soap="http://www.w3.org/2003/05/soap-envelope" xmlns:tem="http://tempuri.org/">\r
   <soap:Header/>\r
   <soap:Body>\r
      <tem:CreateForm_PCI_Advance>\r
         <!--Optional:-->\r
         <tem:RedirectToken>?</tem:RedirectToken>\r
         <!--Optional:-->\r
         <tem:Sum>?</tem:Sum>\r
         <!--Optional:-->\r
         <tem:MType>?</tem:MType>\r
         <!--Optional:-->\r
         <tem:StateData>?</tem:StateData>\r
         <!--Optional:-->\r
         <tem:MinPayments>?</tem:MinPayments>\r
         <!--Optional:-->\r
         <tem:MaxPayments>?</tem:MaxPayments>\r
         <!--Optional:-->\r
         <tem:noCredit>?</tem:noCredit>\r
         <!--Optional:-->\r
         <tem:minCreditPayments>?</tem:minCreditPayments>\r
         <!--Optional:-->\r
         <tem:maxCreditPayments>?</tem:maxCreditPayments>\r
         <!--Optional:-->\r
         <tem:note>?</tem:note>\r
         <!--Optional:-->\r
         <tem:externalID>?</tem:externalID>\r
         <!--Optional:-->\r
         <tem:products>?</tem:products>\r
         <!--Optional:-->\r
         <tem:returnURL>?</tem:returnURL>\r
         <!--Optional:-->\r
         <tem:createToken>?</tem:createToken>\r
         <!--Optional:-->\r
         <tem:token>?</tem:token>\r
         <!--Optional:-->\r
         <tem:hideEmail>?</tem:hideEmail>\r
         <!--Optional:-->\r
         <tem:mandMail>?</tem:mandMail>\r
         <!--Optional:-->\r
         <tem:mandName>?</tem:mandName>\r
         <!--Optional:-->\r
         <tem:mandCell>?</tem:mandCell>\r
         <!--Optional:-->\r
         <tem:returnURLFalse>?</tem:returnURLFalse>\r
         <!--Optional:-->\r
         <tem:dealType>?</tem:dealType>\r
         <!--Optional:-->\r
         <tem:ownerName>?</tem:ownerName>\r
         <!--Optional:-->\r
         <tem:ownerCell>?</tem:ownerCell>\r
         <!--Optional:-->\r
         <tem:ownerMail>?</tem:ownerMail>\r
         <!--Optional:-->\r
         <tem:MinPaymentsWithCommission>?</tem:MinPaymentsWithCommission>\r
         <!--Optional:-->\r
         <tem:MaxPaymentsWithCommission>?</tem:MaxPaymentsWithCommission>\r
         <!--Optional:-->\r
         <tem:ReturnIndexTrue>?</tem:ReturnIndexTrue>\r
         <!--Optional:-->\r
         <tem:DoDeal>?</tem:DoDeal>\r
      </tem:CreateForm_PCI_Advance>\r
   </soap:Body>\r
</soap:Envelope>]]></con:request><con:wsaConfig mustUnderstand="NONE" version="200508" action="http://tempuri.org/ServiceSoap/CreateForm_PCI_AdvanceRequest"/></con:call></con:operation><con:operation id="264c0b0a-0721-43d8-8c1d-99896c3541c4" isOneWay="false" action="http://tempuri.org/DealInvoiced" name="DealInvoiced" bindingOperationName="DealInvoiced" type="Request-Response" inputName="" receivesAttachments="false" sendsAttachments="false" anonymous="optional"><con:settings/><con:call id="edfe8504-2124-432a-9d9e-894ceba431a2" name="Request 1"><con:settings/><con:encoding>UTF-8</con:encoding><con:endpoint>https://ectest.e-c.co.il/Service/Service.asmx</con:endpoint><con:request><![CDATA[<soap:Envelope xmlns:soap="http://www.w3.org/2003/05/soap-envelope" xmlns:tem="http://tempuri.org/">\r
   <soap:Header/>\r
   <soap:Body>\r
      <tem:DealInvoiced>\r
         <!--Optional:-->\r
         <tem:DealID>?</tem:DealID>\r
         <tem:Invoiced>?</tem:Invoiced>\r
         <!--Optional:-->\r
         <tem:ClientID>?</tem:ClientID>\r
         <!--Optional:-->\r
         <tem:Password>?</tem:Password>\r
      </tem:DealInvoiced>\r
   </soap:Body>\r
</soap:Envelope>]]></con:request><con:wsaConfig mustUnderstand="NONE" version="200508" action="http://tempuri.org/ServiceSoap/DealInvoicedRequest"/></con:call></con:operation><con:operation id="c57eb377-2e98-4483-9817-92401f153068" isOneWay="false" action="http://tempuri.org/DeleteToken" name="DeleteToken" bindingOperationName="DeleteToken" type="Request-Response" inputName="" receivesAttachments="false" sendsAttachments="false" anonymous="optional"><con:settings/><con:call id="6f0e3f23-dcf3-44a3-85cc-db5fd1b2998c" name="Request 1"><con:settings/><con:encoding>UTF-8</con:encoding><con:endpoint>https://ectest.e-c.co.il/Service/Service.asmx</con:endpoint><con:request><![CDATA[<soap:Envelope xmlns:soap="http://www.w3.org/2003/05/soap-envelope" xmlns:tem="http://tempuri.org/">\r
   <soap:Header/>\r
   <soap:Body>\r
      <tem:DeleteToken>\r
         <!--Optional:-->\r
         <tem:ClientID>?</tem:ClientID>\r
         <!--Optional:-->\r
         <tem:Password>?</tem:Password>\r
         <!--Optional:-->\r
         <tem:EcPwd>?</tem:EcPwd>\r
         <!--Optional:-->\r
         <tem:Token>?</tem:Token>\r
      </tem:DeleteToken>\r
   </soap:Body>\r
</soap:Envelope>]]></con:request><con:wsaConfig mustUnderstand="NONE" version="200508" action="http://tempuri.org/ServiceSoap/DeleteTokenRequest"/></con:call></con:operation><con:operation id="f2321bf7-3ccc-4351-9e92-503cafe4adaf" isOneWay="false" action="http://tempuri.org/DoDeal" name="DoDeal" bindingOperationName="DoDeal" type="Request-Response" inputName="" receivesAttachments="false" sendsAttachments="false" anonymous="optional"><con:settings/><con:call id="e76e8037-1303-49bd-acaf-c13c331c7189" name="Request 1"><con:settings/><con:encoding>UTF-8</con:encoding><con:endpoint>https://ectest.e-c.co.il/Service/Service.asmx</con:endpoint><con:request><![CDATA[<soap:Envelope xmlns:soap="http://www.w3.org/2003/05/soap-envelope" xmlns:tem="http://tempuri.org/">\r
   <soap:Header/>\r
   <soap:Body>\r
      <tem:DoDeal>\r
         <!--Optional:-->\r
         <tem:ClientID>?</tem:ClientID>\r
         <!--Optional:-->\r
         <tem:Password>?</tem:Password>\r
         <!--Optional:-->\r
         <tem:ActionMethod>?</tem:ActionMethod>\r
         <!--Optional:-->\r
         <tem:CardNumber>?</tem:CardNumber>\r
         <!--Optional:-->\r
         <tem:ValMonth>?</tem:ValMonth>\r
         <!--Optional:-->\r
         <tem:ValYear>?</tem:ValYear>\r
         <!--Optional:-->\r
         <tem:TotalSum>?</tem:TotalSum>\r
         <!--Optional:-->\r
         <tem:PayNumber>?</tem:PayNumber>\r
         <!--Optional:-->\r
         <tem:FirstPay>?</tem:FirstPay>\r
         <!--Optional:-->\r
         <tem:AddPay>?</tem:AddPay>\r
         <!--Optional:-->\r
         <tem:TZ>?</tem:TZ>\r
         <!--Optional:-->\r
         <tem:CVV2>?</tem:CVV2>\r
         <!--Optional:-->\r
         <tem:DealType>?</tem:DealType>\r
         <!--Optional:-->\r
         <tem:MType>?</tem:MType>\r
         <!--Optional:-->\r
         <tem:Opt>?</tem:Opt>\r
         <!--Optional:-->\r
         <tem:Note>?</tem:Note>\r
         <!--Optional:-->\r
         <tem:OwnerName>?</tem:OwnerName>\r
         <!--Optional:-->\r
         <tem:Email>?</tem:Email>\r
         <!--Optional:-->\r
         <tem:CellPhone>?</tem:CellPhone>\r
      </tem:DoDeal>\r
   </soap:Body>\r
</soap:Envelope>]]></con:request><con:wsaConfig mustUnderstand="NONE" version="200508" action="http://tempuri.org/ServiceSoap/DoDealRequest"/></con:call></con:operation><con:operation id="1b2d232e-139b-48c9-b7a5-3cb834641d1c" isOneWay="false" action="http://tempuri.org/DoDealExt" name="DoDealExt" bindingOperationName="DoDealExt" type="Request-Response" inputName="" receivesAttachments="false" sendsAttachments="false" anonymous="optional"><con:settings/><con:call id="3c1dbf4e-d33b-4841-a058-b9d6ea91d18b" name="Request 1"><con:settings/><con:encoding>UTF-8</con:encoding><con:endpoint>https://ectest.e-c.co.il/Service/Service.asmx</con:endpoint><con:request><![CDATA[<soap:Envelope xmlns:soap="http://www.w3.org/2003/05/soap-envelope" xmlns:tem="http://tempuri.org/">\r
   <soap:Header/>\r
   <soap:Body>\r
      <tem:DoDealExt>\r
         <!--Optional:-->\r
         <tem:ClientID>?</tem:ClientID>\r
         <!--Optional:-->\r
         <tem:Password>?</tem:Password>\r
         <!--Optional:-->\r
         <tem:Code>?</tem:Code>\r
         <!--Optional:-->\r
         <tem:CardNumber>?</tem:CardNumber>\r
         <!--Optional:-->\r
         <tem:ValMonth>?</tem:ValMonth>\r
         <!--Optional:-->\r
         <tem:ValYear>?</tem:ValYear>\r
         <!--Optional:-->\r
         <tem:TotalSum>?</tem:TotalSum>\r
         <!--Optional:-->\r
         <tem:PayNumber>?</tem:PayNumber>\r
         <!--Optional:-->\r
         <tem:FirstPay>?</tem:FirstPay>\r
         <!--Optional:-->\r
         <tem:AddPay>?</tem:AddPay>\r
         <!--Optional:-->\r
         <tem:TZ>?</tem:TZ>\r
         <!--Optional:-->\r
         <tem:CVV2>?</tem:CVV2>\r
         <!--Optional:-->\r
         <tem:DealType>?</tem:DealType>\r
         <!--Optional:-->\r
         <tem:MType>?</tem:MType>\r
         <!--Optional:-->\r
         <tem:Opt>?</tem:Opt>\r
         <!--Optional:-->\r
         <tem:Note>?</tem:Note>\r
         <!--Optional:-->\r
         <tem:AuthNum>?</tem:AuthNum>\r
         <!--Optional:-->\r
         <tem:OwnerName>?</tem:OwnerName>\r
         <!--Optional:-->\r
         <tem:Cell>?</tem:Cell>\r
         <!--Optional:-->\r
         <tem:Email>?</tem:Email>\r
      </tem:DoDealExt>\r
   </soap:Body>\r
</soap:Envelope>]]></con:request><con:wsaConfig mustUnderstand="NONE" version="200508" action="http://tempuri.org/ServiceSoap/DoDealExtRequest"/></con:call></con:operation><con:operation id="4e317f7d-2370-419b-84ea-07d02bf86553" isOneWay="false" action="http://tempuri.org/DoDealJ5WithToken" name="DoDealJ5WithToken" bindingOperationName="DoDealJ5WithToken" type="Request-Response" inputName="" receivesAttachments="false" sendsAttachments="false" anonymous="optional"><con:settings/><con:call id="1ff2ad11-f082-4a9d-8152-240733378693" name="Request 1"><con:settings/><con:encoding>UTF-8</con:encoding><con:endpoint>https://ectest.e-c.co.il/Service/Service.asmx</con:endpoint><con:request><![CDATA[<soap:Envelope xmlns:soap="http://www.w3.org/2003/05/soap-envelope" xmlns:tem="http://tempuri.org/">\r
   <soap:Header/>\r
   <soap:Body>\r
      <tem:DoDealJ5WithToken>\r
         <!--Optional:-->\r
         <tem:ClientID>?</tem:ClientID>\r
         <!--Optional:-->\r
         <tem:Password>?</tem:Password>\r
         <!--Optional:-->\r
         <tem:EcPwd>?</tem:EcPwd>\r
         <!--Optional:-->\r
         <tem:ActionMethod>?</tem:ActionMethod>\r
         <!--Optional:-->\r
         <tem:TotalSum>?</tem:TotalSum>\r
         <!--Optional:-->\r
         <tem:PayNumber>?</tem:PayNumber>\r
         <!--Optional:-->\r
         <tem:FirstPay>?</tem:FirstPay>\r
         <!--Optional:-->\r
         <tem:AddPay>?</tem:AddPay>\r
         <!--Optional:-->\r
         <tem:MType>?</tem:MType>\r
         <!--Optional:-->\r
         <tem:Opt>?</tem:Opt>\r
         <!--Optional:-->\r
         <tem:Note>?</tem:Note>\r
         <!--Optional:-->\r
         <tem:ExternalID>?</tem:ExternalID>\r
         <!--Optional:-->\r
         <tem:Token>?</tem:Token>\r
         <!--Optional:-->\r
         <tem:OwnerName>?</tem:OwnerName>\r
         <!--Optional:-->\r
         <tem:CellPhone>?</tem:CellPhone>\r
         <!--Optional:-->\r
         <tem:Email>?</tem:Email>\r
      </tem:DoDealJ5WithToken>\r
   </soap:Body>\r
</soap:Envelope>]]></con:request><con:wsaConfig mustUnderstand="NONE" version="200508" action="http://tempuri.org/ServiceSoap/DoDealJ5WithTokenRequest"/></con:call></con:operation><con:operation id="3fe84e88-2920-4426-ab10-ce916d936dd8" isOneWay="false" action="http://tempuri.org/DoDealOldExt" name="DoDealOldExt" bindingOperationName="DoDealOldExt" type="Request-Response" inputName="" receivesAttachments="false" sendsAttachments="false" anonymous="optional"><con:settings/><con:call id="5112952c-167a-4b50-b9e2-f47aa8ff45d5" name="Request 1"><con:settings/><con:encoding>UTF-8</con:encoding><con:endpoint>https://ectest.e-c.co.il/Service/Service.asmx</con:endpoint><con:request><![CDATA[<soap:Envelope xmlns:soap="http://www.w3.org/2003/05/soap-envelope" xmlns:tem="http://tempuri.org/">\r
   <soap:Header/>\r
   <soap:Body>\r
      <tem:DoDealOldExt>\r
         <!--Optional:-->\r
         <tem:ClientID>?</tem:ClientID>\r
         <!--Optional:-->\r
         <tem:Password>?</tem:Password>\r
         <!--Optional:-->\r
         <tem:Code>?</tem:Code>\r
         <!--Optional:-->\r
         <tem:CardNumber>?</tem:CardNumber>\r
         <!--Optional:-->\r
         <tem:ValMonth>?</tem:ValMonth>\r
         <!--Optional:-->\r
         <tem:ValYear>?</tem:ValYear>\r
         <!--Optional:-->\r
         <tem:TotalSum>?</tem:TotalSum>\r
         <!--Optional:-->\r
         <tem:PayNumber>?</tem:PayNumber>\r
         <!--Optional:-->\r
         <tem:FirstPay>?</tem:FirstPay>\r
         <!--Optional:-->\r
         <tem:AddPay>?</tem:AddPay>\r
         <!--Optional:-->\r
         <tem:TZ>?</tem:TZ>\r
         <!--Optional:-->\r
         <tem:CVV2>?</tem:CVV2>\r
         <!--Optional:-->\r
         <tem:DealType>?</tem:DealType>\r
         <!--Optional:-->\r
         <tem:MType>?</tem:MType>\r
         <!--Optional:-->\r
         <tem:Opt>?</tem:Opt>\r
         <!--Optional:-->\r
         <tem:Note>?</tem:Note>\r
         <!--Optional:-->\r
         <tem:AuthNum>?</tem:AuthNum>\r
         <!--Optional:-->\r
         <tem:OwnerName>?</tem:OwnerName>\r
         <!--Optional:-->\r
         <tem:Email>?</tem:Email>\r
         <!--Optional:-->\r
         <tem:CellPhone>?</tem:CellPhone>\r
      </tem:DoDealOldExt>\r
   </soap:Body>\r
</soap:Envelope>]]></con:request><con:wsaConfig mustUnderstand="NONE" version="200508" action="http://tempuri.org/ServiceSoap/DoDealOldExtRequest"/></con:call></con:operation><con:operation id="8278e1e3-9dca-44e6-a187-63eef619cd60" isOneWay="false" action="http://tempuri.org/DoDealPinPad" name="DoDealPinPad" bindingOperationName="DoDealPinPad" type="Request-Response" inputName="" receivesAttachments="false" sendsAttachments="false" anonymous="optional"><con:settings/><con:call id="adaac3fc-81ea-45ad-99e2-14b044d5f69a" name="Request 1"><con:settings><con:setting id="com.eviware.soapui.impl.wsdl.WsdlRequest@request-headers">&lt;xml-fragment/></con:setting></con:settings><con:encoding>UTF-8</con:encoding><con:endpoint>https://ectest.e-c.co.il/Service/Service.asmx</con:endpoint><con:request><![CDATA[<soap:Envelope xmlns:soap="http://www.w3.org/2003/05/soap-envelope" xmlns:tem="http://tempuri.org/">\r
   <soap:Header/>\r
   <soap:Body>\r
      <tem:DoDealPinPad>\r
         <!--Optional:-->\r
         <tem:ClientID>?</tem:ClientID>\r
         <!--Optional:-->\r
         <tem:Password>?</tem:Password>\r
         <!--Optional:-->\r
         <tem:ActionMethod>?</tem:ActionMethod>\r
         <!--Optional:-->\r
         <tem:TotalSum>?</tem:TotalSum>\r
         <!--Optional:-->\r
         <tem:PayNumber>?</tem:PayNumber>\r
         <!--Optional:-->\r
         <tem:FirstPay>?</tem:FirstPay>\r
         <!--Optional:-->\r
         <tem:AddPay>?</tem:AddPay>\r
         <!--Optional:-->\r
         <tem:TZ>?</tem:TZ>\r
         <!--Optional:-->\r
         <tem:DealType>?</tem:DealType>\r
         <!--Optional:-->\r
         <tem:MType>?</tem:MType>\r
         <!--Optional:-->\r
         <tem:Opt>?</tem:Opt>\r
         <!--Optional:-->\r
         <tem:Note>?</tem:Note>\r
         <!--Optional:-->\r
         <tem:OwnerName>?</tem:OwnerName>\r
         <!--Optional:-->\r
         <tem:ExternalID>?</tem:ExternalID>\r
         <!--Optional:-->\r
         <tem:Email>?</tem:Email>\r
         <!--Optional:-->\r
         <tem:CellPhone>?</tem:CellPhone>\r
      </tem:DoDealPinPad>\r
   </soap:Body>\r
</soap:Envelope>]]></con:request><con:credentials><con:authType>No Authorization</con:authType></con:credentials><con:jmsConfig JMSDeliveryMode="PERSISTENT"/><con:jmsPropertyConfig/><con:wsaConfig mustUnderstand="NONE" version="200508" action="http://tempuri.org/ServiceSoap/DoDealPinPadRequest"/><con:wsrmConfig version="1.2"/></con:call></con:operation><con:operation id="45c07298-6de5-4014-8a2c-82126053d1bf" isOneWay="false" action="http://tempuri.org/DoDealUserCodeWithTokenExt" name="DoDealUserCodeWithTokenExt" bindingOperationName="DoDealUserCodeWithTokenExt" type="Request-Response" inputName="" receivesAttachments="false" sendsAttachments="false" anonymous="optional"><con:settings/><con:call id="4fd6fda5-4b37-4467-8191-4aae514892c2" name="Request 1"><con:settings/><con:encoding>UTF-8</con:encoding><con:endpoint>https://ectest.e-c.co.il/Service/Service.asmx</con:endpoint><con:request><![CDATA[<soap:Envelope xmlns:soap="http://www.w3.org/2003/05/soap-envelope" xmlns:tem="http://tempuri.org/">\r
   <soap:Header/>\r
   <soap:Body>\r
      <tem:DoDealUserCodeWithTokenExt>\r
         <!--Optional:-->\r
         <tem:ClientID>?</tem:ClientID>\r
         <!--Optional:-->\r
         <tem:Password>?</tem:Password>\r
         <!--Optional:-->\r
         <tem:Code>?</tem:Code>\r
         <!--Optional:-->\r
         <tem:CardNumber>?</tem:CardNumber>\r
         <!--Optional:-->\r
         <tem:ValMonth>?</tem:ValMonth>\r
         <!--Optional:-->\r
         <tem:ValYear>?</tem:ValYear>\r
         <!--Optional:-->\r
         <tem:TotalSum>?</tem:TotalSum>\r
         <!--Optional:-->\r
         <tem:PayNumber>?</tem:PayNumber>\r
         <!--Optional:-->\r
         <tem:FirstPay>?</tem:FirstPay>\r
         <!--Optional:-->\r
         <tem:AddPay>?</tem:AddPay>\r
         <!--Optional:-->\r
         <tem:TZ>?</tem:TZ>\r
         <!--Optional:-->\r
         <tem:CVV2>?</tem:CVV2>\r
         <!--Optional:-->\r
         <tem:DealType>?</tem:DealType>\r
         <!--Optional:-->\r
         <tem:MType>?</tem:MType>\r
         <!--Optional:-->\r
         <tem:Opt>?</tem:Opt>\r
         <!--Optional:-->\r
         <tem:Note>?</tem:Note>\r
         <!--Optional:-->\r
         <tem:AuthNum>?</tem:AuthNum>\r
         <!--Optional:-->\r
         <tem:OwnerName>?</tem:OwnerName>\r
         <!--Optional:-->\r
         <tem:Cell>?</tem:Cell>\r
         <!--Optional:-->\r
         <tem:UserCode>?</tem:UserCode>\r
         <!--Optional:-->\r
         <tem:CreateToken>?</tem:CreateToken>\r
         <!--Optional:-->\r
         <tem:Token>?</tem:Token>\r
         <!--Optional:-->\r
         <tem:ExternalID>?</tem:ExternalID>\r
         <!--Optional:-->\r
         <tem:Email>?</tem:Email>\r
      </tem:DoDealUserCodeWithTokenExt>\r
   </soap:Body>\r
</soap:Envelope>]]></con:request><con:wsaConfig mustUnderstand="NONE" version="200508" action="http://tempuri.org/ServiceSoap/DoDealUserCodeWithTokenExtRequest"/></con:call></con:operation><con:operation id="a412fb31-2c21-4dd4-a49c-b06be45cf97f" isOneWay="false" action="http://tempuri.org/DoDealWithExternalID" name="DoDealWithExternalID" bindingOperationName="DoDealWithExternalID" type="Request-Response" inputName="" receivesAttachments="false" sendsAttachments="false" anonymous="optional"><con:settings/><con:call id="19f3f0b3-89ff-4ec5-bdd2-745a76516fc6" name="Request 1"><con:settings/><con:encoding>UTF-8</con:encoding><con:endpoint>https://ectest.e-c.co.il/Service/Service.asmx</con:endpoint><con:request><![CDATA[<soap:Envelope xmlns:soap="http://www.w3.org/2003/05/soap-envelope" xmlns:tem="http://tempuri.org/">\r
   <soap:Header/>\r
   <soap:Body>\r
      <tem:DoDealWithExternalID>\r
         <!--Optional:-->\r
         <tem:ClientID>?</tem:ClientID>\r
         <!--Optional:-->\r
         <tem:Password>?</tem:Password>\r
         <!--Optional:-->\r
         <tem:ActionMethod>?</tem:ActionMethod>\r
         <!--Optional:-->\r
         <tem:CardNumber>?</tem:CardNumber>\r
         <!--Optional:-->\r
         <tem:ValMonth>?</tem:ValMonth>\r
         <!--Optional:-->\r
         <tem:ValYear>?</tem:ValYear>\r
         <!--Optional:-->\r
         <tem:TotalSum>?</tem:TotalSum>\r
         <!--Optional:-->\r
         <tem:PayNumber>?</tem:PayNumber>\r
         <!--Optional:-->\r
         <tem:FirstPay>?</tem:FirstPay>\r
         <!--Optional:-->\r
         <tem:AddPay>?</tem:AddPay>\r
         <!--Optional:-->\r
         <tem:TZ>?</tem:TZ>\r
         <!--Optional:-->\r
         <tem:CVV2>?</tem:CVV2>\r
         <!--Optional:-->\r
         <tem:DealType>?</tem:DealType>\r
         <!--Optional:-->\r
         <tem:MType>?</tem:MType>\r
         <!--Optional:-->\r
         <tem:Opt>?</tem:Opt>\r
         <!--Optional:-->\r
         <tem:Note>?</tem:Note>\r
         <!--Optional:-->\r
         <tem:ExternalID>?</tem:ExternalID>\r
         <!--Optional:-->\r
         <tem:OwnerName>?</tem:OwnerName>\r
         <!--Optional:-->\r
         <tem:Email>?</tem:Email>\r
      </tem:DoDealWithExternalID>\r
   </soap:Body>\r
</soap:Envelope>]]></con:request><con:wsaConfig mustUnderstand="NONE" version="200508" action="http://tempuri.org/ServiceSoap/DoDealWithExternalIDRequest"/></con:call></con:operation><con:operation id="7094b43d-0a5b-4c7a-8ecd-6640c1539fa7" isOneWay="false" action="http://tempuri.org/DoDealWithProducts" name="DoDealWithProducts" bindingOperationName="DoDealWithProducts" type="Request-Response" inputName="" receivesAttachments="false" sendsAttachments="false" anonymous="optional"><con:settings/><con:call id="99b199a0-6b3c-4c49-9f9c-34973f84b204" name="Request 1"><con:settings/><con:encoding>UTF-8</con:encoding><con:endpoint>https://ectest.e-c.co.il/Service/Service.asmx</con:endpoint><con:request><![CDATA[<soap:Envelope xmlns:soap="http://www.w3.org/2003/05/soap-envelope" xmlns:tem="http://tempuri.org/">\r
   <soap:Header/>\r
   <soap:Body>\r
      <tem:DoDealWithProducts>\r
         <!--Optional:-->\r
         <tem:ClientID>?</tem:ClientID>\r
         <!--Optional:-->\r
         <tem:Password>?</tem:Password>\r
         <!--Optional:-->\r
         <tem:ActionMethod>?</tem:ActionMethod>\r
         <!--Optional:-->\r
         <tem:TotalSum>?</tem:TotalSum>\r
         <!--Optional:-->\r
         <tem:PayNumber>?</tem:PayNumber>\r
         <!--Optional:-->\r
         <tem:FirstPay>?</tem:FirstPay>\r
         <!--Optional:-->\r
         <tem:AddPay>?</tem:AddPay>\r
         <!--Optional:-->\r
         <tem:DealType>?</tem:DealType>\r
         <!--Optional:-->\r
         <tem:MType>?</tem:MType>\r
         <!--Optional:-->\r
         <tem:Opt>?</tem:Opt>\r
         <!--Optional:-->\r
         <tem:Note>?</tem:Note>\r
         <!--Optional:-->\r
         <tem:ExternalID>?</tem:ExternalID>\r
         <!--Optional:-->\r
         <tem:Token>?</tem:Token>\r
         <!--Optional:-->\r
         <tem:CardNumber>?</tem:CardNumber>\r
         <!--Optional:-->\r
         <tem:ValMonth>?</tem:ValMonth>\r
         <!--Optional:-->\r
         <tem:ValYear>?</tem:ValYear>\r
         <!--Optional:-->\r
         <tem:OwnerName>?</tem:OwnerName>\r
         <!--Optional:-->\r
         <tem:TZ>?</tem:TZ>\r
         <!--Optional:-->\r
         <tem:CVV2>?</tem:CVV2>\r
         <!--Optional:-->\r
         <tem:JsonProductsList>?</tem:JsonProductsList>\r
         <!--Optional:-->\r
         <tem:CostumerAddress>?</tem:CostumerAddress>\r
         <!--Optional:-->\r
         <tem:CostumerPostalCode>?</tem:CostumerPostalCode>\r
         <!--Optional:-->\r
         <tem:CostumerEmail>?</tem:CostumerEmail>\r
         <!--Optional:-->\r
         <tem:CostumerPhomeNumber>?</tem:CostumerPhomeNumber>\r
      </tem:DoDealWithProducts>\r
   </soap:Body>\r
</soap:Envelope>]]></con:request><con:wsaConfig mustUnderstand="NONE" version="200508" action="http://tempuri.org/ServiceSoap/DoDealWithProductsRequest"/></con:call></con:operation><con:operation id="dcf58a0d-d2d7-49b9-bdec-f5b239bf19d7" isOneWay="false" action="http://tempuri.org/DoDealWithToken" name="DoDealWithToken" bindingOperationName="DoDealWithToken" type="Request-Response" inputName="" receivesAttachments="false" sendsAttachments="false" anonymous="optional"><con:settings/><con:call id="f675bca3-6e96-4573-819d-c567c6517b6e" name="Request 1"><con:settings/><con:encoding>UTF-8</con:encoding><con:endpoint>https://ectest.e-c.co.il/Service/Service.asmx</con:endpoint><con:request><![CDATA[<soap:Envelope xmlns:soap="http://www.w3.org/2003/05/soap-envelope" xmlns:tem="http://tempuri.org/">\r
   <soap:Header/>\r
   <soap:Body>\r
      <tem:DoDealWithToken>\r
         <!--Optional:-->\r
         <tem:ClientID>?</tem:ClientID>\r
         <!--Optional:-->\r
         <tem:Password>?</tem:Password>\r
         <!--Optional:-->\r
         <tem:EcPwd>?</tem:EcPwd>\r
         <!--Optional:-->\r
         <tem:ActionMethod>?</tem:ActionMethod>\r
         <!--Optional:-->\r
         <tem:TotalSum>?</tem:TotalSum>\r
         <!--Optional:-->\r
         <tem:PayNumber>?</tem:PayNumber>\r
         <!--Optional:-->\r
         <tem:FirstPay>?</tem:FirstPay>\r
         <!--Optional:-->\r
         <tem:AddPay>?</tem:AddPay>\r
         <!--Optional:-->\r
         <tem:DealType>?</tem:DealType>\r
         <!--Optional:-->\r
         <tem:MType>?</tem:MType>\r
         <!--Optional:-->\r
         <tem:Opt>?</tem:Opt>\r
         <!--Optional:-->\r
         <tem:Note>?</tem:Note>\r
         <!--Optional:-->\r
         <tem:ExternalID>?</tem:ExternalID>\r
         <!--Optional:-->\r
         <tem:Token>?</tem:Token>\r
         <!--Optional:-->\r
         <tem:OwnerName>?</tem:OwnerName>\r
      </tem:DoDealWithToken>\r
   </soap:Body>\r
</soap:Envelope>]]></con:request><con:wsaConfig mustUnderstand="NONE" version="200508" action="http://tempuri.org/ServiceSoap/DoDealWithTokenRequest"/></con:call></con:operation><con:operation id="447ab050-7b90-4267-aafa-9240fc8f2fe8" isOneWay="false" action="http://tempuri.org/DoDealWithTokenExt" name="DoDealWithTokenExt" bindingOperationName="DoDealWithTokenExt" type="Request-Response" inputName="" receivesAttachments="false" sendsAttachments="false" anonymous="optional"><con:settings/><con:call id="8cefbc44-f69e-45ce-8e41-749a74a1a9b7" name="Request 1"><con:settings/><con:encoding>UTF-8</con:encoding><con:endpoint>https://ectest.e-c.co.il/Service/Service.asmx</con:endpoint><con:request><![CDATA[<soap:Envelope xmlns:soap="http://www.w3.org/2003/05/soap-envelope" xmlns:tem="http://tempuri.org/">\r
   <soap:Header/>\r
   <soap:Body>\r
      <tem:DoDealWithTokenExt>\r
         <!--Optional:-->\r
         <tem:ClientID>?</tem:ClientID>\r
         <!--Optional:-->\r
         <tem:Password>?</tem:Password>\r
         <!--Optional:-->\r
         <tem:EcPwd>?</tem:EcPwd>\r
         <!--Optional:-->\r
         <tem:ActionMethod>?</tem:ActionMethod>\r
         <!--Optional:-->\r
         <tem:TotalSum>?</tem:TotalSum>\r
         <!--Optional:-->\r
         <tem:PayNumber>?</tem:PayNumber>\r
         <!--Optional:-->\r
         <tem:FirstPay>?</tem:FirstPay>\r
         <!--Optional:-->\r
         <tem:AddPay>?</tem:AddPay>\r
         <!--Optional:-->\r
         <tem:DealType>?</tem:DealType>\r
         <!--Optional:-->\r
         <tem:MType>?</tem:MType>\r
         <!--Optional:-->\r
         <tem:Opt>?</tem:Opt>\r
         <!--Optional:-->\r
         <tem:Note>?</tem:Note>\r
         <!--Optional:-->\r
         <tem:AuthNum>?</tem:AuthNum>\r
         <!--Optional:-->\r
         <tem:ExternalID>?</tem:ExternalID>\r
         <!--Optional:-->\r
         <tem:Token>?</tem:Token>\r
         <!--Optional:-->\r
         <tem:OwnerName>?</tem:OwnerName>\r
      </tem:DoDealWithTokenExt>\r
   </soap:Body>\r
</soap:Envelope>]]></con:request><con:wsaConfig mustUnderstand="NONE" version="200508" action="http://tempuri.org/ServiceSoap/DoDealWithTokenExtRequest"/></con:call></con:operation><con:operation id="9a78470e-0183-4b2a-84dd-1b312236a131" isOneWay="false" action="http://tempuri.org/GetDealByExternalID" name="GetDealByExternalID" bindingOperationName="GetDealByExternalID" type="Request-Response" inputName="" receivesAttachments="false" sendsAttachments="false" anonymous="optional"><con:settings/><con:call id="caca4696-9e10-4c27-9f30-5f46923d0404" name="Request 1"><con:settings/><con:encoding>UTF-8</con:encoding><con:endpoint>https://ectest.e-c.co.il/Service/Service.asmx</con:endpoint><con:request><![CDATA[<soap:Envelope xmlns:soap="http://www.w3.org/2003/05/soap-envelope" xmlns:tem="http://tempuri.org/">\r
   <soap:Header/>\r
   <soap:Body>\r
      <tem:GetDealByExternalID>\r
         <!--Optional:-->\r
         <tem:ClientID>?</tem:ClientID>\r
         <!--Optional:-->\r
         <tem:Password>?</tem:Password>\r
         <!--Optional:-->\r
         <tem:ExternalID>?</tem:ExternalID>\r
      </tem:GetDealByExternalID>\r
   </soap:Body>\r
</soap:Envelope>]]></con:request><con:wsaConfig mustUnderstand="NONE" version="200508" action="http://tempuri.org/ServiceSoap/GetDealByExternalIDRequest"/></con:call></con:operation><con:operation id="42d0daa0-78ba-4408-b7f1-596b142ff4ce" isOneWay="false" action="http://tempuri.org/GetDealByExternalID_StringResult" name="GetDealByExternalID_StringResult" bindingOperationName="GetDealByExternalID_StringResult" type="Request-Response" inputName="" receivesAttachments="false" sendsAttachments="false" anonymous="optional"><con:settings/><con:call id="4fa96b8d-b00a-4b22-839a-966f454b302d" name="Request 1"><con:settings/><con:encoding>UTF-8</con:encoding><con:endpoint>https://ectest.e-c.co.il/Service/Service.asmx</con:endpoint><con:request><![CDATA[<soap:Envelope xmlns:soap="http://www.w3.org/2003/05/soap-envelope" xmlns:tem="http://tempuri.org/">\r
   <soap:Header/>\r
   <soap:Body>\r
      <tem:GetDealByExternalID_StringResult>\r
         <!--Optional:-->\r
         <tem:ClientID>?</tem:ClientID>\r
         <!--Optional:-->\r
         <tem:Password>?</tem:Password>\r
         <!--Optional:-->\r
         <tem:ExternalID>?</tem:ExternalID>\r
      </tem:GetDealByExternalID_StringResult>\r
   </soap:Body>\r
</soap:Envelope>]]></con:request><con:wsaConfig mustUnderstand="NONE" version="200508" action="http://tempuri.org/ServiceSoap/GetDealByExternalID_StringResultRequest"/></con:call></con:operation><con:operation id="6e1a98f9-4fcf-4f91-bac1-c9f98f20f46b" isOneWay="false" action="http://tempuri.org/GetDealHistory" name="GetDealHistory" bindingOperationName="GetDealHistory" type="Request-Response" inputName="" receivesAttachments="false" sendsAttachments="false" anonymous="optional"><con:settings/><con:call id="4c30ee67-e110-4644-8e8e-5a87a6147638" name="Request 1"><con:settings/><con:encoding>UTF-8</con:encoding><con:endpoint>https://ectest.e-c.co.il/Service/Service.asmx</con:endpoint><con:request><![CDATA[<soap:Envelope xmlns:soap="http://www.w3.org/2003/05/soap-envelope" xmlns:tem="http://tempuri.org/">\r
   <soap:Header/>\r
   <soap:Body>\r
      <tem:GetDealHistory>\r
         <!--Optional:-->\r
         <tem:ClientID>?</tem:ClientID>\r
         <!--Optional:-->\r
         <tem:Password>?</tem:Password>\r
      </tem:GetDealHistory>\r
   </soap:Body>\r
</soap:Envelope>]]></con:request><con:wsaConfig mustUnderstand="NONE" version="200508" action="http://tempuri.org/ServiceSoap/GetDealHistoryRequest"/></con:call></con:operation><con:operation id="dc6754cf-9aee-4219-9765-9dc77da202b0" isOneWay="false" action="http://tempuri.org/GetDealHistory_StringResult" name="GetDealHistory_StringResult" bindingOperationName="GetDealHistory_StringResult" type="Request-Response" inputName="" receivesAttachments="false" sendsAttachments="false" anonymous="optional"><con:settings/><con:call id="33ecb152-03d1-4094-a714-d2fb732bd977" name="Request 1"><con:settings/><con:encoding>UTF-8</con:encoding><con:endpoint>https://ectest.e-c.co.il/Service/Service.asmx</con:endpoint><con:request><![CDATA[<soap:Envelope xmlns:soap="http://www.w3.org/2003/05/soap-envelope" xmlns:tem="http://tempuri.org/">\r
   <soap:Header/>\r
   <soap:Body>\r
      <tem:GetDealHistory_StringResult>\r
         <!--Optional:-->\r
         <tem:ClientID>?</tem:ClientID>\r
         <!--Optional:-->\r
         <tem:Password>?</tem:Password>\r
      </tem:GetDealHistory_StringResult>\r
   </soap:Body>\r
</soap:Envelope>]]></con:request><con:wsaConfig mustUnderstand="NONE" version="200508" action="http://tempuri.org/ServiceSoap/GetDealHistory_StringResultRequest"/></con:call></con:operation><con:operation id="8c2c4909-5fdc-415f-9290-67ec992d4f58" isOneWay="false" action="http://tempuri.org/GetDealHistoryAuthToken" name="GetDealHistoryAuthToken" bindingOperationName="GetDealHistoryAuthToken" type="Request-Response" inputName="" receivesAttachments="false" sendsAttachments="false" anonymous="optional"><con:settings/><con:call id="b2f96bbd-a505-4762-8218-5198612da1a6" name="Request 1"><con:settings/><con:encoding>UTF-8</con:encoding><con:endpoint>https://ectest.e-c.co.il/Service/Service.asmx</con:endpoint><con:request><![CDATA[<soap:Envelope xmlns:soap="http://www.w3.org/2003/05/soap-envelope" xmlns:tem="http://tempuri.org/">\r
   <soap:Header/>\r
   <soap:Body>\r
      <tem:GetDealHistoryAuthToken>\r
         <!--Optional:-->\r
         <tem:Token>?</tem:Token>\r
      </tem:GetDealHistoryAuthToken>\r
   </soap:Body>\r
</soap:Envelope>]]></con:request><con:wsaConfig mustUnderstand="NONE" version="200508" action="http://tempuri.org/ServiceSoap/GetDealHistoryAuthTokenRequest"/></con:call></con:operation><con:operation id="f25f57a2-1c4c-4679-ae0f-0a3b79feaee7" isOneWay="false" action="http://tempuri.org/GetDealHistoryAuthToken_StringResult" name="GetDealHistoryAuthToken_StringResult" bindingOperationName="GetDealHistoryAuthToken_StringResult" type="Request-Response" inputName="" receivesAttachments="false" sendsAttachments="false" anonymous="optional"><con:settings/><con:call id="e8cd380f-e7e1-4d4e-b3ed-cf0376ecc12f" name="Request 1"><con:settings/><con:encoding>UTF-8</con:encoding><con:endpoint>https://ectest.e-c.co.il/Service/Service.asmx</con:endpoint><con:request><![CDATA[<soap:Envelope xmlns:soap="http://www.w3.org/2003/05/soap-envelope" xmlns:tem="http://tempuri.org/">\r
   <soap:Header/>\r
   <soap:Body>\r
      <tem:GetDealHistoryAuthToken_StringResult>\r
         <!--Optional:-->\r
         <tem:Token>?</tem:Token>\r
      </tem:GetDealHistoryAuthToken_StringResult>\r
   </soap:Body>\r
</soap:Envelope>]]></con:request><con:wsaConfig mustUnderstand="NONE" version="200508" action="http://tempuri.org/ServiceSoap/GetDealHistoryAuthToken_StringResultRequest"/></con:call></con:operation><con:operation id="b7cf221d-b46f-40a1-b0ac-229f149c648e" isOneWay="false" action="http://tempuri.org/GetDealHistoryInRange" name="GetDealHistoryInRange" bindingOperationName="GetDealHistoryInRange" type="Request-Response" inputName="" receivesAttachments="false" sendsAttachments="false" anonymous="optional"><con:settings/><con:call id="c5915dab-762e-4d7d-9b3f-42e1bcf67122" name="Request 1"><con:settings/><con:encoding>UTF-8</con:encoding><con:endpoint>https://ectest.e-c.co.il/Service/Service.asmx</con:endpoint><con:request><![CDATA[<soap:Envelope xmlns:soap="http://www.w3.org/2003/05/soap-envelope" xmlns:tem="http://tempuri.org/">\r
   <soap:Header/>\r
   <soap:Body>\r
      <tem:GetDealHistoryInRange>\r
         <!--Optional:-->\r
         <tem:ClientID>?</tem:ClientID>\r
         <!--Optional:-->\r
         <tem:Password>?</tem:Password>\r
         <tem:StartDate>?</tem:StartDate>\r
         <tem:EndDate>?</tem:EndDate>\r
         <tem:Results>?</tem:Results>\r
      </tem:GetDealHistoryInRange>\r
   </soap:Body>\r
</soap:Envelope>]]></con:request><con:wsaConfig mustUnderstand="NONE" version="200508" action="http://tempuri.org/ServiceSoap/GetDealHistoryInRangeRequest"/></con:call></con:operation><con:operation id="4ecacebb-2446-4315-b6d1-2b1375ac179f" isOneWay="false" action="http://tempuri.org/GetDealHistoryInRange_StringResult" name="GetDealHistoryInRange_StringResult" bindingOperationName="GetDealHistoryInRange_StringResult" type="Request-Response" inputName="" receivesAttachments="false" sendsAttachments="false" anonymous="optional"><con:settings/><con:call id="42a1ef8e-12c9-4bf9-b914-4879f35d5355" name="Request 1"><con:settings/><con:encoding>UTF-8</con:encoding><con:endpoint>https://ectest.e-c.co.il/Service/Service.asmx</con:endpoint><con:request><![CDATA[<soap:Envelope xmlns:soap="http://www.w3.org/2003/05/soap-envelope" xmlns:tem="http://tempuri.org/">\r
   <soap:Header/>\r
   <soap:Body>\r
      <tem:GetDealHistoryInRange_StringResult>\r
         <!--Optional:-->\r
         <tem:ClientID>?</tem:ClientID>\r
         <!--Optional:-->\r
         <tem:Password>?</tem:Password>\r
         <tem:StartDate>?</tem:StartDate>\r
         <tem:EndDate>?</tem:EndDate>\r
         <tem:Results>?</tem:Results>\r
      </tem:GetDealHistoryInRange_StringResult>\r
   </soap:Body>\r
</soap:Envelope>]]></con:request><con:wsaConfig mustUnderstand="NONE" version="200508" action="http://tempuri.org/ServiceSoap/GetDealHistoryInRange_StringResultRequest"/></con:call></con:operation><con:operation id="1287873b-3267-4335-b65f-6e595be87485" isOneWay="false" action="http://tempuri.org/GetDealHistoryInRangeAuthToken" name="GetDealHistoryInRangeAuthToken" bindingOperationName="GetDealHistoryInRangeAuthToken" type="Request-Response" inputName="" receivesAttachments="false" sendsAttachments="false" anonymous="optional"><con:settings/><con:call id="109df313-e3f0-4c19-83bb-15ba782a469f" name="Request 1"><con:settings/><con:encoding>UTF-8</con:encoding><con:endpoint>https://ectest.e-c.co.il/Service/Service.asmx</con:endpoint><con:request><![CDATA[<soap:Envelope xmlns:soap="http://www.w3.org/2003/05/soap-envelope" xmlns:tem="http://tempuri.org/">\r
   <soap:Header/>\r
   <soap:Body>\r
      <tem:GetDealHistoryInRangeAuthToken>\r
         <!--Optional:-->\r
         <tem:Token>?</tem:Token>\r
         <tem:StartDate>?</tem:StartDate>\r
         <tem:EndDate>?</tem:EndDate>\r
         <tem:Results>?</tem:Results>\r
      </tem:GetDealHistoryInRangeAuthToken>\r
   </soap:Body>\r
</soap:Envelope>]]></con:request><con:wsaConfig mustUnderstand="NONE" version="200508" action="http://tempuri.org/ServiceSoap/GetDealHistoryInRangeAuthTokenRequest"/></con:call></con:operation><con:operation id="52a270d4-06bb-4767-aa65-283e373afb34" isOneWay="false" action="http://tempuri.org/GetDealHistoryInRangeAuthToken_StringResult" name="GetDealHistoryInRangeAuthToken_StringResult" bindingOperationName="GetDealHistoryInRangeAuthToken_StringResult" type="Request-Response" inputName="" receivesAttachments="false" sendsAttachments="false" anonymous="optional"><con:settings/><con:call id="e0554c65-d2e4-4312-8a3a-39a9eb4a461e" name="Request 1"><con:settings/><con:encoding>UTF-8</con:encoding><con:endpoint>https://ectest.e-c.co.il/Service/Service.asmx</con:endpoint><con:request><![CDATA[<soap:Envelope xmlns:soap="http://www.w3.org/2003/05/soap-envelope" xmlns:tem="http://tempuri.org/">\r
   <soap:Header/>\r
   <soap:Body>\r
      <tem:GetDealHistoryInRangeAuthToken_StringResult>\r
         <!--Optional:-->\r
         <tem:Token>?</tem:Token>\r
         <tem:StartDate>?</tem:StartDate>\r
         <tem:EndDate>?</tem:EndDate>\r
         <tem:Results>?</tem:Results>\r
      </tem:GetDealHistoryInRangeAuthToken_StringResult>\r
   </soap:Body>\r
</soap:Envelope>]]></con:request><con:wsaConfig mustUnderstand="NONE" version="200508" action="http://tempuri.org/ServiceSoap/GetDealHistoryInRangeAuthToken_StringResultRequest"/></con:call></con:operation><con:operation id="3c087d15-3bf1-44af-8ea9-4046d509927d" isOneWay="false" action="http://tempuri.org/GetDealInfo" name="GetDealInfo" bindingOperationName="GetDealInfo" type="Request-Response" inputName="" receivesAttachments="false" sendsAttachments="false" anonymous="optional"><con:settings/><con:call id="99487473-af0b-47ff-b1db-85f38151263f" name="Request 1"><con:settings/><con:encoding>UTF-8</con:encoding><con:endpoint>https://ectest.e-c.co.il/Service/Service.asmx</con:endpoint><con:request><![CDATA[<soap:Envelope xmlns:soap="http://www.w3.org/2003/05/soap-envelope" xmlns:tem="http://tempuri.org/">\r
   <soap:Header/>\r
   <soap:Body>\r
      <tem:GetDealInfo>\r
         <!--Optional:-->\r
         <tem:ClientID>?</tem:ClientID>\r
         <!--Optional:-->\r
         <tem:Password>?</tem:Password>\r
         <!--Optional:-->\r
         <tem:CardNumber>?</tem:CardNumber>\r
         <!--Optional:-->\r
         <tem:DealNumber>?</tem:DealNumber>\r
      </tem:GetDealInfo>\r
   </soap:Body>\r
</soap:Envelope>]]></con:request><con:wsaConfig mustUnderstand="NONE" version="200508" action="http://tempuri.org/ServiceSoap/GetDealInfoRequest"/></con:call></con:operation><con:operation id="70b81ff3-389c-48b1-9450-60760dd93e47" isOneWay="false" action="http://tempuri.org/GetDealInfo_StringResult" name="GetDealInfo_StringResult" bindingOperationName="GetDealInfo_StringResult" type="Request-Response" inputName="" receivesAttachments="false" sendsAttachments="false" anonymous="optional"><con:settings/><con:call id="5432432b-2be0-4028-95c9-5e636cda963a" name="Request 1"><con:settings/><con:encoding>UTF-8</con:encoding><con:endpoint>https://ectest.e-c.co.il/Service/Service.asmx</con:endpoint><con:request><![CDATA[<soap:Envelope xmlns:soap="http://www.w3.org/2003/05/soap-envelope" xmlns:tem="http://tempuri.org/">\r
   <soap:Header/>\r
   <soap:Body>\r
      <tem:GetDealInfo_StringResult>\r
         <!--Optional:-->\r
         <tem:ClientID>?</tem:ClientID>\r
         <!--Optional:-->\r
         <tem:Password>?</tem:Password>\r
         <!--Optional:-->\r
         <tem:CardNumber>?</tem:CardNumber>\r
         <!--Optional:-->\r
         <tem:DealNumber>?</tem:DealNumber>\r
      </tem:GetDealInfo_StringResult>\r
   </soap:Body>\r
</soap:Envelope>]]></con:request><con:wsaConfig mustUnderstand="NONE" version="200508" action="http://tempuri.org/ServiceSoap/GetDealInfo_StringResultRequest"/></con:call></con:operation><con:operation id="02dd6afb-3baf-4ec4-981f-a735427bc40e" isOneWay="false" action="http://tempuri.org/GetDealInfoAuthToken" name="GetDealInfoAuthToken" bindingOperationName="GetDealInfoAuthToken" type="Request-Response" inputName="" receivesAttachments="false" sendsAttachments="false" anonymous="optional"><con:settings/><con:call id="a79f0820-bf0d-443c-ba4f-5464e97600e0" name="Request 1"><con:settings/><con:encoding>UTF-8</con:encoding><con:endpoint>https://ectest.e-c.co.il/Service/Service.asmx</con:endpoint><con:request><![CDATA[<soap:Envelope xmlns:soap="http://www.w3.org/2003/05/soap-envelope" xmlns:tem="http://tempuri.org/">\r
   <soap:Header/>\r
   <soap:Body>\r
      <tem:GetDealInfoAuthToken>\r
         <!--Optional:-->\r
         <tem:Token>?</tem:Token>\r
         <!--Optional:-->\r
         <tem:CardNumber>?</tem:CardNumber>\r
         <!--Optional:-->\r
         <tem:DealNumber>?</tem:DealNumber>\r
      </tem:GetDealInfoAuthToken>\r
   </soap:Body>\r
</soap:Envelope>]]></con:request><con:wsaConfig mustUnderstand="NONE" version="200508" action="http://tempuri.org/ServiceSoap/GetDealInfoAuthTokenRequest"/></con:call></con:operation><con:operation id="eb5819f8-f2a0-4ea0-b0fd-bacc7544c9ea" isOneWay="false" action="http://tempuri.org/GetDealInfoAuthToken_StringResult" name="GetDealInfoAuthToken_StringResult" bindingOperationName="GetDealInfoAuthToken_StringResult" type="Request-Response" inputName="" receivesAttachments="false" sendsAttachments="false" anonymous="optional"><con:settings/><con:call id="6871469a-c5a2-4d52-adb3-147db2c0ce53" name="Request 1"><con:settings/><con:encoding>UTF-8</con:encoding><con:endpoint>https://ectest.e-c.co.il/Service/Service.asmx</con:endpoint><con:request><![CDATA[<soap:Envelope xmlns:soap="http://www.w3.org/2003/05/soap-envelope" xmlns:tem="http://tempuri.org/">\r
   <soap:Header/>\r
   <soap:Body>\r
      <tem:GetDealInfoAuthToken_StringResult>\r
         <!--Optional:-->\r
         <tem:Token>?</tem:Token>\r
         <!--Optional:-->\r
         <tem:CardNumber>?</tem:CardNumber>\r
         <!--Optional:-->\r
         <tem:DealNumber>?</tem:DealNumber>\r
      </tem:GetDealInfoAuthToken_StringResult>\r
   </soap:Body>\r
</soap:Envelope>]]></con:request><con:wsaConfig mustUnderstand="NONE" version="200508" action="http://tempuri.org/ServiceSoap/GetDealInfoAuthToken_StringResultRequest"/></con:call></con:operation><con:operation id="a3bc498e-5650-49ba-847a-5d93d7df5826" isOneWay="false" action="http://tempuri.org/GetDealInvoiced" name="GetDealInvoiced" bindingOperationName="GetDealInvoiced" type="Request-Response" inputName="" receivesAttachments="false" sendsAttachments="false" anonymous="optional"><con:settings/><con:call id="117d6d48-ec13-4ca0-b01b-dac2f63097f4" name="Request 1"><con:settings/><con:encoding>UTF-8</con:encoding><con:endpoint>https://ectest.e-c.co.il/Service/Service.asmx</con:endpoint><con:request><![CDATA[<soap:Envelope xmlns:soap="http://www.w3.org/2003/05/soap-envelope" xmlns:tem="http://tempuri.org/">\r
   <soap:Header/>\r
   <soap:Body>\r
      <tem:GetDealInvoiced>\r
         <!--Optional:-->\r
         <tem:DealID>?</tem:DealID>\r
         <!--Optional:-->\r
         <tem:ClientID>?</tem:ClientID>\r
         <!--Optional:-->\r
         <tem:Password>?</tem:Password>\r
      </tem:GetDealInvoiced>\r
   </soap:Body>\r
</soap:Envelope>]]></con:request><con:wsaConfig mustUnderstand="NONE" version="200508" action="http://tempuri.org/ServiceSoap/GetDealInvoicedRequest"/></con:call></con:operation><con:operation id="d8e8ed55-8c7d-48da-92ff-00f6d4b184e4" isOneWay="false" action="http://tempuri.org/GetErrorMessageByErrorID" name="GetErrorMessageByErrorID" bindingOperationName="GetErrorMessageByErrorID" type="Request-Response" inputName="" receivesAttachments="false" sendsAttachments="false" anonymous="optional"><con:settings/><con:call id="8e7a51ce-d2c8-4925-b006-f1d178fa8852" name="Request 1"><con:settings/><con:encoding>UTF-8</con:encoding><con:endpoint>https://ectest.e-c.co.il/Service/Service.asmx</con:endpoint><con:request><![CDATA[<soap:Envelope xmlns:soap="http://www.w3.org/2003/05/soap-envelope" xmlns:tem="http://tempuri.org/">\r
   <soap:Header/>\r
   <soap:Body>\r
      <tem:GetErrorMessageByErrorID>\r
         <tem:ErrorID>?</tem:ErrorID>\r
      </tem:GetErrorMessageByErrorID>\r
   </soap:Body>\r
</soap:Envelope>]]></con:request><con:wsaConfig mustUnderstand="NONE" version="200508" action="http://tempuri.org/ServiceSoap/GetErrorMessageByErrorIDRequest"/></con:call></con:operation><con:operation id="a214a56b-b67f-40cb-bb84-d0cb42c99950" isOneWay="false" action="http://tempuri.org/GetInvoices" name="GetInvoices" bindingOperationName="GetInvoices" type="Request-Response" inputName="" receivesAttachments="false" sendsAttachments="false" anonymous="optional"><con:settings/><con:call id="6f0d0aaa-fba7-4826-8a85-b05561d13444" name="Request 1"><con:settings/><con:encoding>UTF-8</con:encoding><con:endpoint>https://ectest.e-c.co.il/Service/Service.asmx</con:endpoint><con:request><![CDATA[<soap:Envelope xmlns:soap="http://www.w3.org/2003/05/soap-envelope" xmlns:tem="http://tempuri.org/">\r
   <soap:Header/>\r
   <soap:Body>\r
      <tem:GetInvoices>\r
         <!--Optional:-->\r
         <tem:Token>?</tem:Token>\r
         <!--Optional:-->\r
         <tem:ClientID>?</tem:ClientID>\r
         <!--Optional:-->\r
         <tem:Password>?</tem:Password>\r
         <!--Optional:-->\r
         <tem:BillingDealID>?</tem:BillingDealID>\r
         <!--Optional:-->\r
         <tem:BillingCustomerID>?</tem:BillingCustomerID>\r
         <!--Optional:-->\r
         <tem:InvoiceType>?</tem:InvoiceType>\r
      </tem:GetInvoices>\r
   </soap:Body>\r
</soap:Envelope>]]></con:request><con:wsaConfig mustUnderstand="NONE" version="200508" action="http://tempuri.org/ServiceSoap/GetInvoicesRequest"/></con:call></con:operation><con:operation id="692d3a31-436b-47df-b74c-cf5d5f81506d" isOneWay="false" action="http://tempuri.org/GetInvoices_StringResult" name="GetInvoices_StringResult" bindingOperationName="GetInvoices_StringResult" type="Request-Response" inputName="" receivesAttachments="false" sendsAttachments="false" anonymous="optional"><con:settings/><con:call id="5e5c573c-a65b-4eae-838a-ee43a0fa9e86" name="Request 1"><con:settings/><con:encoding>UTF-8</con:encoding><con:endpoint>https://ectest.e-c.co.il/Service/Service.asmx</con:endpoint><con:request><![CDATA[<soap:Envelope xmlns:soap="http://www.w3.org/2003/05/soap-envelope" xmlns:tem="http://tempuri.org/">\r
   <soap:Header/>\r
   <soap:Body>\r
      <tem:GetInvoices_StringResult>\r
         <!--Optional:-->\r
         <tem:Token>?</tem:Token>\r
         <!--Optional:-->\r
         <tem:ClientID>?</tem:ClientID>\r
         <!--Optional:-->\r
         <tem:Password>?</tem:Password>\r
         <!--Optional:-->\r
         <tem:BillingDealID>?</tem:BillingDealID>\r
         <!--Optional:-->\r
         <tem:BillingCustomerID>?</tem:BillingCustomerID>\r
         <!--Optional:-->\r
         <tem:InvoiceType>?</tem:InvoiceType>\r
      </tem:GetInvoices_StringResult>\r
   </soap:Body>\r
</soap:Envelope>]]></con:request><con:wsaConfig mustUnderstand="NONE" version="200508" action="http://tempuri.org/ServiceSoap/GetInvoices_StringResultRequest"/></con:call></con:operation><con:operation id="b9a272bc-0b5d-40aa-8cbf-026536aa31c6" isOneWay="false" action="http://tempuri.org/GetInvoicesInRange" name="GetInvoicesInRange" bindingOperationName="GetInvoicesInRange" type="Request-Response" inputName="" receivesAttachments="false" sendsAttachments="false" anonymous="optional"><con:settings/><con:call id="2a6a8492-7d7f-4710-8469-ef6d4b9691ac" name="Request 1"><con:settings/><con:encoding>UTF-8</con:encoding><con:endpoint>https://ectest.e-c.co.il/Service/Service.asmx</con:endpoint><con:request><![CDATA[<soap:Envelope xmlns:soap="http://www.w3.org/2003/05/soap-envelope" xmlns:tem="http://tempuri.org/">\r
   <soap:Header/>\r
   <soap:Body>\r
      <tem:GetInvoicesInRange>\r
         <!--Optional:-->\r
         <tem:Token>?</tem:Token>\r
         <!--Optional:-->\r
         <tem:ClientID>?</tem:ClientID>\r
         <!--Optional:-->\r
         <tem:Password>?</tem:Password>\r
         <!--Optional:-->\r
         <tem:BillingDealID>?</tem:BillingDealID>\r
         <!--Optional:-->\r
         <tem:BillingCustomerID>?</tem:BillingCustomerID>\r
         <!--Optional:-->\r
         <tem:InvoiceType>?</tem:InvoiceType>\r
         <tem:StartDate>?</tem:StartDate>\r
         <tem:EndDate>?</tem:EndDate>\r
      </tem:GetInvoicesInRange>\r
   </soap:Body>\r
</soap:Envelope>]]></con:request><con:wsaConfig mustUnderstand="NONE" version="200508" action="http://tempuri.org/ServiceSoap/GetInvoicesInRangeRequest"/></con:call></con:operation><con:operation id="0631642e-70f3-461f-a626-f191821c050a" isOneWay="false" action="http://tempuri.org/GetInvoicesInRange_StringResult" name="GetInvoicesInRange_StringResult" bindingOperationName="GetInvoicesInRange_StringResult" type="Request-Response" inputName="" receivesAttachments="false" sendsAttachments="false" anonymous="optional"><con:settings/><con:call id="db4ddd23-0f0a-4caf-ab98-ff2376c354a4" name="Request 1"><con:settings/><con:encoding>UTF-8</con:encoding><con:endpoint>https://ectest.e-c.co.il/Service/Service.asmx</con:endpoint><con:request><![CDATA[<soap:Envelope xmlns:soap="http://www.w3.org/2003/05/soap-envelope" xmlns:tem="http://tempuri.org/">\r
   <soap:Header/>\r
   <soap:Body>\r
      <tem:GetInvoicesInRange_StringResult>\r
         <!--Optional:-->\r
         <tem:Token>?</tem:Token>\r
         <!--Optional:-->\r
         <tem:ClientID>?</tem:ClientID>\r
         <!--Optional:-->\r
         <tem:Password>?</tem:Password>\r
         <tem:StartDate>?</tem:StartDate>\r
         <tem:EndDate>?</tem:EndDate>\r
         <!--Optional:-->\r
         <tem:BillingDealID>?</tem:BillingDealID>\r
         <!--Optional:-->\r
         <tem:BillingCustomerID>?</tem:BillingCustomerID>\r
         <!--Optional:-->\r
         <tem:InvoiceType>?</tem:InvoiceType>\r
      </tem:GetInvoicesInRange_StringResult>\r
   </soap:Body>\r
</soap:Envelope>]]></con:request><con:wsaConfig mustUnderstand="NONE" version="200508" action="http://tempuri.org/ServiceSoap/GetInvoicesInRange_StringResultRequest"/></con:call></con:operation><con:operation id="d7fe18cc-191c-4c67-b31f-9551e29da604" isOneWay="false" action="http://tempuri.org/GetMagStripInfo" name="GetMagStripInfo" bindingOperationName="GetMagStripInfo" type="Request-Response" inputName="" receivesAttachments="false" sendsAttachments="false" anonymous="optional"><con:settings/><con:call id="4cf36d09-6f7e-4646-9bdb-662d42da72fc" name="Request 1"><con:settings/><con:encoding>UTF-8</con:encoding><con:endpoint>https://ectest.e-c.co.il/Service/Service.asmx</con:endpoint><con:request><![CDATA[<soap:Envelope xmlns:soap="http://www.w3.org/2003/05/soap-envelope" xmlns:tem="http://tempuri.org/">\r
   <soap:Header/>\r
   <soap:Body>\r
      <tem:GetMagStripInfo>\r
         <!--Optional:-->\r
         <tem:ClientID>?</tem:ClientID>\r
         <!--Optional:-->\r
         <tem:Password>?</tem:Password>\r
         <!--Optional:-->\r
         <tem:MagStrip>?</tem:MagStrip>\r
      </tem:GetMagStripInfo>\r
   </soap:Body>\r
</soap:Envelope>]]></con:request><con:wsaConfig mustUnderstand="NONE" version="200508" action="http://tempuri.org/ServiceSoap/GetMagStripInfoRequest"/></con:call></con:operation><con:operation id="ff99bcc8-d537-47dc-9be0-25f0dcc76157" isOneWay="false" action="http://tempuri.org/GetNewToken" name="GetNewToken" bindingOperationName="GetNewToken" type="Request-Response" inputName="" receivesAttachments="false" sendsAttachments="false" anonymous="optional"><con:settings/><con:call id="b57d9b0a-fbe1-4c30-96b9-6b5bb971c721" name="Request 1"><con:settings/><con:encoding>UTF-8</con:encoding><con:endpoint>https://ectest.e-c.co.il/Service/Service.asmx</con:endpoint><con:request><![CDATA[<soap:Envelope xmlns:soap="http://www.w3.org/2003/05/soap-envelope" xmlns:tem="http://tempuri.org/">\r
   <soap:Header/>\r
   <soap:Body>\r
      <tem:GetNewToken>\r
         <!--Optional:-->\r
         <tem:ClientID>?</tem:ClientID>\r
         <!--Optional:-->\r
         <tem:Password>?</tem:Password>\r
         <!--Optional:-->\r
         <tem:EcPwd>?</tem:EcPwd>\r
         <!--Optional:-->\r
         <tem:CardNumber>?</tem:CardNumber>\r
         <!--Optional:-->\r
         <tem:ValMonth>?</tem:ValMonth>\r
         <!--Optional:-->\r
         <tem:ValYear>?</tem:ValYear>\r
         <!--Optional:-->\r
         <tem:TZ>?</tem:TZ>\r
         <!--Optional:-->\r
         <tem:CVV2>?</tem:CVV2>\r
         <!--Optional:-->\r
         <tem:OwnerName>?</tem:OwnerName>\r
         <!--Optional:-->\r
         <tem:Note>?</tem:Note>\r
      </tem:GetNewToken>\r
   </soap:Body>\r
</soap:Envelope>]]></con:request><con:wsaConfig mustUnderstand="NONE" version="200508" action="http://tempuri.org/ServiceSoap/GetNewTokenRequest"/></con:call></con:operation><con:operation id="06c59a31-c5cb-4eeb-a2fe-565de015cc84" isOneWay="false" action="http://tempuri.org/GetNewTokenWithMagneticStrip" name="GetNewTokenWithMagneticStrip" bindingOperationName="GetNewTokenWithMagneticStrip" type="Request-Response" inputName="" receivesAttachments="false" sendsAttachments="false" anonymous="optional"><con:settings/><con:call id="624727cd-3334-44cb-b3e8-8a6657e9f74e" name="Request 1"><con:settings/><con:encoding>UTF-8</con:encoding><con:endpoint>https://ectest.e-c.co.il/Service/Service.asmx</con:endpoint><con:request><![CDATA[<soap:Envelope xmlns:soap="http://www.w3.org/2003/05/soap-envelope" xmlns:tem="http://tempuri.org/">\r
   <soap:Header/>\r
   <soap:Body>\r
      <tem:GetNewTokenWithMagneticStrip>\r
         <!--Optional:-->\r
         <tem:ClientID>?</tem:ClientID>\r
         <!--Optional:-->\r
         <tem:Password>?</tem:Password>\r
         <!--Optional:-->\r
         <tem:EcPwd>?</tem:EcPwd>\r
         <!--Optional:-->\r
         <tem:MagneticStrip>?</tem:MagneticStrip>\r
         <!--Optional:-->\r
         <tem:TZ>?</tem:TZ>\r
         <!--Optional:-->\r
         <tem:CVV2>?</tem:CVV2>\r
         <!--Optional:-->\r
         <tem:OwnerName>?</tem:OwnerName>\r
         <!--Optional:-->\r
         <tem:Note>?</tem:Note>\r
      </tem:GetNewTokenWithMagneticStrip>\r
   </soap:Body>\r
</soap:Envelope>]]></con:request><con:wsaConfig mustUnderstand="NONE" version="200508" action="http://tempuri.org/ServiceSoap/GetNewTokenWithMagneticStripRequest"/></con:call></con:operation><con:operation id="34527ecd-55d2-4956-a60c-b030758aefb2" isOneWay="false" action="http://tempuri.org/GetTerminalType" name="GetTerminalType" bindingOperationName="GetTerminalType" type="Request-Response" inputName="" receivesAttachments="false" sendsAttachments="false" anonymous="optional"><con:settings/><con:call id="b0243f56-7e55-4964-a87c-91a934060e20" name="Request 1"><con:settings/><con:encoding>UTF-8</con:encoding><con:endpoint>https://ectest.e-c.co.il/Service/Service.asmx</con:endpoint><con:request><![CDATA[<soap:Envelope xmlns:soap="http://www.w3.org/2003/05/soap-envelope" xmlns:tem="http://tempuri.org/">\r
   <soap:Header/>\r
   <soap:Body>\r
      <tem:GetTerminalType>\r
         <!--Optional:-->\r
         <tem:clientID>?</tem:clientID>\r
         <!--Optional:-->\r
         <tem:pass>?</tem:pass>\r
      </tem:GetTerminalType>\r
   </soap:Body>\r
</soap:Envelope>]]></con:request><con:wsaConfig mustUnderstand="NONE" version="200508" action="http://tempuri.org/ServiceSoap/GetTerminalTypeRequest"/></con:call></con:operation><con:operation id="7f494fd2-4458-43b6-b29a-5f67b02aa656" isOneWay="false" action="http://tempuri.org/GetTokenFullData" name="GetTokenFullData" bindingOperationName="GetTokenFullData" type="Request-Response" inputName="" receivesAttachments="false" sendsAttachments="false" anonymous="optional"><con:settings/><con:call id="aecd8eb1-11d0-44d9-851e-2a918d834d3e" name="Request 1"><con:settings/><con:encoding>UTF-8</con:encoding><con:endpoint>https://ectest.e-c.co.il/Service/Service.asmx</con:endpoint><con:request><![CDATA[<soap:Envelope xmlns:soap="http://www.w3.org/2003/05/soap-envelope" xmlns:tem="http://tempuri.org/">\r
   <soap:Header/>\r
   <soap:Body>\r
      <tem:GetTokenFullData>\r
         <!--Optional:-->\r
         <tem:ClientID>?</tem:ClientID>\r
         <!--Optional:-->\r
         <tem:Password>?</tem:Password>\r
         <!--Optional:-->\r
         <tem:EcPwd>?</tem:EcPwd>\r
         <!--Optional:-->\r
         <tem:Token>?</tem:Token>\r
      </tem:GetTokenFullData>\r
   </soap:Body>\r
</soap:Envelope>]]></con:request><con:wsaConfig mustUnderstand="NONE" version="200508" action="http://tempuri.org/ServiceSoap/GetTokenFullDataRequest"/></con:call></con:operation><con:operation id="65cb1a06-231c-484b-b1c2-a329752477e0" isOneWay="false" action="http://tempuri.org/GetTokenFullData_StringResult" name="GetTokenFullData_StringResult" bindingOperationName="GetTokenFullData_StringResult" type="Request-Response" inputName="" receivesAttachments="false" sendsAttachments="false" anonymous="optional"><con:settings/><con:call id="108af284-3995-4092-a332-6817094c07d1" name="Request 1"><con:settings/><con:encoding>UTF-8</con:encoding><con:endpoint>https://ectest.e-c.co.il/Service/Service.asmx</con:endpoint><con:request><![CDATA[<soap:Envelope xmlns:soap="http://www.w3.org/2003/05/soap-envelope" xmlns:tem="http://tempuri.org/">\r
   <soap:Header/>\r
   <soap:Body>\r
      <tem:GetTokenFullData_StringResult>\r
         <!--Optional:-->\r
         <tem:ClientID>?</tem:ClientID>\r
         <!--Optional:-->\r
         <tem:Password>?</tem:Password>\r
         <!--Optional:-->\r
         <tem:EcPwd>?</tem:EcPwd>\r
         <!--Optional:-->\r
         <tem:Token>?</tem:Token>\r
      </tem:GetTokenFullData_StringResult>\r
   </soap:Body>\r
</soap:Envelope>]]></con:request><con:wsaConfig mustUnderstand="NONE" version="200508" action="http://tempuri.org/ServiceSoap/GetTokenFullData_StringResultRequest"/></con:call></con:operation><con:operation id="79d84010-7d6a-410d-979d-d9f761524eeb" isOneWay="false" action="http://tempuri.org/GetTokenInfo" name="GetTokenInfo" bindingOperationName="GetTokenInfo" type="Request-Response" inputName="" receivesAttachments="false" sendsAttachments="false" anonymous="optional"><con:settings/><con:call id="58b81f34-0e39-4b48-87ae-fa584e99fdcc" name="Request 1"><con:settings/><con:encoding>UTF-8</con:encoding><con:endpoint>https://ectest.e-c.co.il/Service/Service.asmx</con:endpoint><con:request><![CDATA[<soap:Envelope xmlns:soap="http://www.w3.org/2003/05/soap-envelope" xmlns:tem="http://tempuri.org/">\r
   <soap:Header/>\r
   <soap:Body>\r
      <tem:GetTokenInfo>\r
         <!--Optional:-->\r
         <tem:ClientID>?</tem:ClientID>\r
         <!--Optional:-->\r
         <tem:Password>?</tem:Password>\r
         <!--Optional:-->\r
         <tem:EcPwd>?</tem:EcPwd>\r
         <!--Optional:-->\r
         <tem:Token>?</tem:Token>\r
      </tem:GetTokenInfo>\r
   </soap:Body>\r
</soap:Envelope>]]></con:request><con:wsaConfig mustUnderstand="NONE" version="200508" action="http://tempuri.org/ServiceSoap/GetTokenInfoRequest"/></con:call></con:operation><con:operation id="b0b74ef7-f679-401e-be1a-1fd711990980" isOneWay="false" action="http://tempuri.org/GetTokenInfo_StringResult" name="GetTokenInfo_StringResult" bindingOperationName="GetTokenInfo_StringResult" type="Request-Response" inputName="" receivesAttachments="false" sendsAttachments="false" anonymous="optional"><con:settings/><con:call id="869f76ea-e6e3-442d-adb1-2e484f5f24c9" name="Request 1"><con:settings/><con:encoding>UTF-8</con:encoding><con:endpoint>https://ectest.e-c.co.il/Service/Service.asmx</con:endpoint><con:request><![CDATA[<soap:Envelope xmlns:soap="http://www.w3.org/2003/05/soap-envelope" xmlns:tem="http://tempuri.org/">\r
   <soap:Header/>\r
   <soap:Body>\r
      <tem:GetTokenInfo_StringResult>\r
         <!--Optional:-->\r
         <tem:ClientID>?</tem:ClientID>\r
         <!--Optional:-->\r
         <tem:Password>?</tem:Password>\r
         <!--Optional:-->\r
         <tem:EcPwd>?</tem:EcPwd>\r
         <!--Optional:-->\r
         <tem:Token>?</tem:Token>\r
      </tem:GetTokenInfo_StringResult>\r
   </soap:Body>\r
</soap:Envelope>]]></con:request><con:wsaConfig mustUnderstand="NONE" version="200508" action="http://tempuri.org/ServiceSoap/GetTokenInfo_StringResultRequest"/></con:call></con:operation><con:operation id="1f8e9d15-a987-4469-86e5-6fa1914167b7" isOneWay="false" action="http://tempuri.org/GetTransNumber" name="GetTransNumber" bindingOperationName="GetTransNumber" type="Request-Response" inputName="" receivesAttachments="false" sendsAttachments="false" anonymous="optional"><con:settings/><con:call id="bd04b48e-ce8b-40f7-86ff-9542cbc195ae" name="Request 1"><con:settings/><con:encoding>UTF-8</con:encoding><con:endpoint>https://ectest.e-c.co.il/Service/Service.asmx</con:endpoint><con:request><![CDATA[<soap:Envelope xmlns:soap="http://www.w3.org/2003/05/soap-envelope" xmlns:tem="http://tempuri.org/">\r
   <soap:Header/>\r
   <soap:Body>\r
      <tem:GetTransNumber>\r
         <!--Optional:-->\r
         <tem:ClientID>?</tem:ClientID>\r
         <!--Optional:-->\r
         <tem:Password>?</tem:Password>\r
         <!--Optional:-->\r
         <tem:CardNumber>?</tem:CardNumber>\r
         <!--Optional:-->\r
         <tem:DealNumber>?</tem:DealNumber>\r
      </tem:GetTransNumber>\r
   </soap:Body>\r
</soap:Envelope>]]></con:request><con:wsaConfig mustUnderstand="NONE" version="200508" action="http://tempuri.org/ServiceSoap/GetTransNumberRequest"/></con:call></con:operation><con:operation id="c85ab72a-973f-424b-b915-f395a6a6d5f7" isOneWay="false" action="http://tempuri.org/IsECInvoiceClient" name="IsECInvoiceClient" bindingOperationName="IsECInvoiceClient" type="Request-Response" inputName="" receivesAttachments="false" sendsAttachments="false" anonymous="optional"><con:settings/><con:call id="49072ac1-7d0a-46e4-bd6d-f9ddc7d464b9" name="Request 1"><con:settings/><con:encoding>UTF-8</con:encoding><con:endpoint>https://ectest.e-c.co.il/Service/Service.asmx</con:endpoint><con:request><![CDATA[<soap:Envelope xmlns:soap="http://www.w3.org/2003/05/soap-envelope" xmlns:tem="http://tempuri.org/">\r
   <soap:Header/>\r
   <soap:Body>\r
      <tem:IsECInvoiceClient>\r
         <!--Optional:-->\r
         <tem:clientID>?</tem:clientID>\r
         <!--Optional:-->\r
         <tem:pass>?</tem:pass>\r
      </tem:IsECInvoiceClient>\r
   </soap:Body>\r
</soap:Envelope>]]></con:request><con:wsaConfig mustUnderstand="NONE" version="200508" action="http://tempuri.org/ServiceSoap/IsECInvoiceClientRequest"/></con:call></con:operation><con:operation id="bf498df7-06a3-40b9-9331-d54d235664eb" isOneWay="false" action="http://tempuri.org/IsValidToken" name="IsValidToken" bindingOperationName="IsValidToken" type="Request-Response" inputName="" receivesAttachments="false" sendsAttachments="false" anonymous="optional"><con:settings/><con:call id="a2024b50-2ca5-4cfa-bdac-2490dfba97b3" name="Request 1"><con:settings/><con:encoding>UTF-8</con:encoding><con:endpoint>https://ectest.e-c.co.il/Service/Service.asmx</con:endpoint><con:request><![CDATA[<soap:Envelope xmlns:soap="http://www.w3.org/2003/05/soap-envelope" xmlns:tem="http://tempuri.org/">\r
   <soap:Header/>\r
   <soap:Body>\r
      <tem:IsValidToken>\r
         <!--Optional:-->\r
         <tem:ClientID>?</tem:ClientID>\r
         <!--Optional:-->\r
         <tem:Password>?</tem:Password>\r
         <!--Optional:-->\r
         <tem:EcPwd>?</tem:EcPwd>\r
         <!--Optional:-->\r
         <tem:Token>?</tem:Token>\r
      </tem:IsValidToken>\r
   </soap:Body>\r
</soap:Envelope>]]></con:request><con:wsaConfig mustUnderstand="NONE" version="200508" action="http://tempuri.org/ServiceSoap/IsValidTokenRequest"/></con:call></con:operation><con:operation id="2b626df0-ef65-4f3b-97dd-52316746d96d" isOneWay="false" action="http://tempuri.org/Login" name="Login" bindingOperationName="Login" type="Request-Response" inputName="" receivesAttachments="false" sendsAttachments="false" anonymous="optional"><con:settings/><con:call id="0e7e4dfd-3b2f-41e2-96cc-ba7f6d6588e7" name="Request 1"><con:settings/><con:encoding>UTF-8</con:encoding><con:endpoint>https://ectest.e-c.co.il/Service/Service.asmx</con:endpoint><con:request><![CDATA[<soap:Envelope xmlns:soap="http://www.w3.org/2003/05/soap-envelope" xmlns:tem="http://tempuri.org/">\r
   <soap:Header/>\r
   <soap:Body>\r
      <tem:Login>\r
         <!--Optional:-->\r
         <tem:ClientID>?</tem:ClientID>\r
         <!--Optional:-->\r
         <tem:Password>?</tem:Password>\r
      </tem:Login>\r
   </soap:Body>\r
</soap:Envelope>]]></con:request><con:wsaConfig mustUnderstand="NONE" version="200508" action="http://tempuri.org/ServiceSoap/LoginRequest"/></con:call></con:operation><con:operation id="491fd609-9eb0-478f-9278-7d33e5e87f36" isOneWay="false" action="http://tempuri.org/LoginExtended" name="LoginExtended" bindingOperationName="LoginExtended" type="Request-Response" inputName="" receivesAttachments="false" sendsAttachments="false" anonymous="optional"><con:settings/><con:call id="de6564b0-5fc4-41a6-8386-2d6bc13d0d85" name="Request 1"><con:settings/><con:encoding>UTF-8</con:encoding><con:endpoint>https://ectest.e-c.co.il/Service/Service.asmx</con:endpoint><con:request><![CDATA[<soap:Envelope xmlns:soap="http://www.w3.org/2003/05/soap-envelope" xmlns:tem="http://tempuri.org/">\r
   <soap:Header/>\r
   <soap:Body>\r
      <tem:LoginExtended>\r
         <!--Optional:-->\r
         <tem:ClientID>?</tem:ClientID>\r
         <!--Optional:-->\r
         <tem:Password>?</tem:Password>\r
         <tem:SourceID>?</tem:SourceID>\r
      </tem:LoginExtended>\r
   </soap:Body>\r
</soap:Envelope>]]></con:request><con:wsaConfig mustUnderstand="NONE" version="200508" action="http://tempuri.org/ServiceSoap/LoginExtendedRequest"/></con:call></con:operation><con:operation id="6e5a5b9c-5fc2-4886-80d3-e2b08a0e6cc1" isOneWay="false" action="http://tempuri.org/LoginExtended_StringResult" name="LoginExtended_StringResult" bindingOperationName="LoginExtended_StringResult" type="Request-Response" inputName="" receivesAttachments="false" sendsAttachments="false" anonymous="optional"><con:settings/><con:call id="6edc7141-5a34-44c5-bee6-d03651ee574e" name="Request 1"><con:settings/><con:encoding>UTF-8</con:encoding><con:endpoint>https://ectest.e-c.co.il/Service/Service.asmx</con:endpoint><con:request><![CDATA[<soap:Envelope xmlns:soap="http://www.w3.org/2003/05/soap-envelope" xmlns:tem="http://tempuri.org/">\r
   <soap:Header/>\r
   <soap:Body>\r
      <tem:LoginExtended_StringResult>\r
         <!--Optional:-->\r
         <tem:ClientID>?</tem:ClientID>\r
         <!--Optional:-->\r
         <tem:Password>?</tem:Password>\r
         <tem:SourceID>?</tem:SourceID>\r
      </tem:LoginExtended_StringResult>\r
   </soap:Body>\r
</soap:Envelope>]]></con:request><con:wsaConfig mustUnderstand="NONE" version="200508" action="http://tempuri.org/ServiceSoap/LoginExtended_StringResultRequest"/></con:call></con:operation><con:operation id="496bdb59-02c2-478a-9b65-1d43be018045" isOneWay="false" action="http://tempuri.org/LoginMobile" name="LoginMobile" bindingOperationName="LoginMobile" type="Request-Response" inputName="" receivesAttachments="false" sendsAttachments="false" anonymous="optional"><con:settings/><con:call id="dcc0f135-2cd9-4b45-beca-bf31dae7731c" name="Request 1"><con:settings/><con:encoding>UTF-8</con:encoding><con:endpoint>https://ectest.e-c.co.il/Service/Service.asmx</con:endpoint><con:request><![CDATA[<soap:Envelope xmlns:soap="http://www.w3.org/2003/05/soap-envelope" xmlns:tem="http://tempuri.org/">\r
   <soap:Header/>\r
   <soap:Body>\r
      <tem:LoginMobile>\r
         <!--Optional:-->\r
         <tem:ClientID>?</tem:ClientID>\r
         <!--Optional:-->\r
         <tem:Password>?</tem:Password>\r
         <!--Optional:-->\r
         <tem:DeviceCode>?</tem:DeviceCode>\r
      </tem:LoginMobile>\r
   </soap:Body>\r
</soap:Envelope>]]></con:request><con:wsaConfig mustUnderstand="NONE" version="200508" action="http://tempuri.org/ServiceSoap/LoginMobileRequest"/></con:call></con:operation><con:operation id="d2ea491c-2718-4536-a63c-56a3c0f478e9" isOneWay="false" action="http://tempuri.org/ProduceECInvoiceDocument" name="ProduceECInvoiceDocument" bindingOperationName="ProduceECInvoiceDocument" type="Request-Response" inputName="" receivesAttachments="false" sendsAttachments="false" anonymous="optional"><con:settings/><con:call id="736dcfe3-69b1-435b-99c6-f45f31bbf7b3" name="Request 1"><con:settings/><con:encoding>UTF-8</con:encoding><con:endpoint>https://ectest.e-c.co.il/Service/Service.asmx</con:endpoint><con:request><![CDATA[<soap:Envelope xmlns:soap="http://www.w3.org/2003/05/soap-envelope" xmlns:tem="http://tempuri.org/">\r
   <soap:Header/>\r
   <soap:Body>\r
      <tem:ProduceECInvoiceDocument>\r
         <!--Optional:-->\r
         <tem:ClientID>?</tem:ClientID>\r
         <!--Optional:-->\r
         <tem:Password>?</tem:Password>\r
         <!--Optional:-->\r
         <tem:DocType>?</tem:DocType>\r
         <!--Optional:-->\r
         <tem:Name>?</tem:Name>\r
         <!--Optional:-->\r
         <tem:Address>?</tem:Address>\r
         <!--Optional:-->\r
         <tem:Phone>?</tem:Phone>\r
         <!--Optional:-->\r
         <tem:Identity>?</tem:Identity>\r
         <!--Optional:-->\r
         <tem:EMail>?</tem:EMail>\r
         <!--Optional:-->\r
         <tem:TotalSum>?</tem:TotalSum>\r
         <!--Optional:-->\r
         <tem:Payment_Method>?</tem:Payment_Method>\r
         <!--Optional:-->\r
         <tem:Payment_CreditCardType>?</tem:Payment_CreditCardType>\r
         <!--Optional:-->\r
         <tem:Payment_Last4Digits>?</tem:Payment_Last4Digits>\r
         <!--Optional:-->\r
         <tem:Payment_NumOfPayments>?</tem:Payment_NumOfPayments>\r
         <!--Optional:-->\r
         <tem:Payment_FirstPayment>?</tem:Payment_FirstPayment>\r
         <!--Optional:-->\r
         <tem:Payment_AddPayments>?</tem:Payment_AddPayments>\r
         <!--Optional:-->\r
         <tem:Payment_ChequeBank>?</tem:Payment_ChequeBank>\r
         <!--Optional:-->\r
         <tem:Payment_ChequeBranch>?</tem:Payment_ChequeBranch>\r
         <!--Optional:-->\r
         <tem:Payment_ChequeAccount>?</tem:Payment_ChequeAccount>\r
         <!--Optional:-->\r
         <tem:ProductsJson>?</tem:ProductsJson>\r
         <!--Optional:-->\r
         <tem:MType>?</tem:MType>\r
      </tem:ProduceECInvoiceDocument>\r
   </soap:Body>\r
</soap:Envelope>]]></con:request><con:wsaConfig mustUnderstand="NONE" version="200508" action="http://tempuri.org/ServiceSoap/ProduceECInvoiceDocumentRequest"/></con:call></con:operation><con:operation id="59dab159-28f7-4fd9-9b0f-8028c76f7f36" isOneWay="false" action="http://tempuri.org/ProduceECInvoiceDocumentPerDeal" name="ProduceECInvoiceDocumentPerDeal" bindingOperationName="ProduceECInvoiceDocumentPerDeal" type="Request-Response" inputName="" receivesAttachments="false" sendsAttachments="false" anonymous="optional"><con:settings/><con:call id="f44d0678-2a8f-44d0-8da2-ffe759f7fa90" name="Request 1"><con:settings/><con:encoding>UTF-8</con:encoding><con:endpoint>https://ectest.e-c.co.il/Service/Service.asmx</con:endpoint><con:request><![CDATA[<soap:Envelope xmlns:soap="http://www.w3.org/2003/05/soap-envelope" xmlns:tem="http://tempuri.org/">\r
   <soap:Header/>\r
   <soap:Body>\r
      <tem:ProduceECInvoiceDocumentPerDeal>\r
         <!--Optional:-->\r
         <tem:ClientID>?</tem:ClientID>\r
         <!--Optional:-->\r
         <tem:Password>?</tem:Password>\r
         <!--Optional:-->\r
         <tem:DocType>?</tem:DocType>\r
         <!--Optional:-->\r
         <tem:Name>?</tem:Name>\r
         <!--Optional:-->\r
         <tem:Address>?</tem:Address>\r
         <!--Optional:-->\r
         <tem:Phone>?</tem:Phone>\r
         <!--Optional:-->\r
         <tem:Identity>?</tem:Identity>\r
         <!--Optional:-->\r
         <tem:EMail>?</tem:EMail>\r
         <!--Optional:-->\r
         <tem:TotalSum>?</tem:TotalSum>\r
         <!--Optional:-->\r
         <tem:Payment_Method>?</tem:Payment_Method>\r
         <!--Optional:-->\r
         <tem:Payment_CreditCardType>?</tem:Payment_CreditCardType>\r
         <!--Optional:-->\r
         <tem:Payment_Last4Digits>?</tem:Payment_Last4Digits>\r
         <!--Optional:-->\r
         <tem:Payment_NumOfPayments>?</tem:Payment_NumOfPayments>\r
         <!--Optional:-->\r
         <tem:Payment_FirstPayment>?</tem:Payment_FirstPayment>\r
         <!--Optional:-->\r
         <tem:Payment_AddPayments>?</tem:Payment_AddPayments>\r
         <!--Optional:-->\r
         <tem:Payment_ChequeBank>?</tem:Payment_ChequeBank>\r
         <!--Optional:-->\r
         <tem:Payment_ChequeBranch>?</tem:Payment_ChequeBranch>\r
         <!--Optional:-->\r
         <tem:Payment_ChequeAccount>?</tem:Payment_ChequeAccount>\r
         <!--Optional:-->\r
         <tem:ProductsJson>?</tem:ProductsJson>\r
         <!--Optional:-->\r
         <tem:MType>?</tem:MType>\r
         <!--Optional:-->\r
         <tem:DealID>?</tem:DealID>\r
      </tem:ProduceECInvoiceDocumentPerDeal>\r
   </soap:Body>\r
</soap:Envelope>]]></con:request><con:wsaConfig mustUnderstand="NONE" version="200508" action="http://tempuri.org/ServiceSoap/ProduceECInvoiceDocumentPerDealRequest"/></con:call></con:operation><con:operation id="056ecc10-4801-4d6a-b8e9-4ebf23c0929f" isOneWay="false" action="http://tempuri.org/RunAddRecordsToSuccessDeals" name="RunAddRecordsToSuccessDeals" bindingOperationName="RunAddRecordsToSuccessDeals" type="Request-Response" inputName="" receivesAttachments="false" sendsAttachments="false" anonymous="optional"><con:settings/><con:call id="317b82f2-1353-4501-8be1-f05b635dd8ec" name="Request 1"><con:settings/><con:encoding>UTF-8</con:encoding><con:endpoint>https://ectest.e-c.co.il/Service/Service.asmx</con:endpoint><con:request><![CDATA[<soap:Envelope xmlns:soap="http://www.w3.org/2003/05/soap-envelope" xmlns:tem="http://tempuri.org/">\r
   <soap:Header/>\r
   <soap:Body>\r
      <tem:RunAddRecordsToSuccessDeals>\r
         <!--Optional:-->\r
         <tem:username>?</tem:username>\r
         <!--Optional:-->\r
         <tem:Password>?</tem:Password>\r
         <!--Optional:-->\r
         <tem:clientid>?</tem:clientid>\r
      </tem:RunAddRecordsToSuccessDeals>\r
   </soap:Body>\r
</soap:Envelope>]]></con:request><con:wsaConfig mustUnderstand="NONE" version="200508" action="http://tempuri.org/ServiceSoap/RunAddRecordsToSuccessDealsRequest"/></con:call></con:operation><con:operation id="799c3563-2f30-452e-9d75-1845f5b9fdb6" isOneWay="false" action="http://tempuri.org/TransmitDeals" name="TransmitDeals" bindingOperationName="TransmitDeals" type="Request-Response" inputName="" receivesAttachments="false" sendsAttachments="false" anonymous="optional"><con:settings/><con:call id="61032e1b-9865-4de4-a9ac-dffd78e163b4" name="Request 1"><con:settings/><con:encoding>UTF-8</con:encoding><con:endpoint>https://ectest.e-c.co.il/Service/Service.asmx</con:endpoint><con:request><![CDATA[<soap:Envelope xmlns:soap="http://www.w3.org/2003/05/soap-envelope" xmlns:tem="http://tempuri.org/">\r
   <soap:Header/>\r
   <soap:Body>\r
      <tem:TransmitDeals>\r
         <!--Optional:-->\r
         <tem:ClientID>?</tem:ClientID>\r
         <!--Optional:-->\r
         <tem:Password>?</tem:Password>\r
      </tem:TransmitDeals>\r
   </soap:Body>\r
</soap:Envelope>]]></con:request><con:wsaConfig mustUnderstand="NONE" version="200508" action="http://tempuri.org/ServiceSoap/TransmitDealsRequest"/></con:call></con:operation><con:operation id="543f0270-f4d5-433f-98c2-859da2459460" isOneWay="false" action="http://tempuri.org/UpdateToken" name="UpdateToken" bindingOperationName="UpdateToken" type="Request-Response" inputName="" receivesAttachments="false" sendsAttachments="false" anonymous="optional"><con:settings/><con:call id="57a2083a-036b-4d45-ad72-1924585b1030" name="Request 1"><con:settings/><con:encoding>UTF-8</con:encoding><con:endpoint>https://ectest.e-c.co.il/Service/Service.asmx</con:endpoint><con:request><![CDATA[<soap:Envelope xmlns:soap="http://www.w3.org/2003/05/soap-envelope" xmlns:tem="http://tempuri.org/">\r
   <soap:Header/>\r
   <soap:Body>\r
      <tem:UpdateToken>\r
         <!--Optional:-->\r
         <tem:ClientID>?</tem:ClientID>\r
         <!--Optional:-->\r
         <tem:Password>?</tem:Password>\r
         <!--Optional:-->\r
         <tem:EcPwd>?</tem:EcPwd>\r
         <!--Optional:-->\r
         <tem:CardNumber>?</tem:CardNumber>\r
         <!--Optional:-->\r
         <tem:ValMonth>?</tem:ValMonth>\r
         <!--Optional:-->\r
         <tem:ValYear>?</tem:ValYear>\r
         <!--Optional:-->\r
         <tem:TZ>?</tem:TZ>\r
         <!--Optional:-->\r
         <tem:CVV2>?</tem:CVV2>\r
         <!--Optional:-->\r
         <tem:OwnerName>?</tem:OwnerName>\r
         <!--Optional:-->\r
         <tem:Note>?</tem:Note>\r
         <!--Optional:-->\r
         <tem:Token>?</tem:Token>\r
      </tem:UpdateToken>\r
   </soap:Body>\r
</soap:Envelope>]]></con:request><con:wsaConfig mustUnderstand="NONE" version="200508" action="http://tempuri.org/ServiceSoap/UpdateTokenRequest"/></con:call></con:operation><con:operation id="4ca84af6-8137-455d-abda-140063d286c0" isOneWay="false" action="http://tempuri.org/ValidateDeal" name="ValidateDeal" bindingOperationName="ValidateDeal" type="Request-Response" inputName="" receivesAttachments="false" sendsAttachments="false" anonymous="optional"><con:settings/><con:call id="abf67da8-ccd1-48cd-bfdd-e7e92af2aa14" name="Request 1"><con:settings/><con:encoding>UTF-8</con:encoding><con:endpoint>https://ectest.e-c.co.il/Service/Service.asmx</con:endpoint><con:request><![CDATA[<soap:Envelope xmlns:soap="http://www.w3.org/2003/05/soap-envelope" xmlns:tem="http://tempuri.org/">\r
   <soap:Header/>\r
   <soap:Body>\r
      <tem:ValidateDeal>\r
         <!--Optional:-->\r
         <tem:cashierID>?</tem:cashierID>\r
         <!--Optional:-->\r
         <tem:token>?</tem:token>\r
      </tem:ValidateDeal>\r
   </soap:Body>\r
</soap:Envelope>]]></con:request><con:wsaConfig mustUnderstand="NONE" version="200508" action="http://tempuri.org/ServiceSoap/ValidateDealRequest"/></con:call></con:operation><con:operation id="42f3be55-2a99-47f6-a5b4-0258183b47f7" isOneWay="false" action="http://tempuri.org/ValidateDealWithID" name="ValidateDealWithID" bindingOperationName="ValidateDealWithID" type="Request-Response" inputName="" receivesAttachments="false" sendsAttachments="false" anonymous="optional"><con:settings/><con:call id="9f870c59-b433-49c8-82ba-bc87502d45ca" name="Request 1"><con:settings/><con:encoding>UTF-8</con:encoding><con:endpoint>https://ectest.e-c.co.il/Service/Service.asmx</con:endpoint><con:request><![CDATA[<soap:Envelope xmlns:soap="http://www.w3.org/2003/05/soap-envelope" xmlns:tem="http://tempuri.org/">\r
   <soap:Header/>\r
   <soap:Body>\r
      <tem:ValidateDealWithID>\r
         <!--Optional:-->\r
         <tem:cashierID>?</tem:cashierID>\r
         <!--Optional:-->\r
         <tem:token>?</tem:token>\r
         <!--Optional:-->\r
         <tem:ClientID>?</tem:ClientID>\r
      </tem:ValidateDealWithID>\r
   </soap:Body>\r
</soap:Envelope>]]></con:request><con:wsaConfig mustUnderstand="NONE" version="200508" action="http://tempuri.org/ServiceSoap/ValidateDealWithIDRequest"/></con:call></con:operation></con:interface><con:testSuite id="6c181ce4-898c-4ec6-80ff-52a7fa8a8bc1" name="PAX A920"><con:settings/><con:runType>SEQUENTIAL</con:runType><con:testCase id="4247c230-b4aa-46d7-893b-663ba1264eaf" failOnError="true" failTestCaseOnErrors="true" keepSession="false" maxResults="0" name="TestCase 1" searchProperties="true"><con:settings/><con:testStep type="request" id="17809e4a-f1bf-4bad-9624-a26f6aebf6e0" name="DoDeal - Request 1 1"><con:settings/><con:config xsi:type="con:RequestStep" xmlns:xsi="http://www.w3.org/2001/XMLSchema-instance"><con:interface>ServiceSoap12</con:interface><con:operation>DoDeal</con:operation><con:request name="DoDeal - Request 1 1" outgoingWss="" incomingWss="" timeout="" sslKeystore="" useWsAddressing="false" useWsReliableMessaging="false" wssPasswordType="" id="d95365a9-91f9-4f77-8eb3-332220750cf6"><con:settings><con:setting id="com.eviware.soapui.impl.wsdl.WsdlRequest@request-headers">&lt;xml-fragment/></con:setting></con:settings><con:encoding>UTF-8</con:encoding><con:endpoint>https://ectest.e-c.co.il/Service/Service.asmx</con:endpoint><con:request><![CDATA[<soap:Envelope xmlns:soap="http://www.w3.org/2003/05/soap-envelope" xmlns:tem="http://tempuri.org/">\r
   <soap:Header/>\r
   <soap:Body>\r
      <tem:DoDeal>\r
         <!--Optional:-->\r
         <tem:ClientID>22691</tem:ClientID>\r
         <!--Optional:-->\r
         <tem:Password>test1234</tem:Password>\r
         <!--Optional:-->\r
         <tem:ActionMethod>50</tem:ActionMethod>\r
         <!--Optional:-->\r
         <tem:CardNumber>4580031980018548</tem:CardNumber>\r
         <!--Optional:-->\r
         <tem:ValMonth>03</tem:ValMonth>\r
         <!--Optional:-->\r
         <tem:ValYear>2021</tem:ValYear>\r
         <!--Optional:-->\r
         <tem:TotalSum>2</tem:TotalSum>\r
         <!--Optional:-->\r
         <tem:PayNumber></tem:PayNumber>\r
         <!--Optional:-->\r
         <tem:FirstPay></tem:FirstPay>\r
         <!--Optional:-->\r
         <tem:AddPay></tem:AddPay>\r
         <!--Optional:-->\r
         <tem:TZ>122222227</tem:TZ>\r
         <!--Optional:-->\r
         <tem:CVV2>420</tem:CVV2>\r
         <!--Optional:-->\r
         <tem:DealType>1</tem:DealType>\r
         <!--Optional:-->\r
         <tem:MType>1</tem:MType>\r
         <!--Optional:-->\r
         <tem:Opt>01</tem:Opt>\r
         <!--Optional:-->\r
         <tem:Note></tem:Note>\r
         <!--Optional:-->\r
         <tem:OwnerName></tem:OwnerName>\r
         <!--Optional:-->\r
         <tem:Email></tem:Email>\r
         <!--Optional:-->\r
         <tem:CellPhone></tem:CellPhone>\r
      </tem:DoDeal>\r
   </soap:Body>\r
</soap:Envelope>]]></con:request><con:assertion type="SOAP Response" id="d94f1b1d-34d7-46a9-80e2-acb7f1aafc9c" name="SOAP Response"/><con:credentials><con:authType>No Authorization</con:authType></con:credentials><con:jmsConfig JMSDeliveryMode="PERSISTENT"/><con:jmsPropertyConfig/><con:wsaConfig mustUnderstand="NONE" version="200508" action="http://tempuri.org/ServiceSoap/DoDealRequest"/><con:wsrmConfig version="1.2"/></con:request></con:config></con:testStep><con:testStep type="request" id="7108a7ad-b249-4517-a9b9-2a02ad85dd40" name="DoDealPinPad -"><con:settings/><con:config xsi:type="con:RequestStep" xmlns:xsi="http://www.w3.org/2001/XMLSchema-instance"><con:interface>ServiceSoap12</con:interface><con:operation>DoDealPinPad</con:operation><con:request name="DoDealPinPad -" outgoingWss="" incomingWss="" timeout="" sslKeystore="" useWsAddressing="false" useWsReliableMessaging="false" wssPasswordType="" id="4a359222-c6e3-4bb5-af28-4ed92f82ca08"><con:settings><con:setting id="com.eviware.soapui.impl.wsdl.WsdlRequest@request-headers">&lt;xml-fragment/></con:setting></con:settings><con:encoding>UTF-8</con:encoding><con:endpoint>https://ectest.e-c.co.il/Service/Service.asmx</con:endpoint><con:request><![CDATA[<soap:Envelope xmlns:soap="http://www.w3.org/2003/05/soap-envelope" xmlns:tem="http://tempuri.org/">\r
   <soap:Header/>\r
   <soap:Body>\r
      <tem:DoDealPinPad>\r
         <!--Optional:-->\r
         <tem:ClientID>22691</tem:ClientID>\r
         <!--Optional:-->\r
         <tem:Password>test1234</tem:Password>\r
         <!--Optional:-->\r
         <tem:ActionMethod>00</tem:ActionMethod>\r
         <!--Optional:-->\r
         <tem:TotalSum>1</tem:TotalSum>\r
         <!--Optional:-->\r
         <tem:PayNumber></tem:PayNumber>\r
         <!--Optional:-->\r
         <tem:FirstPay></tem:FirstPay>\r
         <!--Optional:-->\r
         <tem:AddPay></tem:AddPay>\r
         <!--Optional:-->\r
         <tem:TZ>122222227</tem:TZ>\r
         <!--Optional:-->\r
         <tem:DealType>1</tem:DealType>\r
         <!--Optional:-->\r
         <tem:MType>1</tem:MType>\r
         <!--Optional:-->\r
         <tem:Opt>01</tem:Opt>\r
         <!--Optional:-->\r
         <tem:Note>Test/Test?Test#$%</tem:Note>\r
         <!--Optional:-->\r
         <tem:OwnerName>Yelena</tem:OwnerName>\r
         <!--Optional:-->\r
         <tem:ExternalID>123456</tem:ExternalID>\r
         <!--Optional:-->\r
         <tem:Email>korsakovyelena@gmail.com</tem:Email>\r
         <!--Optional:-->\r
         <tem:CellPhone>0585456911</tem:CellPhone>\r
      </tem:DoDealPinPad>\r
   </soap:Body>\r
</soap:Envelope>]]></con:request><con:assertion type="SOAP Response" id="3f88ee32-7859-4dad-8ae4-a8cbbc3331c9" name="SOAP Response"/><con:assertion type="Simple Contains" id="51b31db1-ed30-47d0-a028-ef812fb3f0bc" name="Contains"><con:configuration><token>Code=000</token><ignoreCase>false</ignoreCase><useRegEx>false</useRegEx></con:configuration></con:assertion><con:credentials><con:authType>No Authorization</con:authType></con:credentials><con:jmsConfig JMSDeliveryMode="PERSISTENT"/><con:jmsPropertyConfig/><con:wsaConfig mustUnderstand="NONE" version="200508" action="http://tempuri.org/ServiceSoap/DoDealPinPadRequest"/><con:wsrmConfig version="1.2"/></con:request></con:config></con:testStep><con:properties/></con:testCase><con:properties/></con:testSuite><con:testSuite id="ced43ae7-d74d-488e-b9f0-e11d27fd6828" name="GetInvoices"><con:settings/><con:runType>SEQUENTIAL</con:runType><con:testCase id="a3834295-4407-4e3b-99cb-47d3c0aa2cf8" failOnError="true" failTestCaseOnErrors="true" keepSession="false" maxResults="0" name="Stage" searchProperties="true"><con:settings/><con:testStep type="request" id="8360cc0a-610d-4b9c-ad82-f91fb5af1184" name="GetInvoices -9667"><con:settings/><con:config xsi:type="con:RequestStep" xmlns:xsi="http://www.w3.org/2001/XMLSchema-instance"><con:interface>ServiceSoap</con:interface><con:operation>GetInvoices</con:operation><con:request name="GetInvoices -9667" outgoingWss="" incomingWss="" timeout="" sslKeystore="" useWsAddressing="false" useWsReliableMessaging="false" wssPasswordType="" id="cdbc6993-9ce0-47cf-b9cd-92c5654f0234"><con:settings><con:setting id="com.eviware.soapui.impl.wsdl.WsdlRequest@request-headers">&lt;xml-fragment/></con:setting></con:settings><con:encoding>UTF-8</con:encoding><con:endpoint>https://stage.e-c.co.il/Service/Service.asmx</con:endpoint><con:request><![CDATA[<soapenv:Envelope xmlns:soapenv="http://schemas.xmlsoap.org/soap/envelope/" xmlns:tem="http://tempuri.org/">\r
   <soapenv:Header/>\r
   <soapenv:Body>\r
      <tem:GetInvoices>\r
         <!--Optional:-->\r
         <tem:Token></tem:Token>\r
         <!--Optional:-->\r
         <tem:ClientID>9667</tem:ClientID>\r
         <!--Optional:-->\r
         <tem:Password>test1267</tem:Password>\r
         <!--Optional:-->\r
         <tem:BillingDealID></tem:BillingDealID>\r
         <!--Optional:-->\r
         <tem:BillingCustomerID>67675</tem:BillingCustomerID>\r
         <!--Optional:-->\r
         <tem:InvoiceType></tem:InvoiceType>\r
      </tem:GetInvoices>\r
   </soapenv:Body>\r
</soapenv:Envelope>]]></con:request><con:assertion type="SOAP Response" id="4a6b35b8-1cd3-4668-a994-a852643b0050" name="SOAP Response"/><con:credentials><con:authType>No Authorization</con:authType></con:credentials><con:jmsConfig JMSDeliveryMode="PERSISTENT"/><con:jmsPropertyConfig/><con:wsaConfig mustUnderstand="NONE" version="200508" action="http://tempuri.org/GetInvoices"/><con:wsrmConfig version="1.2"/></con:request></con:config></con:testStep><con:testStep type="request" id="62851a28-e557-417c-855c-a6b2916fcae3" name="GetInvoices -7899"><con:settings/><con:config xsi:type="con:RequestStep" xmlns:xsi="http://www.w3.org/2001/XMLSchema-instance"><con:interface>ServiceSoap</con:interface><con:operation>GetInvoices</con:operation><con:request name="GetInvoices -7899" outgoingWss="" incomingWss="" timeout="" sslKeystore="" useWsAddressing="false" useWsReliableMessaging="false" wssPasswordType="" id="cdbc6993-9ce0-47cf-b9cd-92c5654f0234"><con:settings><con:setting id="com.eviware.soapui.impl.wsdl.WsdlRequest@request-headers">&lt;xml-fragment/></con:setting></con:settings><con:encoding>UTF-8</con:encoding><con:endpoint>https://stage.e-c.co.il/Service/Service.asmx</con:endpoint><con:request><![CDATA[<soapenv:Envelope xmlns:soapenv="http://schemas.xmlsoap.org/soap/envelope/" xmlns:tem="http://tempuri.org/">\r
   <soapenv:Header/>\r
   <soapenv:Body>\r
      <tem:GetInvoices>\r
         <!--Optional:-->\r
         <tem:Token></tem:Token>\r
         <!--Optional:-->\r
         <tem:ClientID>7899</tem:ClientID>\r
         <!--Optional:-->\r
         <tem:Password>test1212</tem:Password>\r
         <!--Optional:-->\r
         <tem:BillingDealID></tem:BillingDealID>\r
         <!--Optional:-->\r
         <tem:BillingCustomerID>67670</tem:BillingCustomerID>\r
         <!--Optional:-->\r
         <tem:InvoiceType></tem:InvoiceType>\r
      </tem:GetInvoices>\r
   </soapenv:Body>\r
</soapenv:Envelope>]]></con:request><con:assertion type="SOAP Response" id="4a6b35b8-1cd3-4668-a994-a852643b0050" name="SOAP Response"/><con:credentials><con:authType>No Authorization</con:authType></con:credentials><con:jmsConfig JMSDeliveryMode="PERSISTENT"/><con:jmsPropertyConfig/><con:wsaConfig mustUnderstand="NONE" version="200508" action="http://tempuri.org/GetInvoices"/><con:wsrmConfig version="1.2"/></con:request></con:config></con:testStep><con:testStep type="request" id="0d6d2464-2400-474a-833d-1c875b21fb3d" name="GetInvoices -10897"><con:settings/><con:config xsi:type="con:RequestStep" xmlns:xsi="http://www.w3.org/2001/XMLSchema-instance"><con:interface>ServiceSoap</con:interface><con:operation>GetInvoices</con:operation><con:request name="GetInvoices -10897" outgoingWss="" incomingWss="" timeout="" sslKeystore="" useWsAddressing="false" useWsReliableMessaging="false" wssPasswordType="" id="cdbc6993-9ce0-47cf-b9cd-92c5654f0234"><con:settings><con:setting id="com.eviware.soapui.impl.wsdl.WsdlRequest@request-headers">&lt;xml-fragment/></con:setting></con:settings><con:encoding>UTF-8</con:encoding><con:endpoint>https://stage.e-c.co.il/Service/Service.asmx</con:endpoint><con:request><![CDATA[<soapenv:Envelope xmlns:soapenv="http://schemas.xmlsoap.org/soap/envelope/" xmlns:tem="http://tempuri.org/">\r
   <soapenv:Header/>\r
   <soapenv:Body>\r
      <tem:GetInvoices>\r
         <!--Optional:-->\r
         <tem:Token></tem:Token>\r
         <!--Optional:-->\r
         <tem:ClientID>10897</tem:ClientID>\r
         <!--Optional:-->\r
         <tem:Password>test1234</tem:Password>\r
         <!--Optional:-->\r
         <tem:BillingDealID></tem:BillingDealID>\r
         <!--Optional:-->\r
         <tem:BillingCustomerID>78505</tem:BillingCustomerID>\r
         <!--Optional:-->\r
         <tem:InvoiceType></tem:InvoiceType>\r
      </tem:GetInvoices>\r
   </soapenv:Body>\r
</soapenv:Envelope>]]></con:request><con:assertion type="SOAP Response" id="4a6b35b8-1cd3-4668-a994-a852643b0050" name="SOAP Response"/><con:credentials><con:authType>No Authorization</con:authType></con:credentials><con:jmsConfig JMSDeliveryMode="PERSISTENT"/><con:jmsPropertyConfig/><con:wsaConfig mustUnderstand="NONE" version="200508" action="http://tempuri.org/GetInvoices"/><con:wsrmConfig version="1.2"/></con:request></con:config></con:testStep><con:testStep type="request" id="446244e8-c774-4a47-b3bc-da33b6e70a9a" name="GetInvoices -11713"><con:settings/><con:config xsi:type="con:RequestStep" xmlns:xsi="http://www.w3.org/2001/XMLSchema-instance"><con:interface>ServiceSoap</con:interface><con:operation>GetInvoices</con:operation><con:request name="GetInvoices -11713" outgoingWss="" incomingWss="" timeout="" sslKeystore="" useWsAddressing="false" useWsReliableMessaging="false" wssPasswordType="" id="cdbc6993-9ce0-47cf-b9cd-92c5654f0234"><con:settings><con:setting id="com.eviware.soapui.impl.wsdl.WsdlRequest@request-headers">&lt;xml-fragment/></con:setting></con:settings><con:encoding>UTF-8</con:encoding><con:endpoint>https://stage.e-c.co.il/Service/Service.asmx</con:endpoint><con:request><![CDATA[<soapenv:Envelope xmlns:soapenv="http://schemas.xmlsoap.org/soap/envelope/" xmlns:tem="http://tempuri.org/">\r
   <soapenv:Header/>\r
   <soapenv:Body>\r
      <tem:GetInvoices>\r
         <!--Optional:-->\r
         <tem:Token></tem:Token>\r
         <!--Optional:-->\r
         <tem:ClientID>11713</tem:ClientID>\r
         <!--Optional:-->\r
         <tem:Password>test12345</tem:Password>\r
         <!--Optional:-->\r
         <tem:BillingDealID></tem:BillingDealID>\r
         <!--Optional:-->\r
         <tem:BillingCustomerID>78391</tem:BillingCustomerID>\r
         <!--Optional:-->\r
         <tem:InvoiceType></tem:InvoiceType>\r
      </tem:GetInvoices>\r
   </soapenv:Body>\r
</soapenv:Envelope>]]></con:request><con:assertion type="SOAP Response" id="4a6b35b8-1cd3-4668-a994-a852643b0050" name="SOAP Response"/><con:credentials><con:authType>No Authorization</con:authType></con:credentials><con:jmsConfig JMSDeliveryMode="PERSISTENT"/><con:jmsPropertyConfig/><con:wsaConfig mustUnderstand="NONE" version="200508" action="http://tempuri.org/GetInvoices"/><con:wsrmConfig version="1.2"/></con:request></con:config></con:testStep><con:testStep type="request" id="a9915e31-8de7-44fc-abc4-9349b6edef9e" name="GetInvoices -12139"><con:settings/><con:config xsi:type="con:RequestStep" xmlns:xsi="http://www.w3.org/2001/XMLSchema-instance"><con:interface>ServiceSoap</con:interface><con:operation>GetInvoices</con:operation><con:request name="GetInvoices -12139" outgoingWss="" incomingWss="" timeout="" sslKeystore="" useWsAddressing="false" useWsReliableMessaging="false" wssPasswordType="" id="cdbc6993-9ce0-47cf-b9cd-92c5654f0234"><con:settings><con:setting id="com.eviware.soapui.impl.wsdl.WsdlRequest@request-headers">&lt;xml-fragment/></con:setting></con:settings><con:encoding>UTF-8</con:encoding><con:endpoint>https://stage.e-c.co.il/Service/Service.asmx</con:endpoint><con:request><![CDATA[<soapenv:Envelope xmlns:soapenv="http://schemas.xmlsoap.org/soap/envelope/" xmlns:tem="http://tempuri.org/">\r
   <soapenv:Header/>\r
   <soapenv:Body>\r
      <tem:GetInvoices>\r
         <!--Optional:-->\r
         <tem:Token></tem:Token>\r
         <!--Optional:-->\r
         <tem:ClientID>12139</tem:ClientID>\r
         <!--Optional:-->\r
         <tem:Password>test12345</tem:Password>\r
         <!--Optional:-->\r
         <tem:BillingDealID></tem:BillingDealID>\r
         <!--Optional:-->\r
         <tem:BillingCustomerID>78699</tem:BillingCustomerID>\r
         <!--Optional:-->\r
         <tem:InvoiceType></tem:InvoiceType>\r
      </tem:GetInvoices>\r
   </soapenv:Body>\r
</soapenv:Envelope>]]></con:request><con:assertion type="SOAP Response" id="4a6b35b8-1cd3-4668-a994-a852643b0050" name="SOAP Response"/><con:credentials><con:authType>No Authorization</con:authType></con:credentials><con:jmsConfig JMSDeliveryMode="PERSISTENT"/><con:jmsPropertyConfig/><con:wsaConfig mustUnderstand="NONE" version="200508" action="http://tempuri.org/GetInvoices"/><con:wsrmConfig version="1.2"/></con:request></con:config></con:testStep><con:properties/></con:testCase><con:testCase id="18411429-2f4a-4e36-9cb9-3526921eb26d" failOnError="true" failTestCaseOnErrors="true" keepSession="false" maxResults="0" name="Secure" searchProperties="true"><con:settings/><con:testStep type="request" id="775ca221-cdad-4378-9735-fcc701af9ffb" name="GetInvoices -9667"><con:settings/><con:config xsi:type="con:RequestStep" xmlns:xsi="http://www.w3.org/2001/XMLSchema-instance"><con:interface>ServiceSoap</con:interface><con:operation>GetInvoices</con:operation><con:request name="GetInvoices -9667" outgoingWss="" incomingWss="" timeout="" sslKeystore="" useWsAddressing="false" useWsReliableMessaging="false" wssPasswordType="" id="cdbc6993-9ce0-47cf-b9cd-92c5654f0234"><con:settings><con:setting id="com.eviware.soapui.impl.wsdl.WsdlRequest@request-headers">&lt;xml-fragment/></con:setting></con:settings><con:encoding>UTF-8</con:encoding><con:endpoint>https://secure.e-c.co.il/Service/Service.asmx</con:endpoint><con:request><![CDATA[<soapenv:Envelope xmlns:soapenv="http://schemas.xmlsoap.org/soap/envelope/" xmlns:tem="http://tempuri.org/">
   <soapenv:Header/>
   <soapenv:Body>
      <tem:GetInvoices>
         <!--Optional:-->
         <tem:Token></tem:Token>
         <!--Optional:-->
         <tem:ClientID>9667</tem:ClientID>
         <!--Optional:-->
         <tem:Password>test1267</tem:Password>
         <!--Optional:-->
         <tem:BillingDealID></tem:BillingDealID>
         <!--Optional:-->
         <tem:BillingCustomerID>67675</tem:BillingCustomerID>
         <!--Optional:-->
         <tem:InvoiceType></tem:InvoiceType>
      </tem:GetInvoices>
   </soapenv:Body>
</soapenv:Envelope>]]></con:request><con:assertion type="SOAP Response" id="4a6b35b8-1cd3-4668-a994-a852643b0050" name="SOAP Response"/><con:credentials><con:authType>No Authorization</con:authType></con:credentials><con:jmsConfig JMSDeliveryMode="PERSISTENT"/><con:jmsPropertyConfig/><con:wsaConfig mustUnderstand="NONE" version="200508" action="http://tempuri.org/GetInvoices"/><con:wsrmConfig version="1.2"/></con:request></con:config></con:testStep><con:testStep type="request" id="80ef8563-1348-44bc-bd64-95bae1c9cac0" name="GetInvoices -7899"><con:settings/><con:config xsi:type="con:RequestStep" xmlns:xsi="http://www.w3.org/2001/XMLSchema-instance"><con:interface>ServiceSoap</con:interface><con:operation>GetInvoices</con:operation><con:request name="GetInvoices -7899" outgoingWss="" incomingWss="" timeout="" sslKeystore="" useWsAddressing="false" useWsReliableMessaging="false" wssPasswordType="" id="cdbc6993-9ce0-47cf-b9cd-92c5654f0234"><con:settings><con:setting id="com.eviware.soapui.impl.wsdl.WsdlRequest@request-headers">&lt;xml-fragment/></con:setting></con:settings><con:encoding>UTF-8</con:encoding><con:endpoint>https://secure.e-c.co.il/Service/Service.asmx</con:endpoint><con:request><![CDATA[<soapenv:Envelope xmlns:soapenv="http://schemas.xmlsoap.org/soap/envelope/" xmlns:tem="http://tempuri.org/">
   <soapenv:Header/>
   <soapenv:Body>
      <tem:GetInvoices>
         <!--Optional:-->
         <tem:Token></tem:Token>
         <!--Optional:-->
         <tem:ClientID>7899</tem:ClientID>
         <!--Optional:-->
         <tem:Password>test1212</tem:Password>
         <!--Optional:-->
         <tem:BillingDealID></tem:BillingDealID>
         <!--Optional:-->
         <tem:BillingCustomerID>67670</tem:BillingCustomerID>
         <!--Optional:-->
         <tem:InvoiceType></tem:InvoiceType>
      </tem:GetInvoices>
   </soapenv:Body>
</soapenv:Envelope>]]></con:request><con:assertion type="SOAP Response" id="4a6b35b8-1cd3-4668-a994-a852643b0050" name="SOAP Response"/><con:credentials><con:authType>No Authorization</con:authType></con:credentials><con:jmsConfig JMSDeliveryMode="PERSISTENT"/><con:jmsPropertyConfig/><con:wsaConfig mustUnderstand="NONE" version="200508" action="http://tempuri.org/GetInvoices"/><con:wsrmConfig version="1.2"/></con:request></con:config></con:testStep><con:testStep type="request" id="effdc52e-be1c-4ef9-a8c9-1e7e615cc0cb" name="GetInvoices -11713"><con:settings/><con:config xsi:type="con:RequestStep" xmlns:xsi="http://www.w3.org/2001/XMLSchema-instance"><con:interface>ServiceSoap</con:interface><con:operation>GetInvoices</con:operation><con:request name="GetInvoices -11713" outgoingWss="" incomingWss="" timeout="" sslKeystore="" useWsAddressing="false" useWsReliableMessaging="false" wssPasswordType="" id="cdbc6993-9ce0-47cf-b9cd-92c5654f0234"><con:settings><con:setting id="com.eviware.soapui.impl.wsdl.WsdlRequest@request-headers">&lt;xml-fragment/></con:setting></con:settings><con:encoding>UTF-8</con:encoding><con:endpoint>https://secure.e-c.co.il/Service/Service.asmx</con:endpoint><con:request><![CDATA[<soapenv:Envelope xmlns:soapenv="http://schemas.xmlsoap.org/soap/envelope/" xmlns:tem="http://tempuri.org/">\r
   <soapenv:Header/>\r
   <soapenv:Body>\r
      <tem:GetInvoices>\r
         <!--Optional:-->\r
         <tem:Token></tem:Token>\r
         <!--Optional:-->\r
         <tem:ClientID>11713</tem:ClientID>\r
         <!--Optional:-->\r
         <tem:Password>test12345</tem:Password>\r
         <!--Optional:-->\r
         <tem:BillingDealID></tem:BillingDealID>\r
         <!--Optional:-->\r
         <tem:BillingCustomerID>78391</tem:BillingCustomerID>\r
         <!--Optional:-->\r
         <tem:InvoiceType></tem:InvoiceType>\r
      </tem:GetInvoices>\r
   </soapenv:Body>\r
</soapenv:Envelope>]]></con:request><con:assertion type="SOAP Response" id="4a6b35b8-1cd3-4668-a994-a852643b0050" name="SOAP Response"/><con:credentials><con:authType>No Authorization</con:authType></con:credentials><con:jmsConfig JMSDeliveryMode="PERSISTENT"/><con:jmsPropertyConfig/><con:wsaConfig mustUnderstand="NONE" version="200508" action="http://tempuri.org/GetInvoices"/><con:wsrmConfig version="1.2"/></con:request></con:config></con:testStep><con:properties/></con:testCase><con:testCase id="c85a1a5e-fe52-4f80-b19a-e5cf8643a076" failOnError="true" failTestCaseOnErrors="true" keepSession="false" maxResults="0" name="Test" searchProperties="true"><con:settings/><con:testStep type="request" id="09bc6185-7988-4fae-8965-7940e2f6ffe0" name="GetInvoices -22707"><con:settings/><con:config xsi:type="con:RequestStep" xmlns:xsi="http://www.w3.org/2001/XMLSchema-instance"><con:interface>ServiceSoap</con:interface><con:operation>GetInvoices</con:operation><con:request name="GetInvoices -22707" outgoingWss="" incomingWss="" timeout="" sslKeystore="" useWsAddressing="false" useWsReliableMessaging="false" wssPasswordType="" id="cdbc6993-9ce0-47cf-b9cd-92c5654f0234"><con:settings><con:setting id="com.eviware.soapui.impl.wsdl.WsdlRequest@request-headers">&lt;xml-fragment/></con:setting></con:settings><con:encoding>UTF-8</con:encoding><con:endpoint>https://ectest.e-c.co.il/Service/Service.asmx</con:endpoint><con:request><![CDATA[<soapenv:Envelope xmlns:soapenv="http://schemas.xmlsoap.org/soap/envelope/" xmlns:tem="http://tempuri.org/">\r
   <soapenv:Header/>\r
   <soapenv:Body>\r
      <tem:GetInvoices>\r
         <!--Optional:-->\r
         <tem:Token></tem:Token>\r
         <!--Optional:-->\r
         <tem:ClientID>22656</tem:ClientID>\r
         <!--Optional:-->\r
         <tem:Password>tes1234</tem:Password>\r
         <!--Optional:-->\r
         <tem:BillingDealID></tem:BillingDealID>\r
         <!--Optional:-->\r
         <tem:BillingCustomerID>5613</tem:BillingCustomerID>\r
         <!--Optional:-->\r
         <tem:InvoiceType></tem:InvoiceType>\r
      </tem:GetInvoices>\r
   </soapenv:Body>\r
</soapenv:Envelope>]]></con:request><con:assertion type="SOAP Response" id="4a6b35b8-1cd3-4668-a994-a852643b0050" name="SOAP Response"/><con:assertion type="Simple Contains" id="53145be3-1b00-4b66-bf1b-b269de84bdbd" name="Contains"><con:configuration><token>pdf</token><ignoreCase>false</ignoreCase><useRegEx>false</useRegEx></con:configuration></con:assertion><con:credentials><con:authType>No Authorization</con:authType></con:credentials><con:jmsConfig JMSDeliveryMode="PERSISTENT"/><con:jmsPropertyConfig/><con:wsaConfig mustUnderstand="NONE" version="200508" action="http://tempuri.org/GetInvoices"/><con:wsrmConfig version="1.2"/></con:request></con:config></con:testStep><con:properties/></con:testCase><con:properties/></con:testSuite><con:testSuite id="72d89748-7950-44bc-83fa-c7a7bc2f3cfb" name="Copy of GetTokenByExternalID_StringResult"><con:settings/><con:runType>SEQUENTIAL</con:runType><con:testCase id="5dfbbfb9-19cb-479e-965f-5baf7bf6483f" failOnError="true" failTestCaseOnErrors="true" keepSession="false" maxResults="0" name="22707" searchProperties="true"><con:settings/><con:testStep type="request" id="94387028-860d-4a04-b12b-d11019a73d31" name="GetTokenByExternalID_StringResult - Request 1" disabled="true"><con:settings/><con:config xsi:type="con:RequestStep" xmlns:xsi="http://www.w3.org/2001/XMLSchema-instance"><con:interface>ServiceSoap</con:interface><con:operation>GetTokenByExternalID_StringResult</con:operation><con:request name="GetTokenByExternalID_StringResult - Request 1" outgoingWss="" incomingWss="" timeout="" sslKeystore="" useWsAddressing="false" useWsReliableMessaging="false" wssPasswordType="" id="99487f63-a563-4a9f-a735-6a8e42f95950"><con:settings><con:setting id="com.eviware.soapui.impl.wsdl.WsdlRequest@request-headers">&lt;xml-fragment/></con:setting></con:settings><con:encoding>UTF-8</con:encoding><con:endpoint>https://ectest.e-c.co.il/Service/Service.asmx</con:endpoint><con:request><![CDATA[<soapenv:Envelope xmlns:soapenv="http://schemas.xmlsoap.org/soap/envelope/" xmlns:tem="http://tempuri.org/">\r
   <soapenv:Header/>\r
   <soapenv:Body>\r
      <tem:GetTokenByExternalID_StringResult>\r
         <!--Optional:-->\r
         <tem:ClientID>22707</tem:ClientID>\r
         <!--Optional:-->\r
         <tem:Password>test1234</tem:Password>\r
         <!--Optional:-->\r
         <tem:ExternalID>1234567890ABCDEFGHIJKLMNOP</tem:ExternalID>\r
      </tem:GetTokenByExternalID_StringResult>\r
   </soapenv:Body>\r
</soapenv:Envelope>
]]></con:request><con:assertion type="SOAP Response" id="8d33dd7f-16ef-420d-8b27-be9d54c3f85a" name="SOAP Response"/><con:assertion type="Simple Contains" id="2bf4bd8b-5caf-4e1d-ba8d-38ea19fbe121" name="Contains"><con:configuration><token>08dc75e4c3f3402eae163eacd25f8c8a</token><ignoreCase>false</ignoreCase><useRegEx>false</useRegEx></con:configuration></con:assertion><con:credentials><con:authType>No Authorization</con:authType></con:credentials><con:jmsConfig JMSDeliveryMode="PERSISTENT"/><con:jmsPropertyConfig/><con:wsaConfig mustUnderstand="NONE" version="200508" action="http://tempuri.org/GetTokenByExternalID_StringResult"/><con:wsrmConfig version="1.2"/></con:request></con:config></con:testStep><con:properties/></con:testCase><con:properties/></con:testSuite><con:properties/><con:wssContainer/><con:oAuth2ProfileContainer/><con:oAuth1ProfileContainer/><con:sensitiveInformation/></con:soapui-project>